[ 2016-11-30T14:03:35+08:00 ] 127.0.0.1 /
INFO: [ app_init ] --START--
INFO: Run Behavior\BuildLiteBehavior [ RunTime:0.000054s ]
INFO: [ app_init ] --END-- [ RunTime:0.023181s ]
INFO: [ app_begin ] --START--
INFO: Run Behavior\ReadHtmlCacheBehavior [ RunTime:0.018757s ]
INFO: [ app_begin ] --END-- [ RunTime:0.019103s ]
SQL: SHOW COLUMNS FROM `mmm_menu` [ RunTime:1.0821s ]
SQL: SELECT * FROM `mmm_menu` WHERE `pid` = 0 AND `type` = 1 AND `isshow` = 1 AND `deep` = 1 ORDER BY orderid asc  [ RunTime:0.5364s ]
SQL: SELECT * FROM `mmm_menu` WHERE `pid` = 15 AND `type` = 1 AND `isshow` = 1 AND `deep` = 2 ORDER BY orderid asc  [ RunTime:0.0005s ]
SQL: SELECT * FROM `mmm_menu` WHERE `pid` = 8 AND `type` = 1 AND `isshow` = 1 AND `deep` = 2 ORDER BY orderid asc  [ RunTime:0.0005s ]
SQL: SELECT * FROM `mmm_menu` WHERE `pid` = 13 AND `type` = 1 AND `isshow` = 1 AND `deep` = 2 ORDER BY orderid asc  [ RunTime:0.0008s ]
SQL: SELECT * FROM `mmm_menu` WHERE `pid` = 2 AND `type` = 1 AND `isshow` = 1 AND `deep` = 2 ORDER BY orderid asc  [ RunTime:0.0005s ]
SQL: SELECT * FROM `mmm_menu` WHERE `pid` = 1 AND `type` = 1 AND `isshow` = 1 AND `deep` = 2 ORDER BY orderid asc  [ RunTime:0.0007s ]
SQL: SELECT * FROM `mmm_menu` WHERE `pid` = 14 AND `type` = 1 AND `isshow` = 1 AND `deep` = 2 ORDER BY orderid asc  [ RunTime:0.0003s ]
SQL: SELECT * FROM `mmm_menu` WHERE `pid` = 17 AND `type` = 1 AND `isshow` = 1 AND `deep` = 2 ORDER BY orderid asc  [ RunTime:0.0003s ]
INFO: [ view_parse ] --START--
INFO: [ template_filter ] --START--
INFO: Run Behavior\ContentReplaceBehavior [ RunTime:0.047814s ]
INFO: [ template_filter ] --END-- [ RunTime:0.048095s ]
NOTIC: [8] Undefined index: user E:\wamp\www\test\Application\Runtime\Cache\Admin\b595b808c2ebeeeb0478ffc30bb4e87a.php 第 66 行.
NOTIC: [8] Undefined index: user E:\wamp\www\test\Application\Runtime\Cache\Admin\b595b808c2ebeeeb0478ffc30bb4e87a.php 第 68 行.
INFO: Run Behavior\ParseTemplateBehavior [ RunTime:2.910223s ]
INFO: [ view_parse ] --END-- [ RunTime:2.910459s ]
INFO: [ view_filter ] --START--
INFO: Run Behavior\WriteHtmlCacheBehavior [ RunTime:0.198933s ]
INFO: [ view_filter ] --END-- [ RunTime:0.199140s ]
INFO: [ app_end ] --START--
INFO: Run Behavior\ShowPageTraceBehavior [ RunTime:0.138463s ]
INFO: [ app_end ] --END-- [ RunTime:0.138986s ]

[ 2016-11-30T14:03:40+08:00 ] 127.0.0.1 /Admin/Index/login
INFO: [ app_init ] --START--
INFO: Run Behavior\BuildLiteBehavior [ RunTime:0.000078s ]
INFO: [ app_init ] --END-- [ RunTime:0.000924s ]
INFO: [ app_begin ] --START--
INFO: Run Behavior\ReadHtmlCacheBehavior [ RunTime:0.001588s ]
INFO: [ app_begin ] --END-- [ RunTime:0.001876s ]
INFO: [ view_parse ] --START--
INFO: [ template_filter ] --START--
INFO: Run Behavior\ContentReplaceBehavior [ RunTime:0.035939s ]
INFO: [ template_filter ] --END-- [ RunTime:0.036361s ]
INFO: Run Behavior\ParseTemplateBehavior [ RunTime:1.732442s ]
INFO: [ view_parse ] --END-- [ RunTime:1.732766s ]
INFO: [ view_filter ] --START--
INFO: Run Behavior\WriteHtmlCacheBehavior [ RunTime:0.001119s ]
INFO: [ view_filter ] --END-- [ RunTime:0.001338s ]
INFO: [ app_end ] --START--
INFO: Run Behavior\ShowPageTraceBehavior [ RunTime:0.000739s ]
INFO: [ app_end ] --END-- [ RunTime:0.000904s ]

[ 2016-11-30T14:04:32+08:00 ] 127.0.0.1 /index.php/Admin/Index/dologin
INFO: [ app_init ] --START--
INFO: Run Behavior\BuildLiteBehavior [ RunTime:0.000035s ]
INFO: [ app_init ] --END-- [ RunTime:0.000487s ]
INFO: [ app_begin ] --START--
INFO: Run Behavior\ReadHtmlCacheBehavior [ RunTime:0.000706s ]
INFO: [ app_begin ] --END-- [ RunTime:0.000877s ]
NOTIC: [2048] Declaration of Admin\Model\AdminModel::getInstance() should be compatible with Think\Single::getInstance($class) E:\wamp\www\test\Application\Admin\Model\AdminModel.class.php 第 7 行.
SQL: SELECT `id`,`name`,`phone`,`password`,`department`,`qq`,`weixin`,`email`,`sex`,`nativeplace`,`address`,`entrytime`,`status`,`addtime`,`note`,`is_del`,`loginip`,`lastlogintime` FROM `mmm_employee` WHERE `phone` = '13425157493' AND `is_del` = 0 AND `status` = 0 LIMIT 1   [ RunTime:0.4848s ]
NOTIC: [8] A session had already been started - ignoring session_start() E:\wamp\www\test\ThinkPHP\Common\functions.php 第 1263 行.
SQL: UPDATE `mmm_employee` SET `loginip`='127.0.0.1',`lastlogintime`='2016-11-30 14:04:31' WHERE `id` = '1' [ RunTime:1.0598s ]
INFO: [ view_parse ] --START--
INFO: [ template_filter ] --START--
INFO: Run Behavior\ContentReplaceBehavior [ RunTime:0.000141s ]
INFO: [ template_filter ] --END-- [ RunTime:0.000398s ]
INFO: Run Behavior\ParseTemplateBehavior [ RunTime:0.323684s ]
INFO: [ view_parse ] --END-- [ RunTime:0.323924s ]
INFO: [ view_filter ] --START--
INFO: Run Behavior\WriteHtmlCacheBehavior [ RunTime:0.000578s ]
INFO: [ view_filter ] --END-- [ RunTime:0.000769s ]
INFO: [ app_end ] --START--
INFO: Run Behavior\ShowPageTraceBehavior [ RunTime:0.000749s ]
INFO: [ app_end ] --END-- [ RunTime:0.000914s ]

[ 2016-11-30T14:04:38+08:00 ] 127.0.0.1 /admin/index/index
INFO: [ app_init ] --START--
INFO: Run Behavior\BuildLiteBehavior [ RunTime:0.000045s ]
INFO: [ app_init ] --END-- [ RunTime:0.000604s ]
INFO: [ app_begin ] --START--
INFO: Run Behavior\ReadHtmlCacheBehavior [ RunTime:0.000857s ]
INFO: [ app_begin ] --END-- [ RunTime:0.001062s ]
SQL: SHOW COLUMNS FROM `mmm_menu` [ RunTime:0.1334s ]
SQL: SELECT * FROM `mmm_menu` WHERE `pid` = 0 AND `type` = 1 AND `isshow` = 1 AND `deep` = 1 ORDER BY orderid asc  [ RunTime:0.0005s ]
SQL: SELECT * FROM `mmm_menu` WHERE `pid` = 15 AND `type` = 1 AND `isshow` = 1 AND `deep` = 2 ORDER BY orderid asc  [ RunTime:0.0004s ]
SQL: SELECT * FROM `mmm_menu` WHERE `pid` = 8 AND `type` = 1 AND `isshow` = 1 AND `deep` = 2 ORDER BY orderid asc  [ RunTime:0.0003s ]
SQL: SELECT * FROM `mmm_menu` WHERE `pid` = 13 AND `type` = 1 AND `isshow` = 1 AND `deep` = 2 ORDER BY orderid asc  [ RunTime:0.0002s ]
SQL: SELECT * FROM `mmm_menu` WHERE `pid` = 2 AND `type` = 1 AND `isshow` = 1 AND `deep` = 2 ORDER BY orderid asc  [ RunTime:0.0002s ]
SQL: SELECT * FROM `mmm_menu` WHERE `pid` = 1 AND `type` = 1 AND `isshow` = 1 AND `deep` = 2 ORDER BY orderid asc  [ RunTime:0.0003s ]
SQL: SELECT * FROM `mmm_menu` WHERE `pid` = 14 AND `type` = 1 AND `isshow` = 1 AND `deep` = 2 ORDER BY orderid asc  [ RunTime:0.0002s ]
SQL: SELECT * FROM `mmm_menu` WHERE `pid` = 17 AND `type` = 1 AND `isshow` = 1 AND `deep` = 2 ORDER BY orderid asc  [ RunTime:0.0002s ]
INFO: [ view_parse ] --START--
INFO: [ template_filter ] --START--
INFO: Run Behavior\ContentReplaceBehavior [ RunTime:0.000330s ]
INFO: [ template_filter ] --END-- [ RunTime:0.000710s ]
INFO: Run Behavior\ParseTemplateBehavior [ RunTime:0.964117s ]
INFO: [ view_parse ] --END-- [ RunTime:0.964628s ]
INFO: [ view_filter ] --START--
INFO: Run Behavior\WriteHtmlCacheBehavior [ RunTime:0.000794s ]
INFO: [ view_filter ] --END-- [ RunTime:0.001040s ]
INFO: [ app_end ] --START--
INFO: Run Behavior\ShowPageTraceBehavior [ RunTime:0.002147s ]
INFO: [ app_end ] --END-- [ RunTime:0.002818s ]

[ 2016-11-30T14:04:39+08:00 ] 127.0.0.1 /admin/index/welcome.html
INFO: [ app_init ] --START--
INFO: Run Behavior\BuildLiteBehavior [ RunTime:0.000035s ]
INFO: [ app_init ] --END-- [ RunTime:0.000488s ]
INFO: [ app_begin ] --START--
INFO: Run Behavior\ReadHtmlCacheBehavior [ RunTime:0.000709s ]
INFO: [ app_begin ] --END-- [ RunTime:0.000881s ]
INFO: [ view_parse ] --START--
INFO: [ template_filter ] --START--
INFO: Run Behavior\ContentReplaceBehavior [ RunTime:0.000231s ]
INFO: [ template_filter ] --END-- [ RunTime:0.000636s ]
INFO: Run Behavior\ParseTemplateBehavior [ RunTime:1.503205s ]
INFO: [ view_parse ] --END-- [ RunTime:1.503427s ]
INFO: [ view_filter ] --START--
INFO: Run Behavior\WriteHtmlCacheBehavior [ RunTime:0.001181s ]
INFO: [ view_filter ] --END-- [ RunTime:0.001418s ]
INFO: [ app_end ] --START--
INFO: Run Behavior\ShowPageTraceBehavior [ RunTime:0.001032s ]
INFO: [ app_end ] --END-- [ RunTime:0.001231s ]

[ 2016-11-30T14:04:44+08:00 ] 127.0.0.1 /admin/ad/adtype
INFO: [ app_init ] --START--
INFO: Run Behavior\BuildLiteBehavior [ RunTime:0.000058s ]
INFO: [ app_init ] --END-- [ RunTime:0.000647s ]
INFO: [ app_begin ] --START--
INFO: Run Behavior\ReadHtmlCacheBehavior [ RunTime:0.000750s ]
INFO: [ app_begin ] --END-- [ RunTime:0.000935s ]
NOTIC: [2048] Declaration of Admin\Model\AdTypeModel::getInstance() should be compatible with Think\Single::getInstance($class) E:\wamp\www\test\Application\Admin\Model\AdTypeModel.class.php 第 12 行.
SQL: SHOW COLUMNS FROM `mmm_ad_type` [ RunTime:0.2362s ]
SQL: SELECT COUNT(*) AS tp_count FROM `mmm_ad_type` LIMIT 1   [ RunTime:0.1339s ]
SQL: SELECT `id`,`name`,`status` FROM `mmm_ad_type` ORDER BY id ASC LIMIT 0,10   [ RunTime:0.0010s ]
INFO: [ view_parse ] --START--
INFO: [ template_filter ] --START--
INFO: Run Behavior\ContentReplaceBehavior [ RunTime:0.000197s ]
INFO: [ template_filter ] --END-- [ RunTime:0.000442s ]
INFO: Run Behavior\ParseTemplateBehavior [ RunTime:0.278908s ]
INFO: [ view_parse ] --END-- [ RunTime:0.279167s ]
INFO: [ view_filter ] --START--
INFO: Run Behavior\WriteHtmlCacheBehavior [ RunTime:0.000733s ]
INFO: [ view_filter ] --END-- [ RunTime:0.000911s ]
INFO: [ app_end ] --START--
INFO: Run Behavior\ShowPageTraceBehavior [ RunTime:0.000957s ]
INFO: [ app_end ] --END-- [ RunTime:0.001166s ]

[ 2016-11-30T14:05:00+08:00 ] 127.0.0.1 /Admin/TravelInfo/travelinfo
INFO: [ app_init ] --START--
INFO: Run Behavior\BuildLiteBehavior [ RunTime:0.000048s ]
INFO: [ app_init ] --END-- [ RunTime:0.000665s ]
INFO: [ app_begin ] --START--
INFO: Run Behavior\ReadHtmlCacheBehavior [ RunTime:0.001402s ]
INFO: [ app_begin ] --END-- [ RunTime:0.001628s ]
NOTIC: [2048] Declaration of Admin\Model\AdminModel::getInstance() should be compatible with Think\Single::getInstance($class) E:\wamp\www\test\Application\Admin\Model\AdminModel.class.php 第 7 行.
NOTIC: [8] Undefined variable: where E:\wamp\www\test\Application\Admin\Controller\TravelInfoController.class.php 第 169 行.
NOTIC: [2048] Declaration of Admin\Model\TravelInfoModel::getInstance() should be compatible with Think\Single::getInstance($class) E:\wamp\www\test\Application\Admin\Model\TravelInfoModel.class.php 第 111 行.
SQL: SELECT COUNT(*) AS tp_count FROM travel_info i WHERE i.startDate >= 1477929600 LIMIT 1   [ RunTime:0.0307s ]
SQL: SELECT i.id as iid,i.adminId,i.visitorType,i.lineType,i.lineName,i.startDate,i.endDate,i.visitorNum,i.guideCollection,i.visitorNote,i.deposit,i.agency,i.agencyLinkman,i.agencyPhone,i.orderCode,i.source,i.payType,i.contractId,i.systemId,i.receiptId,i.remark,i.time,i.insurance FROM travel_info i WHERE i.startDate >= 1477929600 ORDER BY i.startDate DESC LIMIT 0,10   [ RunTime:0.0470s ]
INFO: [ view_parse ] --START--
INFO: [ template_filter ] --START--
INFO: Run Behavior\ContentReplaceBehavior [ RunTime:0.000295s ]
INFO: [ template_filter ] --END-- [ RunTime:0.000552s ]
NOTIC: [8] Undefined variable: startDate1 E:\wamp\www\test\Application\Runtime\Cache\Admin\10b0081fe8d729451cac852141010c5c.php 第 58 行.
NOTIC: [8] Undefined variable: startDate2 E:\wamp\www\test\Application\Runtime\Cache\Admin\10b0081fe8d729451cac852141010c5c.php 第 62 行.
NOTIC: [8] Undefined variable: lineName E:\wamp\www\test\Application\Runtime\Cache\Admin\10b0081fe8d729451cac852141010c5c.php 第 65 行.
NOTIC: [8] Undefined variable: trueName E:\wamp\www\test\Application\Runtime\Cache\Admin\10b0081fe8d729451cac852141010c5c.php 第 69 行.
INFO: Run Behavior\ParseTemplateBehavior [ RunTime:0.713401s ]
INFO: [ view_parse ] --END-- [ RunTime:0.713682s ]
INFO: [ view_filter ] --START--
INFO: Run Behavior\WriteHtmlCacheBehavior [ RunTime:0.001575s ]
INFO: [ view_filter ] --END-- [ RunTime:0.001793s ]
INFO: [ app_end ] --START--
INFO: Run Behavior\ShowPageTraceBehavior [ RunTime:0.001184s ]
INFO: [ app_end ] --END-- [ RunTime:0.001411s ]

