[ 2016-10-27T10:05:52+08:00 ] 127.0.0.1 /
INFO: [ app_init ] --START--
INFO: Run Behavior\BuildLiteBehavior [ RunTime:0.000043s ]
INFO: [ app_init ] --END-- [ RunTime:0.010629s ]
INFO: [ app_begin ] --START--
INFO: Run Behavior\ReadHtmlCacheBehavior [ RunTime:0.012728s ]
INFO: [ app_begin ] --END-- [ RunTime:0.012957s ]
SQL: SHOW COLUMNS FROM `myz_menu` [ RunTime:0.2735s ]
SQL: SELECT * FROM `myz_menu` WHERE `pid` = 0 AND `type` = 1 AND `isshow` = 1 AND `deep` = 1 ORDER BY orderid asc  [ RunTime:0.0890s ]
SQL: SELECT * FROM `myz_menu` WHERE `pid` = 15 AND `type` = 1 AND `isshow` = 1 AND `deep` = 2 ORDER BY orderid asc  [ RunTime:0.0010s ]
SQL: SELECT * FROM `myz_menu` WHERE `pid` = 8 AND `type` = 1 AND `isshow` = 1 AND `deep` = 2 ORDER BY orderid asc  [ RunTime:0.0010s ]
SQL: SELECT * FROM `myz_menu` WHERE `pid` = 13 AND `type` = 1 AND `isshow` = 1 AND `deep` = 2 ORDER BY orderid asc  [ RunTime:0.0006s ]
SQL: SELECT * FROM `myz_menu` WHERE `pid` = 2 AND `type` = 1 AND `isshow` = 1 AND `deep` = 2 ORDER BY orderid asc  [ RunTime:0.0008s ]
SQL: SELECT * FROM `myz_menu` WHERE `pid` = 1 AND `type` = 1 AND `isshow` = 1 AND `deep` = 2 ORDER BY orderid asc  [ RunTime:0.0009s ]
SQL: SELECT * FROM `myz_menu` WHERE `pid` = 14 AND `type` = 1 AND `isshow` = 1 AND `deep` = 2 ORDER BY orderid asc  [ RunTime:0.0008s ]
SQL: SELECT * FROM `myz_menu` WHERE `pid` = 17 AND `type` = 1 AND `isshow` = 1 AND `deep` = 2 ORDER BY orderid asc  [ RunTime:0.0006s ]
INFO: [ view_parse ] --START--
INFO: [ template_filter ] --START--
INFO: Run Behavior\ContentReplaceBehavior [ RunTime:0.001339s ]
INFO: [ template_filter ] --END-- [ RunTime:0.001673s ]
INFO: Run Behavior\ParseTemplateBehavior [ RunTime:0.608890s ]
INFO: [ view_parse ] --END-- [ RunTime:0.609127s ]
INFO: [ view_filter ] --START--
INFO: Run Behavior\WriteHtmlCacheBehavior [ RunTime:0.036157s ]
INFO: [ view_filter ] --END-- [ RunTime:0.036354s ]
INFO: [ app_end ] --START--
INFO: Run Behavior\ShowPageTraceBehavior [ RunTime:0.024278s ]
INFO: [ app_end ] --END-- [ RunTime:0.024527s ]

[ 2016-10-27T10:05:53+08:00 ] 127.0.0.1 /Admin/Index/login
INFO: [ app_init ] --START--
INFO: Run Behavior\BuildLiteBehavior [ RunTime:0.000094s ]
INFO: [ app_init ] --END-- [ RunTime:0.001369s ]
INFO: [ app_begin ] --START--
INFO: Run Behavior\ReadHtmlCacheBehavior [ RunTime:0.001152s ]
INFO: [ app_begin ] --END-- [ RunTime:0.001444s ]
INFO: [ view_parse ] --START--
INFO: [ template_filter ] --START--
INFO: Run Behavior\ContentReplaceBehavior [ RunTime:0.011628s ]
INFO: [ template_filter ] --END-- [ RunTime:0.012223s ]
INFO: Run Behavior\ParseTemplateBehavior [ RunTime:0.247571s ]
INFO: [ view_parse ] --END-- [ RunTime:0.247890s ]
INFO: [ view_filter ] --START--
INFO: Run Behavior\WriteHtmlCacheBehavior [ RunTime:0.000838s ]
INFO: [ view_filter ] --END-- [ RunTime:0.001097s ]
INFO: [ app_end ] --START--
INFO: Run Behavior\ShowPageTraceBehavior [ RunTime:0.001063s ]
INFO: [ app_end ] --END-- [ RunTime:0.001323s ]

