[ 2016-12-09T09:42:23+08:00 ] 127.0.0.1 /admin/ad/adtype
INFO: [ app_init ] --START--
INFO: Run Behavior\BuildLiteBehavior [ RunTime:0.000050s ]
INFO: [ app_init ] --END-- [ RunTime:0.011599s ]
INFO: [ app_begin ] --START--
INFO: Run Behavior\ReadHtmlCacheBehavior [ RunTime:0.001786s ]
INFO: [ app_begin ] --END-- [ RunTime:0.001972s ]
NOTIC: [2048] Declaration of Admin\Model\AdTypeModel::getInstance() should be compatible with Think\Single::getInstance($class) E:\wamp\www\test\Application\Admin\Model\AdTypeModel.class.php 第 12 行.
SQL: SHOW COLUMNS FROM `mmm_ad_type` [ RunTime:0.0239s ]
SQL: SELECT COUNT(*) AS tp_count FROM `mmm_ad_type` LIMIT 1   [ RunTime:0.1631s ]
SQL: SELECT `id`,`name`,`status` FROM `mmm_ad_type` ORDER BY id ASC LIMIT 0,10   [ RunTime:0.0004s ]
INFO: [ view_parse ] --START--
INFO: [ template_filter ] --START--
INFO: Run Behavior\ContentReplaceBehavior [ RunTime:0.000149s ]
INFO: [ template_filter ] --END-- [ RunTime:0.000335s ]
INFO: Run Behavior\ParseTemplateBehavior [ RunTime:0.355377s ]
INFO: [ view_parse ] --END-- [ RunTime:0.355610s ]
INFO: [ view_filter ] --START--
INFO: Run Behavior\WriteHtmlCacheBehavior [ RunTime:0.013899s ]
INFO: [ view_filter ] --END-- [ RunTime:0.014072s ]
INFO: [ app_end ] --START--
INFO: Run Behavior\ShowPageTraceBehavior [ RunTime:0.007439s ]
INFO: [ app_end ] --END-- [ RunTime:0.007700s ]

[ 2016-12-09T09:42:24+08:00 ] 127.0.0.1 /Admin/Index/login
INFO: [ app_init ] --START--
INFO: Run Behavior\BuildLiteBehavior [ RunTime:0.000043s ]
INFO: [ app_init ] --END-- [ RunTime:0.000607s ]
INFO: [ app_begin ] --START--
INFO: Run Behavior\ReadHtmlCacheBehavior [ RunTime:0.000921s ]
INFO: [ app_begin ] --END-- [ RunTime:0.001134s ]
INFO: [ view_parse ] --START--
INFO: [ template_filter ] --START--
INFO: Run Behavior\ContentReplaceBehavior [ RunTime:0.026746s ]
INFO: [ template_filter ] --END-- [ RunTime:0.026953s ]
INFO: Run Behavior\ParseTemplateBehavior [ RunTime:0.196623s ]
INFO: [ view_parse ] --END-- [ RunTime:0.196889s ]
INFO: [ view_filter ] --START--
INFO: Run Behavior\WriteHtmlCacheBehavior [ RunTime:0.000727s ]
INFO: [ view_filter ] --END-- [ RunTime:0.000891s ]
INFO: [ app_end ] --START--
INFO: Run Behavior\ShowPageTraceBehavior [ RunTime:0.000754s ]
INFO: [ app_end ] --END-- [ RunTime:0.000924s ]

[ 2016-12-09T09:42:33+08:00 ] 127.0.0.1 /index.php/Admin/Index/dologin
INFO: [ app_init ] --START--
INFO: Run Behavior\BuildLiteBehavior [ RunTime:0.000037s ]
INFO: [ app_init ] --END-- [ RunTime:0.000507s ]
INFO: [ app_begin ] --START--
INFO: Run Behavior\ReadHtmlCacheBehavior [ RunTime:0.000706s ]
INFO: [ app_begin ] --END-- [ RunTime:0.000878s ]
NOTIC: [2048] Declaration of Admin\Model\AdminModel::getInstance() should be compatible with Think\Single::getInstance($class) E:\wamp\www\test\Application\Admin\Model\AdminModel.class.php 第 7 行.
SQL: SELECT `id`,`name`,`phone`,`password`,`department`,`qq`,`weixin`,`email`,`sex`,`nativeplace`,`address`,`entrytime`,`status`,`addtime`,`note`,`is_del`,`loginip`,`lastlogintime` FROM `mmm_employee` WHERE `phone` = '13425157493' AND `is_del` = 0 AND `status` = 0 LIMIT 1   [ RunTime:0.0537s ]
NOTIC: [8] A session had already been started - ignoring session_start() E:\wamp\www\test\ThinkPHP\Common\functions.php 第 1263 行.
SQL: UPDATE `mmm_employee` SET `loginip`='127.0.0.1',`lastlogintime`='2016-12-09 09:42:32' WHERE `id` = '1' [ RunTime:0.1120s ]
INFO: [ view_parse ] --START--
INFO: [ template_filter ] --START--
INFO: Run Behavior\ContentReplaceBehavior [ RunTime:0.000381s ]
INFO: [ template_filter ] --END-- [ RunTime:0.000936s ]
INFO: Run Behavior\ParseTemplateBehavior [ RunTime:0.121603s ]
INFO: [ view_parse ] --END-- [ RunTime:0.121945s ]
INFO: [ view_filter ] --START--
INFO: Run Behavior\WriteHtmlCacheBehavior [ RunTime:0.000674s ]
INFO: [ view_filter ] --END-- [ RunTime:0.000884s ]
INFO: [ app_end ] --START--
INFO: Run Behavior\ShowPageTraceBehavior [ RunTime:0.000901s ]
INFO: [ app_end ] --END-- [ RunTime:0.001106s ]

[ 2016-12-09T09:42:36+08:00 ] 127.0.0.1 /admin/index/index
INFO: [ app_init ] --START--
INFO: Run Behavior\BuildLiteBehavior [ RunTime:0.000052s ]
INFO: [ app_init ] --END-- [ RunTime:0.000839s ]
INFO: [ app_begin ] --START--
INFO: Run Behavior\ReadHtmlCacheBehavior [ RunTime:0.000767s ]
INFO: [ app_begin ] --END-- [ RunTime:0.000947s ]
SQL: SHOW COLUMNS FROM `mmm_menu` [ RunTime:0.0152s ]
SQL: SELECT * FROM `mmm_menu` WHERE `pid` = 0 AND `type` = 1 AND `isshow` = 1 AND `deep` = 1 ORDER BY orderid asc  [ RunTime:0.0228s ]
SQL: SELECT * FROM `mmm_menu` WHERE `pid` = 15 AND `type` = 1 AND `isshow` = 1 AND `deep` = 2 ORDER BY orderid asc  [ RunTime:0.0003s ]
SQL: SELECT * FROM `mmm_menu` WHERE `pid` = 8 AND `type` = 1 AND `isshow` = 1 AND `deep` = 2 ORDER BY orderid asc  [ RunTime:0.0003s ]
SQL: SELECT * FROM `mmm_menu` WHERE `pid` = 13 AND `type` = 1 AND `isshow` = 1 AND `deep` = 2 ORDER BY orderid asc  [ RunTime:0.0002s ]
SQL: SELECT * FROM `mmm_menu` WHERE `pid` = 2 AND `type` = 1 AND `isshow` = 1 AND `deep` = 2 ORDER BY orderid asc  [ RunTime:0.0003s ]
SQL: SELECT * FROM `mmm_menu` WHERE `pid` = 1 AND `type` = 1 AND `isshow` = 1 AND `deep` = 2 ORDER BY orderid asc  [ RunTime:0.0003s ]
SQL: SELECT * FROM `mmm_menu` WHERE `pid` = 14 AND `type` = 1 AND `isshow` = 1 AND `deep` = 2 ORDER BY orderid asc  [ RunTime:0.0002s ]
SQL: SELECT * FROM `mmm_menu` WHERE `pid` = 17 AND `type` = 1 AND `isshow` = 1 AND `deep` = 2 ORDER BY orderid asc  [ RunTime:0.0003s ]
INFO: [ view_parse ] --START--
INFO: [ template_filter ] --START--
INFO: Run Behavior\ContentReplaceBehavior [ RunTime:0.000175s ]
INFO: [ template_filter ] --END-- [ RunTime:0.000355s ]
INFO: Run Behavior\ParseTemplateBehavior [ RunTime:0.277246s ]
INFO: [ view_parse ] --END-- [ RunTime:0.277485s ]
INFO: [ view_filter ] --START--
INFO: Run Behavior\WriteHtmlCacheBehavior [ RunTime:0.000809s ]
INFO: [ view_filter ] --END-- [ RunTime:0.001051s ]
INFO: [ app_end ] --START--
INFO: Run Behavior\ShowPageTraceBehavior [ RunTime:0.001969s ]
INFO: [ app_end ] --END-- [ RunTime:0.002300s ]

[ 2016-12-09T09:42:36+08:00 ] 127.0.0.1 /admin/index/welcome.html
INFO: [ app_init ] --START--
INFO: Run Behavior\BuildLiteBehavior [ RunTime:0.000050s ]
INFO: [ app_init ] --END-- [ RunTime:0.000768s ]
INFO: [ app_begin ] --START--
INFO: Run Behavior\ReadHtmlCacheBehavior [ RunTime:0.000796s ]
INFO: [ app_begin ] --END-- [ RunTime:0.001012s ]
INFO: [ view_parse ] --START--
INFO: [ template_filter ] --START--
INFO: Run Behavior\ContentReplaceBehavior [ RunTime:0.000232s ]
INFO: [ template_filter ] --END-- [ RunTime:0.000546s ]
INFO: Run Behavior\ParseTemplateBehavior [ RunTime:0.185028s ]
INFO: [ view_parse ] --END-- [ RunTime:0.185245s ]
INFO: [ view_filter ] --START--
INFO: Run Behavior\WriteHtmlCacheBehavior [ RunTime:0.000618s ]
INFO: [ view_filter ] --END-- [ RunTime:0.000791s ]
INFO: [ app_end ] --START--
INFO: Run Behavior\ShowPageTraceBehavior [ RunTime:0.000803s ]
INFO: [ app_end ] --END-- [ RunTime:0.000981s ]

[ 2016-12-09T09:43:05+08:00 ] 127.0.0.1 /Admin/Index/modifyPassword?id=1&password_old=654321&password_new=*&password_newr=*
INFO: [ app_init ] --START--
INFO: Run Behavior\BuildLiteBehavior [ RunTime:0.000035s ]
INFO: [ app_init ] --END-- [ RunTime:0.000502s ]
INFO: [ app_begin ] --START--
INFO: Run Behavior\ReadHtmlCacheBehavior [ RunTime:0.000771s ]
INFO: [ app_begin ] --END-- [ RunTime:0.000912s ]
NOTIC: [2048] Declaration of Admin\Model\AdminModel::getInstance() should be compatible with Think\Single::getInstance($class) E:\wamp\www\test\Application\Admin\Model\AdminModel.class.php 第 7 行.
SQL: SELECT `password` FROM `mmm_employee` WHERE `id` = '1' LIMIT 1   [ RunTime:0.0005s ]
SQL: UPDATE `mmm_employee` SET `password`='fb90043904c92d0e3c2981d02cb6487f' WHERE `id` = '1' [ RunTime:0.0003s ]

[ 2016-12-09T09:43:05+08:00 ] 127.0.0.1 /admin/index/index
INFO: [ app_init ] --START--
INFO: Run Behavior\BuildLiteBehavior [ RunTime:0.000094s ]
INFO: [ app_init ] --END-- [ RunTime:0.000942s ]
INFO: [ app_begin ] --START--
INFO: Run Behavior\ReadHtmlCacheBehavior [ RunTime:0.001213s ]
INFO: [ app_begin ] --END-- [ RunTime:0.001473s ]
SQL: SHOW COLUMNS FROM `mmm_menu` [ RunTime:0.0604s ]
SQL: SELECT * FROM `mmm_menu` WHERE `pid` = 0 AND `type` = 1 AND `isshow` = 1 AND `deep` = 1 ORDER BY orderid asc  [ RunTime:0.0004s ]
SQL: SELECT * FROM `mmm_menu` WHERE `pid` = 15 AND `type` = 1 AND `isshow` = 1 AND `deep` = 2 ORDER BY orderid asc  [ RunTime:0.0003s ]
SQL: SELECT * FROM `mmm_menu` WHERE `pid` = 8 AND `type` = 1 AND `isshow` = 1 AND `deep` = 2 ORDER BY orderid asc  [ RunTime:0.0003s ]
SQL: SELECT * FROM `mmm_menu` WHERE `pid` = 13 AND `type` = 1 AND `isshow` = 1 AND `deep` = 2 ORDER BY orderid asc  [ RunTime:0.0003s ]
SQL: SELECT * FROM `mmm_menu` WHERE `pid` = 2 AND `type` = 1 AND `isshow` = 1 AND `deep` = 2 ORDER BY orderid asc  [ RunTime:0.0002s ]
SQL: SELECT * FROM `mmm_menu` WHERE `pid` = 1 AND `type` = 1 AND `isshow` = 1 AND `deep` = 2 ORDER BY orderid asc  [ RunTime:0.0003s ]
SQL: SELECT * FROM `mmm_menu` WHERE `pid` = 14 AND `type` = 1 AND `isshow` = 1 AND `deep` = 2 ORDER BY orderid asc  [ RunTime:0.0003s ]
SQL: SELECT * FROM `mmm_menu` WHERE `pid` = 17 AND `type` = 1 AND `isshow` = 1 AND `deep` = 2 ORDER BY orderid asc  [ RunTime:0.0003s ]
INFO: [ view_parse ] --START--
INFO: [ template_filter ] --START--
INFO: Run Behavior\ContentReplaceBehavior [ RunTime:0.000473s ]
INFO: [ template_filter ] --END-- [ RunTime:0.000950s ]
INFO: Run Behavior\ParseTemplateBehavior [ RunTime:0.124446s ]
INFO: [ view_parse ] --END-- [ RunTime:0.124642s ]
INFO: [ view_filter ] --START--
INFO: Run Behavior\WriteHtmlCacheBehavior [ RunTime:0.000575s ]
INFO: [ view_filter ] --END-- [ RunTime:0.000746s ]
INFO: [ app_end ] --START--
INFO: Run Behavior\ShowPageTraceBehavior [ RunTime:0.001052s ]
INFO: [ app_end ] --END-- [ RunTime:0.001286s ]

[ 2016-12-09T09:43:05+08:00 ] 127.0.0.1 /admin/index/welcome.html
INFO: [ app_init ] --START--
INFO: Run Behavior\BuildLiteBehavior [ RunTime:0.000039s ]
INFO: [ app_init ] --END-- [ RunTime:0.000599s ]
INFO: [ app_begin ] --START--
INFO: Run Behavior\ReadHtmlCacheBehavior [ RunTime:0.001040s ]
INFO: [ app_begin ] --END-- [ RunTime:0.001249s ]
INFO: [ view_parse ] --START--
INFO: [ template_filter ] --START--
INFO: Run Behavior\ContentReplaceBehavior [ RunTime:0.000128s ]
INFO: [ template_filter ] --END-- [ RunTime:0.000321s ]
INFO: Run Behavior\ParseTemplateBehavior [ RunTime:0.008959s ]
INFO: [ view_parse ] --END-- [ RunTime:0.009171s ]
INFO: [ view_filter ] --START--
INFO: Run Behavior\WriteHtmlCacheBehavior [ RunTime:0.000598s ]
INFO: [ view_filter ] --END-- [ RunTime:0.000769s ]
INFO: [ app_end ] --START--
INFO: Run Behavior\ShowPageTraceBehavior [ RunTime:0.000751s ]
INFO: [ app_end ] --END-- [ RunTime:0.000921s ]

[ 2016-12-09T09:43:11+08:00 ] 127.0.0.1 /admin/employee/emplList
INFO: [ app_init ] --START--
INFO: Run Behavior\BuildLiteBehavior [ RunTime:0.000037s ]
INFO: [ app_init ] --END-- [ RunTime:0.000527s ]
INFO: [ app_begin ] --START--
INFO: Run Behavior\ReadHtmlCacheBehavior [ RunTime:0.000741s ]
INFO: [ app_begin ] --END-- [ RunTime:0.000907s ]
NOTIC: [2048] Declaration of Admin\Model\AdminDepaModel::getInstance() should be compatible with Think\Single::getInstance($class) E:\wamp\www\test\Application\Admin\Model\AdminDepaModel.class.php 第 12 行.
SQL: SELECT `id`,`name` FROM `mmm_employee_depa`  [ RunTime:0.0008s ]
NOTIC: [2048] Declaration of Admin\Model\AdminModel::getInstance() should be compatible with Think\Single::getInstance($class) E:\wamp\www\test\Application\Admin\Model\AdminModel.class.php 第 60 行.
SQL: SELECT COUNT(*) AS tp_count FROM mmm_employee a LEFT JOIN mmm_employee_depa AS d ON d.id = a.department  WHERE a.is_del = 0 LIMIT 1   [ RunTime:0.0005s ]
SQL: SELECT a.id,a.name,d.name AS department,a.phone,a.qq,a.weixin,a.email,a.sex,a.nativeplace,a.address,DATE_FORMAT(a.entrytime,'%Y-%m-%d') AS entrytime,a.status,a.note,a.qq FROM mmm_employee a LEFT JOIN mmm_employee_depa AS d ON d.id = a.department  WHERE a.is_del = 0 ORDER BY a.id DESC LIMIT 0,15   [ RunTime:0.0597s ]
INFO: [ view_parse ] --START--
INFO: [ template_filter ] --START--
INFO: Run Behavior\ContentReplaceBehavior [ RunTime:0.000203s ]
INFO: [ template_filter ] --END-- [ RunTime:0.000420s ]
NOTIC: [8] Undefined index: status E:\wamp\www\test\Application\Runtime\Cache\Admin\daf83fd463195252779261f3145092cb.php 第 47 行.
NOTIC: [8] Undefined index: status E:\wamp\www\test\Application\Runtime\Cache\Admin\daf83fd463195252779261f3145092cb.php 第 48 行.
NOTIC: [8] Undefined variable: keyword E:\wamp\www\test\Application\Runtime\Cache\Admin\daf83fd463195252779261f3145092cb.php 第 51 行.
NOTIC: [8] Undefined variable: depaid E:\wamp\www\test\Application\Runtime\Cache\Admin\daf83fd463195252779261f3145092cb.php 第 123 行.
INFO: Run Behavior\ParseTemplateBehavior [ RunTime:0.197080s ]
INFO: [ view_parse ] --END-- [ RunTime:0.197299s ]
INFO: [ view_filter ] --START--
INFO: Run Behavior\WriteHtmlCacheBehavior [ RunTime:0.000584s ]
INFO: [ view_filter ] --END-- [ RunTime:0.000755s ]
INFO: [ app_end ] --START--
INFO: Run Behavior\ShowPageTraceBehavior [ RunTime:0.010096s ]
INFO: [ app_end ] --END-- [ RunTime:0.010524s ]

[ 2016-12-09T09:43:21+08:00 ] 127.0.0.1 /Admin/Employee/changeStatus?id=3&status=1
INFO: [ app_init ] --START--
INFO: Run Behavior\BuildLiteBehavior [ RunTime:0.000035s ]
INFO: [ app_init ] --END-- [ RunTime:0.000486s ]
INFO: [ app_begin ] --START--
INFO: Run Behavior\ReadHtmlCacheBehavior [ RunTime:0.000724s ]
INFO: [ app_begin ] --END-- [ RunTime:0.000860s ]
NOTIC: [2048] Declaration of Admin\Model\AdminModel::getInstance() should be compatible with Think\Single::getInstance($class) E:\wamp\www\test\Application\Admin\Model\AdminModel.class.php 第 7 行.
SQL: UPDATE `mmm_employee` SET `status`='1' WHERE `id` = '3' [ RunTime:0.0003s ]

[ 2016-12-09T09:43:21+08:00 ] 127.0.0.1 /admin/employee/emplList
INFO: [ app_init ] --START--
INFO: Run Behavior\BuildLiteBehavior [ RunTime:0.000035s ]
INFO: [ app_init ] --END-- [ RunTime:0.000500s ]
INFO: [ app_begin ] --START--
INFO: Run Behavior\ReadHtmlCacheBehavior [ RunTime:0.000786s ]
INFO: [ app_begin ] --END-- [ RunTime:0.000968s ]
NOTIC: [2048] Declaration of Admin\Model\AdminDepaModel::getInstance() should be compatible with Think\Single::getInstance($class) E:\wamp\www\test\Application\Admin\Model\AdminDepaModel.class.php 第 12 行.
SQL: SELECT `id`,`name` FROM `mmm_employee_depa`  [ RunTime:0.0004s ]
NOTIC: [2048] Declaration of Admin\Model\AdminModel::getInstance() should be compatible with Think\Single::getInstance($class) E:\wamp\www\test\Application\Admin\Model\AdminModel.class.php 第 60 行.
SQL: SELECT COUNT(*) AS tp_count FROM mmm_employee a LEFT JOIN mmm_employee_depa AS d ON d.id = a.department  WHERE a.is_del = 0 LIMIT 1   [ RunTime:0.0003s ]
SQL: SELECT a.id,a.name,d.name AS department,a.phone,a.qq,a.weixin,a.email,a.sex,a.nativeplace,a.address,DATE_FORMAT(a.entrytime,'%Y-%m-%d') AS entrytime,a.status,a.note,a.qq FROM mmm_employee a LEFT JOIN mmm_employee_depa AS d ON d.id = a.department  WHERE a.is_del = 0 ORDER BY a.id DESC LIMIT 0,15   [ RunTime:0.0146s ]
INFO: [ view_parse ] --START--
INFO: [ template_filter ] --START--
INFO: Run Behavior\ContentReplaceBehavior [ RunTime:0.000184s ]
INFO: [ template_filter ] --END-- [ RunTime:0.000374s ]
NOTIC: [8] Undefined index: status E:\wamp\www\test\Application\Runtime\Cache\Admin\daf83fd463195252779261f3145092cb.php 第 47 行.
NOTIC: [8] Undefined index: status E:\wamp\www\test\Application\Runtime\Cache\Admin\daf83fd463195252779261f3145092cb.php 第 48 行.
NOTIC: [8] Undefined variable: keyword E:\wamp\www\test\Application\Runtime\Cache\Admin\daf83fd463195252779261f3145092cb.php 第 51 行.
NOTIC: [8] Undefined variable: depaid E:\wamp\www\test\Application\Runtime\Cache\Admin\daf83fd463195252779261f3145092cb.php 第 123 行.
INFO: Run Behavior\ParseTemplateBehavior [ RunTime:0.114093s ]
INFO: [ view_parse ] --END-- [ RunTime:0.114275s ]
INFO: [ view_filter ] --START--
INFO: Run Behavior\WriteHtmlCacheBehavior [ RunTime:0.000558s ]
INFO: [ view_filter ] --END-- [ RunTime:0.000720s ]
INFO: [ app_end ] --START--
INFO: Run Behavior\ShowPageTraceBehavior [ RunTime:0.000951s ]
INFO: [ app_end ] --END-- [ RunTime:0.001170s ]

[ 2016-12-09T09:43:24+08:00 ] 127.0.0.1 /Admin/Employee/changeStatus?id=2&status=1
INFO: [ app_init ] --START--
INFO: Run Behavior\BuildLiteBehavior [ RunTime:0.000037s ]
INFO: [ app_init ] --END-- [ RunTime:0.000587s ]
INFO: [ app_begin ] --START--
INFO: Run Behavior\ReadHtmlCacheBehavior [ RunTime:0.000725s ]
INFO: [ app_begin ] --END-- [ RunTime:0.000863s ]
NOTIC: [2048] Declaration of Admin\Model\AdminModel::getInstance() should be compatible with Think\Single::getInstance($class) E:\wamp\www\test\Application\Admin\Model\AdminModel.class.php 第 7 行.
SQL: UPDATE `mmm_employee` SET `status`='1' WHERE `id` = '2' [ RunTime:0.0003s ]

[ 2016-12-09T09:43:24+08:00 ] 127.0.0.1 /admin/employee/emplList
INFO: [ app_init ] --START--
INFO: Run Behavior\BuildLiteBehavior [ RunTime:0.000035s ]
INFO: [ app_init ] --END-- [ RunTime:0.000529s ]
INFO: [ app_begin ] --START--
INFO: Run Behavior\ReadHtmlCacheBehavior [ RunTime:0.000642s ]
INFO: [ app_begin ] --END-- [ RunTime:0.000811s ]
NOTIC: [2048] Declaration of Admin\Model\AdminDepaModel::getInstance() should be compatible with Think\Single::getInstance($class) E:\wamp\www\test\Application\Admin\Model\AdminDepaModel.class.php 第 12 行.
SQL: SELECT `id`,`name` FROM `mmm_employee_depa`  [ RunTime:0.0003s ]
NOTIC: [2048] Declaration of Admin\Model\AdminModel::getInstance() should be compatible with Think\Single::getInstance($class) E:\wamp\www\test\Application\Admin\Model\AdminModel.class.php 第 60 行.
SQL: SELECT COUNT(*) AS tp_count FROM mmm_employee a LEFT JOIN mmm_employee_depa AS d ON d.id = a.department  WHERE a.is_del = 0 LIMIT 1   [ RunTime:0.0003s ]
SQL: SELECT a.id,a.name,d.name AS department,a.phone,a.qq,a.weixin,a.email,a.sex,a.nativeplace,a.address,DATE_FORMAT(a.entrytime,'%Y-%m-%d') AS entrytime,a.status,a.note,a.qq FROM mmm_employee a LEFT JOIN mmm_employee_depa AS d ON d.id = a.department  WHERE a.is_del = 0 ORDER BY a.id DESC LIMIT 0,15   [ RunTime:0.0151s ]
INFO: [ view_parse ] --START--
INFO: [ template_filter ] --START--
INFO: Run Behavior\ContentReplaceBehavior [ RunTime:0.000176s ]
INFO: [ template_filter ] --END-- [ RunTime:0.000366s ]
NOTIC: [8] Undefined index: status E:\wamp\www\test\Application\Runtime\Cache\Admin\daf83fd463195252779261f3145092cb.php 第 47 行.
NOTIC: [8] Undefined index: status E:\wamp\www\test\Application\Runtime\Cache\Admin\daf83fd463195252779261f3145092cb.php 第 48 行.
NOTIC: [8] Undefined variable: keyword E:\wamp\www\test\Application\Runtime\Cache\Admin\daf83fd463195252779261f3145092cb.php 第 51 行.
NOTIC: [8] Undefined variable: depaid E:\wamp\www\test\Application\Runtime\Cache\Admin\daf83fd463195252779261f3145092cb.php 第 123 行.
INFO: Run Behavior\ParseTemplateBehavior [ RunTime:0.103327s ]
INFO: [ view_parse ] --END-- [ RunTime:0.103510s ]
INFO: [ view_filter ] --START--
INFO: Run Behavior\WriteHtmlCacheBehavior [ RunTime:0.000476s ]
INFO: [ view_filter ] --END-- [ RunTime:0.000647s ]
INFO: [ app_end ] --START--
INFO: Run Behavior\ShowPageTraceBehavior [ RunTime:0.000695s ]
INFO: [ app_end ] --END-- [ RunTime:0.000900s ]

[ 2016-12-09T09:43:34+08:00 ] 127.0.0.1 /admin/ad/adtype
INFO: [ app_init ] --START--
INFO: Run Behavior\BuildLiteBehavior [ RunTime:0.000036s ]
INFO: [ app_init ] --END-- [ RunTime:0.000518s ]
INFO: [ app_begin ] --START--
INFO: Run Behavior\ReadHtmlCacheBehavior [ RunTime:0.000727s ]
INFO: [ app_begin ] --END-- [ RunTime:0.000892s ]
NOTIC: [2048] Declaration of Admin\Model\AdTypeModel::getInstance() should be compatible with Think\Single::getInstance($class) E:\wamp\www\test\Application\Admin\Model\AdTypeModel.class.php 第 12 行.
SQL: SHOW COLUMNS FROM `mmm_ad_type` [ RunTime:0.0133s ]
SQL: SELECT COUNT(*) AS tp_count FROM `mmm_ad_type` LIMIT 1   [ RunTime:0.0005s ]
SQL: SELECT `id`,`name`,`status` FROM `mmm_ad_type` ORDER BY id ASC LIMIT 0,10   [ RunTime:0.0002s ]
INFO: [ view_parse ] --START--
INFO: [ template_filter ] --START--
INFO: Run Behavior\ContentReplaceBehavior [ RunTime:0.000149s ]
INFO: [ template_filter ] --END-- [ RunTime:0.000313s ]
INFO: Run Behavior\ParseTemplateBehavior [ RunTime:0.072954s ]
INFO: [ view_parse ] --END-- [ RunTime:0.073142s ]
INFO: [ view_filter ] --START--
INFO: Run Behavior\WriteHtmlCacheBehavior [ RunTime:0.000564s ]
INFO: [ view_filter ] --END-- [ RunTime:0.000725s ]
INFO: [ app_end ] --START--
INFO: Run Behavior\ShowPageTraceBehavior [ RunTime:0.001174s ]
INFO: [ app_end ] --END-- [ RunTime:0.001397s ]

[ 2016-12-09T09:43:38+08:00 ] 127.0.0.1 /Admin/Ad/ad?id=1
INFO: [ app_init ] --START--
INFO: Run Behavior\BuildLiteBehavior [ RunTime:0.000038s ]
INFO: [ app_init ] --END-- [ RunTime:0.000521s ]
INFO: [ app_begin ] --START--
INFO: Run Behavior\ReadHtmlCacheBehavior [ RunTime:0.000637s ]
INFO: [ app_begin ] --END-- [ RunTime:0.000804s ]
NOTIC: [2048] Declaration of Admin\Model\AdTypeModel::getInstance() should be compatible with Think\Single::getInstance($class) E:\wamp\www\test\Application\Admin\Model\AdTypeModel.class.php 第 12 行.
SQL: SHOW COLUMNS FROM `mmm_ad_type` [ RunTime:0.0112s ]
SQL: SELECT `id`,`name` FROM `mmm_ad_type` WHERE `id` = 1 LIMIT 1   [ RunTime:0.0168s ]
NOTIC: [2048] Declaration of Admin\Model\AdModel::getInstance() should be compatible with Think\Single::getInstance($class) E:\wamp\www\test\Application\Admin\Model\AdModel.class.php 第 25 行.
SQL: SHOW COLUMNS FROM `mmm_ad` [ RunTime:0.0081s ]
SQL: SELECT a.* FROM mmm_ad a LEFT JOIN mmm_ad_type t ON a.tid = t.id  WHERE (  t.id=1 and a.is_del=0 ) ORDER BY a.sort ASC  [ RunTime:0.0257s ]
INFO: [ view_parse ] --START--
INFO: [ template_filter ] --START--
INFO: Run Behavior\ContentReplaceBehavior [ RunTime:0.000149s ]
INFO: [ template_filter ] --END-- [ RunTime:0.000346s ]
INFO: Run Behavior\ParseTemplateBehavior [ RunTime:0.129249s ]
INFO: [ view_parse ] --END-- [ RunTime:0.129461s ]
INFO: [ view_filter ] --START--
INFO: Run Behavior\WriteHtmlCacheBehavior [ RunTime:0.000484s ]
INFO: [ view_filter ] --END-- [ RunTime:0.000645s ]
INFO: [ app_end ] --START--
INFO: Run Behavior\ShowPageTraceBehavior [ RunTime:0.000949s ]
INFO: [ app_end ] --END-- [ RunTime:0.001168s ]

[ 2016-12-09T09:43:57+08:00 ] 127.0.0.1 /Admin/Ad/ad?id=1
INFO: [ app_init ] --START--
INFO: Run Behavior\BuildLiteBehavior [ RunTime:0.000037s ]
INFO: [ app_init ] --END-- [ RunTime:0.000561s ]
INFO: [ app_begin ] --START--
INFO: Run Behavior\ReadHtmlCacheBehavior [ RunTime:0.000767s ]
INFO: [ app_begin ] --END-- [ RunTime:0.000947s ]
NOTIC: [2048] Declaration of Admin\Model\AdTypeModel::getInstance() should be compatible with Think\Single::getInstance($class) E:\wamp\www\test\Application\Admin\Model\AdTypeModel.class.php 第 12 行.
SQL: SHOW COLUMNS FROM `mmm_ad_type` [ RunTime:0.0340s ]
SQL: SELECT `id`,`name` FROM `mmm_ad_type` WHERE `id` = 1 LIMIT 1   [ RunTime:0.0003s ]
NOTIC: [2048] Declaration of Admin\Model\AdModel::getInstance() should be compatible with Think\Single::getInstance($class) E:\wamp\www\test\Application\Admin\Model\AdModel.class.php 第 25 行.
SQL: SHOW COLUMNS FROM `mmm_ad` [ RunTime:0.0077s ]
SQL: SELECT a.* FROM mmm_ad a LEFT JOIN mmm_ad_type t ON a.tid = t.id  WHERE (  t.id=1 and a.is_del=0 ) ORDER BY a.sort ASC  [ RunTime:0.0004s ]
INFO: [ view_parse ] --START--
INFO: [ template_filter ] --START--
INFO: Run Behavior\ContentReplaceBehavior [ RunTime:0.000136s ]
INFO: [ template_filter ] --END-- [ RunTime:0.000306s ]
INFO: Run Behavior\ParseTemplateBehavior [ RunTime:0.015142s ]
INFO: [ view_parse ] --END-- [ RunTime:0.015357s ]
INFO: [ view_filter ] --START--
INFO: Run Behavior\WriteHtmlCacheBehavior [ RunTime:0.000597s ]
INFO: [ view_filter ] --END-- [ RunTime:0.000819s ]
INFO: [ app_end ] --START--
INFO: Run Behavior\ShowPageTraceBehavior [ RunTime:0.000839s ]
INFO: [ app_end ] --END-- [ RunTime:0.001196s ]

[ 2016-12-09T09:56:18+08:00 ] 127.0.0.1 /admin/ad/adtype
INFO: [ app_init ] --START--
INFO: Run Behavior\BuildLiteBehavior [ RunTime:0.000034s ]
INFO: [ app_init ] --END-- [ RunTime:0.000523s ]
INFO: [ app_begin ] --START--
INFO: Run Behavior\ReadHtmlCacheBehavior [ RunTime:0.000938s ]
INFO: [ app_begin ] --END-- [ RunTime:0.001180s ]
NOTIC: [2048] Declaration of Admin\Model\AdTypeModel::getInstance() should be compatible with Think\Single::getInstance($class) E:\wamp\www\test\Application\Admin\Model\AdTypeModel.class.php 第 12 行.
SQL: SHOW COLUMNS FROM `mmm_ad_type` [ RunTime:0.0138s ]
SQL: SELECT COUNT(*) AS tp_count FROM `mmm_ad_type` LIMIT 1   [ RunTime:0.0003s ]
SQL: SELECT `id`,`name`,`status` FROM `mmm_ad_type` ORDER BY id ASC LIMIT 0,10   [ RunTime:0.0002s ]
INFO: [ view_parse ] --START--
INFO: [ template_filter ] --START--
INFO: Run Behavior\ContentReplaceBehavior [ RunTime:0.000152s ]
INFO: [ template_filter ] --END-- [ RunTime:0.000330s ]
INFO: Run Behavior\ParseTemplateBehavior [ RunTime:0.073713s ]
INFO: [ view_parse ] --END-- [ RunTime:0.073915s ]
INFO: [ view_filter ] --START--
INFO: Run Behavior\WriteHtmlCacheBehavior [ RunTime:0.000590s ]
INFO: [ view_filter ] --END-- [ RunTime:0.000759s ]
INFO: [ app_end ] --START--
INFO: Run Behavior\ShowPageTraceBehavior [ RunTime:0.001020s ]
INFO: [ app_end ] --END-- [ RunTime:0.001244s ]

[ 2016-12-09T10:06:50+08:00 ] 127.0.0.1 /Admin/Ad/ad?id=1
INFO: [ app_init ] --START--
INFO: Run Behavior\BuildLiteBehavior [ RunTime:0.000049s ]
INFO: [ app_init ] --END-- [ RunTime:0.000637s ]
INFO: [ app_begin ] --START--
INFO: Run Behavior\ReadHtmlCacheBehavior [ RunTime:0.000785s ]
INFO: [ app_begin ] --END-- [ RunTime:0.000970s ]
NOTIC: [2048] Declaration of Admin\Model\AdTypeModel::getInstance() should be compatible with Think\Single::getInstance($class) E:\wamp\www\test\Application\Admin\Model\AdTypeModel.class.php 第 12 行.
SQL: SHOW COLUMNS FROM `mmm_ad_type` [ RunTime:0.0118s ]
SQL: SELECT `id`,`name` FROM `mmm_ad_type` WHERE `id` = 1 LIMIT 1   [ RunTime:0.0003s ]
NOTIC: [2048] Declaration of Admin\Model\AdModel::getInstance() should be compatible with Think\Single::getInstance($class) E:\wamp\www\test\Application\Admin\Model\AdModel.class.php 第 25 行.
SQL: SHOW COLUMNS FROM `mmm_ad` [ RunTime:0.0112s ]
SQL: SELECT a.* FROM mmm_ad a LEFT JOIN mmm_ad_type t ON a.tid = t.id  WHERE (  t.id=1 and a.is_del=0 ) ORDER BY a.sort ASC  [ RunTime:0.0005s ]
INFO: [ view_parse ] --START--
INFO: [ template_filter ] --START--
INFO: Run Behavior\ContentReplaceBehavior [ RunTime:0.000150s ]
INFO: [ template_filter ] --END-- [ RunTime:0.000339s ]
INFO: Run Behavior\ParseTemplateBehavior [ RunTime:0.063752s ]
INFO: [ view_parse ] --END-- [ RunTime:0.063955s ]
INFO: [ view_filter ] --START--
INFO: Run Behavior\WriteHtmlCacheBehavior [ RunTime:0.000547s ]
INFO: [ view_filter ] --END-- [ RunTime:0.000717s ]
INFO: [ app_end ] --START--
INFO: Run Behavior\ShowPageTraceBehavior [ RunTime:0.001191s ]
INFO: [ app_end ] --END-- [ RunTime:0.001402s ]

[ 2016-12-09T10:06:52+08:00 ] 127.0.0.1 /Admin/Ad/adadd?tid=1
INFO: [ app_init ] --START--
INFO: Run Behavior\BuildLiteBehavior [ RunTime:0.000035s ]
INFO: [ app_init ] --END-- [ RunTime:0.000576s ]
INFO: [ app_begin ] --START--
INFO: Run Behavior\ReadHtmlCacheBehavior [ RunTime:0.000725s ]
INFO: [ app_begin ] --END-- [ RunTime:0.000893s ]
INFO: [ view_parse ] --START--
INFO: [ template_filter ] --START--
INFO: Run Behavior\ContentReplaceBehavior [ RunTime:0.000140s ]
INFO: [ template_filter ] --END-- [ RunTime:0.000339s ]
INFO: Run Behavior\ParseTemplateBehavior [ RunTime:0.120178s ]
INFO: [ view_parse ] --END-- [ RunTime:0.120410s ]
INFO: [ view_filter ] --START--
INFO: Run Behavior\WriteHtmlCacheBehavior [ RunTime:0.000574s ]
INFO: [ view_filter ] --END-- [ RunTime:0.000742s ]
INFO: [ app_end ] --START--
INFO: Run Behavior\ShowPageTraceBehavior [ RunTime:0.000699s ]
INFO: [ app_end ] --END-- [ RunTime:0.000863s ]

[ 2016-12-09T10:15:20+08:00 ] 127.0.0.1 /admin/ad/adtype
INFO: [ app_init ] --START--
INFO: Run Behavior\BuildLiteBehavior [ RunTime:0.000037s ]
INFO: [ app_init ] --END-- [ RunTime:0.000545s ]
INFO: [ app_begin ] --START--
INFO: Run Behavior\ReadHtmlCacheBehavior [ RunTime:0.000820s ]
INFO: [ app_begin ] --END-- [ RunTime:0.001022s ]
NOTIC: [2048] Declaration of Admin\Model\AdTypeModel::getInstance() should be compatible with Think\Single::getInstance($class) E:\wamp\www\test\Application\Admin\Model\AdTypeModel.class.php 第 12 行.
SQL: SHOW COLUMNS FROM `mmm_ad_type` [ RunTime:0.0143s ]
SQL: SELECT COUNT(*) AS tp_count FROM `mmm_ad_type` LIMIT 1   [ RunTime:0.0003s ]
SQL: SELECT `id`,`name`,`status` FROM `mmm_ad_type` ORDER BY id ASC LIMIT 0,10   [ RunTime:0.0002s ]
INFO: [ view_parse ] --START--
INFO: [ template_filter ] --START--
INFO: Run Behavior\ContentReplaceBehavior [ RunTime:0.000173s ]
INFO: [ template_filter ] --END-- [ RunTime:0.000364s ]
INFO: Run Behavior\ParseTemplateBehavior [ RunTime:0.075063s ]
INFO: [ view_parse ] --END-- [ RunTime:0.075293s ]
INFO: [ view_filter ] --START--
INFO: Run Behavior\WriteHtmlCacheBehavior [ RunTime:0.000517s ]
INFO: [ view_filter ] --END-- [ RunTime:0.000687s ]
INFO: [ app_end ] --START--
INFO: Run Behavior\ShowPageTraceBehavior [ RunTime:0.000844s ]
INFO: [ app_end ] --END-- [ RunTime:0.001045s ]

[ 2016-12-09T10:15:25+08:00 ] 127.0.0.1 /Admin/Ad/ad?id=1
INFO: [ app_init ] --START--
INFO: Run Behavior\BuildLiteBehavior [ RunTime:0.000037s ]
INFO: [ app_init ] --END-- [ RunTime:0.000568s ]
INFO: [ app_begin ] --START--
INFO: Run Behavior\ReadHtmlCacheBehavior [ RunTime:0.000763s ]
INFO: [ app_begin ] --END-- [ RunTime:0.000943s ]
NOTIC: [2048] Declaration of Admin\Model\AdTypeModel::getInstance() should be compatible with Think\Single::getInstance($class) E:\wamp\www\test\Application\Admin\Model\AdTypeModel.class.php 第 12 行.
SQL: SHOW COLUMNS FROM `mmm_ad_type` [ RunTime:0.0120s ]
SQL: SELECT `id`,`name` FROM `mmm_ad_type` WHERE `id` = 1 LIMIT 1   [ RunTime:0.0003s ]
NOTIC: [2048] Declaration of Admin\Model\AdModel::getInstance() should be compatible with Think\Single::getInstance($class) E:\wamp\www\test\Application\Admin\Model\AdModel.class.php 第 25 行.
SQL: SHOW COLUMNS FROM `mmm_ad` [ RunTime:0.0080s ]
SQL: SELECT a.* FROM mmm_ad a LEFT JOIN mmm_ad_type t ON a.tid = t.id  WHERE (  t.id=1 and a.is_del=0 ) ORDER BY a.sort ASC  [ RunTime:0.0005s ]
INFO: [ view_parse ] --START--
INFO: [ template_filter ] --START--
INFO: Run Behavior\ContentReplaceBehavior [ RunTime:0.000138s ]
INFO: [ template_filter ] --END-- [ RunTime:0.000313s ]
INFO: Run Behavior\ParseTemplateBehavior [ RunTime:0.015366s ]
INFO: [ view_parse ] --END-- [ RunTime:0.015571s ]
INFO: [ view_filter ] --START--
INFO: Run Behavior\WriteHtmlCacheBehavior [ RunTime:0.000578s ]
INFO: [ view_filter ] --END-- [ RunTime:0.000751s ]
INFO: [ app_end ] --START--
INFO: Run Behavior\ShowPageTraceBehavior [ RunTime:0.000949s ]
INFO: [ app_end ] --END-- [ RunTime:0.001196s ]

[ 2016-12-09T10:15:33+08:00 ] 127.0.0.1 /Admin/Ad/adedit?id=2&tid=1
INFO: [ app_init ] --START--
INFO: Run Behavior\BuildLiteBehavior [ RunTime:0.000035s ]
INFO: [ app_init ] --END-- [ RunTime:0.000522s ]
INFO: [ app_begin ] --START--
INFO: Run Behavior\ReadHtmlCacheBehavior [ RunTime:0.000675s ]
INFO: [ app_begin ] --END-- [ RunTime:0.000840s ]
NOTIC: [2048] Declaration of Admin\Model\AdModel::getInstance() should be compatible with Think\Single::getInstance($class) E:\wamp\www\test\Application\Admin\Model\AdModel.class.php 第 12 行.
SQL: SHOW COLUMNS FROM `mmm_ad` [ RunTime:0.0144s ]
SQL: SELECT `id`,`tid`,`name`,`detail`,`url`,`image`,`hits`,`sort`,`status`,`is_del` FROM `mmm_ad` WHERE `id` = 2 LIMIT 1   [ RunTime:0.0003s ]
INFO: [ view_parse ] --START--
INFO: [ template_filter ] --START--
INFO: Run Behavior\ContentReplaceBehavior [ RunTime:0.000142s ]
INFO: [ template_filter ] --END-- [ RunTime:0.000334s ]
INFO: Run Behavior\ParseTemplateBehavior [ RunTime:0.053972s ]
INFO: [ view_parse ] --END-- [ RunTime:0.054227s ]
INFO: [ view_filter ] --START--
INFO: Run Behavior\WriteHtmlCacheBehavior [ RunTime:0.000904s ]
INFO: [ view_filter ] --END-- [ RunTime:0.001183s ]
INFO: [ app_end ] --START--
INFO: Run Behavior\ShowPageTraceBehavior [ RunTime:0.001054s ]
INFO: [ app_end ] --END-- [ RunTime:0.001277s ]

[ 2016-12-09T10:15:44+08:00 ] 127.0.0.1 /Admin/Ad/adedit?ac=edit
INFO: [ app_init ] --START--
INFO: Run Behavior\BuildLiteBehavior [ RunTime:0.000045s ]
INFO: [ app_init ] --END-- [ RunTime:0.000642s ]
INFO: [ app_begin ] --START--
INFO: Run Behavior\ReadHtmlCacheBehavior [ RunTime:0.000928s ]
INFO: [ app_begin ] --END-- [ RunTime:0.001199s ]
NOTIC: [2048] Declaration of Admin\Model\AdModel::getInstance() should be compatible with Think\Single::getInstance($class) E:\wamp\www\test\Application\Admin\Model\AdModel.class.php 第 12 行.
SQL: SHOW COLUMNS FROM `mmm_ad` [ RunTime:0.0151s ]
SQL: SELECT `id`,`tid`,`name`,`detail`,`url`,`image`,`hits`,`sort`,`status`,`is_del` FROM `mmm_ad` WHERE `id` = 2 LIMIT 1   [ RunTime:0.0003s ]
SQL: UPDATE `mmm_ad` SET `name`='对对对',`detail`='大商股份2',`sort`='7',`url`='www.baiu.cm',`image`='/Public/Upload/lunbo/583ba6b4cba53.jpg' WHERE `id` = 2 AND `tid` = 1 [ RunTime:0.1088s ]
INFO: [ view_parse ] --START--
INFO: [ template_filter ] --START--
INFO: Run Behavior\ContentReplaceBehavior [ RunTime:0.000147s ]
INFO: [ template_filter ] --END-- [ RunTime:0.000429s ]
INFO: Run Behavior\ParseTemplateBehavior [ RunTime:0.049435s ]
INFO: [ view_parse ] --END-- [ RunTime:0.049878s ]
INFO: [ view_filter ] --START--
INFO: Run Behavior\WriteHtmlCacheBehavior [ RunTime:0.000900s ]
INFO: [ view_filter ] --END-- [ RunTime:0.001227s ]
INFO: [ app_end ] --START--
INFO: Run Behavior\ShowPageTraceBehavior [ RunTime:0.001148s ]
INFO: [ app_end ] --END-- [ RunTime:0.001459s ]

[ 2016-12-09T10:15:46+08:00 ] 127.0.0.1 /index.php/Admin/Ad/ad/id/1
INFO: [ app_init ] --START--
INFO: Run Behavior\BuildLiteBehavior [ RunTime:0.000035s ]
INFO: [ app_init ] --END-- [ RunTime:0.000508s ]
INFO: [ app_begin ] --START--
INFO: Run Behavior\ReadHtmlCacheBehavior [ RunTime:0.000876s ]
INFO: [ app_begin ] --END-- [ RunTime:0.001094s ]
NOTIC: [2048] Declaration of Admin\Model\AdTypeModel::getInstance() should be compatible with Think\Single::getInstance($class) E:\wamp\www\test\Application\Admin\Model\AdTypeModel.class.php 第 12 行.
SQL: SHOW COLUMNS FROM `mmm_ad_type` [ RunTime:0.0128s ]
SQL: SELECT `id`,`name` FROM `mmm_ad_type` WHERE `id` = 1 LIMIT 1   [ RunTime:0.0002s ]
NOTIC: [2048] Declaration of Admin\Model\AdModel::getInstance() should be compatible with Think\Single::getInstance($class) E:\wamp\www\test\Application\Admin\Model\AdModel.class.php 第 25 行.
SQL: SHOW COLUMNS FROM `mmm_ad` [ RunTime:0.0087s ]
SQL: SELECT a.* FROM mmm_ad a LEFT JOIN mmm_ad_type t ON a.tid = t.id  WHERE (  t.id=1 and a.is_del=0 ) ORDER BY a.sort ASC  [ RunTime:0.0005s ]
INFO: [ view_parse ] --START--
INFO: [ template_filter ] --START--
INFO: Run Behavior\ContentReplaceBehavior [ RunTime:0.000140s ]
INFO: [ template_filter ] --END-- [ RunTime:0.000327s ]
INFO: Run Behavior\ParseTemplateBehavior [ RunTime:0.015435s ]
INFO: [ view_parse ] --END-- [ RunTime:0.015623s ]
INFO: [ view_filter ] --START--
INFO: Run Behavior\WriteHtmlCacheBehavior [ RunTime:0.000499s ]
INFO: [ view_filter ] --END-- [ RunTime:0.000665s ]
INFO: [ app_end ] --START--
INFO: Run Behavior\ShowPageTraceBehavior [ RunTime:0.000668s ]
INFO: [ app_end ] --END-- [ RunTime:0.000833s ]

[ 2016-12-09T10:15:50+08:00 ] 127.0.0.1 /Admin/Ad/adadd?tid=1
INFO: [ app_init ] --START--
INFO: Run Behavior\BuildLiteBehavior [ RunTime:0.000039s ]
INFO: [ app_init ] --END-- [ RunTime:0.000551s ]
INFO: [ app_begin ] --START--
INFO: Run Behavior\ReadHtmlCacheBehavior [ RunTime:0.000738s ]
INFO: [ app_begin ] --END-- [ RunTime:0.000910s ]
INFO: [ view_parse ] --START--
INFO: [ template_filter ] --START--
INFO: Run Behavior\ContentReplaceBehavior [ RunTime:0.000157s ]
INFO: [ template_filter ] --END-- [ RunTime:0.000353s ]
INFO: Run Behavior\ParseTemplateBehavior [ RunTime:0.051801s ]
INFO: [ view_parse ] --END-- [ RunTime:0.052022s ]
INFO: [ view_filter ] --START--
INFO: Run Behavior\WriteHtmlCacheBehavior [ RunTime:0.000577s ]
INFO: [ view_filter ] --END-- [ RunTime:0.000747s ]
INFO: [ app_end ] --START--
INFO: Run Behavior\ShowPageTraceBehavior [ RunTime:0.000718s ]
INFO: [ app_end ] --END-- [ RunTime:0.000880s ]

[ 2016-12-09T10:15:55+08:00 ] 127.0.0.1 /Admin/Ad/adtype/
INFO: [ app_init ] --START--
INFO: Run Behavior\BuildLiteBehavior [ RunTime:0.000034s ]
INFO: [ app_init ] --END-- [ RunTime:0.000510s ]
INFO: [ app_begin ] --START--
INFO: Run Behavior\ReadHtmlCacheBehavior [ RunTime:0.000675s ]
INFO: [ app_begin ] --END-- [ RunTime:0.000840s ]
NOTIC: [2048] Declaration of Admin\Model\AdTypeModel::getInstance() should be compatible with Think\Single::getInstance($class) E:\wamp\www\test\Application\Admin\Model\AdTypeModel.class.php 第 12 行.
SQL: SHOW COLUMNS FROM `mmm_ad_type` [ RunTime:0.0115s ]
SQL: SELECT COUNT(*) AS tp_count FROM `mmm_ad_type` LIMIT 1   [ RunTime:0.0002s ]
SQL: SELECT `id`,`name`,`status` FROM `mmm_ad_type` ORDER BY id ASC LIMIT 0,10   [ RunTime:0.0002s ]
INFO: [ view_parse ] --START--
INFO: [ template_filter ] --START--
INFO: Run Behavior\ContentReplaceBehavior [ RunTime:0.000160s ]
INFO: [ template_filter ] --END-- [ RunTime:0.000353s ]
INFO: Run Behavior\ParseTemplateBehavior [ RunTime:0.079954s ]
INFO: [ view_parse ] --END-- [ RunTime:0.080203s ]
INFO: [ view_filter ] --START--
INFO: Run Behavior\WriteHtmlCacheBehavior [ RunTime:0.000626s ]
INFO: [ view_filter ] --END-- [ RunTime:0.000801s ]
INFO: [ app_end ] --START--
INFO: Run Behavior\ShowPageTraceBehavior [ RunTime:0.000777s ]
INFO: [ app_end ] --END-- [ RunTime:0.000943s ]

[ 2016-12-09T10:15:59+08:00 ] 127.0.0.1 /Admin/Ad/ad?id=33
INFO: [ app_init ] --START--
INFO: Run Behavior\BuildLiteBehavior [ RunTime:0.000035s ]
INFO: [ app_init ] --END-- [ RunTime:0.000555s ]
INFO: [ app_begin ] --START--
INFO: Run Behavior\ReadHtmlCacheBehavior [ RunTime:0.000684s ]
INFO: [ app_begin ] --END-- [ RunTime:0.000853s ]
NOTIC: [2048] Declaration of Admin\Model\AdTypeModel::getInstance() should be compatible with Think\Single::getInstance($class) E:\wamp\www\test\Application\Admin\Model\AdTypeModel.class.php 第 12 行.
SQL: SHOW COLUMNS FROM `mmm_ad_type` [ RunTime:0.0106s ]
SQL: SELECT `id`,`name` FROM `mmm_ad_type` WHERE `id` = 33 LIMIT 1   [ RunTime:0.0002s ]
NOTIC: [2048] Declaration of Admin\Model\AdModel::getInstance() should be compatible with Think\Single::getInstance($class) E:\wamp\www\test\Application\Admin\Model\AdModel.class.php 第 25 行.
SQL: SHOW COLUMNS FROM `mmm_ad` [ RunTime:0.0088s ]
SQL: SELECT a.* FROM mmm_ad a LEFT JOIN mmm_ad_type t ON a.tid = t.id  WHERE (  t.id=33 and a.is_del=0 ) ORDER BY a.sort ASC  [ RunTime:0.0140s ]
INFO: [ view_parse ] --START--
INFO: [ template_filter ] --START--
INFO: Run Behavior\ContentReplaceBehavior [ RunTime:0.000140s ]
INFO: [ template_filter ] --END-- [ RunTime:0.000321s ]
INFO: Run Behavior\ParseTemplateBehavior [ RunTime:0.015453s ]
INFO: [ view_parse ] --END-- [ RunTime:0.015712s ]
INFO: [ view_filter ] --START--
INFO: Run Behavior\WriteHtmlCacheBehavior [ RunTime:0.000529s ]
INFO: [ view_filter ] --END-- [ RunTime:0.000712s ]
INFO: [ app_end ] --START--
INFO: Run Behavior\ShowPageTraceBehavior [ RunTime:0.000690s ]
INFO: [ app_end ] --END-- [ RunTime:0.000854s ]

[ 2016-12-09T10:16:01+08:00 ] 127.0.0.1 /Admin/Ad/adadd?tid=33
INFO: [ app_init ] --START--
INFO: Run Behavior\BuildLiteBehavior [ RunTime:0.000037s ]
INFO: [ app_init ] --END-- [ RunTime:0.000547s ]
INFO: [ app_begin ] --START--
INFO: Run Behavior\ReadHtmlCacheBehavior [ RunTime:0.000696s ]
INFO: [ app_begin ] --END-- [ RunTime:0.000869s ]
INFO: [ view_parse ] --START--
INFO: [ template_filter ] --START--
INFO: Run Behavior\ContentReplaceBehavior [ RunTime:0.000128s ]
INFO: [ template_filter ] --END-- [ RunTime:0.000308s ]
INFO: Run Behavior\ParseTemplateBehavior [ RunTime:0.009639s ]
INFO: [ view_parse ] --END-- [ RunTime:0.009822s ]
INFO: [ view_filter ] --START--
INFO: Run Behavior\WriteHtmlCacheBehavior [ RunTime:0.000499s ]
INFO: [ view_filter ] --END-- [ RunTime:0.000662s ]
INFO: [ app_end ] --START--
INFO: Run Behavior\ShowPageTraceBehavior [ RunTime:0.000678s ]
INFO: [ app_end ] --END-- [ RunTime:0.000841s ]

[ 2016-12-09T10:16:26+08:00 ] 127.0.0.1 /Admin/Ad/adadd?ac=add
INFO: [ app_init ] --START--
INFO: Run Behavior\BuildLiteBehavior [ RunTime:0.000058s ]
INFO: [ app_init ] --END-- [ RunTime:0.000878s ]
INFO: [ app_begin ] --START--
INFO: Run Behavior\ReadHtmlCacheBehavior [ RunTime:0.000857s ]
INFO: [ app_begin ] --END-- [ RunTime:0.001068s ]
NOTIC: [2] call_user_func() expects parameter 1 to be a valid callback, no array or string given E:\wamp\www\test\ThinkPHP\Library\Think\Upload.class.php 第 170 行.
NOTIC: [2048] Declaration of Admin\Model\AdModel::getInstance() should be compatible with Think\Single::getInstance($class) E:\wamp\www\test\Application\Admin\Model\AdModel.class.php 第 12 行.
SQL: SHOW COLUMNS FROM `mmm_ad` [ RunTime:0.0153s ]
SQL: INSERT INTO `mmm_ad` (`name`,`detail`,`sort`,`url`,`image`,`tid`) VALUES ('的发个我','惹他','2','www.123.ne','/Public/Upload/lunbo/584a13fa24ea3.jpg','33') [ RunTime:0.1149s ]
INFO: [ view_parse ] --START--
INFO: [ template_filter ] --START--
INFO: Run Behavior\ContentReplaceBehavior [ RunTime:0.000256s ]
INFO: [ template_filter ] --END-- [ RunTime:0.000737s ]
INFO: Run Behavior\ParseTemplateBehavior [ RunTime:0.023137s ]
INFO: [ view_parse ] --END-- [ RunTime:0.023769s ]
INFO: [ view_filter ] --START--
INFO: Run Behavior\WriteHtmlCacheBehavior [ RunTime:0.002056s ]
INFO: [ view_filter ] --END-- [ RunTime:0.002729s ]
INFO: [ app_end ] --START--
INFO: Run Behavior\ShowPageTraceBehavior [ RunTime:0.001979s ]
INFO: [ app_end ] --END-- [ RunTime:0.002423s ]

[ 2016-12-09T10:16:28+08:00 ] 127.0.0.1 /index.php/Admin/Ad/ad/id/33
INFO: [ app_init ] --START--
INFO: Run Behavior\BuildLiteBehavior [ RunTime:0.000036s ]
INFO: [ app_init ] --END-- [ RunTime:0.000531s ]
INFO: [ app_begin ] --START--
INFO: Run Behavior\ReadHtmlCacheBehavior [ RunTime:0.000636s ]
INFO: [ app_begin ] --END-- [ RunTime:0.000803s ]
NOTIC: [2048] Declaration of Admin\Model\AdTypeModel::getInstance() should be compatible with Think\Single::getInstance($class) E:\wamp\www\test\Application\Admin\Model\AdTypeModel.class.php 第 12 行.
SQL: SHOW COLUMNS FROM `mmm_ad_type` [ RunTime:0.0112s ]
SQL: SELECT `id`,`name` FROM `mmm_ad_type` WHERE `id` = 33 LIMIT 1   [ RunTime:0.0003s ]
NOTIC: [2048] Declaration of Admin\Model\AdModel::getInstance() should be compatible with Think\Single::getInstance($class) E:\wamp\www\test\Application\Admin\Model\AdModel.class.php 第 25 行.
SQL: SHOW COLUMNS FROM `mmm_ad` [ RunTime:0.0075s ]
SQL: SELECT a.* FROM mmm_ad a LEFT JOIN mmm_ad_type t ON a.tid = t.id  WHERE (  t.id=33 and a.is_del=0 ) ORDER BY a.sort ASC  [ RunTime:0.0005s ]
INFO: [ view_parse ] --START--
INFO: [ template_filter ] --START--
INFO: Run Behavior\ContentReplaceBehavior [ RunTime:0.000140s ]
INFO: [ template_filter ] --END-- [ RunTime:0.000323s ]
INFO: Run Behavior\ParseTemplateBehavior [ RunTime:0.015126s ]
INFO: [ view_parse ] --END-- [ RunTime:0.015302s ]
INFO: [ view_filter ] --START--
INFO: Run Behavior\WriteHtmlCacheBehavior [ RunTime:0.000414s ]
INFO: [ view_filter ] --END-- [ RunTime:0.000577s ]
INFO: [ app_end ] --START--
INFO: Run Behavior\ShowPageTraceBehavior [ RunTime:0.000603s ]
INFO: [ app_end ] --END-- [ RunTime:0.000766s ]

[ 2016-12-09T10:16:32+08:00 ] 127.0.0.1 /Admin/Ad/adedit?id=9&tid=33
INFO: [ app_init ] --START--
INFO: Run Behavior\BuildLiteBehavior [ RunTime:0.000037s ]
INFO: [ app_init ] --END-- [ RunTime:0.000498s ]
INFO: [ app_begin ] --START--
INFO: Run Behavior\ReadHtmlCacheBehavior [ RunTime:0.000683s ]
INFO: [ app_begin ] --END-- [ RunTime:0.000870s ]
NOTIC: [2048] Declaration of Admin\Model\AdModel::getInstance() should be compatible with Think\Single::getInstance($class) E:\wamp\www\test\Application\Admin\Model\AdModel.class.php 第 12 行.
SQL: SHOW COLUMNS FROM `mmm_ad` [ RunTime:0.0142s ]
SQL: SELECT `id`,`tid`,`name`,`detail`,`url`,`image`,`hits`,`sort`,`status`,`is_del` FROM `mmm_ad` WHERE `id` = 9 LIMIT 1   [ RunTime:0.0003s ]
INFO: [ view_parse ] --START--
INFO: [ template_filter ] --START--
INFO: Run Behavior\ContentReplaceBehavior [ RunTime:0.000135s ]
INFO: [ template_filter ] --END-- [ RunTime:0.000342s ]
INFO: Run Behavior\ParseTemplateBehavior [ RunTime:0.010811s ]
INFO: [ view_parse ] --END-- [ RunTime:0.011013s ]
INFO: [ view_filter ] --START--
INFO: Run Behavior\WriteHtmlCacheBehavior [ RunTime:0.000505s ]
INFO: [ view_filter ] --END-- [ RunTime:0.000670s ]
INFO: [ app_end ] --START--
INFO: Run Behavior\ShowPageTraceBehavior [ RunTime:0.000626s ]
INFO: [ app_end ] --END-- [ RunTime:0.000789s ]

[ 2016-12-09T10:16:38+08:00 ] 127.0.0.1 /Admin/Ad/adedit?ac=edit
INFO: [ app_init ] --START--
INFO: Run Behavior\BuildLiteBehavior [ RunTime:0.000036s ]
INFO: [ app_init ] --END-- [ RunTime:0.000517s ]
INFO: [ app_begin ] --START--
INFO: Run Behavior\ReadHtmlCacheBehavior [ RunTime:0.000597s ]
INFO: [ app_begin ] --END-- [ RunTime:0.000764s ]
NOTIC: [2048] Declaration of Admin\Model\AdModel::getInstance() should be compatible with Think\Single::getInstance($class) E:\wamp\www\test\Application\Admin\Model\AdModel.class.php 第 12 行.
SQL: SHOW COLUMNS FROM `mmm_ad` [ RunTime:0.0146s ]
SQL: SELECT `id`,`tid`,`name`,`detail`,`url`,`image`,`hits`,`sort`,`status`,`is_del` FROM `mmm_ad` WHERE `id` = 9 LIMIT 1   [ RunTime:0.0004s ]
SQL: UPDATE `mmm_ad` SET `name`='的发个我1',`detail`='惹他',`sort`='2',`url`='www.123.ne',`image`='/Public/Upload/lunbo/584a13fa24ea3.jpg' WHERE `id` = 9 AND `tid` = 33 [ RunTime:0.0719s ]
INFO: [ view_parse ] --START--
INFO: [ template_filter ] --START--
INFO: Run Behavior\ContentReplaceBehavior [ RunTime:0.000098s ]
INFO: [ template_filter ] --END-- [ RunTime:0.000279s ]
INFO: Run Behavior\ParseTemplateBehavior [ RunTime:0.008733s ]
INFO: [ view_parse ] --END-- [ RunTime:0.008921s ]
INFO: [ view_filter ] --START--
INFO: Run Behavior\WriteHtmlCacheBehavior [ RunTime:0.000474s ]
INFO: [ view_filter ] --END-- [ RunTime:0.000668s ]
INFO: [ app_end ] --START--
INFO: Run Behavior\ShowPageTraceBehavior [ RunTime:0.000686s ]
INFO: [ app_end ] --END-- [ RunTime:0.000862s ]

[ 2016-12-09T10:16:40+08:00 ] 127.0.0.1 /index.php/Admin/Ad/ad/id/33
INFO: [ app_init ] --START--
INFO: Run Behavior\BuildLiteBehavior [ RunTime:0.000055s ]
INFO: [ app_init ] --END-- [ RunTime:0.000800s ]
INFO: [ app_begin ] --START--
INFO: Run Behavior\ReadHtmlCacheBehavior [ RunTime:0.000925s ]
INFO: [ app_begin ] --END-- [ RunTime:0.001177s ]
NOTIC: [2048] Declaration of Admin\Model\AdTypeModel::getInstance() should be compatible with Think\Single::getInstance($class) E:\wamp\www\test\Application\Admin\Model\AdTypeModel.class.php 第 12 行.
SQL: SHOW COLUMNS FROM `mmm_ad_type` [ RunTime:0.0109s ]
SQL: SELECT `id`,`name` FROM `mmm_ad_type` WHERE `id` = 33 LIMIT 1   [ RunTime:0.0004s ]
NOTIC: [2048] Declaration of Admin\Model\AdModel::getInstance() should be compatible with Think\Single::getInstance($class) E:\wamp\www\test\Application\Admin\Model\AdModel.class.php 第 25 行.
SQL: SHOW COLUMNS FROM `mmm_ad` [ RunTime:0.0080s ]
SQL: SELECT a.* FROM mmm_ad a LEFT JOIN mmm_ad_type t ON a.tid = t.id  WHERE (  t.id=33 and a.is_del=0 ) ORDER BY a.sort ASC  [ RunTime:0.0004s ]
INFO: [ view_parse ] --START--
INFO: [ template_filter ] --START--
INFO: Run Behavior\ContentReplaceBehavior [ RunTime:0.000151s ]
INFO: [ template_filter ] --END-- [ RunTime:0.000341s ]
INFO: Run Behavior\ParseTemplateBehavior [ RunTime:0.015191s ]
INFO: [ view_parse ] --END-- [ RunTime:0.015380s ]
INFO: [ view_filter ] --START--
INFO: Run Behavior\WriteHtmlCacheBehavior [ RunTime:0.000452s ]
INFO: [ view_filter ] --END-- [ RunTime:0.000620s ]
INFO: [ app_end ] --START--
INFO: Run Behavior\ShowPageTraceBehavior [ RunTime:0.000585s ]
INFO: [ app_end ] --END-- [ RunTime:0.000747s ]

[ 2016-12-09T10:19:50+08:00 ] 127.0.0.1 /admin/index/index
INFO: [ app_init ] --START--
INFO: Run Behavior\BuildLiteBehavior [ RunTime:0.000034s ]
INFO: [ app_init ] --END-- [ RunTime:0.000506s ]
INFO: [ app_begin ] --START--
INFO: Run Behavior\ReadHtmlCacheBehavior [ RunTime:0.000645s ]
INFO: [ app_begin ] --END-- [ RunTime:0.000812s ]
SQL: SHOW COLUMNS FROM `mmm_menu` [ RunTime:0.0122s ]
SQL: SELECT * FROM `mmm_menu` WHERE `pid` = 0 AND `type` = 1 AND `isshow` = 1 AND `deep` = 1 ORDER BY orderid asc  [ RunTime:0.0006s ]
SQL: SELECT * FROM `mmm_menu` WHERE `pid` = 15 AND `type` = 1 AND `isshow` = 1 AND `deep` = 2 ORDER BY orderid asc  [ RunTime:0.0003s ]
SQL: SELECT * FROM `mmm_menu` WHERE `pid` = 8 AND `type` = 1 AND `isshow` = 1 AND `deep` = 2 ORDER BY orderid asc  [ RunTime:0.0007s ]
SQL: SELECT * FROM `mmm_menu` WHERE `pid` = 13 AND `type` = 1 AND `isshow` = 1 AND `deep` = 2 ORDER BY orderid asc  [ RunTime:0.0004s ]
SQL: SELECT * FROM `mmm_menu` WHERE `pid` = 2 AND `type` = 1 AND `isshow` = 1 AND `deep` = 2 ORDER BY orderid asc  [ RunTime:0.0004s ]
SQL: SELECT * FROM `mmm_menu` WHERE `pid` = 1 AND `type` = 1 AND `isshow` = 1 AND `deep` = 2 ORDER BY orderid asc  [ RunTime:0.0004s ]
SQL: SELECT * FROM `mmm_menu` WHERE `pid` = 14 AND `type` = 1 AND `isshow` = 1 AND `deep` = 2 ORDER BY orderid asc  [ RunTime:0.0003s ]
SQL: SELECT * FROM `mmm_menu` WHERE `pid` = 17 AND `type` = 1 AND `isshow` = 1 AND `deep` = 2 ORDER BY orderid asc  [ RunTime:0.0003s ]
INFO: [ view_parse ] --START--
INFO: [ template_filter ] --START--
INFO: Run Behavior\ContentReplaceBehavior [ RunTime:0.000189s ]
INFO: [ template_filter ] --END-- [ RunTime:0.000388s ]
INFO: Run Behavior\ParseTemplateBehavior [ RunTime:0.123978s ]
INFO: [ view_parse ] --END-- [ RunTime:0.124197s ]
INFO: [ view_filter ] --START--
INFO: Run Behavior\WriteHtmlCacheBehavior [ RunTime:0.000596s ]
INFO: [ view_filter ] --END-- [ RunTime:0.000781s ]
INFO: [ app_end ] --START--
INFO: Run Behavior\ShowPageTraceBehavior [ RunTime:0.001186s ]
INFO: [ app_end ] --END-- [ RunTime:0.001391s ]

[ 2016-12-09T10:19:50+08:00 ] 127.0.0.1 /admin/index/welcome.html
INFO: [ app_init ] --START--
INFO: Run Behavior\BuildLiteBehavior [ RunTime:0.000037s ]
INFO: [ app_init ] --END-- [ RunTime:0.000601s ]
INFO: [ app_begin ] --START--
INFO: Run Behavior\ReadHtmlCacheBehavior [ RunTime:0.000792s ]
INFO: [ app_begin ] --END-- [ RunTime:0.000994s ]
INFO: [ view_parse ] --START--
INFO: [ template_filter ] --START--
INFO: Run Behavior\ContentReplaceBehavior [ RunTime:0.000126s ]
INFO: [ template_filter ] --END-- [ RunTime:0.000313s ]
INFO: Run Behavior\ParseTemplateBehavior [ RunTime:0.144839s ]
INFO: [ view_parse ] --END-- [ RunTime:0.145025s ]
INFO: [ view_filter ] --START--
INFO: Run Behavior\WriteHtmlCacheBehavior [ RunTime:0.000536s ]
INFO: [ view_filter ] --END-- [ RunTime:0.000695s ]
INFO: [ app_end ] --START--
INFO: Run Behavior\ShowPageTraceBehavior [ RunTime:0.000696s ]
INFO: [ app_end ] --END-- [ RunTime:0.000860s ]

[ 2016-12-09T10:19:53+08:00 ] 127.0.0.1 /admin/ad/adtype
INFO: [ app_init ] --START--
INFO: Run Behavior\BuildLiteBehavior [ RunTime:0.000040s ]
INFO: [ app_init ] --END-- [ RunTime:0.000777s ]
INFO: [ app_begin ] --START--
INFO: Run Behavior\ReadHtmlCacheBehavior [ RunTime:0.001155s ]
INFO: [ app_begin ] --END-- [ RunTime:0.001490s ]
NOTIC: [2048] Declaration of Admin\Model\AdTypeModel::getInstance() should be compatible with Think\Single::getInstance($class) E:\wamp\www\test\Application\Admin\Model\AdTypeModel.class.php 第 12 行.
SQL: SHOW COLUMNS FROM `mmm_ad_type` [ RunTime:0.0111s ]
SQL: SELECT COUNT(*) AS tp_count FROM `mmm_ad_type` LIMIT 1   [ RunTime:0.0003s ]
SQL: SELECT `id`,`name`,`status` FROM `mmm_ad_type` ORDER BY id ASC LIMIT 0,10   [ RunTime:0.0002s ]
INFO: [ view_parse ] --START--
INFO: [ template_filter ] --START--
INFO: Run Behavior\ContentReplaceBehavior [ RunTime:0.000153s ]
INFO: [ template_filter ] --END-- [ RunTime:0.000323s ]
INFO: Run Behavior\ParseTemplateBehavior [ RunTime:0.074987s ]
INFO: [ view_parse ] --END-- [ RunTime:0.075186s ]
INFO: [ view_filter ] --START--
INFO: Run Behavior\WriteHtmlCacheBehavior [ RunTime:0.000430s ]
INFO: [ view_filter ] --END-- [ RunTime:0.000599s ]
INFO: [ app_end ] --START--
INFO: Run Behavior\ShowPageTraceBehavior [ RunTime:0.001093s ]
INFO: [ app_end ] --END-- [ RunTime:0.001325s ]

[ 2016-12-09T10:20:24+08:00 ] 127.0.0.1 /Admin/TravelInfo/travelinfo
INFO: [ app_init ] --START--
INFO: Run Behavior\BuildLiteBehavior [ RunTime:0.000035s ]
INFO: [ app_init ] --END-- [ RunTime:0.000508s ]
INFO: [ app_begin ] --START--
INFO: Run Behavior\ReadHtmlCacheBehavior [ RunTime:0.000729s ]
INFO: [ app_begin ] --END-- [ RunTime:0.000917s ]
NOTIC: [2048] Declaration of Admin\Model\AdminModel::getInstance() should be compatible with Think\Single::getInstance($class) E:\wamp\www\test\Application\Admin\Model\AdminModel.class.php 第 7 行.
NOTIC: [8] Undefined variable: where E:\wamp\www\test\Application\Admin\Controller\TravelInfoController.class.php 第 169 行.
NOTIC: [2048] Declaration of Admin\Model\TravelInfoModel::getInstance() should be compatible with Think\Single::getInstance($class) E:\wamp\www\test\Application\Admin\Model\TravelInfoModel.class.php 第 111 行.
SQL: SELECT COUNT(*) AS tp_count FROM travel_info i WHERE i.startDate >= 1480521600 LIMIT 1   [ RunTime:0.0198s ]
SQL: SELECT i.id as iid,i.adminId,i.visitorType,i.lineType,i.lineName,i.startDate,i.endDate,i.visitorNum,i.guideCollection,i.visitorNote,i.deposit,i.agency,i.agencyLinkman,i.agencyPhone,i.orderCode,i.source,i.payType,i.contractId,i.systemId,i.receiptId,i.remark,i.time,i.insurance FROM travel_info i WHERE i.startDate >= 1480521600 ORDER BY i.startDate DESC LIMIT 0,10   [ RunTime:0.0160s ]
INFO: [ view_parse ] --START--
INFO: [ template_filter ] --START--
INFO: Run Behavior\ContentReplaceBehavior [ RunTime:0.000227s ]
INFO: [ template_filter ] --END-- [ RunTime:0.000402s ]
NOTIC: [8] Undefined variable: startDate1 E:\wamp\www\test\Application\Runtime\Cache\Admin\10b0081fe8d729451cac852141010c5c.php 第 58 行.
NOTIC: [8] Undefined variable: startDate2 E:\wamp\www\test\Application\Runtime\Cache\Admin\10b0081fe8d729451cac852141010c5c.php 第 62 行.
NOTIC: [8] Undefined variable: lineName E:\wamp\www\test\Application\Runtime\Cache\Admin\10b0081fe8d729451cac852141010c5c.php 第 65 行.
NOTIC: [8] Undefined variable: trueName E:\wamp\www\test\Application\Runtime\Cache\Admin\10b0081fe8d729451cac852141010c5c.php 第 69 行.
INFO: Run Behavior\ParseTemplateBehavior [ RunTime:0.262923s ]
INFO: [ view_parse ] --END-- [ RunTime:0.263113s ]
INFO: [ view_filter ] --START--
INFO: Run Behavior\WriteHtmlCacheBehavior [ RunTime:0.000475s ]
INFO: [ view_filter ] --END-- [ RunTime:0.000654s ]
INFO: [ app_end ] --START--
INFO: Run Behavior\ShowPageTraceBehavior [ RunTime:0.001002s ]
INFO: [ app_end ] --END-- [ RunTime:0.001241s ]

[ 2016-12-09T10:20:26+08:00 ] 127.0.0.1 /admin/TravelInfo/add
INFO: [ app_init ] --START--
INFO: Run Behavior\BuildLiteBehavior [ RunTime:0.000036s ]
INFO: [ app_init ] --END-- [ RunTime:0.000520s ]
INFO: [ app_begin ] --START--
INFO: Run Behavior\ReadHtmlCacheBehavior [ RunTime:0.000613s ]
INFO: [ app_begin ] --END-- [ RunTime:0.000781s ]
INFO: [ view_parse ] --START--
INFO: [ template_filter ] --START--
INFO: Run Behavior\ContentReplaceBehavior [ RunTime:0.000230s ]
INFO: [ template_filter ] --END-- [ RunTime:0.000408s ]
NOTIC: [8] Undefined variable: travelInfo E:\wamp\www\test\Application\Runtime\Cache\Admin\c8543d57d6eb0a28c5f32ac27e1d387b.php 第 56 行.
NOTIC: [8] Undefined variable: travelInfo E:\wamp\www\test\Application\Runtime\Cache\Admin\c8543d57d6eb0a28c5f32ac27e1d387b.php 第 57 行.
NOTIC: [8] Undefined variable: travelInfo E:\wamp\www\test\Application\Runtime\Cache\Admin\c8543d57d6eb0a28c5f32ac27e1d387b.php 第 70 行.
NOTIC: [8] Undefined variable: travelInfo E:\wamp\www\test\Application\Runtime\Cache\Admin\c8543d57d6eb0a28c5f32ac27e1d387b.php 第 74 行.
NOTIC: [8] Undefined variable: travelInfo E:\wamp\www\test\Application\Runtime\Cache\Admin\c8543d57d6eb0a28c5f32ac27e1d387b.php 第 76 行.
NOTIC: [8] Undefined variable: travelInfo E:\wamp\www\test\Application\Runtime\Cache\Admin\c8543d57d6eb0a28c5f32ac27e1d387b.php 第 80 行.
NOTIC: [8] Undefined variable: travelInfo E:\wamp\www\test\Application\Runtime\Cache\Admin\c8543d57d6eb0a28c5f32ac27e1d387b.php 第 82 行.
NOTIC: [8] Undefined variable: travelInfo E:\wamp\www\test\Application\Runtime\Cache\Admin\c8543d57d6eb0a28c5f32ac27e1d387b.php 第 84 行.
NOTIC: [8] Undefined variable: travelInfo E:\wamp\www\test\Application\Runtime\Cache\Admin\c8543d57d6eb0a28c5f32ac27e1d387b.php 第 88 行.
NOTIC: [8] Undefined variable: travelInfo E:\wamp\www\test\Application\Runtime\Cache\Admin\c8543d57d6eb0a28c5f32ac27e1d387b.php 第 90 行.
NOTIC: [8] Undefined variable: travelInfo E:\wamp\www\test\Application\Runtime\Cache\Admin\c8543d57d6eb0a28c5f32ac27e1d387b.php 第 94 行.
NOTIC: [8] Undefined variable: travelInfo E:\wamp\www\test\Application\Runtime\Cache\Admin\c8543d57d6eb0a28c5f32ac27e1d387b.php 第 96 行.
NOTIC: [8] Undefined variable: travelInfo E:\wamp\www\test\Application\Runtime\Cache\Admin\c8543d57d6eb0a28c5f32ac27e1d387b.php 第 127 行.
NOTIC: [8] Undefined variable: travelInfo E:\wamp\www\test\Application\Runtime\Cache\Admin\c8543d57d6eb0a28c5f32ac27e1d387b.php 第 129 行.
NOTIC: [8] Undefined variable: travelInfo E:\wamp\www\test\Application\Runtime\Cache\Admin\c8543d57d6eb0a28c5f32ac27e1d387b.php 第 133 行.
NOTIC: [8] Undefined variable: travelInfo E:\wamp\www\test\Application\Runtime\Cache\Admin\c8543d57d6eb0a28c5f32ac27e1d387b.php 第 135 行.
NOTIC: [8] Undefined variable: travelInfo E:\wamp\www\test\Application\Runtime\Cache\Admin\c8543d57d6eb0a28c5f32ac27e1d387b.php 第 137 行.
NOTIC: [8] Undefined variable: travelInfo E:\wamp\www\test\Application\Runtime\Cache\Admin\c8543d57d6eb0a28c5f32ac27e1d387b.php 第 142 行.
NOTIC: [8] Undefined variable: travelInfo E:\wamp\www\test\Application\Runtime\Cache\Admin\c8543d57d6eb0a28c5f32ac27e1d387b.php 第 150 行.
NOTIC: [8] Undefined variable: member E:\wamp\www\test\Application\Runtime\Cache\Admin\c8543d57d6eb0a28c5f32ac27e1d387b.php 第 152 行.
NOTIC: [8] Undefined variable: travelInfo E:\wamp\www\test\Application\Runtime\Cache\Admin\c8543d57d6eb0a28c5f32ac27e1d387b.php 第 162 行.
NOTIC: [8] Undefined variable: travelInfo E:\wamp\www\test\Application\Runtime\Cache\Admin\c8543d57d6eb0a28c5f32ac27e1d387b.php 第 163 行.
NOTIC: [8] Undefined variable: travelInfo E:\wamp\www\test\Application\Runtime\Cache\Admin\c8543d57d6eb0a28c5f32ac27e1d387b.php 第 164 行.
INFO: Run Behavior\ParseTemplateBehavior [ RunTime:0.235381s ]
INFO: [ view_parse ] --END-- [ RunTime:0.235561s ]
INFO: [ view_filter ] --START--
INFO: Run Behavior\WriteHtmlCacheBehavior [ RunTime:0.000542s ]
INFO: [ view_filter ] --END-- [ RunTime:0.000715s ]
INFO: [ app_end ] --START--
INFO: Run Behavior\ShowPageTraceBehavior [ RunTime:0.000804s ]
INFO: [ app_end ] --END-- [ RunTime:0.001087s ]

[ 2016-12-09T10:20:28+08:00 ] 127.0.0.1 /Admin/TravelInfo/infoselect
INFO: [ app_init ] --START--
INFO: Run Behavior\BuildLiteBehavior [ RunTime:0.000036s ]
INFO: [ app_init ] --END-- [ RunTime:0.000511s ]
INFO: [ app_begin ] --START--
INFO: Run Behavior\ReadHtmlCacheBehavior [ RunTime:0.000617s ]
INFO: [ app_begin ] --END-- [ RunTime:0.000784s ]
NOTIC: [2048] Declaration of Admin\Model\AdminModel::getInstance() should be compatible with Think\Single::getInstance($class) E:\wamp\www\test\Application\Admin\Model\AdminModel.class.php 第 7 行.
INFO: [ view_parse ] --START--
INFO: [ template_filter ] --START--
INFO: Run Behavior\ContentReplaceBehavior [ RunTime:0.000119s ]
INFO: [ template_filter ] --END-- [ RunTime:0.000309s ]
INFO: Run Behavior\ParseTemplateBehavior [ RunTime:0.044468s ]
INFO: [ view_parse ] --END-- [ RunTime:0.044670s ]
INFO: [ view_filter ] --START--
INFO: Run Behavior\WriteHtmlCacheBehavior [ RunTime:0.000476s ]
INFO: [ view_filter ] --END-- [ RunTime:0.000655s ]
INFO: [ app_end ] --START--
INFO: Run Behavior\ShowPageTraceBehavior [ RunTime:0.000691s ]
INFO: [ app_end ] --END-- [ RunTime:0.000870s ]

