[ 2017-02-09T14:04:39+08:00 ] 127.0.0.1 /admin/index/index
INFO: [ app_init ] --START--
INFO: Run Behavior\BuildLiteBehavior [ RunTime:0.000129s ]
INFO: [ app_init ] --END-- [ RunTime:0.001779s ]
INFO: [ app_begin ] --START--
INFO: Run Behavior\ReadHtmlCacheBehavior [ RunTime:0.001224s ]
INFO: [ app_begin ] --END-- [ RunTime:0.001485s ]
SQL: SHOW COLUMNS FROM `mmm_menu` [ RunTime:1.3038s ]
SQL: SELECT * FROM `mmm_menu` WHERE `pid` = 0 AND `type` = 1 AND `isshow` = 1 AND `deep` = 1 ORDER BY orderid asc  [ RunTime:0.0724s ]
NOTIC: [2048] Declaration of Admin\Model\AdminDepaModel::getInstance() should be compatible with Think\Single::getInstance($class) E:\wamp\www\test\Application\Admin\Model\AdminDepaModel.class.php 第 30 行.
SQL: SHOW COLUMNS FROM `mmm_employee_depa` [ RunTime:0.0493s ]
SQL: SELECT `rules` FROM `mmm_employee_depa` WHERE `id` = null LIMIT 1   [ RunTime:0.0015s ]
INFO: [ view_parse ] --START--
INFO: [ template_filter ] --START--
INFO: Run Behavior\ContentReplaceBehavior [ RunTime:0.000240s ]
INFO: [ template_filter ] --END-- [ RunTime:0.000501s ]
INFO: Run Behavior\ParseTemplateBehavior [ RunTime:0.024007s ]
INFO: [ view_parse ] --END-- [ RunTime:0.024331s ]
INFO: [ view_filter ] --START--
INFO: Run Behavior\WriteHtmlCacheBehavior [ RunTime:0.000680s ]
INFO: [ view_filter ] --END-- [ RunTime:0.000869s ]

[ 2017-02-09T14:04:41+08:00 ] 127.0.0.1 /Admin/Index/login
INFO: [ app_init ] --START--
INFO: Run Behavior\BuildLiteBehavior [ RunTime:0.000035s ]
INFO: [ app_init ] --END-- [ RunTime:0.000482s ]
INFO: [ app_begin ] --START--
INFO: Run Behavior\ReadHtmlCacheBehavior [ RunTime:0.000713s ]
INFO: [ app_begin ] --END-- [ RunTime:0.000882s ]
INFO: [ view_parse ] --START--
INFO: [ template_filter ] --START--
INFO: Run Behavior\ContentReplaceBehavior [ RunTime:0.012737s ]
INFO: [ template_filter ] --END-- [ RunTime:0.013227s ]
INFO: Run Behavior\ParseTemplateBehavior [ RunTime:0.790776s ]
INFO: [ view_parse ] --END-- [ RunTime:0.790993s ]
INFO: [ view_filter ] --START--
INFO: Run Behavior\WriteHtmlCacheBehavior [ RunTime:0.000655s ]
INFO: [ view_filter ] --END-- [ RunTime:0.000829s ]
INFO: [ app_end ] --START--
INFO: Run Behavior\ShowPageTraceBehavior [ RunTime:0.001144s ]
INFO: [ app_end ] --END-- [ RunTime:0.001349s ]

[ 2017-02-09T14:06:26+08:00 ] 127.0.0.1 /index.php/Admin/Index/dologin
INFO: [ app_init ] --START--
INFO: Run Behavior\BuildLiteBehavior [ RunTime:0.000052s ]
INFO: [ app_init ] --END-- [ RunTime:0.000718s ]
INFO: [ app_begin ] --START--
INFO: Run Behavior\ReadHtmlCacheBehavior [ RunTime:0.001087s ]
INFO: [ app_begin ] --END-- [ RunTime:0.001345s ]
NOTIC: [2048] Declaration of Admin\Model\AdminModel::getInstance() should be compatible with Think\Single::getInstance($class) E:\wamp\www\test\Application\Admin\Model\AdminModel.class.php 第 7 行.
SQL: SELECT `id`,`name`,`phone`,`password`,`department`,`qq`,`weixin`,`email`,`sex`,`nativeplace`,`address`,`entrytime`,`status`,`addtime`,`note`,`is_del`,`loginip`,`lastlogintime` FROM `mmm_employee` WHERE `phone` = '13425157494' AND `is_del` = 0 AND `status` = 0 LIMIT 1   [ RunTime:0.0006s ]
NOTIC: [8] A session had already been started - ignoring session_start() E:\wamp\www\test\ThinkPHP\Common\functions.php 第 1263 行.
SQL: UPDATE `mmm_employee` SET `loginip`='127.0.0.1',`lastlogintime`='2017-02-09 14:06:26' WHERE `id` = '6' [ RunTime:0.0439s ]
INFO: [ view_parse ] --START--
INFO: [ template_filter ] --START--
INFO: Run Behavior\ContentReplaceBehavior [ RunTime:0.000263s ]
INFO: [ template_filter ] --END-- [ RunTime:0.000743s ]
INFO: Run Behavior\ParseTemplateBehavior [ RunTime:0.021742s ]
INFO: [ view_parse ] --END-- [ RunTime:0.022217s ]
INFO: [ view_filter ] --START--
INFO: Run Behavior\WriteHtmlCacheBehavior [ RunTime:0.001871s ]
INFO: [ view_filter ] --END-- [ RunTime:0.002406s ]
INFO: [ app_end ] --START--
INFO: Run Behavior\ShowPageTraceBehavior [ RunTime:0.001916s ]
INFO: [ app_end ] --END-- [ RunTime:0.002379s ]

[ 2017-02-09T14:06:30+08:00 ] 127.0.0.1 /admin/index/index
INFO: [ app_init ] --START--
INFO: Run Behavior\BuildLiteBehavior [ RunTime:0.000036s ]
INFO: [ app_init ] --END-- [ RunTime:0.000494s ]
INFO: [ app_begin ] --START--
INFO: Run Behavior\ReadHtmlCacheBehavior [ RunTime:0.000733s ]
INFO: [ app_begin ] --END-- [ RunTime:0.000906s ]
SQL: SHOW COLUMNS FROM `mmm_menu` [ RunTime:0.0103s ]
SQL: SELECT * FROM `mmm_menu` WHERE `pid` = 0 AND `type` = 1 AND `isshow` = 1 AND `deep` = 1 ORDER BY orderid asc  [ RunTime:0.0006s ]
NOTIC: [2048] Declaration of Admin\Model\AdminDepaModel::getInstance() should be compatible with Think\Single::getInstance($class) E:\wamp\www\test\Application\Admin\Model\AdminDepaModel.class.php 第 30 行.
SQL: SHOW COLUMNS FROM `mmm_employee_depa` [ RunTime:0.0076s ]
SQL: SELECT `rules` FROM `mmm_employee_depa` WHERE `id` = 3 LIMIT 1   [ RunTime:0.0019s ]
SQL: SELECT * FROM `mmm_menu` WHERE `pid` = 15 AND `type` = 1 AND `isshow` = 1 AND `deep` = 2 ORDER BY orderid asc  [ RunTime:0.0003s ]
SQL: SELECT * FROM `mmm_menu` WHERE `pid` = 8 AND `type` = 1 AND `isshow` = 1 AND `deep` = 2 ORDER BY orderid asc  [ RunTime:0.0003s ]
SQL: SELECT * FROM `mmm_menu` WHERE `pid` = 13 AND `type` = 1 AND `isshow` = 1 AND `deep` = 2 ORDER BY orderid asc  [ RunTime:0.0003s ]
SQL: SELECT * FROM `mmm_menu` WHERE `pid` = 2 AND `type` = 1 AND `isshow` = 1 AND `deep` = 2 ORDER BY orderid asc  [ RunTime:0.0003s ]
SQL: SELECT * FROM `mmm_menu` WHERE `pid` = 1 AND `type` = 1 AND `isshow` = 1 AND `deep` = 2 ORDER BY orderid asc  [ RunTime:0.0003s ]
SQL: SELECT * FROM `mmm_menu` WHERE `pid` = 14 AND `type` = 1 AND `isshow` = 1 AND `deep` = 2 ORDER BY orderid asc  [ RunTime:0.0003s ]
SQL: SELECT * FROM `mmm_menu` WHERE `pid` = 23 AND `type` = 1 AND `isshow` = 1 AND `deep` = 2 ORDER BY orderid asc  [ RunTime:0.0003s ]
SQL: SELECT * FROM `mmm_menu` WHERE `pid` = 17 AND `type` = 1 AND `isshow` = 1 AND `deep` = 2 ORDER BY orderid asc  [ RunTime:0.0003s ]
INFO: [ view_parse ] --START--
INFO: [ template_filter ] --START--
INFO: Run Behavior\ContentReplaceBehavior [ RunTime:0.000175s ]
INFO: [ template_filter ] --END-- [ RunTime:0.000356s ]
INFO: Run Behavior\ParseTemplateBehavior [ RunTime:0.116744s ]
INFO: [ view_parse ] --END-- [ RunTime:0.116939s ]
INFO: [ view_filter ] --START--
INFO: Run Behavior\WriteHtmlCacheBehavior [ RunTime:0.000524s ]
INFO: [ view_filter ] --END-- [ RunTime:0.000686s ]
INFO: [ app_end ] --START--
INFO: Run Behavior\ShowPageTraceBehavior [ RunTime:0.001114s ]
INFO: [ app_end ] --END-- [ RunTime:0.001351s ]

[ 2017-02-09T14:06:30+08:00 ] 127.0.0.1 /admin/index/welcome.html
INFO: [ app_init ] --START--
INFO: Run Behavior\BuildLiteBehavior [ RunTime:0.000050s ]
INFO: [ app_init ] --END-- [ RunTime:0.000653s ]
INFO: [ app_begin ] --START--
INFO: Run Behavior\ReadHtmlCacheBehavior [ RunTime:0.000761s ]
INFO: [ app_begin ] --END-- [ RunTime:0.000946s ]
INFO: [ view_parse ] --START--
INFO: [ template_filter ] --START--
INFO: Run Behavior\ContentReplaceBehavior [ RunTime:0.000132s ]
INFO: [ template_filter ] --END-- [ RunTime:0.000335s ]
INFO: Run Behavior\ParseTemplateBehavior [ RunTime:0.059691s ]
INFO: [ view_parse ] --END-- [ RunTime:0.059871s ]
INFO: [ view_filter ] --START--
INFO: Run Behavior\WriteHtmlCacheBehavior [ RunTime:0.000497s ]
INFO: [ view_filter ] --END-- [ RunTime:0.000659s ]
INFO: [ app_end ] --START--
INFO: Run Behavior\ShowPageTraceBehavior [ RunTime:0.000723s ]
INFO: [ app_end ] --END-- [ RunTime:0.000890s ]

[ 2017-02-09T14:06:46+08:00 ] 127.0.0.1 /Admin/Line/linelist?type=1
INFO: [ app_init ] --START--
INFO: Run Behavior\BuildLiteBehavior [ RunTime:0.000040s ]
INFO: [ app_init ] --END-- [ RunTime:0.000518s ]
INFO: [ app_begin ] --START--
INFO: Run Behavior\ReadHtmlCacheBehavior [ RunTime:0.000693s ]
INFO: [ app_begin ] --END-- [ RunTime:0.000865s ]
NOTIC: [2048] Declaration of Admin\Model\LineModel::getInstance() should be compatible with Think\Single::getInstance($class) E:\wamp\www\test\Application\Admin\Model\LineModel.class.php 第 12 行.
SQL: SHOW COLUMNS FROM `mmm_line` [ RunTime:0.0233s ]
SQL: SELECT `des` FROM `mmm_line` WHERE `des_type` = 1 AND `status` <> 4  [ RunTime:0.0003s ]
NOTIC: [2048] Declaration of Admin\Model\PlaceModel::getInstance() should be compatible with Think\Single::getInstance($class) E:\wamp\www\test\Application\Admin\Model\PlaceModel.class.php 第 61 行.
SQL: SHOW COLUMNS FROM `mmm_line_place` [ RunTime:0.0134s ]
SQL: SELECT `name` FROM `mmm_line_place` WHERE `id` = 12 LIMIT 1   [ RunTime:0.0003s ]
SQL: SELECT `name` FROM `mmm_line_place` WHERE `id` = 15 LIMIT 1   [ RunTime:0.0001s ]
SQL: SELECT `name` FROM `mmm_line_place` WHERE `id` = 7 LIMIT 1   [ RunTime:0.0002s ]
NOTIC: [2048] Declaration of Admin\Model\AdminModel::getInstance() should be compatible with Think\Single::getInstance($class) E:\wamp\www\test\Application\Admin\Model\AdminModel.class.php 第 60 行.
SQL: SELECT `id`,`name` FROM `mmm_employee` WHERE `department` = 1 AND `status` = 0 AND `is_del` = 0  [ RunTime:0.0002s ]
SQL: SELECT o.sid FROM mmm_line l LEFT JOIN mmm_supplier_op AS o ON o.id = l.supplier_op  WHERE `des_type` = '1' AND `status` <> 4 GROUP BY o.sid  [ RunTime:0.0683s ]
NOTIC: [2048] Declaration of Admin\Model\SupplierModel::getInstance() should be compatible with Think\Single::getInstance($class) E:\wamp\www\test\Application\Admin\Model\SupplierModel.class.php 第 25 行.
SQL: SHOW COLUMNS FROM `mmm_supplier` [ RunTime:0.0248s ]
SQL: SELECT `id`,`company_name` FROM `mmm_supplier` WHERE `id` = 1 LIMIT 1   [ RunTime:0.0004s ]
SQL: SELECT `id`,`company_name` FROM `mmm_supplier` WHERE `id` = 2 LIMIT 1   [ RunTime:0.0002s ]
SQL: SELECT COUNT(*) AS tp_count FROM mmm_line l LEFT JOIN mmm_supplier_op AS o ON o.id = l.supplier_op LEFT JOIN mmm_supplier AS s ON s.id = o.sid LEFT JOIN mmm_employee AS e ON e.id = l.counselor  WHERE l.des_type = '1' LIMIT 1   [ RunTime:0.0290s ]
SQL: SELECT l.id,l.line_type,l.title,l.day_num,l.start_palce,l.des,e.name AS op,o.name AS sop,l.status,l.supplier_title,s.company_name FROM mmm_line l LEFT JOIN mmm_supplier_op AS o ON o.id = l.supplier_op LEFT JOIN mmm_supplier AS s ON s.id = o.sid LEFT JOIN mmm_employee AS e ON e.id = l.counselor  WHERE l.des_type = '1' ORDER BY l.edittime DESC,l.id DESC LIMIT 0,10   [ RunTime:0.0209s ]
SQL: SELECT `name` FROM `mmm_line_place` WHERE `id` = 7 LIMIT 1   [ RunTime:0.0004s ]
SQL: SELECT `name` FROM `mmm_line_place` WHERE `id` = 12 LIMIT 1   [ RunTime:0.0004s ]
SQL: SELECT `name` FROM `mmm_line_place` WHERE `id` = 7 LIMIT 1   [ RunTime:0.0003s ]
SQL: SELECT `name` FROM `mmm_line_place` WHERE `id` = 15 LIMIT 1   [ RunTime:0.0003s ]
NOTIC: [2048] Declaration of Admin\Model\LineDateModel::getInstance() should be compatible with Think\Single::getInstance($class) E:\wamp\www\test\Application\Admin\Model\LineDateModel.class.php 第 25 行.
SQL: SHOW COLUMNS FROM `mmm_line_date` [ RunTime:0.0082s ]
SQL: SELECT MAX(line_date) AS tp_max FROM `mmm_line_date` WHERE `lineid` = 3 AND `status` = 1 LIMIT 1   [ RunTime:0.0177s ]
SQL: SELECT `name` FROM `mmm_line_place` WHERE `id` = 7 LIMIT 1   [ RunTime:0.0002s ]
SQL: SELECT `name` FROM `mmm_line_place` WHERE `id` = 12 LIMIT 1   [ RunTime:0.0002s ]
SQL: SELECT `name` FROM `mmm_line_place` WHERE `id` = 15 LIMIT 1   [ RunTime:0.0001s ]
SQL: SELECT MAX(line_date) AS tp_max FROM `mmm_line_date` WHERE `lineid` = 1 AND `status` = 1 LIMIT 1   [ RunTime:0.0002s ]
INFO: [ view_parse ] --START--
INFO: [ template_filter ] --START--
INFO: Run Behavior\ContentReplaceBehavior [ RunTime:0.000299s ]
INFO: [ template_filter ] --END-- [ RunTime:0.000593s ]
NOTIC: [8] Undefined variable: lineid E:\wamp\www\test\Application\Runtime\Cache\Admin\002f0672dce916b694cf50bf67bfa04a.php 第 45 行.
NOTIC: [8] Undefined variable: line_type E:\wamp\www\test\Application\Runtime\Cache\Admin\002f0672dce916b694cf50bf67bfa04a.php 第 50 行.
NOTIC: [8] Undefined variable: line_type E:\wamp\www\test\Application\Runtime\Cache\Admin\002f0672dce916b694cf50bf67bfa04a.php 第 51 行.
NOTIC: [8] Undefined variable: desid E:\wamp\www\test\Application\Runtime\Cache\Admin\002f0672dce916b694cf50bf67bfa04a.php 第 56 行.
NOTIC: [8] Undefined variable: desid E:\wamp\www\test\Application\Runtime\Cache\Admin\002f0672dce916b694cf50bf67bfa04a.php 第 56 行.
NOTIC: [8] Undefined variable: desid E:\wamp\www\test\Application\Runtime\Cache\Admin\002f0672dce916b694cf50bf67bfa04a.php 第 56 行.
NOTIC: [8] Undefined variable: status E:\wamp\www\test\Application\Runtime\Cache\Admin\002f0672dce916b694cf50bf67bfa04a.php 第 61 行.
NOTIC: [8] Undefined variable: status E:\wamp\www\test\Application\Runtime\Cache\Admin\002f0672dce916b694cf50bf67bfa04a.php 第 62 行.
NOTIC: [8] Undefined variable: status E:\wamp\www\test\Application\Runtime\Cache\Admin\002f0672dce916b694cf50bf67bfa04a.php 第 63 行.
NOTIC: [8] Undefined variable: day_num E:\wamp\www\test\Application\Runtime\Cache\Admin\002f0672dce916b694cf50bf67bfa04a.php 第 68 行.
NOTIC: [8] Undefined variable: title E:\wamp\www\test\Application\Runtime\Cache\Admin\002f0672dce916b694cf50bf67bfa04a.php 第 70 行.
NOTIC: [8] Undefined variable: counselor E:\wamp\www\test\Application\Runtime\Cache\Admin\002f0672dce916b694cf50bf67bfa04a.php 第 75 行.
NOTIC: [8] Undefined variable: counselor E:\wamp\www\test\Application\Runtime\Cache\Admin\002f0672dce916b694cf50bf67bfa04a.php 第 75 行.
NOTIC: [8] Undefined variable: counselor E:\wamp\www\test\Application\Runtime\Cache\Admin\002f0672dce916b694cf50bf67bfa04a.php 第 75 行.
NOTIC: [8] Undefined variable: supplierid E:\wamp\www\test\Application\Runtime\Cache\Admin\002f0672dce916b694cf50bf67bfa04a.php 第 81 行.
NOTIC: [8] Undefined variable: supplierid E:\wamp\www\test\Application\Runtime\Cache\Admin\002f0672dce916b694cf50bf67bfa04a.php 第 81 行.
INFO: Run Behavior\ParseTemplateBehavior [ RunTime:0.150241s ]
INFO: [ view_parse ] --END-- [ RunTime:0.150413s ]
INFO: [ view_filter ] --START--
INFO: Run Behavior\WriteHtmlCacheBehavior [ RunTime:0.000541s ]
INFO: [ view_filter ] --END-- [ RunTime:0.000722s ]
INFO: [ app_end ] --START--
INFO: Run Behavior\ShowPageTraceBehavior [ RunTime:0.001723s ]
INFO: [ app_end ] --END-- [ RunTime:0.002038s ]

[ 2017-02-09T14:06:55+08:00 ] 127.0.0.1 /Admin/Line/base_info/id/3
INFO: [ app_init ] --START--
INFO: Run Behavior\BuildLiteBehavior [ RunTime:0.000034s ]
INFO: [ app_init ] --END-- [ RunTime:0.000471s ]
INFO: [ app_begin ] --START--
INFO: Run Behavior\ReadHtmlCacheBehavior [ RunTime:0.000704s ]
INFO: [ app_begin ] --END-- [ RunTime:0.000872s ]
NOTIC: [2048] Declaration of Admin\Model\LineModel::getInstance() should be compatible with Think\Single::getInstance($class) E:\wamp\www\test\Application\Admin\Model\LineModel.class.php 第 12 行.
SQL: SHOW COLUMNS FROM `mmm_line` [ RunTime:0.0124s ]
SQL: SELECT `id`,`line_type`,`des_type`,`title`,`day_num`,`start_palce`,`des`,`labelid`,`special`,`counselor`,`status`,`keywords`,`supplier_title`,`supplier_op` FROM `mmm_line` WHERE `id` = 3 LIMIT 1   [ RunTime:0.0003s ]
NOTIC: [2048] Declaration of Admin\Model\SupplierOpModel::getInstance() should be compatible with Think\Single::getInstance($class) E:\wamp\www\test\Application\Admin\Model\SupplierOpModel.class.php 第 25 行.
SQL: SHOW COLUMNS FROM `mmm_supplier_op` [ RunTime:0.0110s ]
SQL: SELECT `sid` FROM `mmm_supplier_op` WHERE `id` = 4 LIMIT 1   [ RunTime:0.0003s ]
NOTIC: [2048] Declaration of Admin\Model\PlaceModel::getInstance() should be compatible with Think\Single::getInstance($class) E:\wamp\www\test\Application\Admin\Model\PlaceModel.class.php 第 61 行.
SQL: SHOW COLUMNS FROM `mmm_line_place` [ RunTime:0.0079s ]
SQL: SELECT `name` FROM `mmm_line_place` WHERE `id` = 7 LIMIT 1   [ RunTime:0.0003s ]
SQL: SELECT `name` FROM `mmm_line_place` WHERE `id` = 12 LIMIT 1   [ RunTime:0.0003s ]
SQL: SELECT `name` FROM `mmm_line_place` WHERE `id` = 7 LIMIT 1   [ RunTime:0.0001s ]
SQL: SELECT `name` FROM `mmm_line_place` WHERE `id` = 15 LIMIT 1   [ RunTime:0.0001s ]
NOTIC: [2048] Declaration of Admin\Model\LineLabelModel::getInstance() should be compatible with Think\Single::getInstance($class) E:\wamp\www\test\Application\Admin\Model\LineLabelModel.class.php 第 25 行.
SQL: SHOW COLUMNS FROM `mmm_line_label` [ RunTime:0.0099s ]
SQL: SELECT `label_name` FROM `mmm_line_label` WHERE `id` = 2 LIMIT 1   [ RunTime:0.0004s ]
SQL: SELECT `label_name` FROM `mmm_line_label` WHERE `id` = 1 LIMIT 1   [ RunTime:0.0002s ]
NOTIC: [2048] Declaration of Admin\Model\AdminModel::getInstance() should be compatible with Think\Single::getInstance($class) E:\wamp\www\test\Application\Admin\Model\AdminModel.class.php 第 60 行.
SQL: SELECT `id`,`name` FROM `mmm_employee` WHERE `department` = 1 AND `status` = 0 AND `is_del` = 0  [ RunTime:0.0002s ]
NOTIC: [2048] Declaration of Admin\Model\SupplierModel::getInstance() should be compatible with Think\Single::getInstance($class) E:\wamp\www\test\Application\Admin\Model\SupplierModel.class.php 第 25 行.
SQL: SHOW COLUMNS FROM `mmm_supplier` [ RunTime:0.0082s ]
SQL: SELECT `id`,`company_name` FROM `mmm_supplier` WHERE `status` = 0  [ RunTime:0.0002s ]
SQL: SELECT `sid` FROM `mmm_supplier_op` WHERE `id` = 4 LIMIT 1   [ RunTime:0.0001s ]
SQL: SELECT `id`,`name` FROM `mmm_supplier_op` WHERE `sid` = 2  [ RunTime:0.0002s ]
INFO: [ view_parse ] --START--
INFO: [ template_filter ] --START--
INFO: Run Behavior\ContentReplaceBehavior [ RunTime:0.000263s ]
INFO: [ template_filter ] --END-- [ RunTime:0.000490s ]
INFO: Run Behavior\ParseTemplateBehavior [ RunTime:0.112178s ]
INFO: [ view_parse ] --END-- [ RunTime:0.112370s ]
INFO: [ view_filter ] --START--
INFO: Run Behavior\WriteHtmlCacheBehavior [ RunTime:0.000562s ]
INFO: [ view_filter ] --END-- [ RunTime:0.000730s ]
INFO: [ app_end ] --START--
INFO: Run Behavior\ShowPageTraceBehavior [ RunTime:0.000977s ]
INFO: [ app_end ] --END-- [ RunTime:0.001201s ]

[ 2017-02-09T14:06:58+08:00 ] 127.0.0.1 /Admin/Line/time_price/id/3
INFO: [ app_init ] --START--
INFO: Run Behavior\BuildLiteBehavior [ RunTime:0.000035s ]
INFO: [ app_init ] --END-- [ RunTime:0.000509s ]
INFO: [ app_begin ] --START--
INFO: Run Behavior\ReadHtmlCacheBehavior [ RunTime:0.000723s ]
INFO: [ app_begin ] --END-- [ RunTime:0.000893s ]
INFO: [ view_parse ] --START--
INFO: [ template_filter ] --START--
INFO: Run Behavior\ContentReplaceBehavior [ RunTime:0.000278s ]
INFO: [ template_filter ] --END-- [ RunTime:0.000548s ]
INFO: Run Behavior\ParseTemplateBehavior [ RunTime:0.125410s ]
INFO: [ view_parse ] --END-- [ RunTime:0.125761s ]
INFO: [ view_filter ] --START--
INFO: Run Behavior\WriteHtmlCacheBehavior [ RunTime:0.002614s ]
INFO: [ view_filter ] --END-- [ RunTime:0.003575s ]
INFO: [ app_end ] --START--
INFO: Run Behavior\ShowPageTraceBehavior [ RunTime:0.001191s ]
INFO: [ app_end ] --END-- [ RunTime:0.001394s ]

[ 2017-02-09T14:06:59+08:00 ] 127.0.0.1 /Admin/Line/get_price?month=2017-02&id=3
INFO: [ app_init ] --START--
INFO: Run Behavior\BuildLiteBehavior [ RunTime:0.000035s ]
INFO: [ app_init ] --END-- [ RunTime:0.000480s ]
INFO: [ app_begin ] --START--
INFO: Run Behavior\ReadHtmlCacheBehavior [ RunTime:0.000716s ]
INFO: [ app_begin ] --END-- [ RunTime:0.000851s ]
NOTIC: [2048] Declaration of Admin\Model\LineDateModel::getInstance() should be compatible with Think\Single::getInstance($class) E:\wamp\www\test\Application\Admin\Model\LineDateModel.class.php 第 12 行.
SQL: SHOW COLUMNS FROM `mmm_line_date` [ RunTime:0.0369s ]
SQL: SELECT `id`,`adult_price`,`child_price`,`single_room`,`status` FROM `mmm_line_date` WHERE `lineid` = 3 AND `line_date` = '2017-02-01' LIMIT 1   [ RunTime:0.0004s ]
SQL: SELECT `id`,`adult_price`,`child_price`,`single_room`,`status` FROM `mmm_line_date` WHERE `lineid` = 3 AND `line_date` = '2017-02-02' LIMIT 1   [ RunTime:0.0002s ]
SQL: SELECT `id`,`adult_price`,`child_price`,`single_room`,`status` FROM `mmm_line_date` WHERE `lineid` = 3 AND `line_date` = '2017-02-03' LIMIT 1   [ RunTime:0.0002s ]
SQL: SELECT `id`,`adult_price`,`child_price`,`single_room`,`status` FROM `mmm_line_date` WHERE `lineid` = 3 AND `line_date` = '2017-02-04' LIMIT 1   [ RunTime:0.0002s ]
SQL: SELECT `id`,`adult_price`,`child_price`,`single_room`,`status` FROM `mmm_line_date` WHERE `lineid` = 3 AND `line_date` = '2017-02-05' LIMIT 1   [ RunTime:0.0003s ]
SQL: SELECT `id`,`adult_price`,`child_price`,`single_room`,`status` FROM `mmm_line_date` WHERE `lineid` = 3 AND `line_date` = '2017-02-06' LIMIT 1   [ RunTime:0.0002s ]
SQL: SELECT `id`,`adult_price`,`child_price`,`single_room`,`status` FROM `mmm_line_date` WHERE `lineid` = 3 AND `line_date` = '2017-02-07' LIMIT 1   [ RunTime:0.0003s ]
SQL: SELECT `id`,`adult_price`,`child_price`,`single_room`,`status` FROM `mmm_line_date` WHERE `lineid` = 3 AND `line_date` = '2017-02-08' LIMIT 1   [ RunTime:0.0002s ]
SQL: SELECT `id`,`adult_price`,`child_price`,`single_room`,`status` FROM `mmm_line_date` WHERE `lineid` = 3 AND `line_date` = '2017-02-09' LIMIT 1   [ RunTime:0.0004s ]
SQL: SELECT `id`,`adult_price`,`child_price`,`single_room`,`status` FROM `mmm_line_date` WHERE `lineid` = 3 AND `line_date` = '2017-02-10' LIMIT 1   [ RunTime:0.0004s ]
SQL: SELECT `id`,`adult_price`,`child_price`,`single_room`,`status` FROM `mmm_line_date` WHERE `lineid` = 3 AND `line_date` = '2017-02-11' LIMIT 1   [ RunTime:0.0004s ]
SQL: SELECT `id`,`adult_price`,`child_price`,`single_room`,`status` FROM `mmm_line_date` WHERE `lineid` = 3 AND `line_date` = '2017-02-12' LIMIT 1   [ RunTime:0.0003s ]
SQL: SELECT `id`,`adult_price`,`child_price`,`single_room`,`status` FROM `mmm_line_date` WHERE `lineid` = 3 AND `line_date` = '2017-02-13' LIMIT 1   [ RunTime:0.0002s ]
SQL: SELECT `id`,`adult_price`,`child_price`,`single_room`,`status` FROM `mmm_line_date` WHERE `lineid` = 3 AND `line_date` = '2017-02-14' LIMIT 1   [ RunTime:0.0004s ]
SQL: SELECT `id`,`adult_price`,`child_price`,`single_room`,`status` FROM `mmm_line_date` WHERE `lineid` = 3 AND `line_date` = '2017-02-15' LIMIT 1   [ RunTime:0.0002s ]
SQL: SELECT `id`,`adult_price`,`child_price`,`single_room`,`status` FROM `mmm_line_date` WHERE `lineid` = 3 AND `line_date` = '2017-02-16' LIMIT 1   [ RunTime:0.0003s ]
SQL: SELECT `id`,`adult_price`,`child_price`,`single_room`,`status` FROM `mmm_line_date` WHERE `lineid` = 3 AND `line_date` = '2017-02-17' LIMIT 1   [ RunTime:0.0002s ]
SQL: SELECT `id`,`adult_price`,`child_price`,`single_room`,`status` FROM `mmm_line_date` WHERE `lineid` = 3 AND `line_date` = '2017-02-18' LIMIT 1   [ RunTime:0.0002s ]
SQL: SELECT `id`,`adult_price`,`child_price`,`single_room`,`status` FROM `mmm_line_date` WHERE `lineid` = 3 AND `line_date` = '2017-02-19' LIMIT 1   [ RunTime:0.0002s ]
SQL: SELECT `id`,`adult_price`,`child_price`,`single_room`,`status` FROM `mmm_line_date` WHERE `lineid` = 3 AND `line_date` = '2017-02-20' LIMIT 1   [ RunTime:0.0002s ]
SQL: SELECT `id`,`adult_price`,`child_price`,`single_room`,`status` FROM `mmm_line_date` WHERE `lineid` = 3 AND `line_date` = '2017-02-21' LIMIT 1   [ RunTime:0.0002s ]
SQL: SELECT `id`,`adult_price`,`child_price`,`single_room`,`status` FROM `mmm_line_date` WHERE `lineid` = 3 AND `line_date` = '2017-02-22' LIMIT 1   [ RunTime:0.0003s ]
SQL: SELECT `id`,`adult_price`,`child_price`,`single_room`,`status` FROM `mmm_line_date` WHERE `lineid` = 3 AND `line_date` = '2017-02-23' LIMIT 1   [ RunTime:0.0003s ]
SQL: SELECT `id`,`adult_price`,`child_price`,`single_room`,`status` FROM `mmm_line_date` WHERE `lineid` = 3 AND `line_date` = '2017-02-24' LIMIT 1   [ RunTime:0.0003s ]
SQL: SELECT `id`,`adult_price`,`child_price`,`single_room`,`status` FROM `mmm_line_date` WHERE `lineid` = 3 AND `line_date` = '2017-02-25' LIMIT 1   [ RunTime:0.0003s ]
SQL: SELECT `id`,`adult_price`,`child_price`,`single_room`,`status` FROM `mmm_line_date` WHERE `lineid` = 3 AND `line_date` = '2017-02-26' LIMIT 1   [ RunTime:0.0002s ]
SQL: SELECT `id`,`adult_price`,`child_price`,`single_room`,`status` FROM `mmm_line_date` WHERE `lineid` = 3 AND `line_date` = '2017-02-27' LIMIT 1   [ RunTime:0.0003s ]
SQL: SELECT `id`,`adult_price`,`child_price`,`single_room`,`status` FROM `mmm_line_date` WHERE `lineid` = 3 AND `line_date` = '2017-02-28' LIMIT 1   [ RunTime:0.0003s ]

[ 2017-02-09T14:07:16+08:00 ] 127.0.0.1 /Admin/Line/price_add/lineid/3
INFO: [ app_init ] --START--
INFO: Run Behavior\BuildLiteBehavior [ RunTime:0.000039s ]
INFO: [ app_init ] --END-- [ RunTime:0.000528s ]
INFO: [ app_begin ] --START--
INFO: Run Behavior\ReadHtmlCacheBehavior [ RunTime:0.000734s ]
INFO: [ app_begin ] --END-- [ RunTime:0.000915s ]
INFO: [ view_parse ] --START--
INFO: [ template_filter ] --START--
INFO: Run Behavior\ContentReplaceBehavior [ RunTime:0.000133s ]
INFO: [ template_filter ] --END-- [ RunTime:0.000316s ]
INFO: Run Behavior\ParseTemplateBehavior [ RunTime:0.093545s ]
INFO: [ view_parse ] --END-- [ RunTime:0.093979s ]
INFO: [ view_filter ] --START--
INFO: Run Behavior\WriteHtmlCacheBehavior [ RunTime:0.000956s ]
INFO: [ view_filter ] --END-- [ RunTime:0.001233s ]
INFO: [ app_end ] --START--
INFO: Run Behavior\ShowPageTraceBehavior [ RunTime:0.000828s ]
INFO: [ app_end ] --END-- [ RunTime:0.001032s ]

[ 2017-02-09T14:07:23+08:00 ] 127.0.0.1 /Admin/Line/not_include/id/3
INFO: [ app_init ] --START--
INFO: Run Behavior\BuildLiteBehavior [ RunTime:0.000035s ]
INFO: [ app_init ] --END-- [ RunTime:0.000504s ]
INFO: [ app_begin ] --START--
INFO: Run Behavior\ReadHtmlCacheBehavior [ RunTime:0.000802s ]
INFO: [ app_begin ] --END-- [ RunTime:0.001011s ]
NOTIC: [2048] Declaration of Admin\Model\LineModel::getInstance() should be compatible with Think\Single::getInstance($class) E:\wamp\www\test\Application\Admin\Model\LineModel.class.php 第 12 行.
SQL: SHOW COLUMNS FROM `mmm_line` [ RunTime:0.0116s ]
SQL: SELECT `des_type` FROM `mmm_line` WHERE `id` = 3 LIMIT 1   [ RunTime:0.0003s ]
SQL: SELECT `not_include` FROM `mmm_line` WHERE `id` = 3 LIMIT 1   [ RunTime:0.0002s ]
INFO: [ view_parse ] --START--
INFO: [ template_filter ] --START--
INFO: Run Behavior\ContentReplaceBehavior [ RunTime:0.000175s ]
INFO: [ template_filter ] --END-- [ RunTime:0.000365s ]
NOTIC: [8] Undefined index: foreign1_note E:\wamp\www\test\Application\Runtime\Cache\Admin\afce644910b744bd0a5f9f4e60784ba2.php 第 97 行.
NOTIC: [8] Undefined index: extra5 E:\wamp\www\test\Application\Runtime\Cache\Admin\afce644910b744bd0a5f9f4e60784ba2.php 第 176 行.
INFO: Run Behavior\ParseTemplateBehavior [ RunTime:0.071349s ]
INFO: [ view_parse ] --END-- [ RunTime:0.071526s ]
INFO: [ view_filter ] --START--
INFO: Run Behavior\WriteHtmlCacheBehavior [ RunTime:0.000573s ]
INFO: [ view_filter ] --END-- [ RunTime:0.000763s ]
INFO: [ app_end ] --START--
INFO: Run Behavior\ShowPageTraceBehavior [ RunTime:0.000957s ]
INFO: [ app_end ] --END-- [ RunTime:0.001166s ]

[ 2017-02-09T14:07:29+08:00 ] 127.0.0.1 /Admin/Line/money_include/id/3
INFO: [ app_init ] --START--
INFO: Run Behavior\BuildLiteBehavior [ RunTime:0.000040s ]
INFO: [ app_init ] --END-- [ RunTime:0.000536s ]
INFO: [ app_begin ] --START--
INFO: Run Behavior\ReadHtmlCacheBehavior [ RunTime:0.000746s ]
INFO: [ app_begin ] --END-- [ RunTime:0.000936s ]
NOTIC: [2048] Declaration of Admin\Model\LineModel::getInstance() should be compatible with Think\Single::getInstance($class) E:\wamp\www\test\Application\Admin\Model\LineModel.class.php 第 12 行.
SQL: SHOW COLUMNS FROM `mmm_line` [ RunTime:0.0137s ]
SQL: SELECT `include` FROM `mmm_line` WHERE `id` = 3 LIMIT 1   [ RunTime:0.0005s ]
INFO: [ view_parse ] --START--
INFO: [ template_filter ] --START--
INFO: Run Behavior\ContentReplaceBehavior [ RunTime:0.000280s ]
INFO: [ template_filter ] --END-- [ RunTime:0.000454s ]
NOTIC: [8] Undefined index: age_min E:\wamp\www\test\Application\Runtime\Cache\Admin\ec220c02f7029557caaabb177635300d.php 第 258 行.
NOTIC: [8] Undefined index: age_max E:\wamp\www\test\Application\Runtime\Cache\Admin\ec220c02f7029557caaabb177635300d.php 第 260 行.
NOTIC: [8] Undefined index: age_note E:\wamp\www\test\Application\Runtime\Cache\Admin\ec220c02f7029557caaabb177635300d.php 第 267 行.
NOTIC: [8] Undefined index: height_min E:\wamp\www\test\Application\Runtime\Cache\Admin\ec220c02f7029557caaabb177635300d.php 第 272 行.
NOTIC: [8] Undefined index: height_max E:\wamp\www\test\Application\Runtime\Cache\Admin\ec220c02f7029557caaabb177635300d.php 第 274 行.
NOTIC: [8] Undefined index: height_note E:\wamp\www\test\Application\Runtime\Cache\Admin\ec220c02f7029557caaabb177635300d.php 第 281 行.
NOTIC: [8] Undefined index: age_type E:\wamp\www\test\Application\Runtime\Cache\Admin\ec220c02f7029557caaabb177635300d.php 第 339 行.
NOTIC: [8] Undefined index: height_type E:\wamp\www\test\Application\Runtime\Cache\Admin\ec220c02f7029557caaabb177635300d.php 第 340 行.
INFO: Run Behavior\ParseTemplateBehavior [ RunTime:0.134817s ]
INFO: [ view_parse ] --END-- [ RunTime:0.134998s ]
INFO: [ view_filter ] --START--
INFO: Run Behavior\WriteHtmlCacheBehavior [ RunTime:0.000533s ]
INFO: [ view_filter ] --END-- [ RunTime:0.000690s ]
INFO: [ app_end ] --START--
INFO: Run Behavior\ShowPageTraceBehavior [ RunTime:0.000859s ]
INFO: [ app_end ] --END-- [ RunTime:0.001073s ]

[ 2017-02-09T14:07:33+08:00 ] 127.0.0.1 /Admin/Line/base_info/id/3
INFO: [ app_init ] --START--
INFO: Run Behavior\BuildLiteBehavior [ RunTime:0.000037s ]
INFO: [ app_init ] --END-- [ RunTime:0.000652s ]
INFO: [ app_begin ] --START--
INFO: Run Behavior\ReadHtmlCacheBehavior [ RunTime:0.000752s ]
INFO: [ app_begin ] --END-- [ RunTime:0.000934s ]
NOTIC: [2048] Declaration of Admin\Model\LineModel::getInstance() should be compatible with Think\Single::getInstance($class) E:\wamp\www\test\Application\Admin\Model\LineModel.class.php 第 12 行.
SQL: SHOW COLUMNS FROM `mmm_line` [ RunTime:0.0115s ]
SQL: SELECT `id`,`line_type`,`des_type`,`title`,`day_num`,`start_palce`,`des`,`labelid`,`special`,`counselor`,`status`,`keywords`,`supplier_title`,`supplier_op` FROM `mmm_line` WHERE `id` = 3 LIMIT 1   [ RunTime:0.0003s ]
NOTIC: [2048] Declaration of Admin\Model\SupplierOpModel::getInstance() should be compatible with Think\Single::getInstance($class) E:\wamp\www\test\Application\Admin\Model\SupplierOpModel.class.php 第 25 行.
SQL: SHOW COLUMNS FROM `mmm_supplier_op` [ RunTime:0.0076s ]
SQL: SELECT `sid` FROM `mmm_supplier_op` WHERE `id` = 4 LIMIT 1   [ RunTime:0.0002s ]
NOTIC: [2048] Declaration of Admin\Model\PlaceModel::getInstance() should be compatible with Think\Single::getInstance($class) E:\wamp\www\test\Application\Admin\Model\PlaceModel.class.php 第 61 行.
SQL: SHOW COLUMNS FROM `mmm_line_place` [ RunTime:0.0083s ]
SQL: SELECT `name` FROM `mmm_line_place` WHERE `id` = 7 LIMIT 1   [ RunTime:0.0003s ]
SQL: SELECT `name` FROM `mmm_line_place` WHERE `id` = 12 LIMIT 1   [ RunTime:0.0002s ]
SQL: SELECT `name` FROM `mmm_line_place` WHERE `id` = 7 LIMIT 1   [ RunTime:0.0001s ]
SQL: SELECT `name` FROM `mmm_line_place` WHERE `id` = 15 LIMIT 1   [ RunTime:0.0002s ]
NOTIC: [2048] Declaration of Admin\Model\LineLabelModel::getInstance() should be compatible with Think\Single::getInstance($class) E:\wamp\www\test\Application\Admin\Model\LineLabelModel.class.php 第 25 行.
SQL: SHOW COLUMNS FROM `mmm_line_label` [ RunTime:0.0541s ]
SQL: SELECT `label_name` FROM `mmm_line_label` WHERE `id` = 2 LIMIT 1   [ RunTime:0.0003s ]
SQL: SELECT `label_name` FROM `mmm_line_label` WHERE `id` = 1 LIMIT 1   [ RunTime:0.0003s ]
NOTIC: [2048] Declaration of Admin\Model\AdminModel::getInstance() should be compatible with Think\Single::getInstance($class) E:\wamp\www\test\Application\Admin\Model\AdminModel.class.php 第 60 行.
SQL: SELECT `id`,`name` FROM `mmm_employee` WHERE `department` = 1 AND `status` = 0 AND `is_del` = 0  [ RunTime:0.0002s ]
NOTIC: [2048] Declaration of Admin\Model\SupplierModel::getInstance() should be compatible with Think\Single::getInstance($class) E:\wamp\www\test\Application\Admin\Model\SupplierModel.class.php 第 25 行.
SQL: SHOW COLUMNS FROM `mmm_supplier` [ RunTime:0.2074s ]
SQL: SELECT `id`,`company_name` FROM `mmm_supplier` WHERE `status` = 0  [ RunTime:0.0004s ]
SQL: SELECT `sid` FROM `mmm_supplier_op` WHERE `id` = 4 LIMIT 1   [ RunTime:0.0002s ]
SQL: SELECT `id`,`name` FROM `mmm_supplier_op` WHERE `sid` = 2  [ RunTime:0.0002s ]
INFO: [ view_parse ] --START--
INFO: [ template_filter ] --START--
INFO: Run Behavior\ContentReplaceBehavior [ RunTime:0.000257s ]
INFO: [ template_filter ] --END-- [ RunTime:0.000468s ]
INFO: Run Behavior\ParseTemplateBehavior [ RunTime:0.096983s ]
INFO: [ view_parse ] --END-- [ RunTime:0.097185s ]
INFO: [ view_filter ] --START--
INFO: Run Behavior\WriteHtmlCacheBehavior [ RunTime:0.000560s ]
INFO: [ view_filter ] --END-- [ RunTime:0.000733s ]
INFO: [ app_end ] --START--
INFO: Run Behavior\ShowPageTraceBehavior [ RunTime:0.000934s ]
INFO: [ app_end ] --END-- [ RunTime:0.001187s ]

[ 2017-02-09T14:07:37+08:00 ] 127.0.0.1 /Admin/Line/line_journey/id/3
INFO: [ app_init ] --START--
INFO: Run Behavior\BuildLiteBehavior [ RunTime:0.000034s ]
INFO: [ app_init ] --END-- [ RunTime:0.000481s ]
INFO: [ app_begin ] --START--
INFO: Run Behavior\ReadHtmlCacheBehavior [ RunTime:0.000727s ]
INFO: [ app_begin ] --END-- [ RunTime:0.000908s ]
NOTIC: [2048] Declaration of Admin\Model\LineModel::getInstance() should be compatible with Think\Single::getInstance($class) E:\wamp\www\test\Application\Admin\Model\LineModel.class.php 第 12 行.
SQL: SHOW COLUMNS FROM `mmm_line` [ RunTime:0.0112s ]
SQL: SELECT `day_num` FROM `mmm_line` WHERE `id` = 3 LIMIT 1   [ RunTime:0.0002s ]
NOTIC: [2048] Declaration of Admin\Model\LineJourneyModel::getInstance() should be compatible with Think\Single::getInstance($class) E:\wamp\www\test\Application\Admin\Model\LineJourneyModel.class.php 第 27 行.
SQL: SHOW COLUMNS FROM `mmm_line_journey` [ RunTime:0.0275s ]
SQL: SELECT `id`,`lineid`,`name`,`day`,`spot`,`detail`,`hotel`,`breakfast`,`lunch`,`dinner`,`addtime`,`add_by`,`edittime`,`edit_by` FROM `mmm_line_journey` WHERE `lineid` = 3  [ RunTime:0.0005s ]
INFO: [ view_parse ] --START--
INFO: [ template_filter ] --START--
INFO: Run Behavior\ContentReplaceBehavior [ RunTime:0.000186s ]
INFO: [ template_filter ] --END-- [ RunTime:0.000384s ]
INFO: Run Behavior\ParseTemplateBehavior [ RunTime:0.077486s ]
INFO: [ view_parse ] --END-- [ RunTime:0.077688s ]
INFO: [ view_filter ] --START--
INFO: Run Behavior\WriteHtmlCacheBehavior [ RunTime:0.000537s ]
INFO: [ view_filter ] --END-- [ RunTime:0.000696s ]
INFO: [ app_end ] --START--
INFO: Run Behavior\ShowPageTraceBehavior [ RunTime:0.000829s ]
INFO: [ app_end ] --END-- [ RunTime:0.001043s ]

[ 2017-02-09T14:08:23+08:00 ] 127.0.0.1 /Admin/Line/time_price/id/3
INFO: [ app_init ] --START--
INFO: Run Behavior\BuildLiteBehavior [ RunTime:0.000039s ]
INFO: [ app_init ] --END-- [ RunTime:0.000542s ]
INFO: [ app_begin ] --START--
INFO: Run Behavior\ReadHtmlCacheBehavior [ RunTime:0.000828s ]
INFO: [ app_begin ] --END-- [ RunTime:0.001022s ]
INFO: [ view_parse ] --START--
INFO: [ template_filter ] --START--
INFO: Run Behavior\ContentReplaceBehavior [ RunTime:0.000191s ]
INFO: [ template_filter ] --END-- [ RunTime:0.000381s ]
INFO: Run Behavior\ParseTemplateBehavior [ RunTime:0.053713s ]
INFO: [ view_parse ] --END-- [ RunTime:0.053917s ]
INFO: [ view_filter ] --START--
INFO: Run Behavior\WriteHtmlCacheBehavior [ RunTime:0.000885s ]
INFO: [ view_filter ] --END-- [ RunTime:0.001109s ]
INFO: [ app_end ] --START--
INFO: Run Behavior\ShowPageTraceBehavior [ RunTime:0.000917s ]
INFO: [ app_end ] --END-- [ RunTime:0.001176s ]

[ 2017-02-09T14:08:23+08:00 ] 127.0.0.1 /Admin/Line/get_price?month=2017-02&id=3
INFO: [ app_init ] --START--
INFO: Run Behavior\BuildLiteBehavior [ RunTime:0.000038s ]
INFO: [ app_init ] --END-- [ RunTime:0.000561s ]
INFO: [ app_begin ] --START--
INFO: Run Behavior\ReadHtmlCacheBehavior [ RunTime:0.000779s ]
INFO: [ app_begin ] --END-- [ RunTime:0.000964s ]
NOTIC: [2048] Declaration of Admin\Model\LineDateModel::getInstance() should be compatible with Think\Single::getInstance($class) E:\wamp\www\test\Application\Admin\Model\LineDateModel.class.php 第 12 行.
SQL: SHOW COLUMNS FROM `mmm_line_date` [ RunTime:0.0145s ]
SQL: SELECT `id`,`adult_price`,`child_price`,`single_room`,`status` FROM `mmm_line_date` WHERE `lineid` = 3 AND `line_date` = '2017-02-01' LIMIT 1   [ RunTime:0.0003s ]
SQL: SELECT `id`,`adult_price`,`child_price`,`single_room`,`status` FROM `mmm_line_date` WHERE `lineid` = 3 AND `line_date` = '2017-02-02' LIMIT 1   [ RunTime:0.0005s ]
SQL: SELECT `id`,`adult_price`,`child_price`,`single_room`,`status` FROM `mmm_line_date` WHERE `lineid` = 3 AND `line_date` = '2017-02-03' LIMIT 1   [ RunTime:0.0003s ]
SQL: SELECT `id`,`adult_price`,`child_price`,`single_room`,`status` FROM `mmm_line_date` WHERE `lineid` = 3 AND `line_date` = '2017-02-04' LIMIT 1   [ RunTime:0.0002s ]
SQL: SELECT `id`,`adult_price`,`child_price`,`single_room`,`status` FROM `mmm_line_date` WHERE `lineid` = 3 AND `line_date` = '2017-02-05' LIMIT 1   [ RunTime:0.0002s ]
SQL: SELECT `id`,`adult_price`,`child_price`,`single_room`,`status` FROM `mmm_line_date` WHERE `lineid` = 3 AND `line_date` = '2017-02-06' LIMIT 1   [ RunTime:0.0002s ]
SQL: SELECT `id`,`adult_price`,`child_price`,`single_room`,`status` FROM `mmm_line_date` WHERE `lineid` = 3 AND `line_date` = '2017-02-07' LIMIT 1   [ RunTime:0.0002s ]
SQL: SELECT `id`,`adult_price`,`child_price`,`single_room`,`status` FROM `mmm_line_date` WHERE `lineid` = 3 AND `line_date` = '2017-02-08' LIMIT 1   [ RunTime:0.0002s ]
SQL: SELECT `id`,`adult_price`,`child_price`,`single_room`,`status` FROM `mmm_line_date` WHERE `lineid` = 3 AND `line_date` = '2017-02-09' LIMIT 1   [ RunTime:0.0002s ]
SQL: SELECT `id`,`adult_price`,`child_price`,`single_room`,`status` FROM `mmm_line_date` WHERE `lineid` = 3 AND `line_date` = '2017-02-10' LIMIT 1   [ RunTime:0.0003s ]
SQL: SELECT `id`,`adult_price`,`child_price`,`single_room`,`status` FROM `mmm_line_date` WHERE `lineid` = 3 AND `line_date` = '2017-02-11' LIMIT 1   [ RunTime:0.0003s ]
SQL: SELECT `id`,`adult_price`,`child_price`,`single_room`,`status` FROM `mmm_line_date` WHERE `lineid` = 3 AND `line_date` = '2017-02-12' LIMIT 1   [ RunTime:0.0003s ]
SQL: SELECT `id`,`adult_price`,`child_price`,`single_room`,`status` FROM `mmm_line_date` WHERE `lineid` = 3 AND `line_date` = '2017-02-13' LIMIT 1   [ RunTime:0.0003s ]
SQL: SELECT `id`,`adult_price`,`child_price`,`single_room`,`status` FROM `mmm_line_date` WHERE `lineid` = 3 AND `line_date` = '2017-02-14' LIMIT 1   [ RunTime:0.0003s ]
SQL: SELECT `id`,`adult_price`,`child_price`,`single_room`,`status` FROM `mmm_line_date` WHERE `lineid` = 3 AND `line_date` = '2017-02-15' LIMIT 1   [ RunTime:0.0003s ]
SQL: SELECT `id`,`adult_price`,`child_price`,`single_room`,`status` FROM `mmm_line_date` WHERE `lineid` = 3 AND `line_date` = '2017-02-16' LIMIT 1   [ RunTime:0.0002s ]
SQL: SELECT `id`,`adult_price`,`child_price`,`single_room`,`status` FROM `mmm_line_date` WHERE `lineid` = 3 AND `line_date` = '2017-02-17' LIMIT 1   [ RunTime:0.0002s ]
SQL: SELECT `id`,`adult_price`,`child_price`,`single_room`,`status` FROM `mmm_line_date` WHERE `lineid` = 3 AND `line_date` = '2017-02-18' LIMIT 1   [ RunTime:0.0002s ]
SQL: SELECT `id`,`adult_price`,`child_price`,`single_room`,`status` FROM `mmm_line_date` WHERE `lineid` = 3 AND `line_date` = '2017-02-19' LIMIT 1   [ RunTime:0.0002s ]
SQL: SELECT `id`,`adult_price`,`child_price`,`single_room`,`status` FROM `mmm_line_date` WHERE `lineid` = 3 AND `line_date` = '2017-02-20' LIMIT 1   [ RunTime:0.0002s ]
SQL: SELECT `id`,`adult_price`,`child_price`,`single_room`,`status` FROM `mmm_line_date` WHERE `lineid` = 3 AND `line_date` = '2017-02-21' LIMIT 1   [ RunTime:0.0002s ]
SQL: SELECT `id`,`adult_price`,`child_price`,`single_room`,`status` FROM `mmm_line_date` WHERE `lineid` = 3 AND `line_date` = '2017-02-22' LIMIT 1   [ RunTime:0.0002s ]
SQL: SELECT `id`,`adult_price`,`child_price`,`single_room`,`status` FROM `mmm_line_date` WHERE `lineid` = 3 AND `line_date` = '2017-02-23' LIMIT 1   [ RunTime:0.0002s ]
SQL: SELECT `id`,`adult_price`,`child_price`,`single_room`,`status` FROM `mmm_line_date` WHERE `lineid` = 3 AND `line_date` = '2017-02-24' LIMIT 1   [ RunTime:0.0002s ]
SQL: SELECT `id`,`adult_price`,`child_price`,`single_room`,`status` FROM `mmm_line_date` WHERE `lineid` = 3 AND `line_date` = '2017-02-25' LIMIT 1   [ RunTime:0.0002s ]
SQL: SELECT `id`,`adult_price`,`child_price`,`single_room`,`status` FROM `mmm_line_date` WHERE `lineid` = 3 AND `line_date` = '2017-02-26' LIMIT 1   [ RunTime:0.0002s ]
SQL: SELECT `id`,`adult_price`,`child_price`,`single_room`,`status` FROM `mmm_line_date` WHERE `lineid` = 3 AND `line_date` = '2017-02-27' LIMIT 1   [ RunTime:0.0002s ]
SQL: SELECT `id`,`adult_price`,`child_price`,`single_room`,`status` FROM `mmm_line_date` WHERE `lineid` = 3 AND `line_date` = '2017-02-28' LIMIT 1   [ RunTime:0.0002s ]

[ 2017-02-09T14:08:36+08:00 ] 127.0.0.1 /Admin/Line/get_price?month=2017-03&id=3
INFO: [ app_init ] --START--
INFO: Run Behavior\BuildLiteBehavior [ RunTime:0.000034s ]
INFO: [ app_init ] --END-- [ RunTime:0.000488s ]
INFO: [ app_begin ] --START--
INFO: Run Behavior\ReadHtmlCacheBehavior [ RunTime:0.000706s ]
INFO: [ app_begin ] --END-- [ RunTime:0.000857s ]
NOTIC: [2048] Declaration of Admin\Model\LineDateModel::getInstance() should be compatible with Think\Single::getInstance($class) E:\wamp\www\test\Application\Admin\Model\LineDateModel.class.php 第 12 行.
SQL: SHOW COLUMNS FROM `mmm_line_date` [ RunTime:0.0273s ]
SQL: SELECT `id`,`adult_price`,`child_price`,`single_room`,`status` FROM `mmm_line_date` WHERE `lineid` = 3 AND `line_date` = '2017-03-01' LIMIT 1   [ RunTime:0.0003s ]
SQL: SELECT `id`,`adult_price`,`child_price`,`single_room`,`status` FROM `mmm_line_date` WHERE `lineid` = 3 AND `line_date` = '2017-03-02' LIMIT 1   [ RunTime:0.0002s ]
SQL: SELECT `id`,`adult_price`,`child_price`,`single_room`,`status` FROM `mmm_line_date` WHERE `lineid` = 3 AND `line_date` = '2017-03-03' LIMIT 1   [ RunTime:0.0002s ]
SQL: SELECT `id`,`adult_price`,`child_price`,`single_room`,`status` FROM `mmm_line_date` WHERE `lineid` = 3 AND `line_date` = '2017-03-04' LIMIT 1   [ RunTime:0.0002s ]
SQL: SELECT `id`,`adult_price`,`child_price`,`single_room`,`status` FROM `mmm_line_date` WHERE `lineid` = 3 AND `line_date` = '2017-03-05' LIMIT 1   [ RunTime:0.0002s ]
SQL: SELECT `id`,`adult_price`,`child_price`,`single_room`,`status` FROM `mmm_line_date` WHERE `lineid` = 3 AND `line_date` = '2017-03-06' LIMIT 1   [ RunTime:0.0002s ]
SQL: SELECT `id`,`adult_price`,`child_price`,`single_room`,`status` FROM `mmm_line_date` WHERE `lineid` = 3 AND `line_date` = '2017-03-07' LIMIT 1   [ RunTime:0.0002s ]
SQL: SELECT `id`,`adult_price`,`child_price`,`single_room`,`status` FROM `mmm_line_date` WHERE `lineid` = 3 AND `line_date` = '2017-03-08' LIMIT 1   [ RunTime:0.0002s ]
SQL: SELECT `id`,`adult_price`,`child_price`,`single_room`,`status` FROM `mmm_line_date` WHERE `lineid` = 3 AND `line_date` = '2017-03-09' LIMIT 1   [ RunTime:0.0002s ]
SQL: SELECT `id`,`adult_price`,`child_price`,`single_room`,`status` FROM `mmm_line_date` WHERE `lineid` = 3 AND `line_date` = '2017-03-10' LIMIT 1   [ RunTime:0.0002s ]
SQL: SELECT `id`,`adult_price`,`child_price`,`single_room`,`status` FROM `mmm_line_date` WHERE `lineid` = 3 AND `line_date` = '2017-03-11' LIMIT 1   [ RunTime:0.0002s ]
SQL: SELECT `id`,`adult_price`,`child_price`,`single_room`,`status` FROM `mmm_line_date` WHERE `lineid` = 3 AND `line_date` = '2017-03-12' LIMIT 1   [ RunTime:0.0002s ]
SQL: SELECT `id`,`adult_price`,`child_price`,`single_room`,`status` FROM `mmm_line_date` WHERE `lineid` = 3 AND `line_date` = '2017-03-13' LIMIT 1   [ RunTime:0.0002s ]
SQL: SELECT `id`,`adult_price`,`child_price`,`single_room`,`status` FROM `mmm_line_date` WHERE `lineid` = 3 AND `line_date` = '2017-03-14' LIMIT 1   [ RunTime:0.0002s ]
SQL: SELECT `id`,`adult_price`,`child_price`,`single_room`,`status` FROM `mmm_line_date` WHERE `lineid` = 3 AND `line_date` = '2017-03-15' LIMIT 1   [ RunTime:0.0002s ]
SQL: SELECT `id`,`adult_price`,`child_price`,`single_room`,`status` FROM `mmm_line_date` WHERE `lineid` = 3 AND `line_date` = '2017-03-16' LIMIT 1   [ RunTime:0.0002s ]
SQL: SELECT `id`,`adult_price`,`child_price`,`single_room`,`status` FROM `mmm_line_date` WHERE `lineid` = 3 AND `line_date` = '2017-03-17' LIMIT 1   [ RunTime:0.0002s ]
SQL: SELECT `id`,`adult_price`,`child_price`,`single_room`,`status` FROM `mmm_line_date` WHERE `lineid` = 3 AND `line_date` = '2017-03-18' LIMIT 1   [ RunTime:0.0002s ]
SQL: SELECT `id`,`adult_price`,`child_price`,`single_room`,`status` FROM `mmm_line_date` WHERE `lineid` = 3 AND `line_date` = '2017-03-19' LIMIT 1   [ RunTime:0.0002s ]
SQL: SELECT `id`,`adult_price`,`child_price`,`single_room`,`status` FROM `mmm_line_date` WHERE `lineid` = 3 AND `line_date` = '2017-03-20' LIMIT 1   [ RunTime:0.0002s ]
SQL: SELECT `id`,`adult_price`,`child_price`,`single_room`,`status` FROM `mmm_line_date` WHERE `lineid` = 3 AND `line_date` = '2017-03-21' LIMIT 1   [ RunTime:0.0002s ]
SQL: SELECT `id`,`adult_price`,`child_price`,`single_room`,`status` FROM `mmm_line_date` WHERE `lineid` = 3 AND `line_date` = '2017-03-22' LIMIT 1   [ RunTime:0.0002s ]
SQL: SELECT `id`,`adult_price`,`child_price`,`single_room`,`status` FROM `mmm_line_date` WHERE `lineid` = 3 AND `line_date` = '2017-03-23' LIMIT 1   [ RunTime:0.0002s ]
SQL: SELECT `id`,`adult_price`,`child_price`,`single_room`,`status` FROM `mmm_line_date` WHERE `lineid` = 3 AND `line_date` = '2017-03-24' LIMIT 1   [ RunTime:0.0002s ]
SQL: SELECT `id`,`adult_price`,`child_price`,`single_room`,`status` FROM `mmm_line_date` WHERE `lineid` = 3 AND `line_date` = '2017-03-25' LIMIT 1   [ RunTime:0.0002s ]
SQL: SELECT `id`,`adult_price`,`child_price`,`single_room`,`status` FROM `mmm_line_date` WHERE `lineid` = 3 AND `line_date` = '2017-03-26' LIMIT 1   [ RunTime:0.0003s ]
SQL: SELECT `id`,`adult_price`,`child_price`,`single_room`,`status` FROM `mmm_line_date` WHERE `lineid` = 3 AND `line_date` = '2017-03-27' LIMIT 1   [ RunTime:0.0003s ]
SQL: SELECT `id`,`adult_price`,`child_price`,`single_room`,`status` FROM `mmm_line_date` WHERE `lineid` = 3 AND `line_date` = '2017-03-28' LIMIT 1   [ RunTime:0.0002s ]
SQL: SELECT `id`,`adult_price`,`child_price`,`single_room`,`status` FROM `mmm_line_date` WHERE `lineid` = 3 AND `line_date` = '2017-03-29' LIMIT 1   [ RunTime:0.0003s ]
SQL: SELECT `id`,`adult_price`,`child_price`,`single_room`,`status` FROM `mmm_line_date` WHERE `lineid` = 3 AND `line_date` = '2017-03-30' LIMIT 1   [ RunTime:0.0002s ]
SQL: SELECT `id`,`adult_price`,`child_price`,`single_room`,`status` FROM `mmm_line_date` WHERE `lineid` = 3 AND `line_date` = '2017-03-31' LIMIT 1   [ RunTime:0.0002s ]

[ 2017-02-09T14:08:40+08:00 ] 127.0.0.1 /Admin/Line/get_price?month=2017-04&id=3
INFO: [ app_init ] --START--
INFO: Run Behavior\BuildLiteBehavior [ RunTime:0.000036s ]
INFO: [ app_init ] --END-- [ RunTime:0.000569s ]
INFO: [ app_begin ] --START--
INFO: Run Behavior\ReadHtmlCacheBehavior [ RunTime:0.000697s ]
INFO: [ app_begin ] --END-- [ RunTime:0.000843s ]
NOTIC: [2048] Declaration of Admin\Model\LineDateModel::getInstance() should be compatible with Think\Single::getInstance($class) E:\wamp\www\test\Application\Admin\Model\LineDateModel.class.php 第 12 行.
SQL: SHOW COLUMNS FROM `mmm_line_date` [ RunTime:0.0114s ]
SQL: SELECT `id`,`adult_price`,`child_price`,`single_room`,`status` FROM `mmm_line_date` WHERE `lineid` = 3 AND `line_date` = '2017-04-01' LIMIT 1   [ RunTime:0.0004s ]
SQL: SELECT `id`,`adult_price`,`child_price`,`single_room`,`status` FROM `mmm_line_date` WHERE `lineid` = 3 AND `line_date` = '2017-04-02' LIMIT 1   [ RunTime:0.0002s ]
SQL: SELECT `id`,`adult_price`,`child_price`,`single_room`,`status` FROM `mmm_line_date` WHERE `lineid` = 3 AND `line_date` = '2017-04-03' LIMIT 1   [ RunTime:0.0004s ]
SQL: SELECT `id`,`adult_price`,`child_price`,`single_room`,`status` FROM `mmm_line_date` WHERE `lineid` = 3 AND `line_date` = '2017-04-04' LIMIT 1   [ RunTime:0.0002s ]
SQL: SELECT `id`,`adult_price`,`child_price`,`single_room`,`status` FROM `mmm_line_date` WHERE `lineid` = 3 AND `line_date` = '2017-04-05' LIMIT 1   [ RunTime:0.0002s ]
SQL: SELECT `id`,`adult_price`,`child_price`,`single_room`,`status` FROM `mmm_line_date` WHERE `lineid` = 3 AND `line_date` = '2017-04-06' LIMIT 1   [ RunTime:0.0002s ]
SQL: SELECT `id`,`adult_price`,`child_price`,`single_room`,`status` FROM `mmm_line_date` WHERE `lineid` = 3 AND `line_date` = '2017-04-07' LIMIT 1   [ RunTime:0.0006s ]
SQL: SELECT `id`,`adult_price`,`child_price`,`single_room`,`status` FROM `mmm_line_date` WHERE `lineid` = 3 AND `line_date` = '2017-04-08' LIMIT 1   [ RunTime:0.0003s ]
SQL: SELECT `id`,`adult_price`,`child_price`,`single_room`,`status` FROM `mmm_line_date` WHERE `lineid` = 3 AND `line_date` = '2017-04-09' LIMIT 1   [ RunTime:0.0002s ]
SQL: SELECT `id`,`adult_price`,`child_price`,`single_room`,`status` FROM `mmm_line_date` WHERE `lineid` = 3 AND `line_date` = '2017-04-10' LIMIT 1   [ RunTime:0.0003s ]
SQL: SELECT `id`,`adult_price`,`child_price`,`single_room`,`status` FROM `mmm_line_date` WHERE `lineid` = 3 AND `line_date` = '2017-04-11' LIMIT 1   [ RunTime:0.0003s ]
SQL: SELECT `id`,`adult_price`,`child_price`,`single_room`,`status` FROM `mmm_line_date` WHERE `lineid` = 3 AND `line_date` = '2017-04-12' LIMIT 1   [ RunTime:0.0002s ]
SQL: SELECT `id`,`adult_price`,`child_price`,`single_room`,`status` FROM `mmm_line_date` WHERE `lineid` = 3 AND `line_date` = '2017-04-13' LIMIT 1   [ RunTime:0.0002s ]
SQL: SELECT `id`,`adult_price`,`child_price`,`single_room`,`status` FROM `mmm_line_date` WHERE `lineid` = 3 AND `line_date` = '2017-04-14' LIMIT 1   [ RunTime:0.0004s ]
SQL: SELECT `id`,`adult_price`,`child_price`,`single_room`,`status` FROM `mmm_line_date` WHERE `lineid` = 3 AND `line_date` = '2017-04-15' LIMIT 1   [ RunTime:0.0003s ]
SQL: SELECT `id`,`adult_price`,`child_price`,`single_room`,`status` FROM `mmm_line_date` WHERE `lineid` = 3 AND `line_date` = '2017-04-16' LIMIT 1   [ RunTime:0.0002s ]
SQL: SELECT `id`,`adult_price`,`child_price`,`single_room`,`status` FROM `mmm_line_date` WHERE `lineid` = 3 AND `line_date` = '2017-04-17' LIMIT 1   [ RunTime:0.0005s ]
SQL: SELECT `id`,`adult_price`,`child_price`,`single_room`,`status` FROM `mmm_line_date` WHERE `lineid` = 3 AND `line_date` = '2017-04-18' LIMIT 1   [ RunTime:0.0002s ]
SQL: SELECT `id`,`adult_price`,`child_price`,`single_room`,`status` FROM `mmm_line_date` WHERE `lineid` = 3 AND `line_date` = '2017-04-19' LIMIT 1   [ RunTime:0.0002s ]
SQL: SELECT `id`,`adult_price`,`child_price`,`single_room`,`status` FROM `mmm_line_date` WHERE `lineid` = 3 AND `line_date` = '2017-04-20' LIMIT 1   [ RunTime:0.0002s ]
SQL: SELECT `id`,`adult_price`,`child_price`,`single_room`,`status` FROM `mmm_line_date` WHERE `lineid` = 3 AND `line_date` = '2017-04-21' LIMIT 1   [ RunTime:0.0002s ]
SQL: SELECT `id`,`adult_price`,`child_price`,`single_room`,`status` FROM `mmm_line_date` WHERE `lineid` = 3 AND `line_date` = '2017-04-22' LIMIT 1   [ RunTime:0.0002s ]
SQL: SELECT `id`,`adult_price`,`child_price`,`single_room`,`status` FROM `mmm_line_date` WHERE `lineid` = 3 AND `line_date` = '2017-04-23' LIMIT 1   [ RunTime:0.0002s ]
SQL: SELECT `id`,`adult_price`,`child_price`,`single_room`,`status` FROM `mmm_line_date` WHERE `lineid` = 3 AND `line_date` = '2017-04-24' LIMIT 1   [ RunTime:0.0002s ]
SQL: SELECT `id`,`adult_price`,`child_price`,`single_room`,`status` FROM `mmm_line_date` WHERE `lineid` = 3 AND `line_date` = '2017-04-25' LIMIT 1   [ RunTime:0.0002s ]
SQL: SELECT `id`,`adult_price`,`child_price`,`single_room`,`status` FROM `mmm_line_date` WHERE `lineid` = 3 AND `line_date` = '2017-04-26' LIMIT 1   [ RunTime:0.0002s ]
SQL: SELECT `id`,`adult_price`,`child_price`,`single_room`,`status` FROM `mmm_line_date` WHERE `lineid` = 3 AND `line_date` = '2017-04-27' LIMIT 1   [ RunTime:0.0002s ]
SQL: SELECT `id`,`adult_price`,`child_price`,`single_room`,`status` FROM `mmm_line_date` WHERE `lineid` = 3 AND `line_date` = '2017-04-28' LIMIT 1   [ RunTime:0.0003s ]
SQL: SELECT `id`,`adult_price`,`child_price`,`single_room`,`status` FROM `mmm_line_date` WHERE `lineid` = 3 AND `line_date` = '2017-04-29' LIMIT 1   [ RunTime:0.0002s ]
SQL: SELECT `id`,`adult_price`,`child_price`,`single_room`,`status` FROM `mmm_line_date` WHERE `lineid` = 3 AND `line_date` = '2017-04-30' LIMIT 1   [ RunTime:0.0002s ]

