[ 2017-03-04T11:33:05+08:00 ] 163.125.54.88 /admin/index/index
INFO: [ app_init ] --START--
INFO: Run Behavior\BuildLiteBehavior [ RunTime:0.000023s ]
INFO: [ app_init ] --END-- [ RunTime:0.000409s ]
INFO: [ app_begin ] --START--
INFO: Run Behavior\ReadHtmlCacheBehavior [ RunTime:0.000512s ]
INFO: [ app_begin ] --END-- [ RunTime:0.000591s ]
SQL: SHOW COLUMNS FROM `mmm_menu` [ RunTime:0.0011s ]
SQL: SELECT * FROM `mmm_menu` WHERE `pid` = 0 AND `type` = 1 AND `isshow` = 1 AND `deep` = 1 ORDER BY orderid asc  [ RunTime:0.0007s ]
NOTIC: [2048] Declaration of Admin\Model\AdminDepaModel::getInstance() should be compatible with Think\Single::getInstance($class) /data/home/hyu2594430001/htdocs/Application/Admin/Model/AdminDepaModel.class.php 第 30 行.
SQL: SHOW COLUMNS FROM `mmm_employee_depa` [ RunTime:0.0007s ]
SQL: SELECT `rules` FROM `mmm_employee_depa` WHERE `id` = null LIMIT 1   [ RunTime:0.0003s ]
INFO: [ view_parse ] --START--
INFO: [ template_filter ] --START--
INFO: Run Behavior\ContentReplaceBehavior [ RunTime:0.000070s ]
INFO: [ template_filter ] --END-- [ RunTime:0.000132s ]
INFO: Run Behavior\ParseTemplateBehavior [ RunTime:0.005967s ]
INFO: [ view_parse ] --END-- [ RunTime:0.006018s ]
INFO: [ view_filter ] --START--
INFO: Run Behavior\WriteHtmlCacheBehavior [ RunTime:0.000218s ]
INFO: [ view_filter ] --END-- [ RunTime:0.000255s ]
NOTIC: [2] Cannot modify header information - headers already sent by (output started at /data/home/hyu2594430001/htdocs/Application/Admin/Controller/CommonController.class.php:52) /data/home/hyu2594430001/htdocs/ThinkPHP/Library/Think/View.class.php 第 91 行.
NOTIC: [2] Cannot modify header information - headers already sent by (output started at /data/home/hyu2594430001/htdocs/Application/Admin/Controller/CommonController.class.php:52) /data/home/hyu2594430001/htdocs/ThinkPHP/Library/Think/View.class.php 第 92 行.
NOTIC: [2] Cannot modify header information - headers already sent by (output started at /data/home/hyu2594430001/htdocs/Application/Admin/Controller/CommonController.class.php:52) /data/home/hyu2594430001/htdocs/ThinkPHP/Library/Think/View.class.php 第 93 行.

[ 2017-03-04T11:33:05+08:00 ] 163.125.54.88 /Admin/Index/login
INFO: [ app_init ] --START--
INFO: Run Behavior\BuildLiteBehavior [ RunTime:0.000021s ]
INFO: [ app_init ] --END-- [ RunTime:0.000394s ]
INFO: [ app_begin ] --START--
INFO: Run Behavior\ReadHtmlCacheBehavior [ RunTime:0.000509s ]
INFO: [ app_begin ] --END-- [ RunTime:0.000562s ]
INFO: [ view_parse ] --START--
INFO: [ template_filter ] --START--
INFO: Run Behavior\ContentReplaceBehavior [ RunTime:0.000057s ]
INFO: [ template_filter ] --END-- [ RunTime:0.000119s ]
INFO: Run Behavior\ParseTemplateBehavior [ RunTime:0.012135s ]
INFO: [ view_parse ] --END-- [ RunTime:0.012186s ]
INFO: [ view_filter ] --START--
INFO: Run Behavior\WriteHtmlCacheBehavior [ RunTime:0.000200s ]
INFO: [ view_filter ] --END-- [ RunTime:0.000237s ]
INFO: [ app_end ] --START--
INFO: Run Behavior\ShowPageTraceBehavior [ RunTime:0.000507s ]
INFO: [ app_end ] --END-- [ RunTime:0.000555s ]

[ 2017-03-04T11:33:07+08:00 ] 163.125.54.88 /index.php/Admin/Index/dologin
INFO: [ app_init ] --START--
INFO: Run Behavior\BuildLiteBehavior [ RunTime:0.000019s ]
INFO: [ app_init ] --END-- [ RunTime:0.000378s ]
INFO: [ app_begin ] --START--
INFO: Run Behavior\ReadHtmlCacheBehavior [ RunTime:0.000448s ]
INFO: [ app_begin ] --END-- [ RunTime:0.000501s ]
NOTIC: [2048] Declaration of Admin\Model\AdminModel::getInstance() should be compatible with Think\Single::getInstance($class) /data/home/hyu2594430001/htdocs/Application/Admin/Model/AdminModel.class.php 第 7 行.
SQL: SELECT `id`,`name`,`phone`,`password`,`department`,`qq`,`weixin`,`email`,`sex`,`nativeplace`,`address`,`entrytime`,`status`,`addtime`,`note`,`is_del`,`loginip`,`lastlogintime` FROM `mmm_employee` WHERE `phone` = '13425157494' AND `is_del` = 0 AND `status` = 0 LIMIT 1   [ RunTime:0.0009s ]
NOTIC: [8] A session had already been started - ignoring session_start() /data/home/hyu2594430001/htdocs/ThinkPHP/Common/functions.php 第 1263 行.
SQL: UPDATE `mmm_employee` SET `loginip`='163.125.54.88',`lastlogintime`='2017-03-04 11:33:07' WHERE `id` = '6' [ RunTime:0.0003s ]
INFO: [ view_parse ] --START--
INFO: [ template_filter ] --START--
INFO: Run Behavior\ContentReplaceBehavior [ RunTime:0.000052s ]
INFO: [ template_filter ] --END-- [ RunTime:0.000125s ]
INFO: Run Behavior\ParseTemplateBehavior [ RunTime:0.005955s ]
INFO: [ view_parse ] --END-- [ RunTime:0.006013s ]
INFO: [ view_filter ] --START--
INFO: Run Behavior\WriteHtmlCacheBehavior [ RunTime:0.000258s ]
INFO: [ view_filter ] --END-- [ RunTime:0.000296s ]
INFO: [ app_end ] --START--
INFO: Run Behavior\ShowPageTraceBehavior [ RunTime:0.000556s ]
INFO: [ app_end ] --END-- [ RunTime:0.000607s ]

[ 2017-03-04T11:33:11+08:00 ] 163.125.54.88 /admin/index/index
INFO: [ app_init ] --START--
INFO: Run Behavior\BuildLiteBehavior [ RunTime:0.000019s ]
INFO: [ app_init ] --END-- [ RunTime:0.000406s ]
INFO: [ app_begin ] --START--
INFO: Run Behavior\ReadHtmlCacheBehavior [ RunTime:0.000472s ]
INFO: [ app_begin ] --END-- [ RunTime:0.000526s ]
SQL: SHOW COLUMNS FROM `mmm_menu` [ RunTime:0.0010s ]
SQL: SELECT * FROM `mmm_menu` WHERE `pid` = 0 AND `type` = 1 AND `isshow` = 1 AND `deep` = 1 ORDER BY orderid asc  [ RunTime:0.0003s ]
NOTIC: [2048] Declaration of Admin\Model\AdminDepaModel::getInstance() should be compatible with Think\Single::getInstance($class) /data/home/hyu2594430001/htdocs/Application/Admin/Model/AdminDepaModel.class.php 第 30 行.
SQL: SHOW COLUMNS FROM `mmm_employee_depa` [ RunTime:0.0006s ]
SQL: SELECT `rules` FROM `mmm_employee_depa` WHERE `id` = 3 LIMIT 1   [ RunTime:0.0006s ]
SQL: SELECT * FROM `mmm_menu` WHERE `pid` = 15 AND `type` = 1 AND `isshow` = 1 AND `deep` = 2 ORDER BY orderid asc  [ RunTime:0.0005s ]
SQL: SELECT * FROM `mmm_menu` WHERE `pid` = 8 AND `type` = 1 AND `isshow` = 1 AND `deep` = 2 ORDER BY orderid asc  [ RunTime:0.0004s ]
SQL: SELECT * FROM `mmm_menu` WHERE `pid` = 13 AND `type` = 1 AND `isshow` = 1 AND `deep` = 2 ORDER BY orderid asc  [ RunTime:0.0004s ]
SQL: SELECT * FROM `mmm_menu` WHERE `pid` = 2 AND `type` = 1 AND `isshow` = 1 AND `deep` = 2 ORDER BY orderid asc  [ RunTime:0.0004s ]
SQL: SELECT * FROM `mmm_menu` WHERE `pid` = 1 AND `type` = 1 AND `isshow` = 1 AND `deep` = 2 ORDER BY orderid asc  [ RunTime:0.0004s ]
SQL: SELECT * FROM `mmm_menu` WHERE `pid` = 14 AND `type` = 1 AND `isshow` = 1 AND `deep` = 2 ORDER BY orderid asc  [ RunTime:0.0004s ]
SQL: SELECT * FROM `mmm_menu` WHERE `pid` = 23 AND `type` = 1 AND `isshow` = 1 AND `deep` = 2 ORDER BY orderid asc  [ RunTime:0.0004s ]
SQL: SELECT * FROM `mmm_menu` WHERE `pid` = 17 AND `type` = 1 AND `isshow` = 1 AND `deep` = 2 ORDER BY orderid asc  [ RunTime:0.0004s ]
INFO: [ view_parse ] --START--
INFO: [ template_filter ] --START--
INFO: Run Behavior\ContentReplaceBehavior [ RunTime:0.000070s ]
INFO: [ template_filter ] --END-- [ RunTime:0.000127s ]
INFO: Run Behavior\ParseTemplateBehavior [ RunTime:0.010346s ]
INFO: [ view_parse ] --END-- [ RunTime:0.010405s ]
INFO: [ view_filter ] --START--
INFO: Run Behavior\WriteHtmlCacheBehavior [ RunTime:0.000200s ]
INFO: [ view_filter ] --END-- [ RunTime:0.000238s ]
INFO: [ app_end ] --START--
INFO: Run Behavior\ShowPageTraceBehavior [ RunTime:0.000505s ]
INFO: [ app_end ] --END-- [ RunTime:0.000555s ]

[ 2017-03-04T11:33:11+08:00 ] 163.125.54.88 /admin/index/welcome.html
INFO: [ app_init ] --START--
INFO: Run Behavior\BuildLiteBehavior [ RunTime:0.000021s ]
INFO: [ app_init ] --END-- [ RunTime:0.000435s ]
INFO: [ app_begin ] --START--
INFO: Run Behavior\ReadHtmlCacheBehavior [ RunTime:0.000466s ]
INFO: [ app_begin ] --END-- [ RunTime:0.000520s ]
INFO: [ view_parse ] --START--
INFO: [ template_filter ] --START--
INFO: Run Behavior\ContentReplaceBehavior [ RunTime:0.000050s ]
INFO: [ template_filter ] --END-- [ RunTime:0.000110s ]
INFO: Run Behavior\ParseTemplateBehavior [ RunTime:0.007944s ]
INFO: [ view_parse ] --END-- [ RunTime:0.007993s ]
INFO: [ view_filter ] --START--
INFO: Run Behavior\WriteHtmlCacheBehavior [ RunTime:0.000199s ]
INFO: [ view_filter ] --END-- [ RunTime:0.000235s ]
INFO: [ app_end ] --START--
INFO: Run Behavior\ShowPageTraceBehavior [ RunTime:0.000533s ]
INFO: [ app_end ] --END-- [ RunTime:0.000582s ]

