[ 2017-01-07T00:02:52+08:00 ] 127.0.0.1 /admin/line/linelist?type=2
INFO: [ app_init ] --START--
INFO: Run Behavior\BuildLiteBehavior [ RunTime:0.000000s ]
INFO: [ app_init ] --END-- [ RunTime:0.000000s ]
INFO: [ app_begin ] --START--
INFO: Run Behavior\ReadHtmlCacheBehavior [ RunTime:0.001000s ]
INFO: [ app_begin ] --END-- [ RunTime:0.001000s ]
NOTIC: [2048] Declaration of Admin\Model\LineModel::getInstance() should be compatible with Think\Single::getInstance($class) E:\wamp\www\test\Application\Admin\Model\LineModel.class.php 第 12 行.
SQL: SHOW COLUMNS FROM `mmm_line` [ RunTime:0.0020s ]
SQL: SELECT `des` FROM `mmm_line` WHERE `des_type` = 2 AND `status` <> 4  [ RunTime:0.0010s ]
NOTIC: [2048] Declaration of Admin\Model\PlaceModel::getInstance() should be compatible with Think\Single::getInstance($class) E:\wamp\www\test\Application\Admin\Model\PlaceModel.class.php 第 61 行.
SQL: SHOW COLUMNS FROM `mmm_line_place` [ RunTime:0.0010s ]
SQL: SELECT `name` FROM `mmm_line_place` WHERE `id` = 47 LIMIT 1   [ RunTime:0.0000s ]
SQL: SELECT `name` FROM `mmm_line_place` WHERE `id` = 34 LIMIT 1   [ RunTime:0.0000s ]
NOTIC: [2048] Declaration of Admin\Model\AdminModel::getInstance() should be compatible with Think\Single::getInstance($class) E:\wamp\www\test\Application\Admin\Model\AdminModel.class.php 第 60 行.
SQL: SELECT `id`,`name` FROM `mmm_employee` WHERE `department` = 1 AND `status` = 0 AND `is_del` = 0  [ RunTime:0.0010s ]
SQL: SELECT o.sid FROM mmm_line l LEFT JOIN mmm_supplier_op AS o ON o.id = l.supplier_op  WHERE `des_type` = '2' AND `status` <> 4 GROUP BY o.sid  [ RunTime:0.0000s ]
NOTIC: [2048] Declaration of Admin\Model\SupplierModel::getInstance() should be compatible with Think\Single::getInstance($class) E:\wamp\www\test\Application\Admin\Model\SupplierModel.class.php 第 25 行.
SQL: SHOW COLUMNS FROM `mmm_supplier` [ RunTime:0.0010s ]
SQL: SELECT `id`,`company_name` FROM `mmm_supplier` WHERE `id` = 2 LIMIT 1   [ RunTime:0.0010s ]
SQL: SELECT COUNT(*) AS tp_count FROM mmm_line l LEFT JOIN mmm_supplier_op AS o ON o.id = l.supplier_op LEFT JOIN mmm_supplier AS s ON s.id = o.sid LEFT JOIN mmm_employee AS e ON e.id = l.counselor  WHERE l.des_type = '2' LIMIT 1   [ RunTime:0.0000s ]
SQL: SELECT l.id,l.line_type,l.title,l.day_num,l.start_palce,l.des,e.name AS op,o.name AS sop,l.status,l.supplier_title,s.company_name FROM mmm_line l LEFT JOIN mmm_supplier_op AS o ON o.id = l.supplier_op LEFT JOIN mmm_supplier AS s ON s.id = o.sid LEFT JOIN mmm_employee AS e ON e.id = l.counselor  WHERE l.des_type = '2' ORDER BY l.edittime DESC,l.id DESC LIMIT 0,10   [ RunTime:0.0010s ]
SQL: SELECT `name` FROM `mmm_line_place` WHERE `id` = 7 LIMIT 1   [ RunTime:0.0000s ]
SQL: SELECT `name` FROM `mmm_line_place` WHERE `id` = 34 LIMIT 1   [ RunTime:0.0000s ]
SQL: SELECT `name` FROM `mmm_line_place` WHERE `id` = 7 LIMIT 1   [ RunTime:0.0000s ]
SQL: SELECT `name` FROM `mmm_line_place` WHERE `id` = 47 LIMIT 1   [ RunTime:0.0000s ]
INFO: [ view_parse ] --START--
INFO: [ template_filter ] --START--
INFO: Run Behavior\ContentReplaceBehavior [ RunTime:0.000000s ]
INFO: [ template_filter ] --END-- [ RunTime:0.000000s ]
NOTIC: [8] Undefined variable: lineid E:\wamp\www\test\Application\Runtime\Cache\Admin\002f0672dce916b694cf50bf67bfa04a.php 第 45 行.
NOTIC: [8] Undefined variable: line_type E:\wamp\www\test\Application\Runtime\Cache\Admin\002f0672dce916b694cf50bf67bfa04a.php 第 50 行.
NOTIC: [8] Undefined variable: line_type E:\wamp\www\test\Application\Runtime\Cache\Admin\002f0672dce916b694cf50bf67bfa04a.php 第 51 行.
NOTIC: [8] Undefined variable: desid E:\wamp\www\test\Application\Runtime\Cache\Admin\002f0672dce916b694cf50bf67bfa04a.php 第 56 行.
NOTIC: [8] Undefined variable: desid E:\wamp\www\test\Application\Runtime\Cache\Admin\002f0672dce916b694cf50bf67bfa04a.php 第 56 行.
NOTIC: [8] Undefined variable: status E:\wamp\www\test\Application\Runtime\Cache\Admin\002f0672dce916b694cf50bf67bfa04a.php 第 61 行.
NOTIC: [8] Undefined variable: status E:\wamp\www\test\Application\Runtime\Cache\Admin\002f0672dce916b694cf50bf67bfa04a.php 第 62 行.
NOTIC: [8] Undefined variable: status E:\wamp\www\test\Application\Runtime\Cache\Admin\002f0672dce916b694cf50bf67bfa04a.php 第 63 行.
NOTIC: [8] Undefined variable: day_num E:\wamp\www\test\Application\Runtime\Cache\Admin\002f0672dce916b694cf50bf67bfa04a.php 第 68 行.
NOTIC: [8] Undefined variable: title E:\wamp\www\test\Application\Runtime\Cache\Admin\002f0672dce916b694cf50bf67bfa04a.php 第 70 行.
NOTIC: [8] Undefined variable: counselor E:\wamp\www\test\Application\Runtime\Cache\Admin\002f0672dce916b694cf50bf67bfa04a.php 第 75 行.
NOTIC: [8] Undefined variable: counselor E:\wamp\www\test\Application\Runtime\Cache\Admin\002f0672dce916b694cf50bf67bfa04a.php 第 75 行.
NOTIC: [8] Undefined variable: counselor E:\wamp\www\test\Application\Runtime\Cache\Admin\002f0672dce916b694cf50bf67bfa04a.php 第 75 行.
NOTIC: [8] Undefined variable: supplierid E:\wamp\www\test\Application\Runtime\Cache\Admin\002f0672dce916b694cf50bf67bfa04a.php 第 81 行.
INFO: Run Behavior\ParseTemplateBehavior [ RunTime:0.016001s ]
INFO: [ view_parse ] --END-- [ RunTime:0.016001s ]
INFO: [ view_filter ] --START--
INFO: Run Behavior\WriteHtmlCacheBehavior [ RunTime:0.000000s ]
INFO: [ view_filter ] --END-- [ RunTime:0.001000s ]
INFO: [ app_end ] --START--
INFO: Run Behavior\ShowPageTraceBehavior [ RunTime:0.000000s ]
INFO: [ app_end ] --END-- [ RunTime:0.001000s ]

[ 2017-01-07T00:02:54+08:00 ] 127.0.0.1 /Admin/Line/editline/id/5
INFO: [ app_init ] --START--
INFO: Run Behavior\BuildLiteBehavior [ RunTime:0.000000s ]
INFO: [ app_init ] --END-- [ RunTime:0.001000s ]
INFO: [ app_begin ] --START--
INFO: Run Behavior\ReadHtmlCacheBehavior [ RunTime:0.001000s ]
INFO: [ app_begin ] --END-- [ RunTime:0.001000s ]
NOTIC: [2048] Declaration of Admin\Model\LineLabelModel::getInstance() should be compatible with Think\Single::getInstance($class) E:\wamp\www\test\Application\Admin\Model\LineLabelModel.class.php 第 12 行.
SQL: SHOW COLUMNS FROM `mmm_line_label` [ RunTime:0.0030s ]
SQL: SELECT `id`,`label_name`,`is_del` FROM `mmm_line_label` WHERE `id` = 5 LIMIT 1   [ RunTime:0.0000s ]
NOTIC: [2048] Declaration of Admin\Model\AdminModel::getInstance() should be compatible with Think\Single::getInstance($class) E:\wamp\www\test\Application\Admin\Model\AdminModel.class.php 第 60 行.
SQL: SELECT `id`,`name` FROM `mmm_employee` WHERE `department` = 1 AND `status` = 0 AND `is_del` = 0  [ RunTime:0.0000s ]
NOTIC: [2048] Declaration of Admin\Model\SupplierModel::getInstance() should be compatible with Think\Single::getInstance($class) E:\wamp\www\test\Application\Admin\Model\SupplierModel.class.php 第 25 行.
SQL: SHOW COLUMNS FROM `mmm_supplier` [ RunTime:0.0030s ]
SQL: SELECT `id`,`company_name` FROM `mmm_supplier` WHERE `status` = 0  [ RunTime:0.0000s ]
INFO: [ view_parse ] --START--
INFO: [ template_filter ] --START--
INFO: Run Behavior\ContentReplaceBehavior [ RunTime:0.000000s ]
INFO: [ template_filter ] --END-- [ RunTime:0.000000s ]
NOTIC: [8] Undefined variable: lineid E:\wamp\www\test\Application\Runtime\Cache\Admin\afd9c3291493950da7f274baa73e06db.php 第 71 行.
INFO: Run Behavior\ParseTemplateBehavior [ RunTime:0.021001s ]
INFO: [ view_parse ] --END-- [ RunTime:0.021001s ]
INFO: [ view_filter ] --START--
INFO: Run Behavior\WriteHtmlCacheBehavior [ RunTime:0.001000s ]
INFO: [ view_filter ] --END-- [ RunTime:0.001000s ]
INFO: [ app_end ] --START--
INFO: Run Behavior\ShowPageTraceBehavior [ RunTime:0.001000s ]
INFO: [ app_end ] --END-- [ RunTime:0.002000s ]

[ 2017-01-07T00:10:46+08:00 ] 127.0.0.1 /admin/index/index
INFO: [ app_init ] --START--
INFO: Run Behavior\BuildLiteBehavior [ RunTime:0.000000s ]
INFO: [ app_init ] --END-- [ RunTime:0.000000s ]
INFO: [ app_begin ] --START--
INFO: Run Behavior\ReadHtmlCacheBehavior [ RunTime:0.000000s ]
INFO: [ app_begin ] --END-- [ RunTime:0.001000s ]
SQL: SHOW COLUMNS FROM `mmm_menu` [ RunTime:0.0020s ]
SQL: SELECT * FROM `mmm_menu` WHERE `pid` = 0 AND `type` = 1 AND `isshow` = 1 AND `deep` = 1 ORDER BY orderid asc  [ RunTime:0.0000s ]
NOTIC: [2048] Declaration of Admin\Model\AdminDepaModel::getInstance() should be compatible with Think\Single::getInstance($class) E:\wamp\www\test\Application\Admin\Model\AdminDepaModel.class.php 第 30 行.
SQL: SHOW COLUMNS FROM `mmm_employee_depa` [ RunTime:0.0020s ]
SQL: SELECT `rules` FROM `mmm_employee_depa` WHERE `id` = 3 LIMIT 1   [ RunTime:0.0000s ]
SQL: SELECT * FROM `mmm_menu` WHERE `pid` = 15 AND `type` = 1 AND `isshow` = 1 AND `deep` = 2 ORDER BY orderid asc  [ RunTime:0.0000s ]
SQL: SELECT * FROM `mmm_menu` WHERE `pid` = 8 AND `type` = 1 AND `isshow` = 1 AND `deep` = 2 ORDER BY orderid asc  [ RunTime:0.0000s ]
SQL: SELECT * FROM `mmm_menu` WHERE `pid` = 13 AND `type` = 1 AND `isshow` = 1 AND `deep` = 2 ORDER BY orderid asc  [ RunTime:0.0000s ]
SQL: SELECT * FROM `mmm_menu` WHERE `pid` = 2 AND `type` = 1 AND `isshow` = 1 AND `deep` = 2 ORDER BY orderid asc  [ RunTime:0.0000s ]
SQL: SELECT * FROM `mmm_menu` WHERE `pid` = 1 AND `type` = 1 AND `isshow` = 1 AND `deep` = 2 ORDER BY orderid asc  [ RunTime:0.0000s ]
SQL: SELECT * FROM `mmm_menu` WHERE `pid` = 14 AND `type` = 1 AND `isshow` = 1 AND `deep` = 2 ORDER BY orderid asc  [ RunTime:0.0000s ]
SQL: SELECT * FROM `mmm_menu` WHERE `pid` = 23 AND `type` = 1 AND `isshow` = 1 AND `deep` = 2 ORDER BY orderid asc  [ RunTime:0.0000s ]
SQL: SELECT * FROM `mmm_menu` WHERE `pid` = 17 AND `type` = 1 AND `isshow` = 1 AND `deep` = 2 ORDER BY orderid asc  [ RunTime:0.0010s ]
INFO: [ view_parse ] --START--
INFO: [ template_filter ] --START--
INFO: Run Behavior\ContentReplaceBehavior [ RunTime:0.000000s ]
INFO: [ template_filter ] --END-- [ RunTime:0.000000s ]
INFO: Run Behavior\ParseTemplateBehavior [ RunTime:0.010001s ]
INFO: [ view_parse ] --END-- [ RunTime:0.010001s ]
INFO: [ view_filter ] --START--
INFO: Run Behavior\WriteHtmlCacheBehavior [ RunTime:0.000000s ]
INFO: [ view_filter ] --END-- [ RunTime:0.000000s ]
INFO: [ app_end ] --START--
INFO: Run Behavior\ShowPageTraceBehavior [ RunTime:0.000000s ]
INFO: [ app_end ] --END-- [ RunTime:0.000000s ]

[ 2017-01-07T00:10:46+08:00 ] 127.0.0.1 /admin/index/welcome.html
INFO: [ app_init ] --START--
INFO: Run Behavior\BuildLiteBehavior [ RunTime:0.000000s ]
INFO: [ app_init ] --END-- [ RunTime:0.000000s ]
INFO: [ app_begin ] --START--
INFO: Run Behavior\ReadHtmlCacheBehavior [ RunTime:0.000000s ]
INFO: [ app_begin ] --END-- [ RunTime:0.001000s ]
INFO: [ view_parse ] --START--
INFO: [ template_filter ] --START--
INFO: Run Behavior\ContentReplaceBehavior [ RunTime:0.000000s ]
INFO: [ template_filter ] --END-- [ RunTime:0.000000s ]
INFO: Run Behavior\ParseTemplateBehavior [ RunTime:0.005001s ]
INFO: [ view_parse ] --END-- [ RunTime:0.005001s ]
INFO: [ view_filter ] --START--
INFO: Run Behavior\WriteHtmlCacheBehavior [ RunTime:0.000000s ]
INFO: [ view_filter ] --END-- [ RunTime:0.000000s ]
INFO: [ app_end ] --START--
INFO: Run Behavior\ShowPageTraceBehavior [ RunTime:0.000000s ]
INFO: [ app_end ] --END-- [ RunTime:0.000000s ]

[ 2017-01-07T00:10:49+08:00 ] 127.0.0.1 /admin/line/linelist?type=1
INFO: [ app_init ] --START--
INFO: Run Behavior\BuildLiteBehavior [ RunTime:0.000000s ]
INFO: [ app_init ] --END-- [ RunTime:0.001000s ]
INFO: [ app_begin ] --START--
INFO: Run Behavior\ReadHtmlCacheBehavior [ RunTime:0.001000s ]
INFO: [ app_begin ] --END-- [ RunTime:0.002000s ]
NOTIC: [2048] Declaration of Admin\Model\LineModel::getInstance() should be compatible with Think\Single::getInstance($class) E:\wamp\www\test\Application\Admin\Model\LineModel.class.php 第 12 行.
SQL: SHOW COLUMNS FROM `mmm_line` [ RunTime:0.0020s ]
SQL: SELECT `des` FROM `mmm_line` WHERE `des_type` = 1 AND `status` <> 4  [ RunTime:0.0010s ]
NOTIC: [2048] Declaration of Admin\Model\PlaceModel::getInstance() should be compatible with Think\Single::getInstance($class) E:\wamp\www\test\Application\Admin\Model\PlaceModel.class.php 第 61 行.
SQL: SHOW COLUMNS FROM `mmm_line_place` [ RunTime:0.0010s ]
SQL: SELECT `name` FROM `mmm_line_place` WHERE `id` = 12 LIMIT 1   [ RunTime:0.0000s ]
SQL: SELECT `name` FROM `mmm_line_place` WHERE `id` = 15 LIMIT 1   [ RunTime:0.0010s ]
SQL: SELECT `name` FROM `mmm_line_place` WHERE `id` = 8 LIMIT 1   [ RunTime:0.0000s ]
SQL: SELECT `name` FROM `mmm_line_place` WHERE `id` = 10 LIMIT 1   [ RunTime:0.0000s ]
SQL: SELECT `name` FROM `mmm_line_place` WHERE `id` = 7 LIMIT 1   [ RunTime:0.0000s ]
SQL: SELECT `name` FROM `mmm_line_place` WHERE `id` = 37 LIMIT 1   [ RunTime:0.0000s ]
NOTIC: [2048] Declaration of Admin\Model\AdminModel::getInstance() should be compatible with Think\Single::getInstance($class) E:\wamp\www\test\Application\Admin\Model\AdminModel.class.php 第 60 行.
SQL: SELECT `id`,`name` FROM `mmm_employee` WHERE `department` = 1 AND `status` = 0 AND `is_del` = 0  [ RunTime:0.0000s ]
SQL: SELECT o.sid FROM mmm_line l LEFT JOIN mmm_supplier_op AS o ON o.id = l.supplier_op  WHERE `des_type` = '1' AND `status` <> 4 GROUP BY o.sid  [ RunTime:0.0000s ]
NOTIC: [2048] Declaration of Admin\Model\SupplierModel::getInstance() should be compatible with Think\Single::getInstance($class) E:\wamp\www\test\Application\Admin\Model\SupplierModel.class.php 第 25 行.
SQL: SHOW COLUMNS FROM `mmm_supplier` [ RunTime:0.0010s ]
SQL: SELECT `id`,`company_name` FROM `mmm_supplier` WHERE `id` = 1 LIMIT 1   [ RunTime:0.0000s ]
SQL: SELECT `id`,`company_name` FROM `mmm_supplier` WHERE `id` = 2 LIMIT 1   [ RunTime:0.0000s ]
SQL: SELECT COUNT(*) AS tp_count FROM mmm_line l LEFT JOIN mmm_supplier_op AS o ON o.id = l.supplier_op LEFT JOIN mmm_supplier AS s ON s.id = o.sid LEFT JOIN mmm_employee AS e ON e.id = l.counselor  WHERE l.des_type = '1' LIMIT 1   [ RunTime:0.0010s ]
SQL: SELECT l.id,l.line_type,l.title,l.day_num,l.start_palce,l.des,e.name AS op,o.name AS sop,l.status,l.supplier_title,s.company_name FROM mmm_line l LEFT JOIN mmm_supplier_op AS o ON o.id = l.supplier_op LEFT JOIN mmm_supplier AS s ON s.id = o.sid LEFT JOIN mmm_employee AS e ON e.id = l.counselor  WHERE l.des_type = '1' ORDER BY l.edittime DESC,l.id DESC LIMIT 0,10   [ RunTime:0.0020s ]
SQL: SELECT `name` FROM `mmm_line_place` WHERE `id` = 7 LIMIT 1   [ RunTime:0.0000s ]
SQL: SELECT `name` FROM `mmm_line_place` WHERE `id` = 37 LIMIT 1   [ RunTime:0.0010s ]
SQL: SELECT `name` FROM `mmm_line_place` WHERE `id` = 7 LIMIT 1   [ RunTime:0.0000s ]
SQL: SELECT `name` FROM `mmm_line_place` WHERE `id` = 12 LIMIT 1   [ RunTime:0.0010s ]
SQL: SELECT `name` FROM `mmm_line_place` WHERE `id` = 7 LIMIT 1   [ RunTime:0.0000s ]
SQL: SELECT `name` FROM `mmm_line_place` WHERE `id` = 15 LIMIT 1   [ RunTime:0.0000s ]
SQL: SELECT `name` FROM `mmm_line_place` WHERE `id` = 7 LIMIT 1   [ RunTime:0.0000s ]
SQL: SELECT `name` FROM `mmm_line_place` WHERE `id` = 8 LIMIT 1   [ RunTime:0.0000s ]
SQL: SELECT `name` FROM `mmm_line_place` WHERE `id` = 10 LIMIT 1   [ RunTime:0.0000s ]
SQL: SELECT `name` FROM `mmm_line_place` WHERE `id` = 7 LIMIT 1   [ RunTime:0.0010s ]
SQL: SELECT `name` FROM `mmm_line_place` WHERE `id` = 12 LIMIT 1   [ RunTime:0.0010s ]
SQL: SELECT `name` FROM `mmm_line_place` WHERE `id` = 15 LIMIT 1   [ RunTime:0.0010s ]
INFO: [ view_parse ] --START--
INFO: [ template_filter ] --START--
INFO: Run Behavior\ContentReplaceBehavior [ RunTime:0.000000s ]
INFO: [ template_filter ] --END-- [ RunTime:0.000000s ]
NOTIC: [8] Undefined variable: lineid E:\wamp\www\test\Application\Runtime\Cache\Admin\002f0672dce916b694cf50bf67bfa04a.php 第 45 行.
NOTIC: [8] Undefined variable: line_type E:\wamp\www\test\Application\Runtime\Cache\Admin\002f0672dce916b694cf50bf67bfa04a.php 第 50 行.
NOTIC: [8] Undefined variable: line_type E:\wamp\www\test\Application\Runtime\Cache\Admin\002f0672dce916b694cf50bf67bfa04a.php 第 51 行.
NOTIC: [8] Undefined variable: desid E:\wamp\www\test\Application\Runtime\Cache\Admin\002f0672dce916b694cf50bf67bfa04a.php 第 56 行.
NOTIC: [8] Undefined variable: desid E:\wamp\www\test\Application\Runtime\Cache\Admin\002f0672dce916b694cf50bf67bfa04a.php 第 56 行.
NOTIC: [8] Undefined variable: desid E:\wamp\www\test\Application\Runtime\Cache\Admin\002f0672dce916b694cf50bf67bfa04a.php 第 56 行.
NOTIC: [8] Undefined variable: desid E:\wamp\www\test\Application\Runtime\Cache\Admin\002f0672dce916b694cf50bf67bfa04a.php 第 56 行.
NOTIC: [8] Undefined variable: desid E:\wamp\www\test\Application\Runtime\Cache\Admin\002f0672dce916b694cf50bf67bfa04a.php 第 56 行.
NOTIC: [8] Undefined variable: desid E:\wamp\www\test\Application\Runtime\Cache\Admin\002f0672dce916b694cf50bf67bfa04a.php 第 56 行.
NOTIC: [8] Undefined variable: status E:\wamp\www\test\Application\Runtime\Cache\Admin\002f0672dce916b694cf50bf67bfa04a.php 第 61 行.
NOTIC: [8] Undefined variable: status E:\wamp\www\test\Application\Runtime\Cache\Admin\002f0672dce916b694cf50bf67bfa04a.php 第 62 行.
NOTIC: [8] Undefined variable: status E:\wamp\www\test\Application\Runtime\Cache\Admin\002f0672dce916b694cf50bf67bfa04a.php 第 63 行.
NOTIC: [8] Undefined variable: day_num E:\wamp\www\test\Application\Runtime\Cache\Admin\002f0672dce916b694cf50bf67bfa04a.php 第 68 行.
NOTIC: [8] Undefined variable: title E:\wamp\www\test\Application\Runtime\Cache\Admin\002f0672dce916b694cf50bf67bfa04a.php 第 70 行.
NOTIC: [8] Undefined variable: counselor E:\wamp\www\test\Application\Runtime\Cache\Admin\002f0672dce916b694cf50bf67bfa04a.php 第 75 行.
NOTIC: [8] Undefined variable: counselor E:\wamp\www\test\Application\Runtime\Cache\Admin\002f0672dce916b694cf50bf67bfa04a.php 第 75 行.
NOTIC: [8] Undefined variable: counselor E:\wamp\www\test\Application\Runtime\Cache\Admin\002f0672dce916b694cf50bf67bfa04a.php 第 75 行.
NOTIC: [8] Undefined variable: supplierid E:\wamp\www\test\Application\Runtime\Cache\Admin\002f0672dce916b694cf50bf67bfa04a.php 第 81 行.
NOTIC: [8] Undefined variable: supplierid E:\wamp\www\test\Application\Runtime\Cache\Admin\002f0672dce916b694cf50bf67bfa04a.php 第 81 行.
INFO: Run Behavior\ParseTemplateBehavior [ RunTime:0.017001s ]
INFO: [ view_parse ] --END-- [ RunTime:0.018001s ]
INFO: [ view_filter ] --START--
INFO: Run Behavior\WriteHtmlCacheBehavior [ RunTime:0.000000s ]
INFO: [ view_filter ] --END-- [ RunTime:0.000000s ]
INFO: [ app_end ] --START--
INFO: Run Behavior\ShowPageTraceBehavior [ RunTime:0.000000s ]
INFO: [ app_end ] --END-- [ RunTime:0.000000s ]

[ 2017-01-07T00:10:50+08:00 ] 127.0.0.1 /Admin/Line/editline/id/6
INFO: [ app_init ] --START--
INFO: Run Behavior\BuildLiteBehavior [ RunTime:0.000000s ]
INFO: [ app_init ] --END-- [ RunTime:0.001000s ]
INFO: [ app_begin ] --START--
INFO: Run Behavior\ReadHtmlCacheBehavior [ RunTime:0.000000s ]
INFO: [ app_begin ] --END-- [ RunTime:0.001000s ]
NOTIC: [2048] Declaration of Admin\Model\LineLabelModel::getInstance() should be compatible with Think\Single::getInstance($class) E:\wamp\www\test\Application\Admin\Model\LineLabelModel.class.php 第 12 行.
SQL: SHOW COLUMNS FROM `mmm_line_label` [ RunTime:0.0010s ]
SQL: SELECT `id`,`label_name`,`is_del` FROM `mmm_line_label` WHERE `id` = 6 LIMIT 1   [ RunTime:0.0000s ]
NOTIC: [2048] Declaration of Admin\Model\AdminModel::getInstance() should be compatible with Think\Single::getInstance($class) E:\wamp\www\test\Application\Admin\Model\AdminModel.class.php 第 60 行.
SQL: SELECT `id`,`name` FROM `mmm_employee` WHERE `department` = 1 AND `status` = 0 AND `is_del` = 0  [ RunTime:0.0000s ]
NOTIC: [2048] Declaration of Admin\Model\SupplierModel::getInstance() should be compatible with Think\Single::getInstance($class) E:\wamp\www\test\Application\Admin\Model\SupplierModel.class.php 第 25 行.
SQL: SHOW COLUMNS FROM `mmm_supplier` [ RunTime:0.0020s ]
SQL: SELECT `id`,`company_name` FROM `mmm_supplier` WHERE `status` = 0  [ RunTime:0.0010s ]
INFO: [ view_parse ] --START--
INFO: [ template_filter ] --START--
INFO: Run Behavior\ContentReplaceBehavior [ RunTime:0.000000s ]
INFO: [ template_filter ] --END-- [ RunTime:0.000000s ]
NOTIC: [8] Undefined variable: lineid E:\wamp\www\test\Application\Runtime\Cache\Admin\afd9c3291493950da7f274baa73e06db.php 第 71 行.
INFO: Run Behavior\ParseTemplateBehavior [ RunTime:0.012001s ]
INFO: [ view_parse ] --END-- [ RunTime:0.012001s ]
INFO: [ view_filter ] --START--
INFO: Run Behavior\WriteHtmlCacheBehavior [ RunTime:0.000000s ]
INFO: [ view_filter ] --END-- [ RunTime:0.000000s ]
INFO: [ app_end ] --START--
INFO: Run Behavior\ShowPageTraceBehavior [ RunTime:0.001000s ]
INFO: [ app_end ] --END-- [ RunTime:0.001000s ]

[ 2017-01-07T09:44:16+08:00 ] 127.0.0.1 /admin/index/index
INFO: [ app_init ] --START--
INFO: Run Behavior\BuildLiteBehavior [ RunTime:0.000043s ]
INFO: [ app_init ] --END-- [ RunTime:0.001063s ]
INFO: [ app_begin ] --START--
INFO: Run Behavior\ReadHtmlCacheBehavior [ RunTime:0.000751s ]
INFO: [ app_begin ] --END-- [ RunTime:0.000955s ]
SQL: SHOW COLUMNS FROM `mmm_menu` [ RunTime:0.0610s ]
SQL: SELECT * FROM `mmm_menu` WHERE `pid` = 0 AND `type` = 1 AND `isshow` = 1 AND `deep` = 1 ORDER BY orderid asc  [ RunTime:0.0230s ]
NOTIC: [2048] Declaration of Admin\Model\AdminDepaModel::getInstance() should be compatible with Think\Single::getInstance($class) E:\wamp\www\test\Application\Admin\Model\AdminDepaModel.class.php 第 30 行.
SQL: SHOW COLUMNS FROM `mmm_employee_depa` [ RunTime:0.0307s ]
SQL: SELECT `rules` FROM `mmm_employee_depa` WHERE `id` = null LIMIT 1   [ RunTime:0.0025s ]
INFO: [ view_parse ] --START--
INFO: [ template_filter ] --START--
INFO: Run Behavior\ContentReplaceBehavior [ RunTime:0.000109s ]
INFO: [ template_filter ] --END-- [ RunTime:0.000393s ]
INFO: Run Behavior\ParseTemplateBehavior [ RunTime:0.045660s ]
INFO: [ view_parse ] --END-- [ RunTime:0.045859s ]
INFO: [ view_filter ] --START--
INFO: Run Behavior\WriteHtmlCacheBehavior [ RunTime:0.000406s ]
INFO: [ view_filter ] --END-- [ RunTime:0.000572s ]

[ 2017-01-07T09:44:17+08:00 ] 127.0.0.1 /Admin/Index/login
INFO: [ app_init ] --START--
INFO: Run Behavior\BuildLiteBehavior [ RunTime:0.000038s ]
INFO: [ app_init ] --END-- [ RunTime:0.000502s ]
INFO: [ app_begin ] --START--
INFO: Run Behavior\ReadHtmlCacheBehavior [ RunTime:0.000486s ]
INFO: [ app_begin ] --END-- [ RunTime:0.000658s ]
INFO: [ view_parse ] --START--
INFO: [ template_filter ] --START--
INFO: Run Behavior\ContentReplaceBehavior [ RunTime:0.012273s ]
INFO: [ template_filter ] --END-- [ RunTime:0.012476s ]
INFO: Run Behavior\ParseTemplateBehavior [ RunTime:0.203441s ]
INFO: [ view_parse ] --END-- [ RunTime:0.203672s ]
INFO: [ view_filter ] --START--
INFO: Run Behavior\WriteHtmlCacheBehavior [ RunTime:0.000365s ]
INFO: [ view_filter ] --END-- [ RunTime:0.000576s ]
INFO: [ app_end ] --START--
INFO: Run Behavior\ShowPageTraceBehavior [ RunTime:0.000684s ]
INFO: [ app_end ] --END-- [ RunTime:0.000853s ]

[ 2017-01-07T14:14:43+08:00 ] 127.0.0.1 /admin/index/index
INFO: [ app_init ] --START--
INFO: Run Behavior\BuildLiteBehavior [ RunTime:0.000058s ]
INFO: [ app_init ] --END-- [ RunTime:0.000815s ]
INFO: [ app_begin ] --START--
INFO: Run Behavior\ReadHtmlCacheBehavior [ RunTime:0.000986s ]
INFO: [ app_begin ] --END-- [ RunTime:0.001260s ]
SQL: SHOW COLUMNS FROM `mmm_menu` [ RunTime:0.2392s ]
SQL: SELECT * FROM `mmm_menu` WHERE `pid` = 0 AND `type` = 1 AND `isshow` = 1 AND `deep` = 1 ORDER BY orderid asc  [ RunTime:0.1299s ]
NOTIC: [2048] Declaration of Admin\Model\AdminDepaModel::getInstance() should be compatible with Think\Single::getInstance($class) E:\wamp\www\test\Application\Admin\Model\AdminDepaModel.class.php 第 30 行.
SQL: SHOW COLUMNS FROM `mmm_employee_depa` [ RunTime:0.1331s ]
SQL: SELECT `rules` FROM `mmm_employee_depa` WHERE `id` = null LIMIT 1   [ RunTime:0.0005s ]
INFO: [ view_parse ] --START--
INFO: [ template_filter ] --START--
INFO: Run Behavior\ContentReplaceBehavior [ RunTime:0.000154s ]
INFO: [ template_filter ] --END-- [ RunTime:0.000451s ]
INFO: Run Behavior\ParseTemplateBehavior [ RunTime:0.161892s ]
INFO: [ view_parse ] --END-- [ RunTime:0.162160s ]
INFO: [ view_filter ] --START--
INFO: Run Behavior\WriteHtmlCacheBehavior [ RunTime:0.000589s ]
INFO: [ view_filter ] --END-- [ RunTime:0.000845s ]

[ 2017-01-07T14:14:44+08:00 ] 127.0.0.1 /Admin/Index/login
INFO: [ app_init ] --START--
INFO: Run Behavior\BuildLiteBehavior [ RunTime:0.000040s ]
INFO: [ app_init ] --END-- [ RunTime:0.000578s ]
INFO: [ app_begin ] --START--
INFO: Run Behavior\ReadHtmlCacheBehavior [ RunTime:0.000494s ]
INFO: [ app_begin ] --END-- [ RunTime:0.000665s ]
INFO: [ view_parse ] --START--
INFO: [ template_filter ] --START--
INFO: Run Behavior\ContentReplaceBehavior [ RunTime:0.000385s ]
INFO: [ template_filter ] --END-- [ RunTime:0.000861s ]
INFO: Run Behavior\ParseTemplateBehavior [ RunTime:1.145688s ]
INFO: [ view_parse ] --END-- [ RunTime:1.145913s ]
INFO: [ view_filter ] --START--
INFO: Run Behavior\WriteHtmlCacheBehavior [ RunTime:0.000391s ]
INFO: [ view_filter ] --END-- [ RunTime:0.000656s ]
INFO: [ app_end ] --START--
INFO: Run Behavior\ShowPageTraceBehavior [ RunTime:0.000778s ]
INFO: [ app_end ] --END-- [ RunTime:0.000949s ]

[ 2017-01-07T14:14:54+08:00 ] 127.0.0.1 /index.php/Admin/Index/dologin
INFO: [ app_init ] --START--
INFO: Run Behavior\BuildLiteBehavior [ RunTime:0.000059s ]
INFO: [ app_init ] --END-- [ RunTime:0.000846s ]
INFO: [ app_begin ] --START--
INFO: Run Behavior\ReadHtmlCacheBehavior [ RunTime:0.000891s ]
INFO: [ app_begin ] --END-- [ RunTime:0.001161s ]
NOTIC: [2048] Declaration of Admin\Model\AdminModel::getInstance() should be compatible with Think\Single::getInstance($class) E:\wamp\www\test\Application\Admin\Model\AdminModel.class.php 第 7 行.
SQL: SELECT `id`,`name`,`phone`,`password`,`department`,`qq`,`weixin`,`email`,`sex`,`nativeplace`,`address`,`entrytime`,`status`,`addtime`,`note`,`is_del`,`loginip`,`lastlogintime` FROM `mmm_employee` WHERE `phone` = '13425157493' AND `is_del` = 0 AND `status` = 0 LIMIT 1   [ RunTime:0.3409s ]
NOTIC: [8] A session had already been started - ignoring session_start() E:\wamp\www\test\ThinkPHP\Common\functions.php 第 1263 行.
SQL: UPDATE `mmm_employee` SET `loginip`='127.0.0.1',`lastlogintime`='2017-01-07 14:14:54' WHERE `id` = '1' [ RunTime:0.2095s ]
INFO: [ view_parse ] --START--
INFO: [ template_filter ] --START--
INFO: Run Behavior\ContentReplaceBehavior [ RunTime:0.000349s ]
INFO: [ template_filter ] --END-- [ RunTime:0.001010s ]
INFO: Run Behavior\ParseTemplateBehavior [ RunTime:0.042272s ]
INFO: [ view_parse ] --END-- [ RunTime:0.042645s ]
INFO: [ view_filter ] --START--
INFO: Run Behavior\WriteHtmlCacheBehavior [ RunTime:0.000530s ]
INFO: [ view_filter ] --END-- [ RunTime:0.000744s ]
INFO: [ app_end ] --START--
INFO: Run Behavior\ShowPageTraceBehavior [ RunTime:0.000730s ]
INFO: [ app_end ] --END-- [ RunTime:0.000946s ]

[ 2017-01-07T14:15:00+08:00 ] 127.0.0.1 /admin/index/index
INFO: [ app_init ] --START--
INFO: Run Behavior\BuildLiteBehavior [ RunTime:0.000049s ]
INFO: [ app_init ] --END-- [ RunTime:0.000602s ]
INFO: [ app_begin ] --START--
INFO: Run Behavior\ReadHtmlCacheBehavior [ RunTime:0.000617s ]
INFO: [ app_begin ] --END-- [ RunTime:0.000836s ]
SQL: SHOW COLUMNS FROM `mmm_menu` [ RunTime:0.0413s ]
SQL: SELECT * FROM `mmm_menu` WHERE `pid` = 0 AND `type` = 1 AND `isshow` = 1 AND `deep` = 1 ORDER BY orderid asc  [ RunTime:0.0005s ]
NOTIC: [2048] Declaration of Admin\Model\AdminDepaModel::getInstance() should be compatible with Think\Single::getInstance($class) E:\wamp\www\test\Application\Admin\Model\AdminDepaModel.class.php 第 30 行.
SQL: SHOW COLUMNS FROM `mmm_employee_depa` [ RunTime:0.0416s ]
SQL: SELECT `rules` FROM `mmm_employee_depa` WHERE `id` = 1 LIMIT 1   [ RunTime:0.0380s ]
SQL: SELECT * FROM `mmm_menu` WHERE `pid` = 13 AND `type` = 1 AND `isshow` = 1 AND `deep` = 2 ORDER BY orderid asc  [ RunTime:0.0006s ]
INFO: [ view_parse ] --START--
INFO: [ template_filter ] --START--
INFO: Run Behavior\ContentReplaceBehavior [ RunTime:0.000227s ]
INFO: [ template_filter ] --END-- [ RunTime:0.000457s ]
INFO: Run Behavior\ParseTemplateBehavior [ RunTime:0.516166s ]
INFO: [ view_parse ] --END-- [ RunTime:0.516444s ]
INFO: [ view_filter ] --START--
INFO: Run Behavior\WriteHtmlCacheBehavior [ RunTime:0.000398s ]
INFO: [ view_filter ] --END-- [ RunTime:0.000566s ]
INFO: [ app_end ] --START--
INFO: Run Behavior\ShowPageTraceBehavior [ RunTime:0.000705s ]
INFO: [ app_end ] --END-- [ RunTime:0.000914s ]

[ 2017-01-07T14:15:01+08:00 ] 127.0.0.1 /admin/index/welcome.html
INFO: [ app_init ] --START--
INFO: Run Behavior\BuildLiteBehavior [ RunTime:0.000037s ]
INFO: [ app_init ] --END-- [ RunTime:0.000457s ]
INFO: [ app_begin ] --START--
INFO: Run Behavior\ReadHtmlCacheBehavior [ RunTime:0.000513s ]
INFO: [ app_begin ] --END-- [ RunTime:0.000714s ]
INFO: [ view_parse ] --START--
INFO: [ template_filter ] --START--
INFO: Run Behavior\ContentReplaceBehavior [ RunTime:0.000127s ]
INFO: [ template_filter ] --END-- [ RunTime:0.000318s ]
INFO: Run Behavior\ParseTemplateBehavior [ RunTime:0.362478s ]
INFO: [ view_parse ] --END-- [ RunTime:0.362693s ]
INFO: [ view_filter ] --START--
INFO: Run Behavior\WriteHtmlCacheBehavior [ RunTime:0.000314s ]
INFO: [ view_filter ] --END-- [ RunTime:0.000482s ]
INFO: [ app_end ] --START--
INFO: Run Behavior\ShowPageTraceBehavior [ RunTime:0.000504s ]
INFO: [ app_end ] --END-- [ RunTime:0.000674s ]

[ 2017-01-07T14:26:56+08:00 ] 127.0.0.1 /index.php/Admin/Line/upload
INFO: [ app_init ] --START--
INFO: Run Behavior\BuildLiteBehavior [ RunTime:0.000052s ]
INFO: [ app_init ] --END-- [ RunTime:0.000591s ]
INFO: [ app_begin ] --START--
INFO: Run Behavior\ReadHtmlCacheBehavior [ RunTime:0.000806s ]
INFO: [ app_begin ] --END-- [ RunTime:0.001045s ]
NOTIC: [8] Undefined index: image E:\wamp\www\test\Application\Admin\Controller\LineController.class.php 第 204 行.
NOTIC: [8] Undefined variable: url E:\wamp\www\test\Application\Admin\Controller\LineController.class.php 第 208 行.
SQL: SHOW COLUMNS FROM `mmm_line_image` [ RunTime:0.0229s ]
ERR: 1048:Column 'url' cannot be null
 [ SQL语句 ] : INSERT INTO `mmm_line_image` (`url`) VALUES (NULL)
ERR: 1048:Column 'url' cannot be null
 [ SQL语句 ] : INSERT INTO `mmm_line_image` (`url`) VALUES (NULL)

[ 2017-01-07T14:30:15+08:00 ] 127.0.0.1 /index.php/Admin/Line/upload
INFO: [ app_init ] --START--
INFO: Run Behavior\BuildLiteBehavior [ RunTime:0.000044s ]
INFO: [ app_init ] --END-- [ RunTime:0.000574s ]
INFO: [ app_begin ] --START--
INFO: Run Behavior\ReadHtmlCacheBehavior [ RunTime:0.000765s ]
INFO: [ app_begin ] --END-- [ RunTime:0.001033s ]
NOTIC: [8] Undefined index: image E:\wamp\www\test\Application\Admin\Controller\LineController.class.php 第 204 行.
INFO: [ app_end ] --START--
INFO: Run Behavior\ShowPageTraceBehavior [ RunTime:0.000794s ]
INFO: [ app_end ] --END-- [ RunTime:0.001007s ]

[ 2017-01-07T14:30:37+08:00 ] 127.0.0.1 /index.php/Admin/Line/upload
INFO: [ app_init ] --START--
INFO: Run Behavior\BuildLiteBehavior [ RunTime:0.000048s ]
INFO: [ app_init ] --END-- [ RunTime:0.000592s ]
INFO: [ app_begin ] --START--
INFO: Run Behavior\ReadHtmlCacheBehavior [ RunTime:0.000526s ]
INFO: [ app_begin ] --END-- [ RunTime:0.000701s ]
NOTIC: [8] Undefined index: image E:\wamp\www\test\Application\Admin\Controller\LineController.class.php 第 204 行.
INFO: [ app_end ] --START--
INFO: Run Behavior\ShowPageTraceBehavior [ RunTime:0.000529s ]
INFO: [ app_end ] --END-- [ RunTime:0.000700s ]

[ 2017-01-07T14:32:21+08:00 ] 127.0.0.1 /admin/line/linelist?type=1
INFO: [ app_init ] --START--
INFO: Run Behavior\BuildLiteBehavior [ RunTime:0.000049s ]
INFO: [ app_init ] --END-- [ RunTime:0.000710s ]
INFO: [ app_begin ] --START--
INFO: Run Behavior\ReadHtmlCacheBehavior [ RunTime:0.000624s ]
INFO: [ app_begin ] --END-- [ RunTime:0.000808s ]
NOTIC: [2048] Declaration of Admin\Model\LineModel::getInstance() should be compatible with Think\Single::getInstance($class) E:\wamp\www\test\Application\Admin\Model\LineModel.class.php 第 12 行.
SQL: SHOW COLUMNS FROM `mmm_line` [ RunTime:0.0417s ]
SQL: SELECT `des` FROM `mmm_line` WHERE `des_type` = 1 AND `status` <> 4  [ RunTime:0.0014s ]
NOTIC: [2048] Declaration of Admin\Model\PlaceModel::getInstance() should be compatible with Think\Single::getInstance($class) E:\wamp\www\test\Application\Admin\Model\PlaceModel.class.php 第 61 行.
SQL: SHOW COLUMNS FROM `mmm_line_place` [ RunTime:0.0229s ]
SQL: SELECT `name` FROM `mmm_line_place` WHERE `id` = 12 LIMIT 1   [ RunTime:0.0006s ]
SQL: SELECT `name` FROM `mmm_line_place` WHERE `id` = 15 LIMIT 1   [ RunTime:0.0003s ]
SQL: SELECT `name` FROM `mmm_line_place` WHERE `id` = 8 LIMIT 1   [ RunTime:0.0003s ]
SQL: SELECT `name` FROM `mmm_line_place` WHERE `id` = 10 LIMIT 1   [ RunTime:0.0004s ]
SQL: SELECT `name` FROM `mmm_line_place` WHERE `id` = 7 LIMIT 1   [ RunTime:0.0003s ]
NOTIC: [2048] Declaration of Admin\Model\AdminModel::getInstance() should be compatible with Think\Single::getInstance($class) E:\wamp\www\test\Application\Admin\Model\AdminModel.class.php 第 60 行.
SQL: SELECT `id`,`name` FROM `mmm_employee` WHERE `department` = 1 AND `status` = 0 AND `is_del` = 0  [ RunTime:0.0006s ]
SQL: SELECT o.sid FROM mmm_line l LEFT JOIN mmm_supplier_op AS o ON o.id = l.supplier_op  WHERE `des_type` = '1' AND `status` <> 4 GROUP BY o.sid  [ RunTime:0.0341s ]
NOTIC: [2048] Declaration of Admin\Model\SupplierModel::getInstance() should be compatible with Think\Single::getInstance($class) E:\wamp\www\test\Application\Admin\Model\SupplierModel.class.php 第 25 行.
SQL: SHOW COLUMNS FROM `mmm_supplier` [ RunTime:0.0357s ]
SQL: SELECT `id`,`company_name` FROM `mmm_supplier` WHERE `id` = 1 LIMIT 1   [ RunTime:0.0005s ]
SQL: SELECT `id`,`company_name` FROM `mmm_supplier` WHERE `id` = 2 LIMIT 1   [ RunTime:0.0002s ]
SQL: SELECT COUNT(*) AS tp_count FROM mmm_line l LEFT JOIN mmm_supplier_op AS o ON o.id = l.supplier_op LEFT JOIN mmm_supplier AS s ON s.id = o.sid LEFT JOIN mmm_employee AS e ON e.id = l.counselor  WHERE l.des_type = '1' LIMIT 1   [ RunTime:0.0255s ]
SQL: SELECT l.id,l.line_type,l.title,l.day_num,l.start_palce,l.des,e.name AS op,o.name AS sop,l.status,l.supplier_title,s.company_name FROM mmm_line l LEFT JOIN mmm_supplier_op AS o ON o.id = l.supplier_op LEFT JOIN mmm_supplier AS s ON s.id = o.sid LEFT JOIN mmm_employee AS e ON e.id = l.counselor  WHERE l.des_type = '1' ORDER BY l.edittime DESC,l.id DESC LIMIT 0,10   [ RunTime:0.0485s ]
SQL: SELECT `name` FROM `mmm_line_place` WHERE `id` = 7 LIMIT 1   [ RunTime:0.0003s ]
SQL: SELECT `name` FROM `mmm_line_place` WHERE `id` = 12 LIMIT 1   [ RunTime:0.0002s ]
SQL: SELECT `name` FROM `mmm_line_place` WHERE `id` = 7 LIMIT 1   [ RunTime:0.0002s ]
SQL: SELECT `name` FROM `mmm_line_place` WHERE `id` = 15 LIMIT 1   [ RunTime:0.0002s ]
SQL: SELECT `name` FROM `mmm_line_place` WHERE `id` = 7 LIMIT 1   [ RunTime:0.0003s ]
SQL: SELECT `name` FROM `mmm_line_place` WHERE `id` = 8 LIMIT 1   [ RunTime:0.0003s ]
SQL: SELECT `name` FROM `mmm_line_place` WHERE `id` = 10 LIMIT 1   [ RunTime:0.0002s ]
SQL: SELECT `name` FROM `mmm_line_place` WHERE `id` = 7 LIMIT 1   [ RunTime:0.0002s ]
SQL: SELECT `name` FROM `mmm_line_place` WHERE `id` = 12 LIMIT 1   [ RunTime:0.0002s ]
SQL: SELECT `name` FROM `mmm_line_place` WHERE `id` = 15 LIMIT 1   [ RunTime:0.0003s ]
INFO: [ view_parse ] --START--
INFO: [ template_filter ] --START--
INFO: Run Behavior\ContentReplaceBehavior [ RunTime:0.000178s ]
INFO: [ template_filter ] --END-- [ RunTime:0.000362s ]
NOTIC: [8] Undefined variable: lineid E:\wamp\www\test\Application\Runtime\Cache\Admin\002f0672dce916b694cf50bf67bfa04a.php 第 45 行.
NOTIC: [8] Undefined variable: line_type E:\wamp\www\test\Application\Runtime\Cache\Admin\002f0672dce916b694cf50bf67bfa04a.php 第 50 行.
NOTIC: [8] Undefined variable: line_type E:\wamp\www\test\Application\Runtime\Cache\Admin\002f0672dce916b694cf50bf67bfa04a.php 第 51 行.
NOTIC: [8] Undefined variable: desid E:\wamp\www\test\Application\Runtime\Cache\Admin\002f0672dce916b694cf50bf67bfa04a.php 第 56 行.
NOTIC: [8] Undefined variable: desid E:\wamp\www\test\Application\Runtime\Cache\Admin\002f0672dce916b694cf50bf67bfa04a.php 第 56 行.
NOTIC: [8] Undefined variable: desid E:\wamp\www\test\Application\Runtime\Cache\Admin\002f0672dce916b694cf50bf67bfa04a.php 第 56 行.
NOTIC: [8] Undefined variable: desid E:\wamp\www\test\Application\Runtime\Cache\Admin\002f0672dce916b694cf50bf67bfa04a.php 第 56 行.
NOTIC: [8] Undefined variable: desid E:\wamp\www\test\Application\Runtime\Cache\Admin\002f0672dce916b694cf50bf67bfa04a.php 第 56 行.
NOTIC: [8] Undefined variable: status E:\wamp\www\test\Application\Runtime\Cache\Admin\002f0672dce916b694cf50bf67bfa04a.php 第 61 行.
NOTIC: [8] Undefined variable: status E:\wamp\www\test\Application\Runtime\Cache\Admin\002f0672dce916b694cf50bf67bfa04a.php 第 62 行.
NOTIC: [8] Undefined variable: status E:\wamp\www\test\Application\Runtime\Cache\Admin\002f0672dce916b694cf50bf67bfa04a.php 第 63 行.
NOTIC: [8] Undefined variable: day_num E:\wamp\www\test\Application\Runtime\Cache\Admin\002f0672dce916b694cf50bf67bfa04a.php 第 68 行.
NOTIC: [8] Undefined variable: title E:\wamp\www\test\Application\Runtime\Cache\Admin\002f0672dce916b694cf50bf67bfa04a.php 第 70 行.
NOTIC: [8] Undefined variable: counselor E:\wamp\www\test\Application\Runtime\Cache\Admin\002f0672dce916b694cf50bf67bfa04a.php 第 75 行.
NOTIC: [8] Undefined variable: counselor E:\wamp\www\test\Application\Runtime\Cache\Admin\002f0672dce916b694cf50bf67bfa04a.php 第 75 行.
NOTIC: [8] Undefined variable: counselor E:\wamp\www\test\Application\Runtime\Cache\Admin\002f0672dce916b694cf50bf67bfa04a.php 第 75 行.
NOTIC: [8] Undefined variable: supplierid E:\wamp\www\test\Application\Runtime\Cache\Admin\002f0672dce916b694cf50bf67bfa04a.php 第 81 行.
NOTIC: [8] Undefined variable: supplierid E:\wamp\www\test\Application\Runtime\Cache\Admin\002f0672dce916b694cf50bf67bfa04a.php 第 81 行.
INFO: Run Behavior\ParseTemplateBehavior [ RunTime:0.313177s ]
INFO: [ view_parse ] --END-- [ RunTime:0.313398s ]
INFO: [ view_filter ] --START--
INFO: Run Behavior\WriteHtmlCacheBehavior [ RunTime:0.000521s ]
INFO: [ view_filter ] --END-- [ RunTime:0.000686s ]
INFO: [ app_end ] --START--
INFO: Run Behavior\ShowPageTraceBehavior [ RunTime:0.001053s ]
INFO: [ app_end ] --END-- [ RunTime:0.001470s ]

[ 2017-01-07T14:32:44+08:00 ] 127.0.0.1 /index.php/Admin/Line/upload
INFO: [ app_init ] --START--
INFO: Run Behavior\BuildLiteBehavior [ RunTime:0.000041s ]
INFO: [ app_init ] --END-- [ RunTime:0.000549s ]
INFO: [ app_begin ] --START--
INFO: Run Behavior\ReadHtmlCacheBehavior [ RunTime:0.000718s ]
INFO: [ app_begin ] --END-- [ RunTime:0.000896s ]
NOTIC: [8] Undefined index: image E:\wamp\www\test\Application\Admin\Controller\LineController.class.php 第 204 行.
INFO: [ app_end ] --START--
INFO: Run Behavior\ShowPageTraceBehavior [ RunTime:0.000668s ]
INFO: [ app_end ] --END-- [ RunTime:0.000911s ]

[ 2017-01-07T14:32:55+08:00 ] 127.0.0.1 /index.php/Admin/Line/upload
INFO: [ app_init ] --START--
INFO: Run Behavior\BuildLiteBehavior [ RunTime:0.000049s ]
INFO: [ app_init ] --END-- [ RunTime:0.000667s ]
INFO: [ app_begin ] --START--
INFO: Run Behavior\ReadHtmlCacheBehavior [ RunTime:0.000668s ]
INFO: [ app_begin ] --END-- [ RunTime:0.000861s ]
NOTIC: [8] Undefined index: image E:\wamp\www\test\Application\Admin\Controller\LineController.class.php 第 204 行.
INFO: [ app_end ] --START--
INFO: Run Behavior\ShowPageTraceBehavior [ RunTime:0.000578s ]
INFO: [ app_end ] --END-- [ RunTime:0.000750s ]

[ 2017-01-07T14:33:40+08:00 ] 127.0.0.1 /index.php/Admin/Line/upload
INFO: [ app_init ] --START--
INFO: Run Behavior\BuildLiteBehavior [ RunTime:0.000036s ]
INFO: [ app_init ] --END-- [ RunTime:0.000456s ]
INFO: [ app_begin ] --START--
INFO: Run Behavior\ReadHtmlCacheBehavior [ RunTime:0.000478s ]
INFO: [ app_begin ] --END-- [ RunTime:0.000652s ]
INFO: [ app_end ] --START--
INFO: Run Behavior\ShowPageTraceBehavior [ RunTime:0.000705s ]
INFO: [ app_end ] --END-- [ RunTime:0.000921s ]

[ 2017-01-07T14:34:41+08:00 ] 127.0.0.1 /index.php/Admin/Line/upload
INFO: [ app_init ] --START--
INFO: Run Behavior\BuildLiteBehavior [ RunTime:0.000036s ]
INFO: [ app_init ] --END-- [ RunTime:0.000511s ]
INFO: [ app_begin ] --START--
INFO: Run Behavior\ReadHtmlCacheBehavior [ RunTime:0.000605s ]
INFO: [ app_begin ] --END-- [ RunTime:0.000780s ]
NOTIC: [2] call_user_func() expects parameter 1 to be a valid callback, no array or string given E:\wamp\www\test\ThinkPHP\Library\Think\Upload.class.php 第 170 行.
SQL: SHOW COLUMNS FROM `mmm_line_image` [ RunTime:0.0149s ]
SQL: INSERT INTO `mmm_line_image` (`url`) VALUES ('/Public/Upload/lunbo/58708c0087169.jpg') [ RunTime:0.6396s ]
INFO: [ app_end ] --START--
INFO: Run Behavior\ShowPageTraceBehavior [ RunTime:0.001188s ]
INFO: [ app_end ] --END-- [ RunTime:0.001416s ]

[ 2017-01-07T14:37:54+08:00 ] 127.0.0.1 /index.php/Admin/Line/upload
INFO: [ app_init ] --START--
INFO: Run Behavior\BuildLiteBehavior [ RunTime:0.000046s ]
INFO: [ app_init ] --END-- [ RunTime:0.000872s ]
INFO: [ app_begin ] --START--
INFO: Run Behavior\ReadHtmlCacheBehavior [ RunTime:0.000818s ]
INFO: [ app_begin ] --END-- [ RunTime:0.001088s ]
NOTIC: [2] call_user_func() expects parameter 1 to be a valid callback, no array or string given E:\wamp\www\test\ThinkPHP\Library\Think\Upload.class.php 第 170 行.
SQL: SHOW COLUMNS FROM `mmm_line_image` [ RunTime:0.0140s ]
SQL: INSERT INTO `mmm_line_image` (`url`) VALUES ('/Public/Upload/lunbo/58708cc1efc93.jpg') [ RunTime:0.1354s ]
INFO: [ app_end ] --START--
INFO: Run Behavior\ShowPageTraceBehavior [ RunTime:0.001331s ]
INFO: [ app_end ] --END-- [ RunTime:0.001501s ]

[ 2017-01-07T14:37:54+08:00 ] 127.0.0.1 /index.php/Admin/Line/upload
INFO: [ app_init ] --START--
INFO: Run Behavior\BuildLiteBehavior [ RunTime:0.000047s ]
INFO: [ app_init ] --END-- [ RunTime:0.000655s ]
INFO: [ app_begin ] --START--
INFO: Run Behavior\ReadHtmlCacheBehavior [ RunTime:0.000875s ]
INFO: [ app_begin ] --END-- [ RunTime:0.001069s ]
NOTIC: [2] call_user_func() expects parameter 1 to be a valid callback, no array or string given E:\wamp\www\test\ThinkPHP\Library\Think\Upload.class.php 第 170 行.
SQL: SHOW COLUMNS FROM `mmm_line_image` [ RunTime:0.0250s ]
SQL: INSERT INTO `mmm_line_image` (`url`) VALUES ('/Public/Upload/lunbo/58708cc22a7c3.jpg') [ RunTime:0.0921s ]
INFO: [ app_end ] --START--
INFO: Run Behavior\ShowPageTraceBehavior [ RunTime:0.005194s ]
INFO: [ app_end ] --END-- [ RunTime:0.005665s ]

[ 2017-01-07T14:39:58+08:00 ] 127.0.0.1 /index.php/Admin/Line/upload
INFO: [ app_init ] --START--
INFO: Run Behavior\BuildLiteBehavior [ RunTime:0.000111s ]
INFO: [ app_init ] --END-- [ RunTime:0.000710s ]
INFO: [ app_begin ] --START--
INFO: Run Behavior\ReadHtmlCacheBehavior [ RunTime:0.000884s ]
INFO: [ app_begin ] --END-- [ RunTime:0.001076s ]
NOTIC: [2] call_user_func() expects parameter 1 to be a valid callback, no array or string given E:\wamp\www\test\ThinkPHP\Library\Think\Upload.class.php 第 170 行.
SQL: SHOW COLUMNS FROM `mmm_line_image` [ RunTime:0.0139s ]
SQL: INSERT INTO `mmm_line_image` (`url`) VALUES ('/Public/Upload/lunbo/58708d3ec6b6b.jpg') [ RunTime:0.0892s ]
INFO: [ app_end ] --START--
INFO: Run Behavior\ShowPageTraceBehavior [ RunTime:0.000946s ]
INFO: [ app_end ] --END-- [ RunTime:0.001115s ]

[ 2017-01-07T15:03:06+08:00 ] 127.0.0.1 /index.php/Admin/Line/upload
INFO: [ app_init ] --START--
INFO: Run Behavior\BuildLiteBehavior [ RunTime:0.000123s ]
INFO: [ app_init ] --END-- [ RunTime:0.015321s ]
INFO: [ app_begin ] --START--
INFO: Run Behavior\ReadHtmlCacheBehavior [ RunTime:0.015448s ]
INFO: [ app_begin ] --END-- [ RunTime:0.016140s ]
NOTIC: [2] call_user_func() expects parameter 1 to be a valid callback, no array or string given E:\wamp\www\test\ThinkPHP\Library\Think\Upload.class.php 第 170 行.
SQL: SHOW COLUMNS FROM `mmm_line_image` [ RunTime:0.0655s ]
SQL: INSERT INTO `mmm_line_image` (`url`,`lineid`) VALUES ('/Public/Upload/lunbo/587092aa0b25e.jpg','0') [ RunTime:0.2426s ]
INFO: [ app_end ] --START--
INFO: Run Behavior\ShowPageTraceBehavior [ RunTime:0.018188s ]
INFO: [ app_end ] --END-- [ RunTime:0.018686s ]

[ 2017-01-07T15:05:32+08:00 ] 127.0.0.1 /index.php/Admin/Line/upload
INFO: [ app_init ] --START--
INFO: Run Behavior\BuildLiteBehavior [ RunTime:0.000043s ]
INFO: [ app_init ] --END-- [ RunTime:0.000592s ]
INFO: [ app_begin ] --START--
INFO: Run Behavior\ReadHtmlCacheBehavior [ RunTime:0.000893s ]
INFO: [ app_begin ] --END-- [ RunTime:0.001116s ]
NOTIC: [2] call_user_func() expects parameter 1 to be a valid callback, no array or string given E:\wamp\www\test\ThinkPHP\Library\Think\Upload.class.php 第 170 行.
SQL: SHOW COLUMNS FROM `mmm_line_image` [ RunTime:0.0207s ]
SQL: INSERT INTO `mmm_line_image` (`url`,`lineid`) VALUES ('/Public/Upload/lunbo/5870933c50c82.jpg','0') [ RunTime:0.1712s ]
INFO: [ app_end ] --START--
INFO: Run Behavior\ShowPageTraceBehavior [ RunTime:0.000914s ]
INFO: [ app_end ] --END-- [ RunTime:0.001148s ]

[ 2017-01-07T15:12:52+08:00 ] 127.0.0.1 /index.php/Admin/Line/upload
INFO: [ app_init ] --START--
INFO: Run Behavior\BuildLiteBehavior [ RunTime:0.000051s ]
INFO: [ app_init ] --END-- [ RunTime:0.000904s ]
INFO: [ app_begin ] --START--
INFO: Run Behavior\ReadHtmlCacheBehavior [ RunTime:0.000723s ]
INFO: [ app_begin ] --END-- [ RunTime:0.000913s ]
INFO: [ app_end ] --START--
INFO: Run Behavior\ShowPageTraceBehavior [ RunTime:0.000822s ]
INFO: [ app_end ] --END-- [ RunTime:0.001042s ]

[ 2017-01-07T15:14:18+08:00 ] 127.0.0.1 /index.php/Admin/Line/upload
INFO: [ app_init ] --START--
INFO: Run Behavior\BuildLiteBehavior [ RunTime:0.000039s ]
INFO: [ app_init ] --END-- [ RunTime:0.000475s ]
INFO: [ app_begin ] --START--
INFO: Run Behavior\ReadHtmlCacheBehavior [ RunTime:0.000495s ]
INFO: [ app_begin ] --END-- [ RunTime:0.000775s ]
NOTIC: [2] call_user_func() expects parameter 1 to be a valid callback, no array or string given E:\wamp\www\test\ThinkPHP\Library\Think\Upload.class.php 第 170 行.
SQL: SHOW COLUMNS FROM `mmm_line_image` [ RunTime:0.0477s ]
SQL: INSERT INTO `mmm_line_image` (`url`,`lineid`) VALUES ('/Public/Upload/lunbo/5870954a8eda0.jpg','100') [ RunTime:0.0838s ]
INFO: [ app_end ] --START--
INFO: Run Behavior\ShowPageTraceBehavior [ RunTime:0.004094s ]
INFO: [ app_end ] --END-- [ RunTime:0.004576s ]

[ 2017-01-07T15:15:35+08:00 ] 127.0.0.1 /index.php/Admin/Line/upload
INFO: [ app_init ] --START--
INFO: Run Behavior\BuildLiteBehavior [ RunTime:0.000035s ]
INFO: [ app_init ] --END-- [ RunTime:0.000536s ]
INFO: [ app_begin ] --START--
INFO: Run Behavior\ReadHtmlCacheBehavior [ RunTime:0.000718s ]
INFO: [ app_begin ] --END-- [ RunTime:0.000924s ]
NOTIC: [8] Undefined index: file E:\wamp\www\test\Application\Admin\Controller\LineController.class.php 第 204 行.
NOTIC: [8] Undefined index: tmp_name E:\wamp\www\test\ThinkPHP\Library\Think\Upload.class.php 第 152 行.
NOTIC: [2] finfo_file(): Empty filename or path E:\wamp\www\test\ThinkPHP\Library\Think\Upload.class.php 第 152 行.
NOTIC: [8] Undefined index: error E:\wamp\www\test\ThinkPHP\Library\Think\Upload.class.php 第 269 行.
NOTIC: [8] Undefined index: tmp_name E:\wamp\www\test\ThinkPHP\Library\Think\Upload.class.php 第 280 行.
NOTIC: [8] Undefined index: lineid E:\wamp\www\test\Application\Admin\Controller\LineController.class.php 第 210 行.
SQL: SHOW COLUMNS FROM `mmm_line_image` [ RunTime:0.1503s ]
ERR: 1048:Column 'url' cannot be null
 [ SQL语句 ] : INSERT INTO `mmm_line_image` (`url`,`lineid`) VALUES (NULL,NULL)
ERR: 1048:Column 'url' cannot be null
 [ SQL语句 ] : INSERT INTO `mmm_line_image` (`url`,`lineid`) VALUES (NULL,NULL)

[ 2017-01-07T15:21:24+08:00 ] 127.0.0.1 /index.php/Admin/Line/upload
INFO: [ app_init ] --START--
INFO: Run Behavior\BuildLiteBehavior [ RunTime:0.000037s ]
INFO: [ app_init ] --END-- [ RunTime:0.000530s ]
INFO: [ app_begin ] --START--
INFO: Run Behavior\ReadHtmlCacheBehavior [ RunTime:0.000761s ]
INFO: [ app_begin ] --END-- [ RunTime:0.000937s ]
SQL: SHOW COLUMNS FROM `mmm_line_image` [ RunTime:0.0126s ]
ERR: 1048:Column 'url' cannot be null
 [ SQL语句 ] : INSERT INTO `mmm_line_image` (`url`,`lineid`) VALUES (NULL,'100')
ERR: 1048:Column 'url' cannot be null
 [ SQL语句 ] : INSERT INTO `mmm_line_image` (`url`,`lineid`) VALUES (NULL,'100')

[ 2017-01-07T15:28:12+08:00 ] 127.0.0.1 /index.php/Admin/Line/upload
INFO: [ app_init ] --START--
INFO: Run Behavior\BuildLiteBehavior [ RunTime:0.000044s ]
INFO: [ app_init ] --END-- [ RunTime:0.000552s ]
INFO: [ app_begin ] --START--
INFO: Run Behavior\ReadHtmlCacheBehavior [ RunTime:0.000665s ]
INFO: [ app_begin ] --END-- [ RunTime:0.000943s ]
INFO: [ app_end ] --START--
INFO: Run Behavior\ShowPageTraceBehavior [ RunTime:0.001386s ]
INFO: [ app_end ] --END-- [ RunTime:0.001585s ]

