[ 2016-08-17T10:08:43+08:00 ] 127.0.0.1 /
INFO: [ app_init ] --START--
INFO: Run Behavior\BuildLiteBehavior [ RunTime:0.000095s ]
INFO: [ app_init ] --END-- [ RunTime:0.002557s ]
INFO: [ app_begin ] --START--
INFO: Run Behavior\ReadHtmlCacheBehavior [ RunTime:0.012275s ]
INFO: [ app_begin ] --END-- [ RunTime:0.012762s ]
NOTIC: [2] session_start(): open(e:/wamp/tmp\sess_cudsgo7elbnogtf33m8q3ou1h4, O_RDWR) failed: Permission denied (13) E:\wamp\www\test\ThinkPHP\Common\functions.php 第 1263 行.
SQL: SHOW COLUMNS FROM `myz_menu` [ RunTime:0.0063s ]
SQL: SELECT * FROM `myz_menu` WHERE `pid` = 0 AND `type` = 1 AND `isshow` = 1 AND `deep` = 1 ORDER BY orderid asc  [ RunTime:0.0011s ]
SQL: SELECT * FROM `myz_menu` WHERE `pid` = 1 AND `type` = 1 AND `isshow` = 1 AND `deep` = 2 ORDER BY orderid asc  [ RunTime:0.0005s ]
SQL: SELECT * FROM `myz_menu` WHERE `pid` = 2 AND `type` = 1 AND `isshow` = 1 AND `deep` = 2 ORDER BY orderid asc  [ RunTime:0.0004s ]
INFO: [ view_parse ] --START--
INFO: [ template_filter ] --START--
INFO: Run Behavior\ContentReplaceBehavior [ RunTime:0.000303s ]
INFO: [ template_filter ] --END-- [ RunTime:0.000703s ]
INFO: Run Behavior\ParseTemplateBehavior [ RunTime:0.036985s ]
INFO: [ view_parse ] --END-- [ RunTime:0.037305s ]
INFO: [ view_filter ] --START--
INFO: Run Behavior\WriteHtmlCacheBehavior [ RunTime:0.001019s ]
INFO: [ view_filter ] --END-- [ RunTime:0.001279s ]
INFO: [ app_end ] --START--
INFO: Run Behavior\ShowPageTraceBehavior [ RunTime:0.001496s ]
INFO: [ app_end ] --END-- [ RunTime:0.001813s ]

[ 2016-08-17T10:08:43+08:00 ] 127.0.0.1 /Admin/Index/login
INFO: [ app_init ] --START--
INFO: Run Behavior\BuildLiteBehavior [ RunTime:0.000056s ]
INFO: [ app_init ] --END-- [ RunTime:0.000596s ]
INFO: [ app_begin ] --START--
INFO: Run Behavior\ReadHtmlCacheBehavior [ RunTime:0.000706s ]
INFO: [ app_begin ] --END-- [ RunTime:0.000879s ]
NOTIC: [2] session_start(): open(e:/wamp/tmp\sess_cudsgo7elbnogtf33m8q3ou1h4, O_RDWR) failed: Permission denied (13) E:\wamp\www\test\ThinkPHP\Common\functions.php 第 1263 行.
INFO: [ view_parse ] --START--
INFO: [ template_filter ] --START--
INFO: Run Behavior\ContentReplaceBehavior [ RunTime:0.000167s ]
INFO: [ template_filter ] --END-- [ RunTime:0.000399s ]
NOTIC: [8] Undefined variable: token E:\wamp\www\test\Application\Runtime\Cache\Admin\041185b974292283d2f6098acc3220ec.php 第 114 行.
INFO: Run Behavior\ParseTemplateBehavior [ RunTime:0.015349s ]
INFO: [ view_parse ] --END-- [ RunTime:0.015534s ]
INFO: [ view_filter ] --START--
INFO: Run Behavior\WriteHtmlCacheBehavior [ RunTime:0.000447s ]
INFO: [ view_filter ] --END-- [ RunTime:0.000614s ]
INFO: [ app_end ] --START--
INFO: Run Behavior\ShowPageTraceBehavior [ RunTime:0.000631s ]
INFO: [ app_end ] --END-- [ RunTime:0.000801s ]

[ 2016-08-17T10:09:03+08:00 ] 127.0.0.1 /Admin/Index/login
INFO: [ app_init ] --START--
INFO: Run Behavior\BuildLiteBehavior [ RunTime:0.000036s ]
INFO: [ app_init ] --END-- [ RunTime:0.000476s ]
INFO: [ app_begin ] --START--
INFO: Run Behavior\ReadHtmlCacheBehavior [ RunTime:0.000594s ]
INFO: [ app_begin ] --END-- [ RunTime:0.000794s ]
NOTIC: [2] session_start(): open(e:/wamp/tmp\sess_cudsgo7elbnogtf33m8q3ou1h4, O_RDWR) failed: Permission denied (13) E:\wamp\www\test\ThinkPHP\Common\functions.php 第 1263 行.
INFO: [ view_parse ] --START--
INFO: [ template_filter ] --START--
INFO: Run Behavior\ContentReplaceBehavior [ RunTime:0.000158s ]
INFO: [ template_filter ] --END-- [ RunTime:0.000362s ]
NOTIC: [8] Undefined variable: token E:\wamp\www\test\Application\Runtime\Cache\Admin\041185b974292283d2f6098acc3220ec.php 第 114 行.
INFO: Run Behavior\ParseTemplateBehavior [ RunTime:0.007822s ]
INFO: [ view_parse ] --END-- [ RunTime:0.008005s ]
INFO: [ view_filter ] --START--
INFO: Run Behavior\WriteHtmlCacheBehavior [ RunTime:0.000325s ]
INFO: [ view_filter ] --END-- [ RunTime:0.000507s ]
INFO: [ app_end ] --START--
INFO: Run Behavior\ShowPageTraceBehavior [ RunTime:0.000527s ]
INFO: [ app_end ] --END-- [ RunTime:0.000712s ]

[ 2016-08-17T10:09:04+08:00 ] 127.0.0.1 /Admin/Index/login
INFO: [ app_init ] --START--
INFO: Run Behavior\BuildLiteBehavior [ RunTime:0.000036s ]
INFO: [ app_init ] --END-- [ RunTime:0.000471s ]
INFO: [ app_begin ] --START--
INFO: Run Behavior\ReadHtmlCacheBehavior [ RunTime:0.000645s ]
INFO: [ app_begin ] --END-- [ RunTime:0.000818s ]
NOTIC: [2] session_start(): open(e:/wamp/tmp\sess_cudsgo7elbnogtf33m8q3ou1h4, O_RDWR) failed: Permission denied (13) E:\wamp\www\test\ThinkPHP\Common\functions.php 第 1263 行.
INFO: [ view_parse ] --START--
INFO: [ template_filter ] --START--
INFO: Run Behavior\ContentReplaceBehavior [ RunTime:0.000176s ]
INFO: [ template_filter ] --END-- [ RunTime:0.000363s ]
NOTIC: [8] Undefined variable: token E:\wamp\www\test\Application\Runtime\Cache\Admin\041185b974292283d2f6098acc3220ec.php 第 114 行.
INFO: Run Behavior\ParseTemplateBehavior [ RunTime:0.008146s ]
INFO: [ view_parse ] --END-- [ RunTime:0.008333s ]
INFO: [ view_filter ] --START--
INFO: Run Behavior\WriteHtmlCacheBehavior [ RunTime:0.000493s ]
INFO: [ view_filter ] --END-- [ RunTime:0.000673s ]
INFO: [ app_end ] --START--
INFO: Run Behavior\ShowPageTraceBehavior [ RunTime:0.000699s ]
INFO: [ app_end ] --END-- [ RunTime:0.000885s ]

[ 2016-08-17T10:09:07+08:00 ] 127.0.0.1 /Admin/Index/login
INFO: [ app_init ] --START--
INFO: Run Behavior\BuildLiteBehavior [ RunTime:0.000040s ]
INFO: [ app_init ] --END-- [ RunTime:0.000585s ]
INFO: [ app_begin ] --START--
INFO: Run Behavior\ReadHtmlCacheBehavior [ RunTime:0.000633s ]
INFO: [ app_begin ] --END-- [ RunTime:0.000880s ]
NOTIC: [2] session_start(): open(e:/wamp/tmp\sess_cudsgo7elbnogtf33m8q3ou1h4, O_RDWR) failed: Permission denied (13) E:\wamp\www\test\ThinkPHP\Common\functions.php 第 1263 行.
INFO: [ view_parse ] --START--
INFO: [ template_filter ] --START--
INFO: Run Behavior\ContentReplaceBehavior [ RunTime:0.000159s ]
INFO: [ template_filter ] --END-- [ RunTime:0.000365s ]
NOTIC: [8] Undefined variable: token E:\wamp\www\test\Application\Runtime\Cache\Admin\041185b974292283d2f6098acc3220ec.php 第 114 行.
INFO: Run Behavior\ParseTemplateBehavior [ RunTime:0.007857s ]
INFO: [ view_parse ] --END-- [ RunTime:0.008032s ]
INFO: [ view_filter ] --START--
INFO: Run Behavior\WriteHtmlCacheBehavior [ RunTime:0.000232s ]
INFO: [ view_filter ] --END-- [ RunTime:0.000408s ]
INFO: [ app_end ] --START--
INFO: Run Behavior\ShowPageTraceBehavior [ RunTime:0.000422s ]
INFO: [ app_end ] --END-- [ RunTime:0.000621s ]

[ 2016-08-17T10:14:56+08:00 ] 127.0.0.1 /
INFO: [ app_init ] --START--
INFO: Run Behavior\BuildLiteBehavior [ RunTime:0.000080s ]
INFO: [ app_init ] --END-- [ RunTime:0.000700s ]
INFO: [ app_begin ] --START--
INFO: Run Behavior\ReadHtmlCacheBehavior [ RunTime:0.000733s ]
INFO: [ app_begin ] --END-- [ RunTime:0.000912s ]
NOTIC: [2] session_start(): open(e:/wamp/tmp\sess_9kp98ttrjrogbjf4o2gaulgh73, O_RDWR) failed: Permission denied (13) E:\wamp\www\test\ThinkPHP\Common\functions.php 第 1263 行.
SQL: SHOW COLUMNS FROM `myz_menu` [ RunTime:0.0075s ]
SQL: SELECT * FROM `myz_menu` WHERE `pid` = 0 AND `type` = 1 AND `isshow` = 1 AND `deep` = 1 ORDER BY orderid asc  [ RunTime:0.0003s ]
SQL: SELECT * FROM `myz_menu` WHERE `pid` = 1 AND `type` = 1 AND `isshow` = 1 AND `deep` = 2 ORDER BY orderid asc  [ RunTime:0.0002s ]
SQL: SELECT * FROM `myz_menu` WHERE `pid` = 2 AND `type` = 1 AND `isshow` = 1 AND `deep` = 2 ORDER BY orderid asc  [ RunTime:0.0002s ]
INFO: [ view_parse ] --START--
INFO: [ template_filter ] --START--
INFO: Run Behavior\ContentReplaceBehavior [ RunTime:0.000192s ]
INFO: [ template_filter ] --END-- [ RunTime:0.000371s ]
INFO: Run Behavior\ParseTemplateBehavior [ RunTime:0.014673s ]
INFO: [ view_parse ] --END-- [ RunTime:0.014862s ]
INFO: [ view_filter ] --START--
INFO: Run Behavior\WriteHtmlCacheBehavior [ RunTime:0.000435s ]
INFO: [ view_filter ] --END-- [ RunTime:0.000599s ]
INFO: [ app_end ] --START--
INFO: Run Behavior\ShowPageTraceBehavior [ RunTime:0.000787s ]
INFO: [ app_end ] --END-- [ RunTime:0.001019s ]

[ 2016-08-17T10:14:56+08:00 ] 127.0.0.1 /Admin/Index/login
INFO: [ app_init ] --START--
INFO: Run Behavior\BuildLiteBehavior [ RunTime:0.000036s ]
INFO: [ app_init ] --END-- [ RunTime:0.000497s ]
INFO: [ app_begin ] --START--
INFO: Run Behavior\ReadHtmlCacheBehavior [ RunTime:0.000659s ]
INFO: [ app_begin ] --END-- [ RunTime:0.000832s ]
NOTIC: [2] session_start(): open(e:/wamp/tmp\sess_9kp98ttrjrogbjf4o2gaulgh73, O_RDWR) failed: Permission denied (13) E:\wamp\www\test\ThinkPHP\Common\functions.php 第 1263 行.
INFO: [ view_parse ] --START--
INFO: [ template_filter ] --START--
INFO: Run Behavior\ContentReplaceBehavior [ RunTime:0.000162s ]
INFO: [ template_filter ] --END-- [ RunTime:0.000371s ]
NOTIC: [8] Undefined variable: token E:\wamp\www\test\Application\Runtime\Cache\Admin\041185b974292283d2f6098acc3220ec.php 第 114 行.
INFO: Run Behavior\ParseTemplateBehavior [ RunTime:0.008657s ]
INFO: [ view_parse ] --END-- [ RunTime:0.008833s ]
INFO: [ view_filter ] --START--
INFO: Run Behavior\WriteHtmlCacheBehavior [ RunTime:0.000490s ]
INFO: [ view_filter ] --END-- [ RunTime:0.000672s ]
INFO: [ app_end ] --START--
INFO: Run Behavior\ShowPageTraceBehavior [ RunTime:0.000734s ]
INFO: [ app_end ] --END-- [ RunTime:0.000920s ]

[ 2016-08-17T10:15:27+08:00 ] 127.0.0.1 /index.php/Admin/Index/dologin
INFO: [ app_init ] --START--
INFO: Run Behavior\BuildLiteBehavior [ RunTime:0.000037s ]
INFO: [ app_init ] --END-- [ RunTime:0.000498s ]
INFO: [ app_begin ] --START--
INFO: Run Behavior\ReadHtmlCacheBehavior [ RunTime:0.000845s ]
INFO: [ app_begin ] --END-- [ RunTime:0.001055s ]
NOTIC: [2] session_start(): open(e:/wamp/tmp\sess_9kp98ttrjrogbjf4o2gaulgh73, O_RDWR) failed: Permission denied (13) E:\wamp\www\test\ThinkPHP\Common\functions.php 第 1263 行.

[ 2016-08-17T10:30:40+08:00 ] 127.0.0.1 /
INFO: [ app_init ] --START--
INFO: Run Behavior\BuildLiteBehavior [ RunTime:0.000039s ]
INFO: [ app_init ] --END-- [ RunTime:0.000518s ]
INFO: [ app_begin ] --START--
INFO: Run Behavior\ReadHtmlCacheBehavior [ RunTime:0.000651s ]
INFO: [ app_begin ] --END-- [ RunTime:0.000821s ]
NOTIC: [2] session_start(): open(e:/wamp/tmp\sess_cudsgo7elbnogtf33m8q3ou1h4, O_RDWR) failed: Permission denied (13) E:\wamp\www\test\ThinkPHP\Common\functions.php 第 1263 行.
SQL: SHOW COLUMNS FROM `myz_menu` [ RunTime:0.0029s ]
SQL: SELECT * FROM `myz_menu` WHERE `pid` = 0 AND `type` = 1 AND `isshow` = 1 AND `deep` = 1 ORDER BY orderid asc  [ RunTime:0.0003s ]
SQL: SELECT * FROM `myz_menu` WHERE `pid` = 1 AND `type` = 1 AND `isshow` = 1 AND `deep` = 2 ORDER BY orderid asc  [ RunTime:0.0003s ]
SQL: SELECT * FROM `myz_menu` WHERE `pid` = 2 AND `type` = 1 AND `isshow` = 1 AND `deep` = 2 ORDER BY orderid asc  [ RunTime:0.0003s ]
INFO: [ view_parse ] --START--
INFO: [ template_filter ] --START--
INFO: Run Behavior\ContentReplaceBehavior [ RunTime:0.000191s ]
INFO: [ template_filter ] --END-- [ RunTime:0.000372s ]
INFO: Run Behavior\ParseTemplateBehavior [ RunTime:0.014626s ]
INFO: [ view_parse ] --END-- [ RunTime:0.014805s ]
INFO: [ view_filter ] --START--
INFO: Run Behavior\WriteHtmlCacheBehavior [ RunTime:0.000457s ]
INFO: [ view_filter ] --END-- [ RunTime:0.000620s ]
INFO: [ app_end ] --START--
INFO: Run Behavior\ShowPageTraceBehavior [ RunTime:0.000822s ]
INFO: [ app_end ] --END-- [ RunTime:0.001029s ]

[ 2016-08-17T10:30:41+08:00 ] 127.0.0.1 /
INFO: [ app_init ] --START--
INFO: Run Behavior\BuildLiteBehavior [ RunTime:0.000036s ]
INFO: [ app_init ] --END-- [ RunTime:0.000493s ]
INFO: [ app_begin ] --START--
INFO: Run Behavior\ReadHtmlCacheBehavior [ RunTime:0.000742s ]
INFO: [ app_begin ] --END-- [ RunTime:0.000934s ]
NOTIC: [2] session_start(): open(e:/wamp/tmp\sess_cudsgo7elbnogtf33m8q3ou1h4, O_RDWR) failed: Permission denied (13) E:\wamp\www\test\ThinkPHP\Common\functions.php 第 1263 行.
SQL: SHOW COLUMNS FROM `myz_menu` [ RunTime:0.1505s ]
SQL: SELECT * FROM `myz_menu` WHERE `pid` = 0 AND `type` = 1 AND `isshow` = 1 AND `deep` = 1 ORDER BY orderid asc  [ RunTime:0.0004s ]
SQL: SELECT * FROM `myz_menu` WHERE `pid` = 1 AND `type` = 1 AND `isshow` = 1 AND `deep` = 2 ORDER BY orderid asc  [ RunTime:0.0003s ]
SQL: SELECT * FROM `myz_menu` WHERE `pid` = 2 AND `type` = 1 AND `isshow` = 1 AND `deep` = 2 ORDER BY orderid asc  [ RunTime:0.0003s ]
INFO: [ view_parse ] --START--
INFO: [ template_filter ] --START--
INFO: Run Behavior\ContentReplaceBehavior [ RunTime:0.000202s ]
INFO: [ template_filter ] --END-- [ RunTime:0.000381s ]
INFO: Run Behavior\ParseTemplateBehavior [ RunTime:0.014565s ]
INFO: [ view_parse ] --END-- [ RunTime:0.014745s ]
INFO: [ view_filter ] --START--
INFO: Run Behavior\WriteHtmlCacheBehavior [ RunTime:0.000455s ]
INFO: [ view_filter ] --END-- [ RunTime:0.000620s ]
INFO: [ app_end ] --START--
INFO: Run Behavior\ShowPageTraceBehavior [ RunTime:0.000751s ]
INFO: [ app_end ] --END-- [ RunTime:0.000925s ]

[ 2016-08-17T10:30:47+08:00 ] 127.0.0.1 /admin/employee/add
INFO: [ app_init ] --START--
INFO: Run Behavior\BuildLiteBehavior [ RunTime:0.000052s ]
INFO: [ app_init ] --END-- [ RunTime:0.000514s ]
INFO: [ app_begin ] --START--
INFO: Run Behavior\ReadHtmlCacheBehavior [ RunTime:0.000599s ]
INFO: [ app_begin ] --END-- [ RunTime:0.000810s ]
NOTIC: [2] session_start(): open(e:/wamp/tmp\sess_cudsgo7elbnogtf33m8q3ou1h4, O_RDWR) failed: Permission denied (13) E:\wamp\www\test\ThinkPHP\Common\functions.php 第 1263 行.
INFO: [ view_parse ] --START--
INFO: [ template_filter ] --START--
INFO: Run Behavior\ContentReplaceBehavior [ RunTime:0.000172s ]
INFO: [ template_filter ] --END-- [ RunTime:0.000382s ]
INFO: Run Behavior\ParseTemplateBehavior [ RunTime:0.010961s ]
INFO: [ view_parse ] --END-- [ RunTime:0.011167s ]
INFO: [ view_filter ] --START--
INFO: Run Behavior\WriteHtmlCacheBehavior [ RunTime:0.000334s ]
INFO: [ view_filter ] --END-- [ RunTime:0.000514s ]
INFO: [ app_end ] --START--
INFO: Run Behavior\ShowPageTraceBehavior [ RunTime:0.000520s ]
INFO: [ app_end ] --END-- [ RunTime:0.000707s ]

[ 2016-08-17T10:30:48+08:00 ] 127.0.0.1 /admin/employee/static/h-ui/css/H-ui.min.css
INFO: [ app_init ] --START--
INFO: Run Behavior\BuildLiteBehavior [ RunTime:0.000058s ]
INFO: [ app_init ] --END-- [ RunTime:0.011380s ]
INFO: [ app_begin ] --START--
INFO: Run Behavior\ReadHtmlCacheBehavior [ RunTime:0.000945s ]
INFO: [ app_begin ] --END-- [ RunTime:0.001334s ]
NOTIC: [2] session_start(): open(e:/wamp/tmp\sess_cudsgo7elbnogtf33m8q3ou1h4, O_RDWR) failed: Permission denied (13) E:\wamp\www\test\ThinkPHP\Common\functions.php 第 1263 行.
ERR: 非法操作:static

[ 2016-08-17T10:30:48+08:00 ] 127.0.0.1 /admin/employee/static/h-ui.admin/css/H-ui.admin.css
INFO: [ app_init ] --START--
INFO: Run Behavior\BuildLiteBehavior [ RunTime:0.000046s ]
INFO: [ app_init ] --END-- [ RunTime:0.000733s ]
INFO: [ app_begin ] --START--
INFO: Run Behavior\ReadHtmlCacheBehavior [ RunTime:0.001056s ]
INFO: [ app_begin ] --END-- [ RunTime:0.001328s ]
NOTIC: [2] session_start(): open(e:/wamp/tmp\sess_cudsgo7elbnogtf33m8q3ou1h4, O_RDWR) failed: Permission denied (13) E:\wamp\www\test\ThinkPHP\Common\functions.php 第 1263 行.
ERR: 非法操作:static

[ 2016-08-17T10:30:48+08:00 ] 127.0.0.1 /admin/employee/static/h-ui.admin/css/style.css
INFO: [ app_init ] --START--
INFO: Run Behavior\BuildLiteBehavior [ RunTime:0.000062s ]
INFO: [ app_init ] --END-- [ RunTime:0.006619s ]
INFO: [ app_begin ] --START--
INFO: Run Behavior\ReadHtmlCacheBehavior [ RunTime:0.001172s ]
INFO: [ app_begin ] --END-- [ RunTime:0.001458s ]
NOTIC: [2] session_start(): open(e:/wamp/tmp\sess_cudsgo7elbnogtf33m8q3ou1h4, O_RDWR) failed: Permission denied (13) E:\wamp\www\test\ThinkPHP\Common\functions.php 第 1263 行.
ERR: 非法操作:static

[ 2016-08-17T10:30:48+08:00 ] 127.0.0.1 /admin/employee/lib/Hui-iconfont/1.0.7/iconfont.css
INFO: [ app_init ] --START--
INFO: Run Behavior\BuildLiteBehavior [ RunTime:0.000047s ]
INFO: [ app_init ] --END-- [ RunTime:0.006621s ]
INFO: [ app_begin ] --START--
INFO: Run Behavior\ReadHtmlCacheBehavior [ RunTime:0.001224s ]
INFO: [ app_begin ] --END-- [ RunTime:0.001489s ]
NOTIC: [2] session_start(): open(e:/wamp/tmp\sess_cudsgo7elbnogtf33m8q3ou1h4, O_RDWR) failed: Permission denied (13) E:\wamp\www\test\ThinkPHP\Common\functions.php 第 1263 行.
ERR: 非法操作:lib

[ 2016-08-17T10:30:48+08:00 ] 127.0.0.1 /admin/employee/lib/icheck/icheck.css
INFO: [ app_init ] --START--
INFO: Run Behavior\BuildLiteBehavior [ RunTime:0.000064s ]
INFO: [ app_init ] --END-- [ RunTime:0.006550s ]
INFO: [ app_begin ] --START--
INFO: Run Behavior\ReadHtmlCacheBehavior [ RunTime:0.001185s ]
INFO: [ app_begin ] --END-- [ RunTime:0.001489s ]
NOTIC: [2] session_start(): open(e:/wamp/tmp\sess_cudsgo7elbnogtf33m8q3ou1h4, O_RDWR) failed: Permission denied (13) E:\wamp\www\test\ThinkPHP\Common\functions.php 第 1263 行.
ERR: 非法操作:lib

[ 2016-08-17T10:30:48+08:00 ] 127.0.0.1 /admin/employee/static/h-ui.admin/skin/default/skin.css
INFO: [ app_init ] --START--
INFO: Run Behavior\BuildLiteBehavior [ RunTime:0.000049s ]
INFO: [ app_init ] --END-- [ RunTime:0.000981s ]
INFO: [ app_begin ] --START--
INFO: Run Behavior\ReadHtmlCacheBehavior [ RunTime:0.001040s ]
INFO: [ app_begin ] --END-- [ RunTime:0.001414s ]
NOTIC: [2] session_start(): open(e:/wamp/tmp\sess_cudsgo7elbnogtf33m8q3ou1h4, O_RDWR) failed: Permission denied (13) E:\wamp\www\test\ThinkPHP\Common\functions.php 第 1263 行.
ERR: 非法操作:static

[ 2016-08-17T10:30:48+08:00 ] 127.0.0.1 /admin/employee/lib/jquery/1.9.1/jquery.min.js
INFO: [ app_init ] --START--
INFO: Run Behavior\BuildLiteBehavior [ RunTime:0.000064s ]
INFO: [ app_init ] --END-- [ RunTime:0.000733s ]
INFO: [ app_begin ] --START--
INFO: Run Behavior\ReadHtmlCacheBehavior [ RunTime:0.021557s ]
INFO: [ app_begin ] --END-- [ RunTime:0.021821s ]
NOTIC: [2] session_start(): open(e:/wamp/tmp\sess_cudsgo7elbnogtf33m8q3ou1h4, O_RDWR) failed: Permission denied (13) E:\wamp\www\test\ThinkPHP\Common\functions.php 第 1263 行.
ERR: 非法操作:lib

[ 2016-08-17T10:30:48+08:00 ] 127.0.0.1 /admin/employee/lib/layer/2.1/layer.js
INFO: [ app_init ] --START--
INFO: Run Behavior\BuildLiteBehavior [ RunTime:0.000056s ]
INFO: [ app_init ] --END-- [ RunTime:0.001047s ]
INFO: [ app_begin ] --START--
INFO: Run Behavior\ReadHtmlCacheBehavior [ RunTime:0.000991s ]
INFO: [ app_begin ] --END-- [ RunTime:0.001277s ]
NOTIC: [2] session_start(): open(e:/wamp/tmp\sess_cudsgo7elbnogtf33m8q3ou1h4, O_RDWR) failed: Permission denied (13) E:\wamp\www\test\ThinkPHP\Common\functions.php 第 1263 行.
ERR: 非法操作:lib

[ 2016-08-17T10:30:48+08:00 ] 127.0.0.1 /admin/employee/lib/icheck/jquery.icheck.min.js
INFO: [ app_init ] --START--
INFO: Run Behavior\BuildLiteBehavior [ RunTime:0.000058s ]
INFO: [ app_init ] --END-- [ RunTime:0.001058s ]
INFO: [ app_begin ] --START--
INFO: Run Behavior\ReadHtmlCacheBehavior [ RunTime:0.001038s ]
INFO: [ app_begin ] --END-- [ RunTime:0.001365s ]
NOTIC: [2] session_start(): open(e:/wamp/tmp\sess_cudsgo7elbnogtf33m8q3ou1h4, O_RDWR) failed: Permission denied (13) E:\wamp\www\test\ThinkPHP\Common\functions.php 第 1263 行.
ERR: 非法操作:lib

[ 2016-08-17T10:30:48+08:00 ] 127.0.0.1 /admin/employee/lib/jquery.validation/1.14.0/validate-methods.js
INFO: [ app_init ] --START--
INFO: Run Behavior\BuildLiteBehavior [ RunTime:0.000048s ]
INFO: [ app_init ] --END-- [ RunTime:0.000721s ]
INFO: [ app_begin ] --START--
INFO: Run Behavior\ReadHtmlCacheBehavior [ RunTime:0.001025s ]
INFO: [ app_begin ] --END-- [ RunTime:0.001354s ]
NOTIC: [2] session_start(): open(e:/wamp/tmp\sess_cudsgo7elbnogtf33m8q3ou1h4, O_RDWR) failed: Permission denied (13) E:\wamp\www\test\ThinkPHP\Common\functions.php 第 1263 行.
ERR: 非法操作:lib

[ 2016-08-17T10:30:48+08:00 ] 127.0.0.1 /admin/employee/lib/jquery.validation/1.14.0/jquery.validate.min.js
INFO: [ app_init ] --START--
INFO: Run Behavior\BuildLiteBehavior [ RunTime:0.000050s ]
INFO: [ app_init ] --END-- [ RunTime:0.000881s ]
INFO: [ app_begin ] --START--
INFO: Run Behavior\ReadHtmlCacheBehavior [ RunTime:0.001055s ]
INFO: [ app_begin ] --END-- [ RunTime:0.001361s ]
NOTIC: [2] session_start(): open(e:/wamp/tmp\sess_cudsgo7elbnogtf33m8q3ou1h4, O_RDWR) failed: Permission denied (13) E:\wamp\www\test\ThinkPHP\Common\functions.php 第 1263 行.
ERR: 非法操作:lib

[ 2016-08-17T10:30:48+08:00 ] 127.0.0.1 /admin/employee/static/h-ui/js/H-ui.js
INFO: [ app_init ] --START--
INFO: Run Behavior\BuildLiteBehavior [ RunTime:0.000051s ]
INFO: [ app_init ] --END-- [ RunTime:0.021384s ]
INFO: [ app_begin ] --START--
INFO: Run Behavior\ReadHtmlCacheBehavior [ RunTime:0.000622s ]
INFO: [ app_begin ] --END-- [ RunTime:0.000896s ]
NOTIC: [2] session_start(): open(e:/wamp/tmp\sess_cudsgo7elbnogtf33m8q3ou1h4, O_RDWR) failed: Permission denied (13) E:\wamp\www\test\ThinkPHP\Common\functions.php 第 1263 行.
ERR: 非法操作:static

[ 2016-08-17T10:30:48+08:00 ] 127.0.0.1 /admin/employee/lib/jquery.validation/1.14.0/messages_zh.min.js
INFO: [ app_init ] --START--
INFO: Run Behavior\BuildLiteBehavior [ RunTime:0.000061s ]
INFO: [ app_init ] --END-- [ RunTime:0.000739s ]
INFO: [ app_begin ] --START--
INFO: Run Behavior\ReadHtmlCacheBehavior [ RunTime:0.020795s ]
INFO: [ app_begin ] --END-- [ RunTime:0.021048s ]
NOTIC: [2] session_start(): open(e:/wamp/tmp\sess_cudsgo7elbnogtf33m8q3ou1h4, O_RDWR) failed: Permission denied (13) E:\wamp\www\test\ThinkPHP\Common\functions.php 第 1263 行.
ERR: 非法操作:lib

[ 2016-08-17T10:30:48+08:00 ] 127.0.0.1 /admin/employee/static/h-ui.admin/js/H-ui.admin.js
INFO: [ app_init ] --START--
INFO: Run Behavior\BuildLiteBehavior [ RunTime:0.000040s ]
INFO: [ app_init ] --END-- [ RunTime:0.000532s ]
INFO: [ app_begin ] --START--
INFO: Run Behavior\ReadHtmlCacheBehavior [ RunTime:0.001021s ]
INFO: [ app_begin ] --END-- [ RunTime:0.001302s ]
NOTIC: [2] session_start(): open(e:/wamp/tmp\sess_cudsgo7elbnogtf33m8q3ou1h4, O_RDWR) failed: Permission denied (13) E:\wamp\www\test\ThinkPHP\Common\functions.php 第 1263 行.
ERR: 非法操作:static

[ 2016-08-17T10:30:48+08:00 ] 127.0.0.1 /admin/employee/lib/jquery.validation/1.14.0/validate-methods.js
INFO: [ app_init ] --START--
INFO: Run Behavior\BuildLiteBehavior [ RunTime:0.000067s ]
INFO: [ app_init ] --END-- [ RunTime:0.000753s ]
INFO: [ app_begin ] --START--
INFO: Run Behavior\ReadHtmlCacheBehavior [ RunTime:0.000740s ]
INFO: [ app_begin ] --END-- [ RunTime:0.000942s ]
NOTIC: [2] session_start(): open(e:/wamp/tmp\sess_cudsgo7elbnogtf33m8q3ou1h4, O_RDWR) failed: Permission denied (13) E:\wamp\www\test\ThinkPHP\Common\functions.php 第 1263 行.
ERR: 非法操作:lib

[ 2016-08-17T10:30:48+08:00 ] 127.0.0.1 /admin/employee/lib/jquery.validation/1.14.0/messages_zh.min.js
INFO: [ app_init ] --START--
INFO: Run Behavior\BuildLiteBehavior [ RunTime:0.000036s ]
INFO: [ app_init ] --END-- [ RunTime:0.000505s ]
INFO: [ app_begin ] --START--
INFO: Run Behavior\ReadHtmlCacheBehavior [ RunTime:0.000646s ]
INFO: [ app_begin ] --END-- [ RunTime:0.000821s ]
NOTIC: [2] session_start(): open(e:/wamp/tmp\sess_cudsgo7elbnogtf33m8q3ou1h4, O_RDWR) failed: Permission denied (13) E:\wamp\www\test\ThinkPHP\Common\functions.php 第 1263 行.
ERR: 非法操作:lib

[ 2016-08-17T10:30:48+08:00 ] 127.0.0.1 /admin/employee/static/h-ui/js/H-ui.js
INFO: [ app_init ] --START--
INFO: Run Behavior\BuildLiteBehavior [ RunTime:0.000039s ]
INFO: [ app_init ] --END-- [ RunTime:0.000529s ]
INFO: [ app_begin ] --START--
INFO: Run Behavior\ReadHtmlCacheBehavior [ RunTime:0.000681s ]
INFO: [ app_begin ] --END-- [ RunTime:0.000869s ]
NOTIC: [2] session_start(): open(e:/wamp/tmp\sess_cudsgo7elbnogtf33m8q3ou1h4, O_RDWR) failed: Permission denied (13) E:\wamp\www\test\ThinkPHP\Common\functions.php 第 1263 行.
ERR: 非法操作:static

[ 2016-08-17T10:30:48+08:00 ] 127.0.0.1 /admin/employee/static/h-ui.admin/js/H-ui.admin.js
INFO: [ app_init ] --START--
INFO: Run Behavior\BuildLiteBehavior [ RunTime:0.000035s ]
INFO: [ app_init ] --END-- [ RunTime:0.000510s ]
INFO: [ app_begin ] --START--
INFO: Run Behavior\ReadHtmlCacheBehavior [ RunTime:0.000749s ]
INFO: [ app_begin ] --END-- [ RunTime:0.000926s ]
NOTIC: [2] session_start(): open(e:/wamp/tmp\sess_cudsgo7elbnogtf33m8q3ou1h4, O_RDWR) failed: Permission denied (13) E:\wamp\www\test\ThinkPHP\Common\functions.php 第 1263 行.
ERR: 非法操作:static

[ 2016-08-17T10:30:49+08:00 ] 127.0.0.1 /admin/employee/del
INFO: [ app_init ] --START--
INFO: Run Behavior\BuildLiteBehavior [ RunTime:0.000035s ]
INFO: [ app_init ] --END-- [ RunTime:0.000488s ]
INFO: [ app_begin ] --START--
INFO: Run Behavior\ReadHtmlCacheBehavior [ RunTime:0.000639s ]
INFO: [ app_begin ] --END-- [ RunTime:0.000817s ]
NOTIC: [2] session_start(): open(e:/wamp/tmp\sess_cudsgo7elbnogtf33m8q3ou1h4, O_RDWR) failed: Permission denied (13) E:\wamp\www\test\ThinkPHP\Common\functions.php 第 1263 行.
INFO: [ view_parse ] --START--
INFO: [ template_filter ] --START--
INFO: Run Behavior\ContentReplaceBehavior [ RunTime:0.000241s ]
INFO: [ template_filter ] --END-- [ RunTime:0.000763s ]
INFO: Run Behavior\ParseTemplateBehavior [ RunTime:0.184884s ]
INFO: [ view_parse ] --END-- [ RunTime:0.185225s ]
INFO: [ view_filter ] --START--
INFO: Run Behavior\WriteHtmlCacheBehavior [ RunTime:0.001190s ]
INFO: [ view_filter ] --END-- [ RunTime:0.001699s ]
INFO: [ app_end ] --START--
INFO: Run Behavior\ShowPageTraceBehavior [ RunTime:0.000953s ]
INFO: [ app_end ] --END-- [ RunTime:0.001208s ]

[ 2016-08-17T10:31:18+08:00 ] 127.0.0.1 /admin/employee/del
INFO: [ app_init ] --START--
INFO: Run Behavior\BuildLiteBehavior [ RunTime:0.000036s ]
INFO: [ app_init ] --END-- [ RunTime:0.000493s ]
INFO: [ app_begin ] --START--
INFO: Run Behavior\ReadHtmlCacheBehavior [ RunTime:0.000725s ]
INFO: [ app_begin ] --END-- [ RunTime:0.000916s ]
NOTIC: [2] session_start(): open(e:/wamp/tmp\sess_cudsgo7elbnogtf33m8q3ou1h4, O_RDWR) failed: Permission denied (13) E:\wamp\www\test\ThinkPHP\Common\functions.php 第 1263 行.
INFO: [ view_parse ] --START--
INFO: [ template_filter ] --START--
INFO: Run Behavior\ContentReplaceBehavior [ RunTime:0.000096s ]
INFO: [ template_filter ] --END-- [ RunTime:0.000302s ]
INFO: Run Behavior\ParseTemplateBehavior [ RunTime:0.007296s ]
INFO: [ view_parse ] --END-- [ RunTime:0.007480s ]
INFO: [ view_filter ] --START--
INFO: Run Behavior\WriteHtmlCacheBehavior [ RunTime:0.000447s ]
INFO: [ view_filter ] --END-- [ RunTime:0.000626s ]
INFO: [ app_end ] --START--
INFO: Run Behavior\ShowPageTraceBehavior [ RunTime:0.000656s ]
INFO: [ app_end ] --END-- [ RunTime:0.000842s ]

[ 2016-08-17T10:32:02+08:00 ] 127.0.0.1 /admin/employee/del
INFO: [ app_init ] --START--
INFO: Run Behavior\BuildLiteBehavior [ RunTime:0.000037s ]
INFO: [ app_init ] --END-- [ RunTime:0.000585s ]
INFO: [ app_begin ] --START--
INFO: Run Behavior\ReadHtmlCacheBehavior [ RunTime:0.000704s ]
INFO: [ app_begin ] --END-- [ RunTime:0.000895s ]
NOTIC: [2] session_start(): open(e:/wamp/tmp\sess_cudsgo7elbnogtf33m8q3ou1h4, O_RDWR) failed: Permission denied (13) E:\wamp\www\test\ThinkPHP\Common\functions.php 第 1263 行.
INFO: [ view_parse ] --START--
INFO: [ template_filter ] --START--
INFO: Run Behavior\ContentReplaceBehavior [ RunTime:0.000089s ]
INFO: [ template_filter ] --END-- [ RunTime:0.000279s ]
INFO: Run Behavior\ParseTemplateBehavior [ RunTime:0.006885s ]
INFO: [ view_parse ] --END-- [ RunTime:0.007068s ]
INFO: [ view_filter ] --START--
INFO: Run Behavior\WriteHtmlCacheBehavior [ RunTime:0.000415s ]
INFO: [ view_filter ] --END-- [ RunTime:0.000583s ]
INFO: [ app_end ] --START--
INFO: Run Behavior\ShowPageTraceBehavior [ RunTime:0.000607s ]
INFO: [ app_end ] --END-- [ RunTime:0.000777s ]

[ 2016-08-17T10:32:03+08:00 ] 127.0.0.1 /admin/employee/del
INFO: [ app_init ] --START--
INFO: Run Behavior\BuildLiteBehavior [ RunTime:0.000050s ]
INFO: [ app_init ] --END-- [ RunTime:0.000691s ]
INFO: [ app_begin ] --START--
INFO: Run Behavior\ReadHtmlCacheBehavior [ RunTime:0.000747s ]
INFO: [ app_begin ] --END-- [ RunTime:0.001007s ]
NOTIC: [2] session_start(): open(e:/wamp/tmp\sess_cudsgo7elbnogtf33m8q3ou1h4, O_RDWR) failed: Permission denied (13) E:\wamp\www\test\ThinkPHP\Common\functions.php 第 1263 行.
INFO: [ view_parse ] --START--
INFO: [ template_filter ] --START--
INFO: Run Behavior\ContentReplaceBehavior [ RunTime:0.000098s ]
INFO: [ template_filter ] --END-- [ RunTime:0.000326s ]
INFO: Run Behavior\ParseTemplateBehavior [ RunTime:0.006851s ]
INFO: [ view_parse ] --END-- [ RunTime:0.007032s ]
INFO: [ view_filter ] --START--
INFO: Run Behavior\WriteHtmlCacheBehavior [ RunTime:0.000462s ]
INFO: [ view_filter ] --END-- [ RunTime:0.000662s ]
INFO: [ app_end ] --START--
INFO: Run Behavior\ShowPageTraceBehavior [ RunTime:0.000744s ]
INFO: [ app_end ] --END-- [ RunTime:0.000948s ]

[ 2016-08-17T10:32:05+08:00 ] 127.0.0.1 /
INFO: [ app_init ] --START--
INFO: Run Behavior\BuildLiteBehavior [ RunTime:0.000036s ]
INFO: [ app_init ] --END-- [ RunTime:0.000496s ]
INFO: [ app_begin ] --START--
INFO: Run Behavior\ReadHtmlCacheBehavior [ RunTime:0.001203s ]
INFO: [ app_begin ] --END-- [ RunTime:0.001578s ]
NOTIC: [2] session_start(): open(e:/wamp/tmp\sess_cudsgo7elbnogtf33m8q3ou1h4, O_RDWR) failed: Permission denied (13) E:\wamp\www\test\ThinkPHP\Common\functions.php 第 1263 行.
SQL: SHOW COLUMNS FROM `myz_menu` [ RunTime:0.0031s ]
SQL: SELECT * FROM `myz_menu` WHERE `pid` = 0 AND `type` = 1 AND `isshow` = 1 AND `deep` = 1 ORDER BY orderid asc  [ RunTime:0.0003s ]
SQL: SELECT * FROM `myz_menu` WHERE `pid` = 1 AND `type` = 1 AND `isshow` = 1 AND `deep` = 2 ORDER BY orderid asc  [ RunTime:0.0004s ]
SQL: SELECT * FROM `myz_menu` WHERE `pid` = 2 AND `type` = 1 AND `isshow` = 1 AND `deep` = 2 ORDER BY orderid asc  [ RunTime:0.0004s ]
INFO: [ view_parse ] --START--
INFO: [ template_filter ] --START--
INFO: Run Behavior\ContentReplaceBehavior [ RunTime:0.000196s ]
INFO: [ template_filter ] --END-- [ RunTime:0.000382s ]
INFO: Run Behavior\ParseTemplateBehavior [ RunTime:0.015186s ]
INFO: [ view_parse ] --END-- [ RunTime:0.015388s ]
INFO: [ view_filter ] --START--
INFO: Run Behavior\WriteHtmlCacheBehavior [ RunTime:0.000619s ]
INFO: [ view_filter ] --END-- [ RunTime:0.000807s ]
INFO: [ app_end ] --START--
INFO: Run Behavior\ShowPageTraceBehavior [ RunTime:0.001118s ]
INFO: [ app_end ] --END-- [ RunTime:0.001363s ]

[ 2016-08-17T10:32:07+08:00 ] 127.0.0.1 /admin/employee/del
INFO: [ app_init ] --START--
INFO: Run Behavior\BuildLiteBehavior [ RunTime:0.000036s ]
INFO: [ app_init ] --END-- [ RunTime:0.000490s ]
INFO: [ app_begin ] --START--
INFO: Run Behavior\ReadHtmlCacheBehavior [ RunTime:0.000969s ]
INFO: [ app_begin ] --END-- [ RunTime:0.001159s ]
NOTIC: [2] session_start(): open(e:/wamp/tmp\sess_cudsgo7elbnogtf33m8q3ou1h4, O_RDWR) failed: Permission denied (13) E:\wamp\www\test\ThinkPHP\Common\functions.php 第 1263 行.
INFO: [ view_parse ] --START--
INFO: [ template_filter ] --START--
INFO: Run Behavior\ContentReplaceBehavior [ RunTime:0.000126s ]
INFO: [ template_filter ] --END-- [ RunTime:0.000323s ]
INFO: Run Behavior\ParseTemplateBehavior [ RunTime:0.007018s ]
INFO: [ view_parse ] --END-- [ RunTime:0.007199s ]
INFO: [ view_filter ] --START--
INFO: Run Behavior\WriteHtmlCacheBehavior [ RunTime:0.000445s ]
INFO: [ view_filter ] --END-- [ RunTime:0.000633s ]
INFO: [ app_end ] --START--
INFO: Run Behavior\ShowPageTraceBehavior [ RunTime:0.000654s ]
INFO: [ app_end ] --END-- [ RunTime:0.000845s ]

[ 2016-08-17T10:32:09+08:00 ] 127.0.0.1 /admin/employee/del
INFO: [ app_init ] --START--
INFO: Run Behavior\BuildLiteBehavior [ RunTime:0.000040s ]
INFO: [ app_init ] --END-- [ RunTime:0.000675s ]
INFO: [ app_begin ] --START--
INFO: Run Behavior\ReadHtmlCacheBehavior [ RunTime:0.000708s ]
INFO: [ app_begin ] --END-- [ RunTime:0.000899s ]
NOTIC: [2] session_start(): open(e:/wamp/tmp\sess_cudsgo7elbnogtf33m8q3ou1h4, O_RDWR) failed: Permission denied (13) E:\wamp\www\test\ThinkPHP\Common\functions.php 第 1263 行.
INFO: [ view_parse ] --START--
INFO: [ template_filter ] --START--
INFO: Run Behavior\ContentReplaceBehavior [ RunTime:0.000094s ]
INFO: [ template_filter ] --END-- [ RunTime:0.000299s ]
INFO: Run Behavior\ParseTemplateBehavior [ RunTime:0.007157s ]
INFO: [ view_parse ] --END-- [ RunTime:0.007330s ]
INFO: [ view_filter ] --START--
INFO: Run Behavior\WriteHtmlCacheBehavior [ RunTime:0.000420s ]
INFO: [ view_filter ] --END-- [ RunTime:0.000591s ]
INFO: [ app_end ] --START--
INFO: Run Behavior\ShowPageTraceBehavior [ RunTime:0.000603s ]
INFO: [ app_end ] --END-- [ RunTime:0.000785s ]

[ 2016-08-17T10:32:10+08:00 ] 127.0.0.1 /admin/employee/add
INFO: [ app_init ] --START--
INFO: Run Behavior\BuildLiteBehavior [ RunTime:0.000046s ]
INFO: [ app_init ] --END-- [ RunTime:0.000646s ]
INFO: [ app_begin ] --START--
INFO: Run Behavior\ReadHtmlCacheBehavior [ RunTime:0.000758s ]
INFO: [ app_begin ] --END-- [ RunTime:0.000949s ]
NOTIC: [2] session_start(): open(e:/wamp/tmp\sess_cudsgo7elbnogtf33m8q3ou1h4, O_RDWR) failed: Permission denied (13) E:\wamp\www\test\ThinkPHP\Common\functions.php 第 1263 行.
INFO: [ view_parse ] --START--
INFO: [ template_filter ] --START--
INFO: Run Behavior\ContentReplaceBehavior [ RunTime:0.000188s ]
INFO: [ template_filter ] --END-- [ RunTime:0.000411s ]
INFO: Run Behavior\ParseTemplateBehavior [ RunTime:0.008414s ]
INFO: [ view_parse ] --END-- [ RunTime:0.008615s ]
INFO: [ view_filter ] --START--
INFO: Run Behavior\WriteHtmlCacheBehavior [ RunTime:0.000592s ]
INFO: [ view_filter ] --END-- [ RunTime:0.000795s ]
INFO: [ app_end ] --START--
INFO: Run Behavior\ShowPageTraceBehavior [ RunTime:0.000684s ]
INFO: [ app_end ] --END-- [ RunTime:0.000876s ]

[ 2016-08-17T10:32:10+08:00 ] 127.0.0.1 /admin/employee/static/h-ui.admin/css/H-ui.admin.css
INFO: [ app_init ] --START--
INFO: Run Behavior\BuildLiteBehavior [ RunTime:0.000048s ]
INFO: [ app_init ] --END-- [ RunTime:0.000619s ]
INFO: [ app_begin ] --START--
INFO: Run Behavior\ReadHtmlCacheBehavior [ RunTime:0.000715s ]
INFO: [ app_begin ] --END-- [ RunTime:0.000985s ]
NOTIC: [2] session_start(): open(e:/wamp/tmp\sess_cudsgo7elbnogtf33m8q3ou1h4, O_RDWR) failed: Permission denied (13) E:\wamp\www\test\ThinkPHP\Common\functions.php 第 1263 行.
ERR: 非法操作:static

[ 2016-08-17T10:32:10+08:00 ] 127.0.0.1 /admin/employee/static/h-ui.admin/css/style.css
INFO: [ app_init ] --START--
INFO: Run Behavior\BuildLiteBehavior [ RunTime:0.000052s ]
INFO: [ app_init ] --END-- [ RunTime:0.000677s ]
INFO: [ app_begin ] --START--
INFO: Run Behavior\ReadHtmlCacheBehavior [ RunTime:0.000659s ]
INFO: [ app_begin ] --END-- [ RunTime:0.000925s ]
NOTIC: [2] session_start(): open(e:/wamp/tmp\sess_cudsgo7elbnogtf33m8q3ou1h4, O_RDWR) failed: Permission denied (13) E:\wamp\www\test\ThinkPHP\Common\functions.php 第 1263 行.
ERR: 非法操作:static

[ 2016-08-17T10:32:10+08:00 ] 127.0.0.1 /admin/employee/static/h-ui.admin/skin/default/skin.css
INFO: [ app_init ] --START--
INFO: Run Behavior\BuildLiteBehavior [ RunTime:0.000065s ]
INFO: [ app_init ] --END-- [ RunTime:0.014952s ]
INFO: [ app_begin ] --START--
INFO: Run Behavior\ReadHtmlCacheBehavior [ RunTime:0.005042s ]
INFO: [ app_begin ] --END-- [ RunTime:0.005384s ]
NOTIC: [2] session_start(): open(e:/wamp/tmp\sess_cudsgo7elbnogtf33m8q3ou1h4, O_RDWR) failed: Permission denied (13) E:\wamp\www\test\ThinkPHP\Common\functions.php 第 1263 行.
ERR: 非法操作:static

[ 2016-08-17T10:32:10+08:00 ] 127.0.0.1 /admin/employee/lib/icheck/icheck.css
INFO: [ app_init ] --START--
INFO: Run Behavior\BuildLiteBehavior [ RunTime:0.000063s ]
INFO: [ app_init ] --END-- [ RunTime:0.000730s ]
INFO: [ app_begin ] --START--
INFO: Run Behavior\ReadHtmlCacheBehavior [ RunTime:0.033406s ]
INFO: [ app_begin ] --END-- [ RunTime:0.033727s ]
NOTIC: [2] session_start(): open(e:/wamp/tmp\sess_cudsgo7elbnogtf33m8q3ou1h4, O_RDWR) failed: Permission denied (13) E:\wamp\www\test\ThinkPHP\Common\functions.php 第 1263 行.
ERR: 非法操作:lib

[ 2016-08-17T10:32:10+08:00 ] 127.0.0.1 /admin/employee/static/h-ui/css/H-ui.min.css
INFO: [ app_init ] --START--
INFO: Run Behavior\BuildLiteBehavior [ RunTime:0.000065s ]
INFO: [ app_init ] --END-- [ RunTime:0.000797s ]
INFO: [ app_begin ] --START--
INFO: Run Behavior\ReadHtmlCacheBehavior [ RunTime:0.005135s ]
INFO: [ app_begin ] --END-- [ RunTime:0.005437s ]
NOTIC: [2] session_start(): open(e:/wamp/tmp\sess_cudsgo7elbnogtf33m8q3ou1h4, O_RDWR) failed: Permission denied (13) E:\wamp\www\test\ThinkPHP\Common\functions.php 第 1263 行.
ERR: 非法操作:static

[ 2016-08-17T10:32:10+08:00 ] 127.0.0.1 /admin/employee/lib/Hui-iconfont/1.0.7/iconfont.css
INFO: [ app_init ] --START--
INFO: Run Behavior\BuildLiteBehavior [ RunTime:0.000047s ]
INFO: [ app_init ] --END-- [ RunTime:0.004450s ]
INFO: [ app_begin ] --START--
INFO: Run Behavior\ReadHtmlCacheBehavior [ RunTime:0.005208s ]
INFO: [ app_begin ] --END-- [ RunTime:0.005493s ]
NOTIC: [2] session_start(): open(e:/wamp/tmp\sess_cudsgo7elbnogtf33m8q3ou1h4, O_RDWR) failed: Permission denied (13) E:\wamp\www\test\ThinkPHP\Common\functions.php 第 1263 行.
ERR: 非法操作:lib

[ 2016-08-17T10:32:10+08:00 ] 127.0.0.1 /admin/employee/lib/jquery/1.9.1/jquery.min.js
INFO: [ app_init ] --START--
INFO: Run Behavior\BuildLiteBehavior [ RunTime:0.000057s ]
INFO: [ app_init ] --END-- [ RunTime:0.000614s ]
INFO: [ app_begin ] --START--
INFO: Run Behavior\ReadHtmlCacheBehavior [ RunTime:0.000691s ]
INFO: [ app_begin ] --END-- [ RunTime:0.000959s ]
NOTIC: [2] session_start(): open(e:/wamp/tmp\sess_cudsgo7elbnogtf33m8q3ou1h4, O_RDWR) failed: Permission denied (13) E:\wamp\www\test\ThinkPHP\Common\functions.php 第 1263 行.
ERR: 非法操作:lib

[ 2016-08-17T10:32:10+08:00 ] 127.0.0.1 /admin/employee/lib/layer/2.1/layer.js
INFO: [ app_init ] --START--
INFO: Run Behavior\BuildLiteBehavior [ RunTime:0.000053s ]
INFO: [ app_init ] --END-- [ RunTime:0.000679s ]
INFO: [ app_begin ] --START--
INFO: Run Behavior\ReadHtmlCacheBehavior [ RunTime:0.000636s ]
INFO: [ app_begin ] --END-- [ RunTime:0.000898s ]
NOTIC: [2] session_start(): open(e:/wamp/tmp\sess_cudsgo7elbnogtf33m8q3ou1h4, O_RDWR) failed: Permission denied (13) E:\wamp\www\test\ThinkPHP\Common\functions.php 第 1263 行.
ERR: 非法操作:lib

[ 2016-08-17T10:32:10+08:00 ] 127.0.0.1 /admin/employee/lib/icheck/jquery.icheck.min.js
INFO: [ app_init ] --START--
INFO: Run Behavior\BuildLiteBehavior [ RunTime:0.000064s ]
INFO: [ app_init ] --END-- [ RunTime:0.000824s ]
INFO: [ app_begin ] --START--
INFO: Run Behavior\ReadHtmlCacheBehavior [ RunTime:0.010305s ]
INFO: [ app_begin ] --END-- [ RunTime:0.010604s ]
NOTIC: [2] session_start(): open(e:/wamp/tmp\sess_cudsgo7elbnogtf33m8q3ou1h4, O_RDWR) failed: Permission denied (13) E:\wamp\www\test\ThinkPHP\Common\functions.php 第 1263 行.
ERR: 非法操作:lib

[ 2016-08-17T10:32:10+08:00 ] 127.0.0.1 /admin/employee/lib/jquery.validation/1.14.0/messages_zh.min.js
INFO: [ app_init ] --START--
INFO: Run Behavior\BuildLiteBehavior [ RunTime:0.000053s ]
INFO: [ app_init ] --END-- [ RunTime:0.006913s ]
INFO: [ app_begin ] --START--
INFO: Run Behavior\ReadHtmlCacheBehavior [ RunTime:0.001103s ]
INFO: [ app_begin ] --END-- [ RunTime:0.001380s ]
NOTIC: [2] session_start(): open(e:/wamp/tmp\sess_cudsgo7elbnogtf33m8q3ou1h4, O_RDWR) failed: Permission denied (13) E:\wamp\www\test\ThinkPHP\Common\functions.php 第 1263 行.
ERR: 非法操作:lib

[ 2016-08-17T10:32:10+08:00 ] 127.0.0.1 /admin/employee/lib/jquery.validation/1.14.0/jquery.validate.min.js
INFO: [ app_init ] --START--
INFO: Run Behavior\BuildLiteBehavior [ RunTime:0.000061s ]
INFO: [ app_init ] --END-- [ RunTime:0.000804s ]
INFO: [ app_begin ] --START--
INFO: Run Behavior\ReadHtmlCacheBehavior [ RunTime:0.001079s ]
INFO: [ app_begin ] --END-- [ RunTime:0.001381s ]
NOTIC: [2] session_start(): open(e:/wamp/tmp\sess_cudsgo7elbnogtf33m8q3ou1h4, O_RDWR) failed: Permission denied (13) E:\wamp\www\test\ThinkPHP\Common\functions.php 第 1263 行.
ERR: 非法操作:lib

[ 2016-08-17T10:32:10+08:00 ] 127.0.0.1 /admin/employee/lib/jquery.validation/1.14.0/validate-methods.js
INFO: [ app_init ] --START--
INFO: Run Behavior\BuildLiteBehavior [ RunTime:0.000078s ]
INFO: [ app_init ] --END-- [ RunTime:0.016120s ]
INFO: [ app_begin ] --START--
INFO: Run Behavior\ReadHtmlCacheBehavior [ RunTime:0.000917s ]
INFO: [ app_begin ] --END-- [ RunTime:0.001171s ]
NOTIC: [2] session_start(): open(e:/wamp/tmp\sess_cudsgo7elbnogtf33m8q3ou1h4, O_RDWR) failed: Permission denied (13) E:\wamp\www\test\ThinkPHP\Common\functions.php 第 1263 行.
ERR: 非法操作:lib

[ 2016-08-17T10:32:10+08:00 ] 127.0.0.1 /admin/employee/static/h-ui.admin/js/H-ui.admin.js
INFO: [ app_init ] --START--
INFO: Run Behavior\BuildLiteBehavior [ RunTime:0.000040s ]
INFO: [ app_init ] --END-- [ RunTime:0.000577s ]
INFO: [ app_begin ] --START--
INFO: Run Behavior\ReadHtmlCacheBehavior [ RunTime:0.000516s ]
INFO: [ app_begin ] --END-- [ RunTime:0.000784s ]
NOTIC: [2] session_start(): open(e:/wamp/tmp\sess_cudsgo7elbnogtf33m8q3ou1h4, O_RDWR) failed: Permission denied (13) E:\wamp\www\test\ThinkPHP\Common\functions.php 第 1263 行.
ERR: 非法操作:static

[ 2016-08-17T10:32:10+08:00 ] 127.0.0.1 /admin/employee/static/h-ui/js/H-ui.js
INFO: [ app_init ] --START--
INFO: Run Behavior\BuildLiteBehavior [ RunTime:0.000040s ]
INFO: [ app_init ] --END-- [ RunTime:0.000515s ]
INFO: [ app_begin ] --START--
INFO: Run Behavior\ReadHtmlCacheBehavior [ RunTime:0.011126s ]
INFO: [ app_begin ] --END-- [ RunTime:0.011369s ]
NOTIC: [2] session_start(): open(e:/wamp/tmp\sess_cudsgo7elbnogtf33m8q3ou1h4, O_RDWR) failed: Permission denied (13) E:\wamp\www\test\ThinkPHP\Common\functions.php 第 1263 行.
ERR: 非法操作:static

[ 2016-08-17T10:32:10+08:00 ] 127.0.0.1 /admin/employee/lib/jquery.validation/1.14.0/messages_zh.min.js
INFO: [ app_init ] --START--
INFO: Run Behavior\BuildLiteBehavior [ RunTime:0.000039s ]
INFO: [ app_init ] --END-- [ RunTime:0.000510s ]
INFO: [ app_begin ] --START--
INFO: Run Behavior\ReadHtmlCacheBehavior [ RunTime:0.000746s ]
INFO: [ app_begin ] --END-- [ RunTime:0.000959s ]
NOTIC: [2] session_start(): open(e:/wamp/tmp\sess_cudsgo7elbnogtf33m8q3ou1h4, O_RDWR) failed: Permission denied (13) E:\wamp\www\test\ThinkPHP\Common\functions.php 第 1263 行.
ERR: 非法操作:lib

[ 2016-08-17T10:32:10+08:00 ] 127.0.0.1 /admin/employee/static/h-ui/js/H-ui.js
INFO: [ app_init ] --START--
INFO: Run Behavior\BuildLiteBehavior [ RunTime:0.000036s ]
INFO: [ app_init ] --END-- [ RunTime:0.000470s ]
INFO: [ app_begin ] --START--
INFO: Run Behavior\ReadHtmlCacheBehavior [ RunTime:0.000672s ]
INFO: [ app_begin ] --END-- [ RunTime:0.000850s ]
NOTIC: [2] session_start(): open(e:/wamp/tmp\sess_cudsgo7elbnogtf33m8q3ou1h4, O_RDWR) failed: Permission denied (13) E:\wamp\www\test\ThinkPHP\Common\functions.php 第 1263 行.
ERR: 非法操作:static

[ 2016-08-17T10:32:10+08:00 ] 127.0.0.1 /admin/employee/static/h-ui.admin/js/H-ui.admin.js
INFO: [ app_init ] --START--
INFO: Run Behavior\BuildLiteBehavior [ RunTime:0.000037s ]
INFO: [ app_init ] --END-- [ RunTime:0.000547s ]
INFO: [ app_begin ] --START--
INFO: Run Behavior\ReadHtmlCacheBehavior [ RunTime:0.000637s ]
INFO: [ app_begin ] --END-- [ RunTime:0.000813s ]
NOTIC: [2] session_start(): open(e:/wamp/tmp\sess_cudsgo7elbnogtf33m8q3ou1h4, O_RDWR) failed: Permission denied (13) E:\wamp\www\test\ThinkPHP\Common\functions.php 第 1263 行.
ERR: 非法操作:static

[ 2016-08-17T10:32:11+08:00 ] 127.0.0.1 /admin/employee/del
INFO: [ app_init ] --START--
INFO: Run Behavior\BuildLiteBehavior [ RunTime:0.000040s ]
INFO: [ app_init ] --END-- [ RunTime:0.000520s ]
INFO: [ app_begin ] --START--
INFO: Run Behavior\ReadHtmlCacheBehavior [ RunTime:0.000634s ]
INFO: [ app_begin ] --END-- [ RunTime:0.000812s ]
NOTIC: [2] session_start(): open(e:/wamp/tmp\sess_cudsgo7elbnogtf33m8q3ou1h4, O_RDWR) failed: Permission denied (13) E:\wamp\www\test\ThinkPHP\Common\functions.php 第 1263 行.
INFO: [ view_parse ] --START--
INFO: [ template_filter ] --START--
INFO: Run Behavior\ContentReplaceBehavior [ RunTime:0.000086s ]
INFO: [ template_filter ] --END-- [ RunTime:0.000265s ]
INFO: Run Behavior\ParseTemplateBehavior [ RunTime:0.006167s ]
INFO: [ view_parse ] --END-- [ RunTime:0.006345s ]
INFO: [ view_filter ] --START--
INFO: Run Behavior\WriteHtmlCacheBehavior [ RunTime:0.000454s ]
INFO: [ view_filter ] --END-- [ RunTime:0.000624s ]
INFO: [ app_end ] --START--
INFO: Run Behavior\ShowPageTraceBehavior [ RunTime:0.000645s ]
INFO: [ app_end ] --END-- [ RunTime:0.000837s ]

[ 2016-08-17T10:32:12+08:00 ] 127.0.0.1 /admin/employee/del
INFO: [ app_init ] --START--
INFO: Run Behavior\BuildLiteBehavior [ RunTime:0.000036s ]
INFO: [ app_init ] --END-- [ RunTime:0.000520s ]
INFO: [ app_begin ] --START--
INFO: Run Behavior\ReadHtmlCacheBehavior [ RunTime:0.000672s ]
INFO: [ app_begin ] --END-- [ RunTime:0.000851s ]
NOTIC: [2] session_start(): open(e:/wamp/tmp\sess_cudsgo7elbnogtf33m8q3ou1h4, O_RDWR) failed: Permission denied (13) E:\wamp\www\test\ThinkPHP\Common\functions.php 第 1263 行.
INFO: [ view_parse ] --START--
INFO: [ template_filter ] --START--
INFO: Run Behavior\ContentReplaceBehavior [ RunTime:0.000088s ]
INFO: [ template_filter ] --END-- [ RunTime:0.000270s ]
INFO: Run Behavior\ParseTemplateBehavior [ RunTime:0.006912s ]
INFO: [ view_parse ] --END-- [ RunTime:0.007094s ]
INFO: [ view_filter ] --START--
INFO: Run Behavior\WriteHtmlCacheBehavior [ RunTime:0.000439s ]
INFO: [ view_filter ] --END-- [ RunTime:0.000607s ]
INFO: [ app_end ] --START--
INFO: Run Behavior\ShowPageTraceBehavior [ RunTime:0.000628s ]
INFO: [ app_end ] --END-- [ RunTime:0.000799s ]

[ 2016-08-17T10:32:17+08:00 ] 127.0.0.1 /admin/employee/lists
INFO: [ app_init ] --START--
INFO: Run Behavior\BuildLiteBehavior [ RunTime:0.000041s ]
INFO: [ app_init ] --END-- [ RunTime:0.000562s ]
INFO: [ app_begin ] --START--
INFO: Run Behavior\ReadHtmlCacheBehavior [ RunTime:0.000697s ]
INFO: [ app_begin ] --END-- [ RunTime:0.000903s ]
NOTIC: [2] session_start(): open(e:/wamp/tmp\sess_cudsgo7elbnogtf33m8q3ou1h4, O_RDWR) failed: Permission denied (13) E:\wamp\www\test\ThinkPHP\Common\functions.php 第 1263 行.
INFO: [ app_end ] --START--
INFO: Run Behavior\ShowPageTraceBehavior [ RunTime:0.001153s ]
INFO: [ app_end ] --END-- [ RunTime:0.001439s ]

[ 2016-08-17T10:38:27+08:00 ] 127.0.0.1 /index.php/Admin/Index/login
INFO: [ app_init ] --START--
INFO: Run Behavior\BuildLiteBehavior [ RunTime:0.000040s ]
INFO: [ app_init ] --END-- [ RunTime:0.000538s ]
INFO: [ app_begin ] --START--
INFO: Run Behavior\ReadHtmlCacheBehavior [ RunTime:0.000716s ]
INFO: [ app_begin ] --END-- [ RunTime:0.000896s ]
NOTIC: [2] session_start(): open(e:/wamp/tmp\sess_cudsgo7elbnogtf33m8q3ou1h4, O_RDWR) failed: Permission denied (13) E:\wamp\www\test\ThinkPHP\Common\functions.php 第 1263 行.
INFO: [ view_parse ] --START--
INFO: [ template_filter ] --START--
INFO: Run Behavior\ContentReplaceBehavior [ RunTime:0.000183s ]
INFO: [ template_filter ] --END-- [ RunTime:0.000379s ]
NOTIC: [8] Undefined variable: token E:\wamp\www\test\Application\Runtime\Cache\Admin\041185b974292283d2f6098acc3220ec.php 第 114 行.
INFO: Run Behavior\ParseTemplateBehavior [ RunTime:0.009599s ]
INFO: [ view_parse ] --END-- [ RunTime:0.009781s ]
INFO: [ view_filter ] --START--
INFO: Run Behavior\WriteHtmlCacheBehavior [ RunTime:0.000454s ]
INFO: [ view_filter ] --END-- [ RunTime:0.000618s ]
INFO: [ app_end ] --START--
INFO: Run Behavior\ShowPageTraceBehavior [ RunTime:0.000657s ]
INFO: [ app_end ] --END-- [ RunTime:0.000826s ]

[ 2016-08-17T10:39:27+08:00 ] 127.0.0.1 /Admin/Index/login
INFO: [ app_init ] --START--
INFO: Run Behavior\BuildLiteBehavior [ RunTime:0.000040s ]
INFO: [ app_init ] --END-- [ RunTime:0.000555s ]
INFO: [ app_begin ] --START--
INFO: Run Behavior\ReadHtmlCacheBehavior [ RunTime:0.000815s ]
INFO: [ app_begin ] --END-- [ RunTime:0.001027s ]
NOTIC: [2] session_start(): open(e:/wamp/tmp\sess_cudsgo7elbnogtf33m8q3ou1h4, O_RDWR) failed: Permission denied (13) E:\wamp\www\test\ThinkPHP\Common\functions.php 第 1263 行.
INFO: [ view_parse ] --START--
INFO: [ template_filter ] --START--
INFO: Run Behavior\ContentReplaceBehavior [ RunTime:0.000170s ]
INFO: [ template_filter ] --END-- [ RunTime:0.000398s ]
NOTIC: [8] Undefined variable: token E:\wamp\www\test\Application\Runtime\Cache\Admin\041185b974292283d2f6098acc3220ec.php 第 114 行.
INFO: Run Behavior\ParseTemplateBehavior [ RunTime:0.022397s ]
INFO: [ view_parse ] --END-- [ RunTime:0.022591s ]
INFO: [ view_filter ] --START--
INFO: Run Behavior\WriteHtmlCacheBehavior [ RunTime:0.000496s ]
INFO: [ view_filter ] --END-- [ RunTime:0.000663s ]
INFO: [ app_end ] --START--
INFO: Run Behavior\ShowPageTraceBehavior [ RunTime:0.000937s ]
INFO: [ app_end ] --END-- [ RunTime:0.001123s ]

[ 2016-08-17T10:43:39+08:00 ] 127.0.0.1 /Admin/Index/login
INFO: [ app_init ] --START--
INFO: Run Behavior\BuildLiteBehavior [ RunTime:0.000046s ]
INFO: [ app_init ] --END-- [ RunTime:0.000671s ]
INFO: [ app_begin ] --START--
INFO: Run Behavior\ReadHtmlCacheBehavior [ RunTime:0.001008s ]
INFO: [ app_begin ] --END-- [ RunTime:0.001274s ]
NOTIC: [2] session_start(): open(e:/wamp/tmp\sess_cudsgo7elbnogtf33m8q3ou1h4, O_RDWR) failed: Permission denied (13) E:\wamp\www\test\ThinkPHP\Common\functions.php 第 1263 行.
INFO: [ view_parse ] --START--
INFO: [ template_filter ] --START--
INFO: Run Behavior\ContentReplaceBehavior [ RunTime:0.000175s ]
INFO: [ template_filter ] --END-- [ RunTime:0.000381s ]
NOTIC: [8] Undefined variable: token E:\wamp\www\test\Application\Runtime\Cache\Admin\041185b974292283d2f6098acc3220ec.php 第 114 行.
INFO: Run Behavior\ParseTemplateBehavior [ RunTime:0.023457s ]
INFO: [ view_parse ] --END-- [ RunTime:0.023646s ]
INFO: [ view_filter ] --START--
INFO: Run Behavior\WriteHtmlCacheBehavior [ RunTime:0.000330s ]
INFO: [ view_filter ] --END-- [ RunTime:0.000512s ]
INFO: [ app_end ] --START--
INFO: Run Behavior\ShowPageTraceBehavior [ RunTime:0.000528s ]
INFO: [ app_end ] --END-- [ RunTime:0.000714s ]

[ 2016-08-17T10:43:46+08:00 ] 127.0.0.1 /Admin/Index/login
INFO: [ app_init ] --START--
INFO: Run Behavior\BuildLiteBehavior [ RunTime:0.000037s ]
INFO: [ app_init ] --END-- [ RunTime:0.000496s ]
INFO: [ app_begin ] --START--
INFO: Run Behavior\ReadHtmlCacheBehavior [ RunTime:0.000599s ]
INFO: [ app_begin ] --END-- [ RunTime:0.000844s ]
NOTIC: [2] session_start(): open(e:/wamp/tmp\sess_cudsgo7elbnogtf33m8q3ou1h4, O_RDWR) failed: Permission denied (13) E:\wamp\www\test\ThinkPHP\Common\functions.php 第 1263 行.
INFO: [ view_parse ] --START--
INFO: [ template_filter ] --START--
INFO: Run Behavior\ContentReplaceBehavior [ RunTime:0.000147s ]
INFO: [ template_filter ] --END-- [ RunTime:0.000326s ]
NOTIC: [8] Undefined variable: token E:\wamp\www\test\Application\Runtime\Cache\Admin\041185b974292283d2f6098acc3220ec.php 第 114 行.
INFO: Run Behavior\ParseTemplateBehavior [ RunTime:0.008828s ]
INFO: [ view_parse ] --END-- [ RunTime:0.009116s ]
INFO: [ view_filter ] --START--
INFO: Run Behavior\WriteHtmlCacheBehavior [ RunTime:0.000332s ]
INFO: [ view_filter ] --END-- [ RunTime:0.000572s ]
INFO: [ app_end ] --START--
INFO: Run Behavior\ShowPageTraceBehavior [ RunTime:0.000537s ]
INFO: [ app_end ] --END-- [ RunTime:0.000748s ]

[ 2016-08-17T10:45:04+08:00 ] 127.0.0.1 /Admin/Index/login
INFO: [ app_init ] --START--
INFO: Run Behavior\BuildLiteBehavior [ RunTime:0.000039s ]
INFO: [ app_init ] --END-- [ RunTime:0.000710s ]
INFO: [ app_begin ] --START--
INFO: Run Behavior\ReadHtmlCacheBehavior [ RunTime:0.000789s ]
INFO: [ app_begin ] --END-- [ RunTime:0.000980s ]
NOTIC: [2] session_start(): open(e:/wamp/tmp\sess_cudsgo7elbnogtf33m8q3ou1h4, O_RDWR) failed: Permission denied (13) E:\wamp\www\test\ThinkPHP\Common\functions.php 第 1263 行.
INFO: [ view_parse ] --START--
INFO: [ template_filter ] --START--
INFO: Run Behavior\ContentReplaceBehavior [ RunTime:0.000162s ]
INFO: [ template_filter ] --END-- [ RunTime:0.000344s ]
NOTIC: [8] Undefined variable: token E:\wamp\www\test\Application\Runtime\Cache\Admin\041185b974292283d2f6098acc3220ec.php 第 114 行.
INFO: Run Behavior\ParseTemplateBehavior [ RunTime:0.009052s ]
INFO: [ view_parse ] --END-- [ RunTime:0.009235s ]
INFO: [ view_filter ] --START--
INFO: Run Behavior\WriteHtmlCacheBehavior [ RunTime:0.000443s ]
INFO: [ view_filter ] --END-- [ RunTime:0.000614s ]
INFO: [ app_end ] --START--
INFO: Run Behavior\ShowPageTraceBehavior [ RunTime:0.000633s ]
INFO: [ app_end ] --END-- [ RunTime:0.000802s ]

[ 2016-08-17T10:45:05+08:00 ] 127.0.0.1 /Admin/Index/login
INFO: [ app_init ] --START--
INFO: Run Behavior\BuildLiteBehavior [ RunTime:0.000036s ]
INFO: [ app_init ] --END-- [ RunTime:0.000500s ]
INFO: [ app_begin ] --START--
INFO: Run Behavior\ReadHtmlCacheBehavior [ RunTime:0.000678s ]
INFO: [ app_begin ] --END-- [ RunTime:0.000869s ]
NOTIC: [2] session_start(): open(e:/wamp/tmp\sess_cudsgo7elbnogtf33m8q3ou1h4, O_RDWR) failed: Permission denied (13) E:\wamp\www\test\ThinkPHP\Common\functions.php 第 1263 行.
INFO: [ view_parse ] --START--
INFO: [ template_filter ] --START--
INFO: Run Behavior\ContentReplaceBehavior [ RunTime:0.000159s ]
INFO: [ template_filter ] --END-- [ RunTime:0.000358s ]
NOTIC: [8] Undefined variable: token E:\wamp\www\test\Application\Runtime\Cache\Admin\041185b974292283d2f6098acc3220ec.php 第 114 行.
INFO: Run Behavior\ParseTemplateBehavior [ RunTime:0.009542s ]
INFO: [ view_parse ] --END-- [ RunTime:0.009823s ]
INFO: [ view_filter ] --START--
INFO: Run Behavior\WriteHtmlCacheBehavior [ RunTime:0.000425s ]
INFO: [ view_filter ] --END-- [ RunTime:0.000603s ]
INFO: [ app_end ] --START--
INFO: Run Behavior\ShowPageTraceBehavior [ RunTime:0.000624s ]
INFO: [ app_end ] --END-- [ RunTime:0.000795s ]

[ 2016-08-17T10:45:10+08:00 ] 127.0.0.1 /Admin/Index/login
INFO: [ app_init ] --START--
INFO: Run Behavior\BuildLiteBehavior [ RunTime:0.000041s ]
INFO: [ app_init ] --END-- [ RunTime:0.000583s ]
INFO: [ app_begin ] --START--
INFO: Run Behavior\ReadHtmlCacheBehavior [ RunTime:0.000822s ]
INFO: [ app_begin ] --END-- [ RunTime:0.001046s ]
NOTIC: [2] session_start(): open(e:/wamp/tmp\sess_cudsgo7elbnogtf33m8q3ou1h4, O_RDWR) failed: Permission denied (13) E:\wamp\www\test\ThinkPHP\Common\functions.php 第 1263 行.
INFO: [ view_parse ] --START--
INFO: [ template_filter ] --START--
INFO: Run Behavior\ContentReplaceBehavior [ RunTime:0.000159s ]
INFO: [ template_filter ] --END-- [ RunTime:0.000351s ]
NOTIC: [8] Undefined variable: token E:\wamp\www\test\Application\Runtime\Cache\Admin\041185b974292283d2f6098acc3220ec.php 第 114 行.
INFO: Run Behavior\ParseTemplateBehavior [ RunTime:0.009583s ]
INFO: [ view_parse ] --END-- [ RunTime:0.009802s ]
INFO: [ view_filter ] --START--
INFO: Run Behavior\WriteHtmlCacheBehavior [ RunTime:0.000593s ]
INFO: [ view_filter ] --END-- [ RunTime:0.000819s ]
INFO: [ app_end ] --START--
INFO: Run Behavior\ShowPageTraceBehavior [ RunTime:0.000811s ]
INFO: [ app_end ] --END-- [ RunTime:0.000994s ]

[ 2016-08-17T10:45:22+08:00 ] 127.0.0.1 /Admin/Index/login
INFO: [ app_init ] --START--
INFO: Run Behavior\BuildLiteBehavior [ RunTime:0.000036s ]
INFO: [ app_init ] --END-- [ RunTime:0.000432s ]
INFO: [ app_begin ] --START--
INFO: Run Behavior\ReadHtmlCacheBehavior [ RunTime:0.000443s ]
INFO: [ app_begin ] --END-- [ RunTime:0.000622s ]
NOTIC: [2] session_start(): open(e:/wamp/tmp\sess_cudsgo7elbnogtf33m8q3ou1h4, O_RDWR) failed: Permission denied (13) E:\wamp\www\test\ThinkPHP\Common\functions.php 第 1263 行.
INFO: [ view_parse ] --START--
INFO: [ template_filter ] --START--
INFO: Run Behavior\ContentReplaceBehavior [ RunTime:0.000159s ]
INFO: [ template_filter ] --END-- [ RunTime:0.000365s ]
NOTIC: [8] Undefined variable: token E:\wamp\www\test\Application\Runtime\Cache\Admin\041185b974292283d2f6098acc3220ec.php 第 114 行.
INFO: Run Behavior\ParseTemplateBehavior [ RunTime:0.007757s ]
INFO: [ view_parse ] --END-- [ RunTime:0.008007s ]
INFO: [ view_filter ] --START--
INFO: Run Behavior\WriteHtmlCacheBehavior [ RunTime:0.000250s ]
INFO: [ view_filter ] --END-- [ RunTime:0.000434s ]
INFO: [ app_end ] --START--
INFO: Run Behavior\ShowPageTraceBehavior [ RunTime:0.000463s ]
INFO: [ app_end ] --END-- [ RunTime:0.000677s ]

[ 2016-08-17T10:45:23+08:00 ] 127.0.0.1 /Admin/Index/login
INFO: [ app_init ] --START--
INFO: Run Behavior\BuildLiteBehavior [ RunTime:0.000034s ]
INFO: [ app_init ] --END-- [ RunTime:0.000460s ]
INFO: [ app_begin ] --START--
INFO: Run Behavior\ReadHtmlCacheBehavior [ RunTime:0.001777s ]
INFO: [ app_begin ] --END-- [ RunTime:0.002060s ]
NOTIC: [2] session_start(): open(e:/wamp/tmp\sess_cudsgo7elbnogtf33m8q3ou1h4, O_RDWR) failed: Permission denied (13) E:\wamp\www\test\ThinkPHP\Common\functions.php 第 1263 行.
INFO: [ view_parse ] --START--
INFO: [ template_filter ] --START--
INFO: Run Behavior\ContentReplaceBehavior [ RunTime:0.000151s ]
INFO: [ template_filter ] --END-- [ RunTime:0.000355s ]
NOTIC: [8] Undefined variable: token E:\wamp\www\test\Application\Runtime\Cache\Admin\041185b974292283d2f6098acc3220ec.php 第 114 行.
INFO: Run Behavior\ParseTemplateBehavior [ RunTime:0.009559s ]
INFO: [ view_parse ] --END-- [ RunTime:0.009737s ]
INFO: [ view_filter ] --START--
INFO: Run Behavior\WriteHtmlCacheBehavior [ RunTime:0.000460s ]
INFO: [ view_filter ] --END-- [ RunTime:0.000623s ]
INFO: [ app_end ] --START--
INFO: Run Behavior\ShowPageTraceBehavior [ RunTime:0.000637s ]
INFO: [ app_end ] --END-- [ RunTime:0.000803s ]

[ 2016-08-17T10:45:24+08:00 ] 127.0.0.1 /Admin/Index/login
INFO: [ app_init ] --START--
INFO: Run Behavior\BuildLiteBehavior [ RunTime:0.000037s ]
INFO: [ app_init ] --END-- [ RunTime:0.000488s ]
INFO: [ app_begin ] --START--
INFO: Run Behavior\ReadHtmlCacheBehavior [ RunTime:0.000651s ]
INFO: [ app_begin ] --END-- [ RunTime:0.000840s ]
NOTIC: [2] session_start(): open(e:/wamp/tmp\sess_cudsgo7elbnogtf33m8q3ou1h4, O_RDWR) failed: Permission denied (13) E:\wamp\www\test\ThinkPHP\Common\functions.php 第 1263 行.
INFO: [ view_parse ] --START--
INFO: [ template_filter ] --START--
INFO: Run Behavior\ContentReplaceBehavior [ RunTime:0.000157s ]
INFO: [ template_filter ] --END-- [ RunTime:0.000353s ]
NOTIC: [8] Undefined variable: token E:\wamp\www\test\Application\Runtime\Cache\Admin\041185b974292283d2f6098acc3220ec.php 第 114 行.
INFO: Run Behavior\ParseTemplateBehavior [ RunTime:0.008637s ]
INFO: [ view_parse ] --END-- [ RunTime:0.008830s ]
INFO: [ view_filter ] --START--
INFO: Run Behavior\WriteHtmlCacheBehavior [ RunTime:0.000486s ]
INFO: [ view_filter ] --END-- [ RunTime:0.000668s ]
INFO: [ app_end ] --START--
INFO: Run Behavior\ShowPageTraceBehavior [ RunTime:0.000789s ]
INFO: [ app_end ] --END-- [ RunTime:0.001058s ]

[ 2016-08-17T10:45:25+08:00 ] 127.0.0.1 /Admin/Index/login
INFO: [ app_init ] --START--
INFO: Run Behavior\BuildLiteBehavior [ RunTime:0.000038s ]
INFO: [ app_init ] --END-- [ RunTime:0.000522s ]
INFO: [ app_begin ] --START--
INFO: Run Behavior\ReadHtmlCacheBehavior [ RunTime:0.000744s ]
INFO: [ app_begin ] --END-- [ RunTime:0.000913s ]
NOTIC: [2] session_start(): open(e:/wamp/tmp\sess_cudsgo7elbnogtf33m8q3ou1h4, O_RDWR) failed: Permission denied (13) E:\wamp\www\test\ThinkPHP\Common\functions.php 第 1263 行.
INFO: [ view_parse ] --START--
INFO: [ template_filter ] --START--
INFO: Run Behavior\ContentReplaceBehavior [ RunTime:0.000171s ]
INFO: [ template_filter ] --END-- [ RunTime:0.000414s ]
NOTIC: [8] Undefined variable: token E:\wamp\www\test\Application\Runtime\Cache\Admin\041185b974292283d2f6098acc3220ec.php 第 114 行.
INFO: Run Behavior\ParseTemplateBehavior [ RunTime:0.009684s ]
INFO: [ view_parse ] --END-- [ RunTime:0.009864s ]
INFO: [ view_filter ] --START--
INFO: Run Behavior\WriteHtmlCacheBehavior [ RunTime:0.000605s ]
INFO: [ view_filter ] --END-- [ RunTime:0.000784s ]
INFO: [ app_end ] --START--
INFO: Run Behavior\ShowPageTraceBehavior [ RunTime:0.000810s ]
INFO: [ app_end ] --END-- [ RunTime:0.000994s ]

[ 2016-08-17T10:45:26+08:00 ] 127.0.0.1 /Admin/Index/login
INFO: [ app_init ] --START--
INFO: Run Behavior\BuildLiteBehavior [ RunTime:0.000036s ]
INFO: [ app_init ] --END-- [ RunTime:0.000502s ]
INFO: [ app_begin ] --START--
INFO: Run Behavior\ReadHtmlCacheBehavior [ RunTime:0.000702s ]
INFO: [ app_begin ] --END-- [ RunTime:0.000893s ]
NOTIC: [2] session_start(): open(e:/wamp/tmp\sess_cudsgo7elbnogtf33m8q3ou1h4, O_RDWR) failed: Permission denied (13) E:\wamp\www\test\ThinkPHP\Common\functions.php 第 1263 行.
INFO: [ view_parse ] --START--
INFO: [ template_filter ] --START--
INFO: Run Behavior\ContentReplaceBehavior [ RunTime:0.000158s ]
INFO: [ template_filter ] --END-- [ RunTime:0.000352s ]
NOTIC: [8] Undefined variable: token E:\wamp\www\test\Application\Runtime\Cache\Admin\041185b974292283d2f6098acc3220ec.php 第 114 行.
INFO: Run Behavior\ParseTemplateBehavior [ RunTime:0.008991s ]
INFO: [ view_parse ] --END-- [ RunTime:0.009170s ]
INFO: [ view_filter ] --START--
INFO: Run Behavior\WriteHtmlCacheBehavior [ RunTime:0.000418s ]
INFO: [ view_filter ] --END-- [ RunTime:0.000593s ]
INFO: [ app_end ] --START--
INFO: Run Behavior\ShowPageTraceBehavior [ RunTime:0.000624s ]
INFO: [ app_end ] --END-- [ RunTime:0.000796s ]

[ 2016-08-17T10:45:26+08:00 ] 127.0.0.1 /Admin/Index/login
INFO: [ app_init ] --START--
INFO: Run Behavior\BuildLiteBehavior [ RunTime:0.000036s ]
INFO: [ app_init ] --END-- [ RunTime:0.000486s ]
INFO: [ app_begin ] --START--
INFO: Run Behavior\ReadHtmlCacheBehavior [ RunTime:0.000587s ]
INFO: [ app_begin ] --END-- [ RunTime:0.000761s ]
NOTIC: [2] session_start(): open(e:/wamp/tmp\sess_cudsgo7elbnogtf33m8q3ou1h4, O_RDWR) failed: Permission denied (13) E:\wamp\www\test\ThinkPHP\Common\functions.php 第 1263 行.
INFO: [ view_parse ] --START--
INFO: [ template_filter ] --START--
INFO: Run Behavior\ContentReplaceBehavior [ RunTime:0.000146s ]
INFO: [ template_filter ] --END-- [ RunTime:0.000323s ]
NOTIC: [8] Undefined variable: token E:\wamp\www\test\Application\Runtime\Cache\Admin\041185b974292283d2f6098acc3220ec.php 第 114 行.
INFO: Run Behavior\ParseTemplateBehavior [ RunTime:0.008255s ]
INFO: [ view_parse ] --END-- [ RunTime:0.008455s ]
INFO: [ view_filter ] --START--
INFO: Run Behavior\WriteHtmlCacheBehavior [ RunTime:0.000399s ]
INFO: [ view_filter ] --END-- [ RunTime:0.000564s ]
INFO: [ app_end ] --START--
INFO: Run Behavior\ShowPageTraceBehavior [ RunTime:0.000598s ]
INFO: [ app_end ] --END-- [ RunTime:0.000769s ]

[ 2016-08-17T10:46:06+08:00 ] 127.0.0.1 /Admin/Index/login
INFO: [ app_init ] --START--
INFO: Run Behavior\BuildLiteBehavior [ RunTime:0.000058s ]
INFO: [ app_init ] --END-- [ RunTime:0.000655s ]
INFO: [ app_begin ] --START--
INFO: Run Behavior\ReadHtmlCacheBehavior [ RunTime:0.000550s ]
INFO: [ app_begin ] --END-- [ RunTime:0.000729s ]
NOTIC: [2] session_start(): open(e:/wamp/tmp\sess_cudsgo7elbnogtf33m8q3ou1h4, O_RDWR) failed: Permission denied (13) E:\wamp\www\test\ThinkPHP\Common\functions.php 第 1263 行.
INFO: [ view_parse ] --START--
INFO: [ template_filter ] --START--
INFO: Run Behavior\ContentReplaceBehavior [ RunTime:0.000144s ]
INFO: [ template_filter ] --END-- [ RunTime:0.000325s ]
NOTIC: [8] Undefined variable: token E:\wamp\www\test\Application\Runtime\Cache\Admin\041185b974292283d2f6098acc3220ec.php 第 114 行.
INFO: Run Behavior\ParseTemplateBehavior [ RunTime:0.008093s ]
INFO: [ view_parse ] --END-- [ RunTime:0.008278s ]
INFO: [ view_filter ] --START--
INFO: Run Behavior\WriteHtmlCacheBehavior [ RunTime:0.000316s ]
INFO: [ view_filter ] --END-- [ RunTime:0.000484s ]
INFO: [ app_end ] --START--
INFO: Run Behavior\ShowPageTraceBehavior [ RunTime:0.000506s ]
INFO: [ app_end ] --END-- [ RunTime:0.000675s ]

[ 2016-08-17T10:46:07+08:00 ] 127.0.0.1 /Admin/Index/login
INFO: [ app_init ] --START--
INFO: Run Behavior\BuildLiteBehavior [ RunTime:0.000039s ]
INFO: [ app_init ] --END-- [ RunTime:0.000495s ]
INFO: [ app_begin ] --START--
INFO: Run Behavior\ReadHtmlCacheBehavior [ RunTime:0.000651s ]
INFO: [ app_begin ] --END-- [ RunTime:0.000820s ]
NOTIC: [2] session_start(): open(e:/wamp/tmp\sess_cudsgo7elbnogtf33m8q3ou1h4, O_RDWR) failed: Permission denied (13) E:\wamp\www\test\ThinkPHP\Common\functions.php 第 1263 行.
INFO: [ view_parse ] --START--
INFO: [ template_filter ] --START--
INFO: Run Behavior\ContentReplaceBehavior [ RunTime:0.000150s ]
INFO: [ template_filter ] --END-- [ RunTime:0.000369s ]
NOTIC: [8] Undefined variable: token E:\wamp\www\test\Application\Runtime\Cache\Admin\041185b974292283d2f6098acc3220ec.php 第 114 行.
INFO: Run Behavior\ParseTemplateBehavior [ RunTime:0.008448s ]
INFO: [ view_parse ] --END-- [ RunTime:0.008618s ]
INFO: [ view_filter ] --START--
INFO: Run Behavior\WriteHtmlCacheBehavior [ RunTime:0.000467s ]
INFO: [ view_filter ] --END-- [ RunTime:0.000697s ]
INFO: [ app_end ] --START--
INFO: Run Behavior\ShowPageTraceBehavior [ RunTime:0.000765s ]
INFO: [ app_end ] --END-- [ RunTime:0.000984s ]

[ 2016-08-17T10:46:07+08:00 ] 127.0.0.1 /Admin/Index/login
INFO: [ app_init ] --START--
INFO: Run Behavior\BuildLiteBehavior [ RunTime:0.000035s ]
INFO: [ app_init ] --END-- [ RunTime:0.000519s ]
INFO: [ app_begin ] --START--
INFO: Run Behavior\ReadHtmlCacheBehavior [ RunTime:0.000738s ]
INFO: [ app_begin ] --END-- [ RunTime:0.000922s ]
NOTIC: [2] session_start(): open(e:/wamp/tmp\sess_cudsgo7elbnogtf33m8q3ou1h4, O_RDWR) failed: Permission denied (13) E:\wamp\www\test\ThinkPHP\Common\functions.php 第 1263 行.
INFO: [ view_parse ] --START--
INFO: [ template_filter ] --START--
INFO: Run Behavior\ContentReplaceBehavior [ RunTime:0.000166s ]
INFO: [ template_filter ] --END-- [ RunTime:0.000406s ]
NOTIC: [8] Undefined variable: token E:\wamp\www\test\Application\Runtime\Cache\Admin\041185b974292283d2f6098acc3220ec.php 第 114 行.
INFO: Run Behavior\ParseTemplateBehavior [ RunTime:0.009563s ]
INFO: [ view_parse ] --END-- [ RunTime:0.009736s ]
INFO: [ view_filter ] --START--
INFO: Run Behavior\WriteHtmlCacheBehavior [ RunTime:0.000782s ]
INFO: [ view_filter ] --END-- [ RunTime:0.000974s ]
INFO: [ app_end ] --START--
INFO: Run Behavior\ShowPageTraceBehavior [ RunTime:0.000870s ]
INFO: [ app_end ] --END-- [ RunTime:0.001096s ]

[ 2016-08-17T10:46:56+08:00 ] 127.0.0.1 /Admin/Index/login
INFO: [ app_init ] --START--
INFO: Run Behavior\BuildLiteBehavior [ RunTime:0.000038s ]
INFO: [ app_init ] --END-- [ RunTime:0.000505s ]
INFO: [ app_begin ] --START--
INFO: Run Behavior\ReadHtmlCacheBehavior [ RunTime:0.000679s ]
INFO: [ app_begin ] --END-- [ RunTime:0.000872s ]
NOTIC: [2] session_start(): open(e:/wamp/tmp\sess_cudsgo7elbnogtf33m8q3ou1h4, O_RDWR) failed: Permission denied (13) E:\wamp\www\test\ThinkPHP\Common\functions.php 第 1263 行.
INFO: [ view_parse ] --START--
INFO: [ template_filter ] --START--
INFO: Run Behavior\ContentReplaceBehavior [ RunTime:0.000165s ]
INFO: [ template_filter ] --END-- [ RunTime:0.000397s ]
NOTIC: [8] Undefined variable: token E:\wamp\www\test\Application\Runtime\Cache\Admin\041185b974292283d2f6098acc3220ec.php 第 114 行.
INFO: Run Behavior\ParseTemplateBehavior [ RunTime:0.008459s ]
INFO: [ view_parse ] --END-- [ RunTime:0.008633s ]
INFO: [ view_filter ] --START--
INFO: Run Behavior\WriteHtmlCacheBehavior [ RunTime:0.000403s ]
INFO: [ view_filter ] --END-- [ RunTime:0.000569s ]
INFO: [ app_end ] --START--
INFO: Run Behavior\ShowPageTraceBehavior [ RunTime:0.000633s ]
INFO: [ app_end ] --END-- [ RunTime:0.000828s ]

[ 2016-08-17T10:48:42+08:00 ] 127.0.0.1 /Admin/Index/login
INFO: [ app_init ] --START--
INFO: Run Behavior\BuildLiteBehavior [ RunTime:0.000058s ]
INFO: [ app_init ] --END-- [ RunTime:0.000685s ]
INFO: [ app_begin ] --START--
INFO: Run Behavior\ReadHtmlCacheBehavior [ RunTime:0.000674s ]
INFO: [ app_begin ] --END-- [ RunTime:0.000849s ]
NOTIC: [2] session_start(): open(e:/wamp/tmp\sess_cudsgo7elbnogtf33m8q3ou1h4, O_RDWR) failed: Permission denied (13) E:\wamp\www\test\ThinkPHP\Common\functions.php 第 1263 行.
INFO: [ view_parse ] --START--
INFO: [ template_filter ] --START--
INFO: Run Behavior\ContentReplaceBehavior [ RunTime:0.000150s ]
INFO: [ template_filter ] --END-- [ RunTime:0.000354s ]
NOTIC: [8] Undefined variable: token E:\wamp\www\test\Application\Runtime\Cache\Admin\041185b974292283d2f6098acc3220ec.php 第 114 行.
INFO: Run Behavior\ParseTemplateBehavior [ RunTime:0.008501s ]
INFO: [ view_parse ] --END-- [ RunTime:0.008759s ]
INFO: [ view_filter ] --START--
INFO: Run Behavior\WriteHtmlCacheBehavior [ RunTime:0.000580s ]
INFO: [ view_filter ] --END-- [ RunTime:0.000773s ]
INFO: [ app_end ] --START--
INFO: Run Behavior\ShowPageTraceBehavior [ RunTime:0.000733s ]
INFO: [ app_end ] --END-- [ RunTime:0.000937s ]

[ 2016-08-17T10:48:43+08:00 ] 127.0.0.1 /Admin/Index/login
INFO: [ app_init ] --START--
INFO: Run Behavior\BuildLiteBehavior [ RunTime:0.000038s ]
INFO: [ app_init ] --END-- [ RunTime:0.000516s ]
INFO: [ app_begin ] --START--
INFO: Run Behavior\ReadHtmlCacheBehavior [ RunTime:0.000659s ]
INFO: [ app_begin ] --END-- [ RunTime:0.000835s ]
NOTIC: [2] session_start(): open(e:/wamp/tmp\sess_cudsgo7elbnogtf33m8q3ou1h4, O_RDWR) failed: Permission denied (13) E:\wamp\www\test\ThinkPHP\Common\functions.php 第 1263 行.
INFO: [ view_parse ] --START--
INFO: [ template_filter ] --START--
INFO: Run Behavior\ContentReplaceBehavior [ RunTime:0.000157s ]
INFO: [ template_filter ] --END-- [ RunTime:0.000345s ]
NOTIC: [8] Undefined variable: token E:\wamp\www\test\Application\Runtime\Cache\Admin\041185b974292283d2f6098acc3220ec.php 第 114 行.
INFO: Run Behavior\ParseTemplateBehavior [ RunTime:0.008563s ]
INFO: [ view_parse ] --END-- [ RunTime:0.008741s ]
INFO: [ view_filter ] --START--
INFO: Run Behavior\WriteHtmlCacheBehavior [ RunTime:0.000476s ]
INFO: [ view_filter ] --END-- [ RunTime:0.000652s ]
INFO: [ app_end ] --START--
INFO: Run Behavior\ShowPageTraceBehavior [ RunTime:0.000682s ]
INFO: [ app_end ] --END-- [ RunTime:0.000884s ]

[ 2016-08-17T10:48:53+08:00 ] 127.0.0.1 /Admin/Index/login
INFO: [ app_init ] --START--
INFO: Run Behavior\BuildLiteBehavior [ RunTime:0.000038s ]
INFO: [ app_init ] --END-- [ RunTime:0.000475s ]
INFO: [ app_begin ] --START--
INFO: Run Behavior\ReadHtmlCacheBehavior [ RunTime:0.000750s ]
INFO: [ app_begin ] --END-- [ RunTime:0.001009s ]
NOTIC: [2] session_start(): open(e:/wamp/tmp\sess_cudsgo7elbnogtf33m8q3ou1h4, O_RDWR) failed: Permission denied (13) E:\wamp\www\test\ThinkPHP\Common\functions.php 第 1263 行.
INFO: [ view_parse ] --START--
INFO: [ template_filter ] --START--
INFO: Run Behavior\ContentReplaceBehavior [ RunTime:0.000170s ]
INFO: [ template_filter ] --END-- [ RunTime:0.000406s ]
NOTIC: [8] Undefined variable: token E:\wamp\www\test\Application\Runtime\Cache\Admin\041185b974292283d2f6098acc3220ec.php 第 114 行.
INFO: Run Behavior\ParseTemplateBehavior [ RunTime:0.008772s ]
INFO: [ view_parse ] --END-- [ RunTime:0.008957s ]
INFO: [ view_filter ] --START--
INFO: Run Behavior\WriteHtmlCacheBehavior [ RunTime:0.000435s ]
INFO: [ view_filter ] --END-- [ RunTime:0.000600s ]
INFO: [ app_end ] --START--
INFO: Run Behavior\ShowPageTraceBehavior [ RunTime:0.000634s ]
INFO: [ app_end ] --END-- [ RunTime:0.000804s ]

