[ 2016-10-23T14:15:00+08:00 ] 127.0.0.1 /
INFO: [ app_init ] --START--
INFO: Run Behavior\BuildLiteBehavior [ RunTime:0.000044s ]
INFO: [ app_init ] --END-- [ RunTime:0.011270s ]
INFO: [ app_begin ] --START--
INFO: Run Behavior\ReadHtmlCacheBehavior [ RunTime:0.001844s ]
INFO: [ app_begin ] --END-- [ RunTime:0.002046s ]
SQL: SHOW COLUMNS FROM `myz_menu` [ RunTime:0.5884s ]
SQL: SELECT * FROM `myz_menu` WHERE `pid` = 0 AND `type` = 1 AND `isshow` = 1 AND `deep` = 1 ORDER BY orderid asc  [ RunTime:0.1509s ]
SQL: SELECT * FROM `myz_menu` WHERE `pid` = 15 AND `type` = 1 AND `isshow` = 1 AND `deep` = 2 ORDER BY orderid asc  [ RunTime:0.0194s ]
SQL: SELECT * FROM `myz_menu` WHERE `pid` = 8 AND `type` = 1 AND `isshow` = 1 AND `deep` = 2 ORDER BY orderid asc  [ RunTime:0.0013s ]
SQL: SELECT * FROM `myz_menu` WHERE `pid` = 13 AND `type` = 1 AND `isshow` = 1 AND `deep` = 2 ORDER BY orderid asc  [ RunTime:0.0006s ]
SQL: SELECT * FROM `myz_menu` WHERE `pid` = 2 AND `type` = 1 AND `isshow` = 1 AND `deep` = 2 ORDER BY orderid asc  [ RunTime:0.0009s ]
SQL: SELECT * FROM `myz_menu` WHERE `pid` = 1 AND `type` = 1 AND `isshow` = 1 AND `deep` = 2 ORDER BY orderid asc  [ RunTime:0.0009s ]
SQL: SELECT * FROM `myz_menu` WHERE `pid` = 14 AND `type` = 1 AND `isshow` = 1 AND `deep` = 2 ORDER BY orderid asc  [ RunTime:0.0006s ]
SQL: SELECT * FROM `myz_menu` WHERE `pid` = 17 AND `type` = 1 AND `isshow` = 1 AND `deep` = 2 ORDER BY orderid asc  [ RunTime:0.0006s ]
INFO: [ view_parse ] --START--
INFO: [ template_filter ] --START--
INFO: Run Behavior\ContentReplaceBehavior [ RunTime:0.000189s ]
INFO: [ template_filter ] --END-- [ RunTime:0.000391s ]
INFO: Run Behavior\ParseTemplateBehavior [ RunTime:0.340580s ]
INFO: [ view_parse ] --END-- [ RunTime:0.340860s ]
INFO: [ view_filter ] --START--
INFO: Run Behavior\WriteHtmlCacheBehavior [ RunTime:0.015057s ]
INFO: [ view_filter ] --END-- [ RunTime:0.015249s ]
INFO: [ app_end ] --START--
INFO: Run Behavior\ShowPageTraceBehavior [ RunTime:0.022594s ]
INFO: [ app_end ] --END-- [ RunTime:0.022796s ]

[ 2016-10-23T14:15:00+08:00 ] 127.0.0.1 /Admin/Index/login
INFO: [ app_init ] --START--
INFO: Run Behavior\BuildLiteBehavior [ RunTime:0.000035s ]
INFO: [ app_init ] --END-- [ RunTime:0.000548s ]
INFO: [ app_begin ] --START--
INFO: Run Behavior\ReadHtmlCacheBehavior [ RunTime:0.000829s ]
INFO: [ app_begin ] --END-- [ RunTime:0.001003s ]
INFO: [ view_parse ] --START--
INFO: [ template_filter ] --START--
INFO: Run Behavior\ContentReplaceBehavior [ RunTime:0.012165s ]
INFO: [ template_filter ] --END-- [ RunTime:0.012392s ]
INFO: Run Behavior\ParseTemplateBehavior [ RunTime:0.261855s ]
INFO: [ view_parse ] --END-- [ RunTime:0.262074s ]
INFO: [ view_filter ] --START--
INFO: Run Behavior\WriteHtmlCacheBehavior [ RunTime:0.017822s ]
INFO: [ view_filter ] --END-- [ RunTime:0.018006s ]
INFO: [ app_end ] --START--
INFO: Run Behavior\ShowPageTraceBehavior [ RunTime:0.000870s ]
INFO: [ app_end ] --END-- [ RunTime:0.001086s ]

[ 2016-10-23T14:15:31+08:00 ] 127.0.0.1 /index.php/Admin/Index/dologin
INFO: [ app_init ] --START--
INFO: Run Behavior\BuildLiteBehavior [ RunTime:0.000039s ]
INFO: [ app_init ] --END-- [ RunTime:0.000579s ]
INFO: [ app_begin ] --START--
INFO: Run Behavior\ReadHtmlCacheBehavior [ RunTime:0.000720s ]
INFO: [ app_begin ] --END-- [ RunTime:0.000895s ]
INFO: [ view_parse ] --START--
INFO: [ template_filter ] --START--
INFO: Run Behavior\ContentReplaceBehavior [ RunTime:0.000129s ]
INFO: [ template_filter ] --END-- [ RunTime:0.000348s ]
INFO: Run Behavior\ParseTemplateBehavior [ RunTime:0.072977s ]
INFO: [ view_parse ] --END-- [ RunTime:0.073208s ]
INFO: [ view_filter ] --START--
INFO: Run Behavior\WriteHtmlCacheBehavior [ RunTime:0.000787s ]
INFO: [ view_filter ] --END-- [ RunTime:0.000990s ]

[ 2016-10-23T14:15:34+08:00 ] 127.0.0.1 /admin/index/login
INFO: [ app_init ] --START--
INFO: Run Behavior\BuildLiteBehavior [ RunTime:0.000036s ]
INFO: [ app_init ] --END-- [ RunTime:0.000503s ]
INFO: [ app_begin ] --START--
INFO: Run Behavior\ReadHtmlCacheBehavior [ RunTime:0.000691s ]
INFO: [ app_begin ] --END-- [ RunTime:0.000862s ]
INFO: [ view_parse ] --START--
INFO: [ template_filter ] --START--
INFO: Run Behavior\ContentReplaceBehavior [ RunTime:0.000157s ]
INFO: [ template_filter ] --END-- [ RunTime:0.000347s ]
INFO: Run Behavior\ParseTemplateBehavior [ RunTime:0.010797s ]
INFO: [ view_parse ] --END-- [ RunTime:0.010977s ]
INFO: [ view_filter ] --START--
INFO: Run Behavior\WriteHtmlCacheBehavior [ RunTime:0.000508s ]
INFO: [ view_filter ] --END-- [ RunTime:0.000674s ]
INFO: [ app_end ] --START--
INFO: Run Behavior\ShowPageTraceBehavior [ RunTime:0.000698s ]
INFO: [ app_end ] --END-- [ RunTime:0.000878s ]

[ 2016-10-23T14:16:16+08:00 ] 127.0.0.1 /index.php/Admin/Index/dologin
INFO: [ app_init ] --START--
INFO: Run Behavior\BuildLiteBehavior [ RunTime:0.000036s ]
INFO: [ app_init ] --END-- [ RunTime:0.000483s ]
INFO: [ app_begin ] --START--
INFO: Run Behavior\ReadHtmlCacheBehavior [ RunTime:0.000752s ]
INFO: [ app_begin ] --END-- [ RunTime:0.000933s ]
NOTIC: [2048] Declaration of Admin\Model\UserModel::getInstance() should be compatible with Think\Single::getInstance($class) E:\wamp\www\test\Application\Admin\Model\UserModel.class.php 第 7 行.
SQL: SELECT * FROM `myz_admin` WHERE `phone` = '13425157493' LIMIT 1   [ RunTime:0.0524s ]
INFO: [ view_parse ] --START--
INFO: [ template_filter ] --START--
INFO: Run Behavior\ContentReplaceBehavior [ RunTime:0.000266s ]
INFO: [ template_filter ] --END-- [ RunTime:0.000756s ]
INFO: Run Behavior\ParseTemplateBehavior [ RunTime:0.036457s ]
INFO: [ view_parse ] --END-- [ RunTime:0.036947s ]
INFO: [ view_filter ] --START--
INFO: Run Behavior\WriteHtmlCacheBehavior [ RunTime:0.001600s ]
INFO: [ view_filter ] --END-- [ RunTime:0.002049s ]

[ 2016-10-23T14:16:19+08:00 ] 127.0.0.1 /admin/index/login
INFO: [ app_init ] --START--
INFO: Run Behavior\BuildLiteBehavior [ RunTime:0.000070s ]
INFO: [ app_init ] --END-- [ RunTime:0.000856s ]
INFO: [ app_begin ] --START--
INFO: Run Behavior\ReadHtmlCacheBehavior [ RunTime:0.000694s ]
INFO: [ app_begin ] --END-- [ RunTime:0.000868s ]
INFO: [ view_parse ] --START--
INFO: [ template_filter ] --START--
INFO: Run Behavior\ContentReplaceBehavior [ RunTime:0.000169s ]
INFO: [ template_filter ] --END-- [ RunTime:0.000372s ]
INFO: Run Behavior\ParseTemplateBehavior [ RunTime:0.009454s ]
INFO: [ view_parse ] --END-- [ RunTime:0.009646s ]
INFO: [ view_filter ] --START--
INFO: Run Behavior\WriteHtmlCacheBehavior [ RunTime:0.000541s ]
INFO: [ view_filter ] --END-- [ RunTime:0.000716s ]
INFO: [ app_end ] --START--
INFO: Run Behavior\ShowPageTraceBehavior [ RunTime:0.000718s ]
INFO: [ app_end ] --END-- [ RunTime:0.000900s ]

[ 2016-10-23T14:16:34+08:00 ] 127.0.0.1 /index.php/Admin/Index/dologin
INFO: [ app_init ] --START--
INFO: Run Behavior\BuildLiteBehavior [ RunTime:0.000035s ]
INFO: [ app_init ] --END-- [ RunTime:0.000492s ]
INFO: [ app_begin ] --START--
INFO: Run Behavior\ReadHtmlCacheBehavior [ RunTime:0.000868s ]
INFO: [ app_begin ] --END-- [ RunTime:0.001053s ]
NOTIC: [2048] Declaration of Admin\Model\UserModel::getInstance() should be compatible with Think\Single::getInstance($class) E:\wamp\www\test\Application\Admin\Model\UserModel.class.php 第 7 行.
SQL: SELECT * FROM `myz_admin` WHERE `phone` = '13425157493' LIMIT 1   [ RunTime:0.0005s ]
NOTIC: [8] A session had already been started - ignoring session_start() E:\wamp\www\test\ThinkPHP\Common\functions.php 第 1263 行.
INFO: [ view_parse ] --START--
INFO: [ template_filter ] --START--
INFO: Run Behavior\ContentReplaceBehavior [ RunTime:0.000121s ]
INFO: [ template_filter ] --END-- [ RunTime:0.000307s ]
INFO: Run Behavior\ParseTemplateBehavior [ RunTime:0.008435s ]
INFO: [ view_parse ] --END-- [ RunTime:0.008656s ]
INFO: [ view_filter ] --START--
INFO: Run Behavior\WriteHtmlCacheBehavior [ RunTime:0.000636s ]
INFO: [ view_filter ] --END-- [ RunTime:0.000841s ]
INFO: [ app_end ] --START--
INFO: Run Behavior\ShowPageTraceBehavior [ RunTime:0.000836s ]
INFO: [ app_end ] --END-- [ RunTime:0.001112s ]

[ 2016-10-23T14:16:37+08:00 ] 127.0.0.1 /admin/index/index
INFO: [ app_init ] --START--
INFO: Run Behavior\BuildLiteBehavior [ RunTime:0.000036s ]
INFO: [ app_init ] --END-- [ RunTime:0.000488s ]
INFO: [ app_begin ] --START--
INFO: Run Behavior\ReadHtmlCacheBehavior [ RunTime:0.000742s ]
INFO: [ app_begin ] --END-- [ RunTime:0.000923s ]
SQL: SHOW COLUMNS FROM `myz_menu` [ RunTime:0.1653s ]
SQL: SELECT * FROM `myz_menu` WHERE `pid` = 0 AND `type` = 1 AND `isshow` = 1 AND `deep` = 1 ORDER BY orderid asc  [ RunTime:0.0008s ]
SQL: SELECT * FROM `myz_menu` WHERE `pid` = 15 AND `type` = 1 AND `isshow` = 1 AND `deep` = 2 ORDER BY orderid asc  [ RunTime:0.0007s ]
SQL: SELECT * FROM `myz_menu` WHERE `pid` = 8 AND `type` = 1 AND `isshow` = 1 AND `deep` = 2 ORDER BY orderid asc  [ RunTime:0.0005s ]
SQL: SELECT * FROM `myz_menu` WHERE `pid` = 13 AND `type` = 1 AND `isshow` = 1 AND `deep` = 2 ORDER BY orderid asc  [ RunTime:0.0004s ]
SQL: SELECT * FROM `myz_menu` WHERE `pid` = 2 AND `type` = 1 AND `isshow` = 1 AND `deep` = 2 ORDER BY orderid asc  [ RunTime:0.0004s ]
SQL: SELECT * FROM `myz_menu` WHERE `pid` = 1 AND `type` = 1 AND `isshow` = 1 AND `deep` = 2 ORDER BY orderid asc  [ RunTime:0.0004s ]
SQL: SELECT * FROM `myz_menu` WHERE `pid` = 14 AND `type` = 1 AND `isshow` = 1 AND `deep` = 2 ORDER BY orderid asc  [ RunTime:0.0003s ]
SQL: SELECT * FROM `myz_menu` WHERE `pid` = 17 AND `type` = 1 AND `isshow` = 1 AND `deep` = 2 ORDER BY orderid asc  [ RunTime:0.0003s ]
INFO: [ view_parse ] --START--
INFO: [ template_filter ] --START--
INFO: Run Behavior\ContentReplaceBehavior [ RunTime:0.000170s ]
INFO: [ template_filter ] --END-- [ RunTime:0.000358s ]
INFO: Run Behavior\ParseTemplateBehavior [ RunTime:0.018316s ]
INFO: [ view_parse ] --END-- [ RunTime:0.018537s ]
INFO: [ view_filter ] --START--
INFO: Run Behavior\WriteHtmlCacheBehavior [ RunTime:0.000492s ]
INFO: [ view_filter ] --END-- [ RunTime:0.000656s ]
INFO: [ app_end ] --START--
INFO: Run Behavior\ShowPageTraceBehavior [ RunTime:0.001164s ]
INFO: [ app_end ] --END-- [ RunTime:0.001414s ]

[ 2016-10-23T14:16:38+08:00 ] 127.0.0.1 /admin/index/welcome.html
INFO: [ app_init ] --START--
INFO: Run Behavior\BuildLiteBehavior [ RunTime:0.000047s ]
INFO: [ app_init ] --END-- [ RunTime:0.000493s ]
INFO: [ app_begin ] --START--
INFO: Run Behavior\ReadHtmlCacheBehavior [ RunTime:0.000686s ]
INFO: [ app_begin ] --END-- [ RunTime:0.000859s ]
INFO: [ view_parse ] --START--
INFO: [ template_filter ] --START--
INFO: Run Behavior\ContentReplaceBehavior [ RunTime:0.000159s ]
INFO: [ template_filter ] --END-- [ RunTime:0.000419s ]
INFO: Run Behavior\ParseTemplateBehavior [ RunTime:0.203453s ]
INFO: [ view_parse ] --END-- [ RunTime:0.203711s ]
INFO: [ view_filter ] --START--
INFO: Run Behavior\WriteHtmlCacheBehavior [ RunTime:0.000769s ]
INFO: [ view_filter ] --END-- [ RunTime:0.001018s ]
INFO: [ app_end ] --START--
INFO: Run Behavior\ShowPageTraceBehavior [ RunTime:0.001057s ]
INFO: [ app_end ] --END-- [ RunTime:0.001326s ]

[ 2016-10-23T14:16:43+08:00 ] 127.0.0.1 /admin/employee/emplList
INFO: [ app_init ] --START--
INFO: Run Behavior\BuildLiteBehavior [ RunTime:0.000040s ]
INFO: [ app_init ] --END-- [ RunTime:0.000525s ]
INFO: [ app_begin ] --START--
INFO: Run Behavior\ReadHtmlCacheBehavior [ RunTime:0.000701s ]
INFO: [ app_begin ] --END-- [ RunTime:0.000876s ]
NOTIC: [2048] Declaration of Admin\Model\UserModel::getInstance() should be compatible with Think\Single::getInstance($class) E:\wamp\www\test\Application\Admin\Model\UserModel.class.php 第 7 行.
SQL: SELECT COUNT(*) AS tp_count FROM `myz_admin` LIMIT 1   [ RunTime:0.0540s ]
ERR: 1146:Table 'test.hengtu_wxapp_car' doesn't exist
 [ SQL语句 ] : SELECT a.name,a.phone FROM myz_admin a LEFT JOIN hengtu_wxapp_car AS car ON car.id= la.carid LEFT JOIN hengtu_wxapp_comreservation AS com ON com.id= la.com_reservation_id  ORDER BY la.addtime DESC LIMIT 0,15  
ERR: 1146:Table 'test.hengtu_wxapp_car' doesn't exist
 [ SQL语句 ] : SELECT a.name,a.phone FROM myz_admin a LEFT JOIN hengtu_wxapp_car AS car ON car.id= la.carid LEFT JOIN hengtu_wxapp_comreservation AS com ON com.id= la.com_reservation_id  ORDER BY la.addtime DESC LIMIT 0,15  

[ 2016-10-23T14:16:48+08:00 ] 127.0.0.1 /admin/employee/lists
INFO: [ app_init ] --START--
INFO: Run Behavior\BuildLiteBehavior [ RunTime:0.000067s ]
INFO: [ app_init ] --END-- [ RunTime:0.000692s ]
INFO: [ app_begin ] --START--
INFO: Run Behavior\ReadHtmlCacheBehavior [ RunTime:0.000845s ]
INFO: [ app_begin ] --END-- [ RunTime:0.001062s ]

[ 2016-10-23T14:16:49+08:00 ] 127.0.0.1 /admin/employee/adminDepa
INFO: [ app_init ] --START--
INFO: Run Behavior\BuildLiteBehavior [ RunTime:0.000039s ]
INFO: [ app_init ] --END-- [ RunTime:0.000583s ]
INFO: [ app_begin ] --START--
INFO: Run Behavior\ReadHtmlCacheBehavior [ RunTime:0.000689s ]
INFO: [ app_begin ] --END-- [ RunTime:0.000862s ]
NOTIC: [2048] Declaration of Admin\Model\AdminDepaModel::getInstance() should be compatible with Think\Single::getInstance($class) E:\wamp\www\test\Application\Admin\Model\AdminDepaModel.class.php 第 12 行.
SQL: SELECT d.id,d.name,d.detail,d.rules,d.addtime,count(a.department) as num FROM myz_admin_depa d LEFT JOIN myz_admin as a ON a.department = d.id  GROUP BY d.id  [ RunTime:0.1445s ]
INFO: [ view_parse ] --START--
INFO: [ template_filter ] --START--
INFO: Run Behavior\ContentReplaceBehavior [ RunTime:0.000120s ]
INFO: [ template_filter ] --END-- [ RunTime:0.000309s ]
INFO: Run Behavior\ParseTemplateBehavior [ RunTime:0.059570s ]
INFO: [ view_parse ] --END-- [ RunTime:0.059786s ]
INFO: [ view_filter ] --START--
INFO: Run Behavior\WriteHtmlCacheBehavior [ RunTime:0.000519s ]
INFO: [ view_filter ] --END-- [ RunTime:0.000687s ]
INFO: [ app_end ] --START--
INFO: Run Behavior\ShowPageTraceBehavior [ RunTime:0.000679s ]
INFO: [ app_end ] --END-- [ RunTime:0.000864s ]

[ 2016-10-23T14:16:51+08:00 ] 127.0.0.1 /admin/employee/emplList
INFO: [ app_init ] --START--
INFO: Run Behavior\BuildLiteBehavior [ RunTime:0.000051s ]
INFO: [ app_init ] --END-- [ RunTime:0.000545s ]
INFO: [ app_begin ] --START--
INFO: Run Behavior\ReadHtmlCacheBehavior [ RunTime:0.000788s ]
INFO: [ app_begin ] --END-- [ RunTime:0.000979s ]
NOTIC: [2048] Declaration of Admin\Model\UserModel::getInstance() should be compatible with Think\Single::getInstance($class) E:\wamp\www\test\Application\Admin\Model\UserModel.class.php 第 7 行.
SQL: SELECT COUNT(*) AS tp_count FROM `myz_admin` LIMIT 1   [ RunTime:0.0002s ]
ERR: 1146:Table 'test.hengtu_wxapp_car' doesn't exist
 [ SQL语句 ] : SELECT a.name,a.phone FROM myz_admin a LEFT JOIN hengtu_wxapp_car AS car ON car.id= la.carid LEFT JOIN hengtu_wxapp_comreservation AS com ON com.id= la.com_reservation_id  ORDER BY la.addtime DESC LIMIT 0,15  
ERR: 1146:Table 'test.hengtu_wxapp_car' doesn't exist
 [ SQL语句 ] : SELECT a.name,a.phone FROM myz_admin a LEFT JOIN hengtu_wxapp_car AS car ON car.id= la.carid LEFT JOIN hengtu_wxapp_comreservation AS com ON com.id= la.com_reservation_id  ORDER BY la.addtime DESC LIMIT 0,15  

[ 2016-10-23T14:16:58+08:00 ] 127.0.0.1 /admin/employee/emplList
INFO: [ app_init ] --START--
INFO: Run Behavior\BuildLiteBehavior [ RunTime:0.000039s ]
INFO: [ app_init ] --END-- [ RunTime:0.000523s ]
INFO: [ app_begin ] --START--
INFO: Run Behavior\ReadHtmlCacheBehavior [ RunTime:0.000687s ]
INFO: [ app_begin ] --END-- [ RunTime:0.000860s ]
NOTIC: [2048] Declaration of Admin\Model\UserModel::getInstance() should be compatible with Think\Single::getInstance($class) E:\wamp\www\test\Application\Admin\Model\UserModel.class.php 第 7 行.
SQL: SELECT COUNT(*) AS tp_count FROM `myz_admin` LIMIT 1   [ RunTime:0.0003s ]
ERR: 1146:Table 'test.hengtu_wxapp_car' doesn't exist
 [ SQL语句 ] : SELECT a.name,a.phone FROM myz_admin a LEFT JOIN hengtu_wxapp_car AS car ON car.id= la.carid LEFT JOIN hengtu_wxapp_comreservation AS com ON com.id= la.com_reservation_id  ORDER BY la.addtime DESC LIMIT 0,15  
ERR: 1146:Table 'test.hengtu_wxapp_car' doesn't exist
 [ SQL语句 ] : SELECT a.name,a.phone FROM myz_admin a LEFT JOIN hengtu_wxapp_car AS car ON car.id= la.carid LEFT JOIN hengtu_wxapp_comreservation AS com ON com.id= la.com_reservation_id  ORDER BY la.addtime DESC LIMIT 0,15  

[ 2016-10-23T14:17:00+08:00 ] 127.0.0.1 /admin/employee/adminDepa
INFO: [ app_init ] --START--
INFO: Run Behavior\BuildLiteBehavior [ RunTime:0.000040s ]
INFO: [ app_init ] --END-- [ RunTime:0.000536s ]
INFO: [ app_begin ] --START--
INFO: Run Behavior\ReadHtmlCacheBehavior [ RunTime:0.000695s ]
INFO: [ app_begin ] --END-- [ RunTime:0.000884s ]
NOTIC: [2048] Declaration of Admin\Model\AdminDepaModel::getInstance() should be compatible with Think\Single::getInstance($class) E:\wamp\www\test\Application\Admin\Model\AdminDepaModel.class.php 第 12 行.
SQL: SELECT d.id,d.name,d.detail,d.rules,d.addtime,count(a.department) as num FROM myz_admin_depa d LEFT JOIN myz_admin as a ON a.department = d.id  GROUP BY d.id  [ RunTime:0.0406s ]
INFO: [ view_parse ] --START--
INFO: [ template_filter ] --START--
INFO: Run Behavior\ContentReplaceBehavior [ RunTime:0.000121s ]
INFO: [ template_filter ] --END-- [ RunTime:0.000313s ]
INFO: Run Behavior\ParseTemplateBehavior [ RunTime:0.011748s ]
INFO: [ view_parse ] --END-- [ RunTime:0.011927s ]
INFO: [ view_filter ] --START--
INFO: Run Behavior\WriteHtmlCacheBehavior [ RunTime:0.000502s ]
INFO: [ view_filter ] --END-- [ RunTime:0.000668s ]
INFO: [ app_end ] --START--
INFO: Run Behavior\ShowPageTraceBehavior [ RunTime:0.000682s ]
INFO: [ app_end ] --END-- [ RunTime:0.000849s ]

[ 2016-10-23T14:17:03+08:00 ] 127.0.0.1 /Admin/Employee/adminDepaAdd
INFO: [ app_init ] --START--
INFO: Run Behavior\BuildLiteBehavior [ RunTime:0.000074s ]
INFO: [ app_init ] --END-- [ RunTime:0.000982s ]
INFO: [ app_begin ] --START--
INFO: Run Behavior\ReadHtmlCacheBehavior [ RunTime:0.000937s ]
INFO: [ app_begin ] --END-- [ RunTime:0.001210s ]
NOTIC: [2048] Declaration of Admin\Model\MenuModel::getInstance() should be compatible with Think\Single::getInstance($class) E:\wamp\www\test\Application\Admin\Model\MenuModel.class.php 第 7 行.
SQL: SELECT * FROM `myz_menu` WHERE `pid` = 0 AND `isshow` = 1 AND `type` = 1 ORDER BY orderid ASC  [ RunTime:0.0009s ]
SQL: SELECT * FROM `myz_menu` WHERE `pid` = '15' AND `isshow` = 1 AND `type` = 1 ORDER BY orderid ASC  [ RunTime:0.0119s ]
SQL: SELECT * FROM `myz_menu` WHERE `pid` = '16' AND `isshow` = 1 AND `type` = 1 ORDER BY orderid ASC  [ RunTime:0.0003s ]
SQL: SELECT * FROM `myz_menu` WHERE `pid` = '8' AND `isshow` = 1 AND `type` = 1 ORDER BY orderid ASC  [ RunTime:0.0003s ]
SQL: SELECT * FROM `myz_menu` WHERE `pid` = '12' AND `isshow` = 1 AND `type` = 1 ORDER BY orderid ASC  [ RunTime:0.0003s ]
SQL: SELECT * FROM `myz_menu` WHERE `pid` = '9' AND `isshow` = 1 AND `type` = 1 ORDER BY orderid ASC  [ RunTime:0.0003s ]
SQL: SELECT * FROM `myz_menu` WHERE `pid` = '11' AND `isshow` = 1 AND `type` = 1 ORDER BY orderid ASC  [ RunTime:0.0002s ]
SQL: SELECT * FROM `myz_menu` WHERE `pid` = '13' AND `isshow` = 1 AND `type` = 1 ORDER BY orderid ASC  [ RunTime:0.0002s ]
SQL: SELECT * FROM `myz_menu` WHERE `pid` = '2' AND `isshow` = 1 AND `type` = 1 ORDER BY orderid ASC  [ RunTime:0.0002s ]
SQL: SELECT * FROM `myz_menu` WHERE `pid` = '5' AND `isshow` = 1 AND `type` = 1 ORDER BY orderid ASC  [ RunTime:0.0002s ]
SQL: SELECT * FROM `myz_menu` WHERE `pid` = '6' AND `isshow` = 1 AND `type` = 1 ORDER BY orderid ASC  [ RunTime:0.0002s ]
SQL: SELECT * FROM `myz_menu` WHERE `pid` = '1' AND `isshow` = 1 AND `type` = 1 ORDER BY orderid ASC  [ RunTime:0.0004s ]
SQL: SELECT * FROM `myz_menu` WHERE `pid` = '18' AND `isshow` = 1 AND `type` = 1 ORDER BY orderid ASC  [ RunTime:0.0003s ]
SQL: SELECT * FROM `myz_menu` WHERE `pid` = '3' AND `isshow` = 1 AND `type` = 1 ORDER BY orderid ASC  [ RunTime:0.0003s ]
SQL: SELECT * FROM `myz_menu` WHERE `pid` = '4' AND `isshow` = 1 AND `type` = 1 ORDER BY orderid ASC  [ RunTime:0.0002s ]
SQL: SELECT * FROM `myz_menu` WHERE `pid` = '7' AND `isshow` = 1 AND `type` = 1 ORDER BY orderid ASC  [ RunTime:0.0002s ]
SQL: SELECT * FROM `myz_menu` WHERE `pid` = '14' AND `isshow` = 1 AND `type` = 1 ORDER BY orderid ASC  [ RunTime:0.0002s ]
SQL: SELECT * FROM `myz_menu` WHERE `pid` = '17' AND `isshow` = 1 AND `type` = 1 ORDER BY orderid ASC  [ RunTime:0.0003s ]
INFO: [ view_parse ] --START--
INFO: [ template_filter ] --START--
INFO: Run Behavior\ContentReplaceBehavior [ RunTime:0.000144s ]
INFO: [ template_filter ] --END-- [ RunTime:0.000351s ]
NOTIC: [8] Undefined index: child E:\wamp\www\test\Application\Runtime\Cache\Admin\8158898535bc8c5308fbdf23fbc6db1b.php 第 62 行.
NOTIC: [8] Undefined index: child E:\wamp\www\test\Application\Runtime\Cache\Admin\8158898535bc8c5308fbdf23fbc6db1b.php 第 62 行.
NOTIC: [8] Undefined index: child E:\wamp\www\test\Application\Runtime\Cache\Admin\8158898535bc8c5308fbdf23fbc6db1b.php 第 62 行.
INFO: Run Behavior\ParseTemplateBehavior [ RunTime:0.086595s ]
INFO: [ view_parse ] --END-- [ RunTime:0.086808s ]
INFO: [ view_filter ] --START--
INFO: Run Behavior\WriteHtmlCacheBehavior [ RunTime:0.000653s ]
INFO: [ view_filter ] --END-- [ RunTime:0.000878s ]
INFO: [ app_end ] --START--
INFO: Run Behavior\ShowPageTraceBehavior [ RunTime:0.000914s ]
INFO: [ app_end ] --END-- [ RunTime:0.001118s ]

[ 2016-10-23T14:17:28+08:00 ] 127.0.0.1 /Admin/Employee/adminDepaEdit/id/4
INFO: [ app_init ] --START--
INFO: Run Behavior\BuildLiteBehavior [ RunTime:0.000061s ]
INFO: [ app_init ] --END-- [ RunTime:0.001001s ]
INFO: [ app_begin ] --START--
INFO: Run Behavior\ReadHtmlCacheBehavior [ RunTime:0.001047s ]
INFO: [ app_begin ] --END-- [ RunTime:0.001313s ]
NOTIC: [2048] Declaration of Admin\Model\AdminDepaModel::getInstance() should be compatible with Think\Single::getInstance($class) E:\wamp\www\test\Application\Admin\Model\AdminDepaModel.class.php 第 12 行.
SQL: SELECT * FROM `myz_admin_depa` WHERE `id` = '4' LIMIT 1   [ RunTime:0.0131s ]
NOTIC: [2048] Declaration of Admin\Model\MenuModel::getInstance() should be compatible with Think\Single::getInstance($class) E:\wamp\www\test\Application\Admin\Model\MenuModel.class.php 第 50 行.
SQL: SELECT * FROM `myz_menu` WHERE `pid` = 0 AND `isshow` = 1 AND `type` = 1 ORDER BY orderid ASC  [ RunTime:0.0088s ]
SQL: SELECT * FROM `myz_menu` WHERE `pid` = '15' AND `isshow` = 1 AND `type` = 1 ORDER BY orderid ASC  [ RunTime:0.0004s ]
SQL: SELECT * FROM `myz_menu` WHERE `pid` = '16' AND `isshow` = 1 AND `type` = 1 ORDER BY orderid ASC  [ RunTime:0.0003s ]
SQL: SELECT * FROM `myz_menu` WHERE `pid` = '8' AND `isshow` = 1 AND `type` = 1 ORDER BY orderid ASC  [ RunTime:0.0003s ]
SQL: SELECT * FROM `myz_menu` WHERE `pid` = '12' AND `isshow` = 1 AND `type` = 1 ORDER BY orderid ASC  [ RunTime:0.0002s ]
SQL: SELECT * FROM `myz_menu` WHERE `pid` = '9' AND `isshow` = 1 AND `type` = 1 ORDER BY orderid ASC  [ RunTime:0.0002s ]
SQL: SELECT * FROM `myz_menu` WHERE `pid` = '11' AND `isshow` = 1 AND `type` = 1 ORDER BY orderid ASC  [ RunTime:0.0003s ]
SQL: SELECT * FROM `myz_menu` WHERE `pid` = '13' AND `isshow` = 1 AND `type` = 1 ORDER BY orderid ASC  [ RunTime:0.0003s ]
SQL: SELECT * FROM `myz_menu` WHERE `pid` = '2' AND `isshow` = 1 AND `type` = 1 ORDER BY orderid ASC  [ RunTime:0.0003s ]
SQL: SELECT * FROM `myz_menu` WHERE `pid` = '5' AND `isshow` = 1 AND `type` = 1 ORDER BY orderid ASC  [ RunTime:0.0003s ]
SQL: SELECT * FROM `myz_menu` WHERE `pid` = '6' AND `isshow` = 1 AND `type` = 1 ORDER BY orderid ASC  [ RunTime:0.0003s ]
SQL: SELECT * FROM `myz_menu` WHERE `pid` = '1' AND `isshow` = 1 AND `type` = 1 ORDER BY orderid ASC  [ RunTime:0.0003s ]
SQL: SELECT * FROM `myz_menu` WHERE `pid` = '18' AND `isshow` = 1 AND `type` = 1 ORDER BY orderid ASC  [ RunTime:0.0002s ]
SQL: SELECT * FROM `myz_menu` WHERE `pid` = '3' AND `isshow` = 1 AND `type` = 1 ORDER BY orderid ASC  [ RunTime:0.0002s ]
SQL: SELECT * FROM `myz_menu` WHERE `pid` = '4' AND `isshow` = 1 AND `type` = 1 ORDER BY orderid ASC  [ RunTime:0.0003s ]
SQL: SELECT * FROM `myz_menu` WHERE `pid` = '7' AND `isshow` = 1 AND `type` = 1 ORDER BY orderid ASC  [ RunTime:0.0003s ]
SQL: SELECT * FROM `myz_menu` WHERE `pid` = '14' AND `isshow` = 1 AND `type` = 1 ORDER BY orderid ASC  [ RunTime:0.0003s ]
SQL: SELECT * FROM `myz_menu` WHERE `pid` = '17' AND `isshow` = 1 AND `type` = 1 ORDER BY orderid ASC  [ RunTime:0.0003s ]
NOTIC: [8] Undefined index: child E:\wamp\www\test\Application\Admin\Controller\EmployeeController.class.php 第 101 行.
NOTIC: [8] Undefined index: child E:\wamp\www\test\Application\Admin\Controller\EmployeeController.class.php 第 101 行.
NOTIC: [8] Undefined index: child E:\wamp\www\test\Application\Admin\Controller\EmployeeController.class.php 第 101 行.
NOTIC: [8] Undefined index: child E:\wamp\www\test\Application\Admin\Controller\EmployeeController.class.php 第 101 行.
NOTIC: [8] Undefined index: child E:\wamp\www\test\Application\Admin\Controller\EmployeeController.class.php 第 101 行.
NOTIC: [8] Undefined index: child E:\wamp\www\test\Application\Admin\Controller\EmployeeController.class.php 第 101 行.
NOTIC: [8] Undefined index: child E:\wamp\www\test\Application\Admin\Controller\EmployeeController.class.php 第 101 行.
NOTIC: [8] Undefined index: child E:\wamp\www\test\Application\Admin\Controller\EmployeeController.class.php 第 101 行.
NOTIC: [8] Undefined index: child E:\wamp\www\test\Application\Admin\Controller\EmployeeController.class.php 第 101 行.
NOTIC: [8] Undefined index: child E:\wamp\www\test\Application\Admin\Controller\EmployeeController.class.php 第 101 行.
NOTIC: [8] Undefined index: child E:\wamp\www\test\Application\Admin\Controller\EmployeeController.class.php 第 101 行.
NOTIC: [8] Undefined index: child E:\wamp\www\test\Application\Admin\Controller\EmployeeController.class.php 第 101 行.
NOTIC: [8] Undefined index: child E:\wamp\www\test\Application\Admin\Controller\EmployeeController.class.php 第 101 行.
INFO: [ view_parse ] --START--
INFO: [ template_filter ] --START--
INFO: Run Behavior\ContentReplaceBehavior [ RunTime:0.000154s ]
INFO: [ template_filter ] --END-- [ RunTime:0.000384s ]
NOTIC: [8] Undefined index: child E:\wamp\www\test\Application\Runtime\Cache\Admin\b28cce4c259f0e18c7728f7f6ca2efb0.php 第 63 行.
NOTIC: [8] Undefined index: child E:\wamp\www\test\Application\Runtime\Cache\Admin\b28cce4c259f0e18c7728f7f6ca2efb0.php 第 63 行.
NOTIC: [8] Undefined index: child E:\wamp\www\test\Application\Runtime\Cache\Admin\b28cce4c259f0e18c7728f7f6ca2efb0.php 第 63 行.
INFO: Run Behavior\ParseTemplateBehavior [ RunTime:0.092440s ]
INFO: [ view_parse ] --END-- [ RunTime:0.092631s ]
INFO: [ view_filter ] --START--
INFO: Run Behavior\WriteHtmlCacheBehavior [ RunTime:0.000598s ]
INFO: [ view_filter ] --END-- [ RunTime:0.000833s ]
INFO: [ app_end ] --START--
INFO: Run Behavior\ShowPageTraceBehavior [ RunTime:0.000774s ]
INFO: [ app_end ] --END-- [ RunTime:0.000975s ]

[ 2016-10-23T14:17:30+08:00 ] 127.0.0.1 /index.php/Admin/Employee/adminDepaEdit
INFO: [ app_init ] --START--
INFO: Run Behavior\BuildLiteBehavior [ RunTime:0.000035s ]
INFO: [ app_init ] --END-- [ RunTime:0.000477s ]
INFO: [ app_begin ] --START--
INFO: Run Behavior\ReadHtmlCacheBehavior [ RunTime:0.000666s ]
INFO: [ app_begin ] --END-- [ RunTime:0.000848s ]
NOTIC: [2] implode(): Invalid arguments passed E:\wamp\www\test\Application\Admin\Controller\EmployeeController.class.php 第 73 行.
NOTIC: [2048] Declaration of Admin\Model\AdminDepaModel::getInstance() should be compatible with Think\Single::getInstance($class) E:\wamp\www\test\Application\Admin\Model\AdminDepaModel.class.php 第 12 行.
SQL: SELECT * FROM `myz_admin_depa` WHERE `name` = '财务部' LIMIT 1   [ RunTime:0.0004s ]
INFO: [ view_parse ] --START--
INFO: [ template_filter ] --START--
INFO: Run Behavior\ContentReplaceBehavior [ RunTime:0.000099s ]
INFO: [ template_filter ] --END-- [ RunTime:0.000271s ]
INFO: Run Behavior\ParseTemplateBehavior [ RunTime:0.008392s ]
INFO: [ view_parse ] --END-- [ RunTime:0.008585s ]
INFO: [ view_filter ] --START--
INFO: Run Behavior\WriteHtmlCacheBehavior [ RunTime:0.000515s ]
INFO: [ view_filter ] --END-- [ RunTime:0.000683s ]

[ 2016-10-23T14:17:33+08:00 ] 127.0.0.1 /index.php/Admin/Employee/adminDepa.html
INFO: [ app_init ] --START--
INFO: Run Behavior\BuildLiteBehavior [ RunTime:0.000035s ]
INFO: [ app_init ] --END-- [ RunTime:0.000539s ]
INFO: [ app_begin ] --START--
INFO: Run Behavior\ReadHtmlCacheBehavior [ RunTime:0.000744s ]
INFO: [ app_begin ] --END-- [ RunTime:0.000917s ]
NOTIC: [2048] Declaration of Admin\Model\AdminDepaModel::getInstance() should be compatible with Think\Single::getInstance($class) E:\wamp\www\test\Application\Admin\Model\AdminDepaModel.class.php 第 12 行.
SQL: SELECT d.id,d.name,d.detail,d.rules,d.addtime,count(a.department) as num FROM myz_admin_depa d LEFT JOIN myz_admin as a ON a.department = d.id  GROUP BY d.id  [ RunTime:0.0121s ]
INFO: [ view_parse ] --START--
INFO: [ template_filter ] --START--
INFO: Run Behavior\ContentReplaceBehavior [ RunTime:0.000118s ]
INFO: [ template_filter ] --END-- [ RunTime:0.000306s ]
INFO: Run Behavior\ParseTemplateBehavior [ RunTime:0.012705s ]
INFO: [ view_parse ] --END-- [ RunTime:0.012896s ]
INFO: [ view_filter ] --START--
INFO: Run Behavior\WriteHtmlCacheBehavior [ RunTime:0.000502s ]
INFO: [ view_filter ] --END-- [ RunTime:0.000740s ]
INFO: [ app_end ] --START--
INFO: Run Behavior\ShowPageTraceBehavior [ RunTime:0.000736s ]
INFO: [ app_end ] --END-- [ RunTime:0.000919s ]

[ 2016-10-23T14:17:36+08:00 ] 127.0.0.1 /Admin/Employee/adminDepaEdit/id/4
INFO: [ app_init ] --START--
INFO: Run Behavior\BuildLiteBehavior [ RunTime:0.000058s ]
INFO: [ app_init ] --END-- [ RunTime:0.000887s ]
INFO: [ app_begin ] --START--
INFO: Run Behavior\ReadHtmlCacheBehavior [ RunTime:0.001170s ]
INFO: [ app_begin ] --END-- [ RunTime:0.001471s ]
NOTIC: [2048] Declaration of Admin\Model\AdminDepaModel::getInstance() should be compatible with Think\Single::getInstance($class) E:\wamp\www\test\Application\Admin\Model\AdminDepaModel.class.php 第 12 行.
SQL: SELECT * FROM `myz_admin_depa` WHERE `id` = '4' LIMIT 1   [ RunTime:0.0008s ]
NOTIC: [2048] Declaration of Admin\Model\MenuModel::getInstance() should be compatible with Think\Single::getInstance($class) E:\wamp\www\test\Application\Admin\Model\MenuModel.class.php 第 50 行.
SQL: SELECT * FROM `myz_menu` WHERE `pid` = 0 AND `isshow` = 1 AND `type` = 1 ORDER BY orderid ASC  [ RunTime:0.0007s ]
SQL: SELECT * FROM `myz_menu` WHERE `pid` = '15' AND `isshow` = 1 AND `type` = 1 ORDER BY orderid ASC  [ RunTime:0.0005s ]
SQL: SELECT * FROM `myz_menu` WHERE `pid` = '16' AND `isshow` = 1 AND `type` = 1 ORDER BY orderid ASC  [ RunTime:0.0003s ]
SQL: SELECT * FROM `myz_menu` WHERE `pid` = '8' AND `isshow` = 1 AND `type` = 1 ORDER BY orderid ASC  [ RunTime:0.0003s ]
SQL: SELECT * FROM `myz_menu` WHERE `pid` = '12' AND `isshow` = 1 AND `type` = 1 ORDER BY orderid ASC  [ RunTime:0.0002s ]
SQL: SELECT * FROM `myz_menu` WHERE `pid` = '9' AND `isshow` = 1 AND `type` = 1 ORDER BY orderid ASC  [ RunTime:0.0003s ]
SQL: SELECT * FROM `myz_menu` WHERE `pid` = '11' AND `isshow` = 1 AND `type` = 1 ORDER BY orderid ASC  [ RunTime:0.0003s ]
SQL: SELECT * FROM `myz_menu` WHERE `pid` = '13' AND `isshow` = 1 AND `type` = 1 ORDER BY orderid ASC  [ RunTime:0.0002s ]
SQL: SELECT * FROM `myz_menu` WHERE `pid` = '2' AND `isshow` = 1 AND `type` = 1 ORDER BY orderid ASC  [ RunTime:0.0003s ]
SQL: SELECT * FROM `myz_menu` WHERE `pid` = '5' AND `isshow` = 1 AND `type` = 1 ORDER BY orderid ASC  [ RunTime:0.0004s ]
SQL: SELECT * FROM `myz_menu` WHERE `pid` = '6' AND `isshow` = 1 AND `type` = 1 ORDER BY orderid ASC  [ RunTime:0.0003s ]
SQL: SELECT * FROM `myz_menu` WHERE `pid` = '1' AND `isshow` = 1 AND `type` = 1 ORDER BY orderid ASC  [ RunTime:0.0003s ]
SQL: SELECT * FROM `myz_menu` WHERE `pid` = '18' AND `isshow` = 1 AND `type` = 1 ORDER BY orderid ASC  [ RunTime:0.0003s ]
SQL: SELECT * FROM `myz_menu` WHERE `pid` = '3' AND `isshow` = 1 AND `type` = 1 ORDER BY orderid ASC  [ RunTime:0.0003s ]
SQL: SELECT * FROM `myz_menu` WHERE `pid` = '4' AND `isshow` = 1 AND `type` = 1 ORDER BY orderid ASC  [ RunTime:0.0003s ]
SQL: SELECT * FROM `myz_menu` WHERE `pid` = '7' AND `isshow` = 1 AND `type` = 1 ORDER BY orderid ASC  [ RunTime:0.0003s ]
SQL: SELECT * FROM `myz_menu` WHERE `pid` = '14' AND `isshow` = 1 AND `type` = 1 ORDER BY orderid ASC  [ RunTime:0.0003s ]
SQL: SELECT * FROM `myz_menu` WHERE `pid` = '17' AND `isshow` = 1 AND `type` = 1 ORDER BY orderid ASC  [ RunTime:0.0003s ]
NOTIC: [8] Undefined index: child E:\wamp\www\test\Application\Admin\Controller\EmployeeController.class.php 第 101 行.
NOTIC: [8] Undefined index: child E:\wamp\www\test\Application\Admin\Controller\EmployeeController.class.php 第 101 行.
NOTIC: [8] Undefined index: child E:\wamp\www\test\Application\Admin\Controller\EmployeeController.class.php 第 101 行.
NOTIC: [8] Undefined index: child E:\wamp\www\test\Application\Admin\Controller\EmployeeController.class.php 第 101 行.
NOTIC: [8] Undefined index: child E:\wamp\www\test\Application\Admin\Controller\EmployeeController.class.php 第 101 行.
NOTIC: [8] Undefined index: child E:\wamp\www\test\Application\Admin\Controller\EmployeeController.class.php 第 101 行.
NOTIC: [8] Undefined index: child E:\wamp\www\test\Application\Admin\Controller\EmployeeController.class.php 第 101 行.
NOTIC: [8] Undefined index: child E:\wamp\www\test\Application\Admin\Controller\EmployeeController.class.php 第 101 行.
NOTIC: [8] Undefined index: child E:\wamp\www\test\Application\Admin\Controller\EmployeeController.class.php 第 101 行.
NOTIC: [8] Undefined index: child E:\wamp\www\test\Application\Admin\Controller\EmployeeController.class.php 第 101 行.
NOTIC: [8] Undefined index: child E:\wamp\www\test\Application\Admin\Controller\EmployeeController.class.php 第 101 行.
NOTIC: [8] Undefined index: child E:\wamp\www\test\Application\Admin\Controller\EmployeeController.class.php 第 101 行.
NOTIC: [8] Undefined index: child E:\wamp\www\test\Application\Admin\Controller\EmployeeController.class.php 第 101 行.
INFO: [ view_parse ] --START--
INFO: [ template_filter ] --START--
INFO: Run Behavior\ContentReplaceBehavior [ RunTime:0.000240s ]
INFO: [ template_filter ] --END-- [ RunTime:0.000491s ]
NOTIC: [8] Undefined index: child E:\wamp\www\test\Application\Runtime\Cache\Admin\b28cce4c259f0e18c7728f7f6ca2efb0.php 第 63 行.
NOTIC: [8] Undefined index: child E:\wamp\www\test\Application\Runtime\Cache\Admin\b28cce4c259f0e18c7728f7f6ca2efb0.php 第 63 行.
NOTIC: [8] Undefined index: child E:\wamp\www\test\Application\Runtime\Cache\Admin\b28cce4c259f0e18c7728f7f6ca2efb0.php 第 63 行.
INFO: Run Behavior\ParseTemplateBehavior [ RunTime:0.018447s ]
INFO: [ view_parse ] --END-- [ RunTime:0.018636s ]
INFO: [ view_filter ] --START--
INFO: Run Behavior\WriteHtmlCacheBehavior [ RunTime:0.000613s ]
INFO: [ view_filter ] --END-- [ RunTime:0.000795s ]
INFO: [ app_end ] --START--
INFO: Run Behavior\ShowPageTraceBehavior [ RunTime:0.000785s ]
INFO: [ app_end ] --END-- [ RunTime:0.000968s ]

[ 2016-10-23T14:17:39+08:00 ] 127.0.0.1 /index.php/Admin/Employee/adminDepaEdit
INFO: [ app_init ] --START--
INFO: Run Behavior\BuildLiteBehavior [ RunTime:0.000037s ]
INFO: [ app_init ] --END-- [ RunTime:0.000536s ]
INFO: [ app_begin ] --START--
INFO: Run Behavior\ReadHtmlCacheBehavior [ RunTime:0.000663s ]
INFO: [ app_begin ] --END-- [ RunTime:0.000858s ]
NOTIC: [2] implode(): Invalid arguments passed E:\wamp\www\test\Application\Admin\Controller\EmployeeController.class.php 第 73 行.
NOTIC: [2048] Declaration of Admin\Model\AdminDepaModel::getInstance() should be compatible with Think\Single::getInstance($class) E:\wamp\www\test\Application\Admin\Model\AdminDepaModel.class.php 第 12 行.
SQL: SELECT * FROM `myz_admin_depa` WHERE `name` = '财务部 ' LIMIT 1   [ RunTime:0.0005s ]
INFO: [ view_parse ] --START--
INFO: [ template_filter ] --START--
INFO: Run Behavior\ContentReplaceBehavior [ RunTime:0.000124s ]
INFO: [ template_filter ] --END-- [ RunTime:0.000339s ]
INFO: Run Behavior\ParseTemplateBehavior [ RunTime:0.009860s ]
INFO: [ view_parse ] --END-- [ RunTime:0.010115s ]
INFO: [ view_filter ] --START--
INFO: Run Behavior\WriteHtmlCacheBehavior [ RunTime:0.000596s ]
INFO: [ view_filter ] --END-- [ RunTime:0.000816s ]

[ 2016-10-23T14:17:42+08:00 ] 127.0.0.1 /index.php/Admin/Employee/adminDepa.html
INFO: [ app_init ] --START--
INFO: Run Behavior\BuildLiteBehavior [ RunTime:0.000053s ]
INFO: [ app_init ] --END-- [ RunTime:0.000789s ]
INFO: [ app_begin ] --START--
INFO: Run Behavior\ReadHtmlCacheBehavior [ RunTime:0.001091s ]
INFO: [ app_begin ] --END-- [ RunTime:0.001375s ]
NOTIC: [2048] Declaration of Admin\Model\AdminDepaModel::getInstance() should be compatible with Think\Single::getInstance($class) E:\wamp\www\test\Application\Admin\Model\AdminDepaModel.class.php 第 12 行.
SQL: SELECT d.id,d.name,d.detail,d.rules,d.addtime,count(a.department) as num FROM myz_admin_depa d LEFT JOIN myz_admin as a ON a.department = d.id  GROUP BY d.id  [ RunTime:0.0112s ]
INFO: [ view_parse ] --START--
INFO: [ template_filter ] --START--
INFO: Run Behavior\ContentReplaceBehavior [ RunTime:0.000123s ]
INFO: [ template_filter ] --END-- [ RunTime:0.000311s ]
INFO: Run Behavior\ParseTemplateBehavior [ RunTime:0.011954s ]
INFO: [ view_parse ] --END-- [ RunTime:0.012132s ]
INFO: [ view_filter ] --START--
INFO: Run Behavior\WriteHtmlCacheBehavior [ RunTime:0.000491s ]
INFO: [ view_filter ] --END-- [ RunTime:0.000657s ]
INFO: [ app_end ] --START--
INFO: Run Behavior\ShowPageTraceBehavior [ RunTime:0.000691s ]
INFO: [ app_end ] --END-- [ RunTime:0.000887s ]

[ 2016-10-23T14:17:44+08:00 ] 127.0.0.1 /Admin/Employee/adminDepaEdit/id/4
INFO: [ app_init ] --START--
INFO: Run Behavior\BuildLiteBehavior [ RunTime:0.000044s ]
INFO: [ app_init ] --END-- [ RunTime:0.000585s ]
INFO: [ app_begin ] --START--
INFO: Run Behavior\ReadHtmlCacheBehavior [ RunTime:0.001490s ]
INFO: [ app_begin ] --END-- [ RunTime:0.001837s ]
NOTIC: [2048] Declaration of Admin\Model\AdminDepaModel::getInstance() should be compatible with Think\Single::getInstance($class) E:\wamp\www\test\Application\Admin\Model\AdminDepaModel.class.php 第 12 行.
SQL: SELECT * FROM `myz_admin_depa` WHERE `id` = '4' LIMIT 1   [ RunTime:0.0007s ]
NOTIC: [2048] Declaration of Admin\Model\MenuModel::getInstance() should be compatible with Think\Single::getInstance($class) E:\wamp\www\test\Application\Admin\Model\MenuModel.class.php 第 50 行.
SQL: SELECT * FROM `myz_menu` WHERE `pid` = 0 AND `isshow` = 1 AND `type` = 1 ORDER BY orderid ASC  [ RunTime:0.0008s ]
SQL: SELECT * FROM `myz_menu` WHERE `pid` = '15' AND `isshow` = 1 AND `type` = 1 ORDER BY orderid ASC  [ RunTime:0.0004s ]
SQL: SELECT * FROM `myz_menu` WHERE `pid` = '16' AND `isshow` = 1 AND `type` = 1 ORDER BY orderid ASC  [ RunTime:0.0003s ]
SQL: SELECT * FROM `myz_menu` WHERE `pid` = '8' AND `isshow` = 1 AND `type` = 1 ORDER BY orderid ASC  [ RunTime:0.0004s ]
SQL: SELECT * FROM `myz_menu` WHERE `pid` = '12' AND `isshow` = 1 AND `type` = 1 ORDER BY orderid ASC  [ RunTime:0.0004s ]
SQL: SELECT * FROM `myz_menu` WHERE `pid` = '9' AND `isshow` = 1 AND `type` = 1 ORDER BY orderid ASC  [ RunTime:0.0004s ]
SQL: SELECT * FROM `myz_menu` WHERE `pid` = '11' AND `isshow` = 1 AND `type` = 1 ORDER BY orderid ASC  [ RunTime:0.0003s ]
SQL: SELECT * FROM `myz_menu` WHERE `pid` = '13' AND `isshow` = 1 AND `type` = 1 ORDER BY orderid ASC  [ RunTime:0.0004s ]
SQL: SELECT * FROM `myz_menu` WHERE `pid` = '2' AND `isshow` = 1 AND `type` = 1 ORDER BY orderid ASC  [ RunTime:0.0003s ]
SQL: SELECT * FROM `myz_menu` WHERE `pid` = '5' AND `isshow` = 1 AND `type` = 1 ORDER BY orderid ASC  [ RunTime:0.0003s ]
SQL: SELECT * FROM `myz_menu` WHERE `pid` = '6' AND `isshow` = 1 AND `type` = 1 ORDER BY orderid ASC  [ RunTime:0.0003s ]
SQL: SELECT * FROM `myz_menu` WHERE `pid` = '1' AND `isshow` = 1 AND `type` = 1 ORDER BY orderid ASC  [ RunTime:0.0004s ]
SQL: SELECT * FROM `myz_menu` WHERE `pid` = '18' AND `isshow` = 1 AND `type` = 1 ORDER BY orderid ASC  [ RunTime:0.0002s ]
SQL: SELECT * FROM `myz_menu` WHERE `pid` = '3' AND `isshow` = 1 AND `type` = 1 ORDER BY orderid ASC  [ RunTime:0.0002s ]
SQL: SELECT * FROM `myz_menu` WHERE `pid` = '4' AND `isshow` = 1 AND `type` = 1 ORDER BY orderid ASC  [ RunTime:0.0003s ]
SQL: SELECT * FROM `myz_menu` WHERE `pid` = '7' AND `isshow` = 1 AND `type` = 1 ORDER BY orderid ASC  [ RunTime:0.0003s ]
SQL: SELECT * FROM `myz_menu` WHERE `pid` = '14' AND `isshow` = 1 AND `type` = 1 ORDER BY orderid ASC  [ RunTime:0.0003s ]
SQL: SELECT * FROM `myz_menu` WHERE `pid` = '17' AND `isshow` = 1 AND `type` = 1 ORDER BY orderid ASC  [ RunTime:0.0003s ]
NOTIC: [8] Undefined index: child E:\wamp\www\test\Application\Admin\Controller\EmployeeController.class.php 第 101 行.
NOTIC: [8] Undefined index: child E:\wamp\www\test\Application\Admin\Controller\EmployeeController.class.php 第 101 行.
NOTIC: [8] Undefined index: child E:\wamp\www\test\Application\Admin\Controller\EmployeeController.class.php 第 101 行.
NOTIC: [8] Undefined index: child E:\wamp\www\test\Application\Admin\Controller\EmployeeController.class.php 第 101 行.
NOTIC: [8] Undefined index: child E:\wamp\www\test\Application\Admin\Controller\EmployeeController.class.php 第 101 行.
NOTIC: [8] Undefined index: child E:\wamp\www\test\Application\Admin\Controller\EmployeeController.class.php 第 101 行.
NOTIC: [8] Undefined index: child E:\wamp\www\test\Application\Admin\Controller\EmployeeController.class.php 第 101 行.
NOTIC: [8] Undefined index: child E:\wamp\www\test\Application\Admin\Controller\EmployeeController.class.php 第 101 行.
NOTIC: [8] Undefined index: child E:\wamp\www\test\Application\Admin\Controller\EmployeeController.class.php 第 101 行.
NOTIC: [8] Undefined index: child E:\wamp\www\test\Application\Admin\Controller\EmployeeController.class.php 第 101 行.
NOTIC: [8] Undefined index: child E:\wamp\www\test\Application\Admin\Controller\EmployeeController.class.php 第 101 行.
NOTIC: [8] Undefined index: child E:\wamp\www\test\Application\Admin\Controller\EmployeeController.class.php 第 101 行.
NOTIC: [8] Undefined index: child E:\wamp\www\test\Application\Admin\Controller\EmployeeController.class.php 第 101 行.
INFO: [ view_parse ] --START--
INFO: [ template_filter ] --START--
INFO: Run Behavior\ContentReplaceBehavior [ RunTime:0.000172s ]
INFO: [ template_filter ] --END-- [ RunTime:0.000453s ]
NOTIC: [8] Undefined index: child E:\wamp\www\test\Application\Runtime\Cache\Admin\b28cce4c259f0e18c7728f7f6ca2efb0.php 第 63 行.
NOTIC: [8] Undefined index: child E:\wamp\www\test\Application\Runtime\Cache\Admin\b28cce4c259f0e18c7728f7f6ca2efb0.php 第 63 行.
NOTIC: [8] Undefined index: child E:\wamp\www\test\Application\Runtime\Cache\Admin\b28cce4c259f0e18c7728f7f6ca2efb0.php 第 63 行.
INFO: Run Behavior\ParseTemplateBehavior [ RunTime:0.017471s ]
INFO: [ view_parse ] --END-- [ RunTime:0.017686s ]
INFO: [ view_filter ] --START--
INFO: Run Behavior\WriteHtmlCacheBehavior [ RunTime:0.000891s ]
INFO: [ view_filter ] --END-- [ RunTime:0.001119s ]
INFO: [ app_end ] --START--
INFO: Run Behavior\ShowPageTraceBehavior [ RunTime:0.000855s ]
INFO: [ app_end ] --END-- [ RunTime:0.001029s ]

[ 2016-10-23T14:17:48+08:00 ] 127.0.0.1 /index.php/Admin/Employee/adminDepaEdit
INFO: [ app_init ] --START--
INFO: Run Behavior\BuildLiteBehavior [ RunTime:0.000036s ]
INFO: [ app_init ] --END-- [ RunTime:0.000512s ]
INFO: [ app_begin ] --START--
INFO: Run Behavior\ReadHtmlCacheBehavior [ RunTime:0.001683s ]
INFO: [ app_begin ] --END-- [ RunTime:0.002099s ]
NOTIC: [2] implode(): Invalid arguments passed E:\wamp\www\test\Application\Admin\Controller\EmployeeController.class.php 第 73 行.
NOTIC: [2048] Declaration of Admin\Model\AdminDepaModel::getInstance() should be compatible with Think\Single::getInstance($class) E:\wamp\www\test\Application\Admin\Model\AdminDepaModel.class.php 第 12 行.
SQL: SELECT * FROM `myz_admin_depa` WHERE `name` = ' 财务部 ' LIMIT 1   [ RunTime:0.0005s ]
SQL: UPDATE `myz_admin_depa` SET `name`=' 财务部 ',`detail`='财务对账管理',`rules`=NULL,`addtime`='2016-10-23 14:17:48' WHERE `id` = '4' [ RunTime:0.2554s ]
INFO: [ view_parse ] --START--
INFO: [ template_filter ] --START--
INFO: Run Behavior\ContentReplaceBehavior [ RunTime:0.000253s ]
INFO: [ template_filter ] --END-- [ RunTime:0.000727s ]
INFO: Run Behavior\ParseTemplateBehavior [ RunTime:0.022731s ]
INFO: [ view_parse ] --END-- [ RunTime:0.023214s ]
INFO: [ view_filter ] --START--
INFO: Run Behavior\WriteHtmlCacheBehavior [ RunTime:0.001340s ]
INFO: [ view_filter ] --END-- [ RunTime:0.001873s ]
INFO: [ app_end ] --START--
INFO: Run Behavior\ShowPageTraceBehavior [ RunTime:0.002631s ]
INFO: [ app_end ] --END-- [ RunTime:0.003338s ]

[ 2016-10-23T14:17:50+08:00 ] 127.0.0.1 /index.php/Admin/Employee/adminDepa.html
INFO: [ app_init ] --START--
INFO: Run Behavior\BuildLiteBehavior [ RunTime:0.000061s ]
INFO: [ app_init ] --END-- [ RunTime:0.000893s ]
INFO: [ app_begin ] --START--
INFO: Run Behavior\ReadHtmlCacheBehavior [ RunTime:0.000952s ]
INFO: [ app_begin ] --END-- [ RunTime:0.001211s ]
NOTIC: [2048] Declaration of Admin\Model\AdminDepaModel::getInstance() should be compatible with Think\Single::getInstance($class) E:\wamp\www\test\Application\Admin\Model\AdminDepaModel.class.php 第 12 行.
SQL: SELECT d.id,d.name,d.detail,d.rules,d.addtime,count(a.department) as num FROM myz_admin_depa d LEFT JOIN myz_admin as a ON a.department = d.id  GROUP BY d.id  [ RunTime:0.0522s ]
INFO: [ view_parse ] --START--
INFO: [ template_filter ] --START--
INFO: Run Behavior\ContentReplaceBehavior [ RunTime:0.000174s ]
INFO: [ template_filter ] --END-- [ RunTime:0.000458s ]
INFO: Run Behavior\ParseTemplateBehavior [ RunTime:0.019099s ]
INFO: [ view_parse ] --END-- [ RunTime:0.019377s ]
INFO: [ view_filter ] --START--
INFO: Run Behavior\WriteHtmlCacheBehavior [ RunTime:0.000825s ]
INFO: [ view_filter ] --END-- [ RunTime:0.001110s ]
INFO: [ app_end ] --START--
INFO: Run Behavior\ShowPageTraceBehavior [ RunTime:0.001007s ]
INFO: [ app_end ] --END-- [ RunTime:0.001272s ]

[ 2016-10-23T14:20:48+08:00 ] 127.0.0.1 /Admin/Employee/adminDepaEdit/id/4
INFO: [ app_init ] --START--
INFO: Run Behavior\BuildLiteBehavior [ RunTime:0.000063s ]
INFO: [ app_init ] --END-- [ RunTime:0.000992s ]
INFO: [ app_begin ] --START--
INFO: Run Behavior\ReadHtmlCacheBehavior [ RunTime:0.001024s ]
INFO: [ app_begin ] --END-- [ RunTime:0.001279s ]
NOTIC: [2048] Declaration of Admin\Model\AdminDepaModel::getInstance() should be compatible with Think\Single::getInstance($class) E:\wamp\www\test\Application\Admin\Model\AdminDepaModel.class.php 第 12 行.
SQL: SELECT * FROM `myz_admin_depa` WHERE `id` = '4' LIMIT 1   [ RunTime:0.0006s ]
NOTIC: [2048] Declaration of Admin\Model\MenuModel::getInstance() should be compatible with Think\Single::getInstance($class) E:\wamp\www\test\Application\Admin\Model\MenuModel.class.php 第 50 行.
SQL: SELECT * FROM `myz_menu` WHERE `pid` = 0 AND `isshow` = 1 AND `type` = 1 ORDER BY orderid ASC  [ RunTime:0.0008s ]
SQL: SELECT * FROM `myz_menu` WHERE `pid` = '15' AND `isshow` = 1 AND `type` = 1 ORDER BY orderid ASC  [ RunTime:0.0003s ]
SQL: SELECT * FROM `myz_menu` WHERE `pid` = '16' AND `isshow` = 1 AND `type` = 1 ORDER BY orderid ASC  [ RunTime:0.0003s ]
SQL: SELECT * FROM `myz_menu` WHERE `pid` = '8' AND `isshow` = 1 AND `type` = 1 ORDER BY orderid ASC  [ RunTime:0.0003s ]
SQL: SELECT * FROM `myz_menu` WHERE `pid` = '12' AND `isshow` = 1 AND `type` = 1 ORDER BY orderid ASC  [ RunTime:0.0002s ]
SQL: SELECT * FROM `myz_menu` WHERE `pid` = '9' AND `isshow` = 1 AND `type` = 1 ORDER BY orderid ASC  [ RunTime:0.0003s ]
SQL: SELECT * FROM `myz_menu` WHERE `pid` = '11' AND `isshow` = 1 AND `type` = 1 ORDER BY orderid ASC  [ RunTime:0.0002s ]
SQL: SELECT * FROM `myz_menu` WHERE `pid` = '13' AND `isshow` = 1 AND `type` = 1 ORDER BY orderid ASC  [ RunTime:0.0002s ]
SQL: SELECT * FROM `myz_menu` WHERE `pid` = '2' AND `isshow` = 1 AND `type` = 1 ORDER BY orderid ASC  [ RunTime:0.0003s ]
SQL: SELECT * FROM `myz_menu` WHERE `pid` = '5' AND `isshow` = 1 AND `type` = 1 ORDER BY orderid ASC  [ RunTime:0.0002s ]
SQL: SELECT * FROM `myz_menu` WHERE `pid` = '6' AND `isshow` = 1 AND `type` = 1 ORDER BY orderid ASC  [ RunTime:0.0002s ]
SQL: SELECT * FROM `myz_menu` WHERE `pid` = '1' AND `isshow` = 1 AND `type` = 1 ORDER BY orderid ASC  [ RunTime:0.0003s ]
SQL: SELECT * FROM `myz_menu` WHERE `pid` = '18' AND `isshow` = 1 AND `type` = 1 ORDER BY orderid ASC  [ RunTime:0.0003s ]
SQL: SELECT * FROM `myz_menu` WHERE `pid` = '3' AND `isshow` = 1 AND `type` = 1 ORDER BY orderid ASC  [ RunTime:0.0003s ]
SQL: SELECT * FROM `myz_menu` WHERE `pid` = '4' AND `isshow` = 1 AND `type` = 1 ORDER BY orderid ASC  [ RunTime:0.0005s ]
SQL: SELECT * FROM `myz_menu` WHERE `pid` = '7' AND `isshow` = 1 AND `type` = 1 ORDER BY orderid ASC  [ RunTime:0.0003s ]
SQL: SELECT * FROM `myz_menu` WHERE `pid` = '14' AND `isshow` = 1 AND `type` = 1 ORDER BY orderid ASC  [ RunTime:0.0002s ]
SQL: SELECT * FROM `myz_menu` WHERE `pid` = '17' AND `isshow` = 1 AND `type` = 1 ORDER BY orderid ASC  [ RunTime:0.0002s ]
NOTIC: [8] Undefined index: child E:\wamp\www\test\Application\Admin\Controller\EmployeeController.class.php 第 101 行.
NOTIC: [8] Undefined index: child E:\wamp\www\test\Application\Admin\Controller\EmployeeController.class.php 第 101 行.
NOTIC: [8] Undefined index: child E:\wamp\www\test\Application\Admin\Controller\EmployeeController.class.php 第 101 行.
NOTIC: [8] Undefined index: child E:\wamp\www\test\Application\Admin\Controller\EmployeeController.class.php 第 101 行.
NOTIC: [8] Undefined index: child E:\wamp\www\test\Application\Admin\Controller\EmployeeController.class.php 第 101 行.
NOTIC: [8] Undefined index: child E:\wamp\www\test\Application\Admin\Controller\EmployeeController.class.php 第 101 行.
NOTIC: [8] Undefined index: child E:\wamp\www\test\Application\Admin\Controller\EmployeeController.class.php 第 101 行.
NOTIC: [8] Undefined index: child E:\wamp\www\test\Application\Admin\Controller\EmployeeController.class.php 第 101 行.
NOTIC: [8] Undefined index: child E:\wamp\www\test\Application\Admin\Controller\EmployeeController.class.php 第 101 行.
NOTIC: [8] Undefined index: child E:\wamp\www\test\Application\Admin\Controller\EmployeeController.class.php 第 101 行.
NOTIC: [8] Undefined index: child E:\wamp\www\test\Application\Admin\Controller\EmployeeController.class.php 第 101 行.
NOTIC: [8] Undefined index: child E:\wamp\www\test\Application\Admin\Controller\EmployeeController.class.php 第 101 行.
NOTIC: [8] Undefined index: child E:\wamp\www\test\Application\Admin\Controller\EmployeeController.class.php 第 101 行.
INFO: [ view_parse ] --START--
INFO: [ template_filter ] --START--
INFO: Run Behavior\ContentReplaceBehavior [ RunTime:0.000151s ]
INFO: [ template_filter ] --END-- [ RunTime:0.000339s ]
NOTIC: [8] Undefined index: child E:\wamp\www\test\Application\Runtime\Cache\Admin\b28cce4c259f0e18c7728f7f6ca2efb0.php 第 63 行.
NOTIC: [8] Undefined index: child E:\wamp\www\test\Application\Runtime\Cache\Admin\b28cce4c259f0e18c7728f7f6ca2efb0.php 第 63 行.
NOTIC: [8] Undefined index: child E:\wamp\www\test\Application\Runtime\Cache\Admin\b28cce4c259f0e18c7728f7f6ca2efb0.php 第 63 行.
INFO: Run Behavior\ParseTemplateBehavior [ RunTime:0.018194s ]
INFO: [ view_parse ] --END-- [ RunTime:0.018387s ]
INFO: [ view_filter ] --START--
INFO: Run Behavior\WriteHtmlCacheBehavior [ RunTime:0.000559s ]
INFO: [ view_filter ] --END-- [ RunTime:0.000743s ]
INFO: [ app_end ] --START--
INFO: Run Behavior\ShowPageTraceBehavior [ RunTime:0.000720s ]
INFO: [ app_end ] --END-- [ RunTime:0.000912s ]

[ 2016-10-23T14:20:53+08:00 ] 127.0.0.1 /index.php/Admin/Employee/adminDepaEdit
INFO: [ app_init ] --START--
INFO: Run Behavior\BuildLiteBehavior [ RunTime:0.000036s ]
INFO: [ app_init ] --END-- [ RunTime:0.000514s ]
INFO: [ app_begin ] --START--
INFO: Run Behavior\ReadHtmlCacheBehavior [ RunTime:0.000694s ]
INFO: [ app_begin ] --END-- [ RunTime:0.000866s ]
NOTIC: [2] implode(): Invalid arguments passed E:\wamp\www\test\Application\Admin\Controller\EmployeeController.class.php 第 73 行.
NOTIC: [2048] Declaration of Admin\Model\AdminDepaModel::getInstance() should be compatible with Think\Single::getInstance($class) E:\wamp\www\test\Application\Admin\Model\AdminDepaModel.class.php 第 12 行.
SQL: SELECT * FROM `myz_admin_depa` WHERE `name` = '1财务部' LIMIT 1   [ RunTime:0.0707s ]
SQL: UPDATE `myz_admin_depa` SET `name`='1财务部',`detail`='财务对账管理',`rules`=NULL,`addtime`='2016-10-23 14:20:53' WHERE `id` = '4' [ RunTime:0.1116s ]
INFO: [ view_parse ] --START--
INFO: [ template_filter ] --START--
INFO: Run Behavior\ContentReplaceBehavior [ RunTime:0.000397s ]
INFO: [ template_filter ] --END-- [ RunTime:0.001023s ]
INFO: Run Behavior\ParseTemplateBehavior [ RunTime:0.055719s ]
INFO: [ view_parse ] --END-- [ RunTime:0.056248s ]
INFO: [ view_filter ] --START--
INFO: Run Behavior\WriteHtmlCacheBehavior [ RunTime:0.001720s ]
INFO: [ view_filter ] --END-- [ RunTime:0.002301s ]
INFO: [ app_end ] --START--
INFO: Run Behavior\ShowPageTraceBehavior [ RunTime:0.002258s ]
INFO: [ app_end ] --END-- [ RunTime:0.002818s ]

[ 2016-10-23T14:20:55+08:00 ] 127.0.0.1 /index.php/Admin/Employee/adminDepa.html
INFO: [ app_init ] --START--
INFO: Run Behavior\BuildLiteBehavior [ RunTime:0.000053s ]
INFO: [ app_init ] --END-- [ RunTime:0.000785s ]
INFO: [ app_begin ] --START--
INFO: Run Behavior\ReadHtmlCacheBehavior [ RunTime:0.001054s ]
INFO: [ app_begin ] --END-- [ RunTime:0.001317s ]
NOTIC: [2048] Declaration of Admin\Model\AdminDepaModel::getInstance() should be compatible with Think\Single::getInstance($class) E:\wamp\www\test\Application\Admin\Model\AdminDepaModel.class.php 第 12 行.
SQL: SELECT d.id,d.name,d.detail,d.rules,d.addtime,count(a.department) as num FROM myz_admin_depa d LEFT JOIN myz_admin as a ON a.department = d.id  GROUP BY d.id  [ RunTime:0.0126s ]
INFO: [ view_parse ] --START--
INFO: [ template_filter ] --START--
INFO: Run Behavior\ContentReplaceBehavior [ RunTime:0.000127s ]
INFO: [ template_filter ] --END-- [ RunTime:0.000337s ]
INFO: Run Behavior\ParseTemplateBehavior [ RunTime:0.012487s ]
INFO: [ view_parse ] --END-- [ RunTime:0.012681s ]
INFO: [ view_filter ] --START--
INFO: Run Behavior\WriteHtmlCacheBehavior [ RunTime:0.000549s ]
INFO: [ view_filter ] --END-- [ RunTime:0.000736s ]
INFO: [ app_end ] --START--
INFO: Run Behavior\ShowPageTraceBehavior [ RunTime:0.000693s ]
INFO: [ app_end ] --END-- [ RunTime:0.000861s ]

[ 2016-10-23T14:20:59+08:00 ] 127.0.0.1 /Admin/Employee/adminDepaEdit/id/4
INFO: [ app_init ] --START--
INFO: Run Behavior\BuildLiteBehavior [ RunTime:0.000041s ]
INFO: [ app_init ] --END-- [ RunTime:0.000665s ]
INFO: [ app_begin ] --START--
INFO: Run Behavior\ReadHtmlCacheBehavior [ RunTime:0.001249s ]
INFO: [ app_begin ] --END-- [ RunTime:0.001509s ]
NOTIC: [2048] Declaration of Admin\Model\AdminDepaModel::getInstance() should be compatible with Think\Single::getInstance($class) E:\wamp\www\test\Application\Admin\Model\AdminDepaModel.class.php 第 12 行.
SQL: SELECT * FROM `myz_admin_depa` WHERE `id` = '4' LIMIT 1   [ RunTime:0.0008s ]
NOTIC: [2048] Declaration of Admin\Model\MenuModel::getInstance() should be compatible with Think\Single::getInstance($class) E:\wamp\www\test\Application\Admin\Model\MenuModel.class.php 第 50 行.
SQL: SELECT * FROM `myz_menu` WHERE `pid` = 0 AND `isshow` = 1 AND `type` = 1 ORDER BY orderid ASC  [ RunTime:0.0006s ]
SQL: SELECT * FROM `myz_menu` WHERE `pid` = '15' AND `isshow` = 1 AND `type` = 1 ORDER BY orderid ASC  [ RunTime:0.0005s ]
SQL: SELECT * FROM `myz_menu` WHERE `pid` = '16' AND `isshow` = 1 AND `type` = 1 ORDER BY orderid ASC  [ RunTime:0.0003s ]
SQL: SELECT * FROM `myz_menu` WHERE `pid` = '8' AND `isshow` = 1 AND `type` = 1 ORDER BY orderid ASC  [ RunTime:0.0004s ]
SQL: SELECT * FROM `myz_menu` WHERE `pid` = '12' AND `isshow` = 1 AND `type` = 1 ORDER BY orderid ASC  [ RunTime:0.0002s ]
SQL: SELECT * FROM `myz_menu` WHERE `pid` = '9' AND `isshow` = 1 AND `type` = 1 ORDER BY orderid ASC  [ RunTime:0.0002s ]
SQL: SELECT * FROM `myz_menu` WHERE `pid` = '11' AND `isshow` = 1 AND `type` = 1 ORDER BY orderid ASC  [ RunTime:0.0003s ]
SQL: SELECT * FROM `myz_menu` WHERE `pid` = '13' AND `isshow` = 1 AND `type` = 1 ORDER BY orderid ASC  [ RunTime:0.0004s ]
SQL: SELECT * FROM `myz_menu` WHERE `pid` = '2' AND `isshow` = 1 AND `type` = 1 ORDER BY orderid ASC  [ RunTime:0.0003s ]
SQL: SELECT * FROM `myz_menu` WHERE `pid` = '5' AND `isshow` = 1 AND `type` = 1 ORDER BY orderid ASC  [ RunTime:0.0002s ]
SQL: SELECT * FROM `myz_menu` WHERE `pid` = '6' AND `isshow` = 1 AND `type` = 1 ORDER BY orderid ASC  [ RunTime:0.0003s ]
SQL: SELECT * FROM `myz_menu` WHERE `pid` = '1' AND `isshow` = 1 AND `type` = 1 ORDER BY orderid ASC  [ RunTime:0.0003s ]
SQL: SELECT * FROM `myz_menu` WHERE `pid` = '18' AND `isshow` = 1 AND `type` = 1 ORDER BY orderid ASC  [ RunTime:0.0004s ]
SQL: SELECT * FROM `myz_menu` WHERE `pid` = '3' AND `isshow` = 1 AND `type` = 1 ORDER BY orderid ASC  [ RunTime:0.0002s ]
SQL: SELECT * FROM `myz_menu` WHERE `pid` = '4' AND `isshow` = 1 AND `type` = 1 ORDER BY orderid ASC  [ RunTime:0.0002s ]
SQL: SELECT * FROM `myz_menu` WHERE `pid` = '7' AND `isshow` = 1 AND `type` = 1 ORDER BY orderid ASC  [ RunTime:0.0002s ]
SQL: SELECT * FROM `myz_menu` WHERE `pid` = '14' AND `isshow` = 1 AND `type` = 1 ORDER BY orderid ASC  [ RunTime:0.0002s ]
SQL: SELECT * FROM `myz_menu` WHERE `pid` = '17' AND `isshow` = 1 AND `type` = 1 ORDER BY orderid ASC  [ RunTime:0.0002s ]
NOTIC: [8] Undefined index: child E:\wamp\www\test\Application\Admin\Controller\EmployeeController.class.php 第 101 行.
NOTIC: [8] Undefined index: child E:\wamp\www\test\Application\Admin\Controller\EmployeeController.class.php 第 101 行.
NOTIC: [8] Undefined index: child E:\wamp\www\test\Application\Admin\Controller\EmployeeController.class.php 第 101 行.
NOTIC: [8] Undefined index: child E:\wamp\www\test\Application\Admin\Controller\EmployeeController.class.php 第 101 行.
NOTIC: [8] Undefined index: child E:\wamp\www\test\Application\Admin\Controller\EmployeeController.class.php 第 101 行.
NOTIC: [8] Undefined index: child E:\wamp\www\test\Application\Admin\Controller\EmployeeController.class.php 第 101 行.
NOTIC: [8] Undefined index: child E:\wamp\www\test\Application\Admin\Controller\EmployeeController.class.php 第 101 行.
NOTIC: [8] Undefined index: child E:\wamp\www\test\Application\Admin\Controller\EmployeeController.class.php 第 101 行.
NOTIC: [8] Undefined index: child E:\wamp\www\test\Application\Admin\Controller\EmployeeController.class.php 第 101 行.
NOTIC: [8] Undefined index: child E:\wamp\www\test\Application\Admin\Controller\EmployeeController.class.php 第 101 行.
NOTIC: [8] Undefined index: child E:\wamp\www\test\Application\Admin\Controller\EmployeeController.class.php 第 101 行.
NOTIC: [8] Undefined index: child E:\wamp\www\test\Application\Admin\Controller\EmployeeController.class.php 第 101 行.
NOTIC: [8] Undefined index: child E:\wamp\www\test\Application\Admin\Controller\EmployeeController.class.php 第 101 行.
INFO: [ view_parse ] --START--
INFO: [ template_filter ] --START--
INFO: Run Behavior\ContentReplaceBehavior [ RunTime:0.000158s ]
INFO: [ template_filter ] --END-- [ RunTime:0.000380s ]
NOTIC: [8] Undefined index: child E:\wamp\www\test\Application\Runtime\Cache\Admin\b28cce4c259f0e18c7728f7f6ca2efb0.php 第 63 行.
NOTIC: [8] Undefined index: child E:\wamp\www\test\Application\Runtime\Cache\Admin\b28cce4c259f0e18c7728f7f6ca2efb0.php 第 63 行.
NOTIC: [8] Undefined index: child E:\wamp\www\test\Application\Runtime\Cache\Admin\b28cce4c259f0e18c7728f7f6ca2efb0.php 第 63 行.
INFO: Run Behavior\ParseTemplateBehavior [ RunTime:0.021106s ]
INFO: [ view_parse ] --END-- [ RunTime:0.021292s ]
INFO: [ view_filter ] --START--
INFO: Run Behavior\WriteHtmlCacheBehavior [ RunTime:0.000579s ]
INFO: [ view_filter ] --END-- [ RunTime:0.000743s ]
INFO: [ app_end ] --START--
INFO: Run Behavior\ShowPageTraceBehavior [ RunTime:0.000696s ]
INFO: [ app_end ] --END-- [ RunTime:0.000863s ]

[ 2016-10-23T14:21:03+08:00 ] 127.0.0.1 /index.php/Admin/Employee/adminDepaEdit
INFO: [ app_init ] --START--
INFO: Run Behavior\BuildLiteBehavior [ RunTime:0.000046s ]
INFO: [ app_init ] --END-- [ RunTime:0.000579s ]
INFO: [ app_begin ] --START--
INFO: Run Behavior\ReadHtmlCacheBehavior [ RunTime:0.000776s ]
INFO: [ app_begin ] --END-- [ RunTime:0.000985s ]
NOTIC: [2] implode(): Invalid arguments passed E:\wamp\www\test\Application\Admin\Controller\EmployeeController.class.php 第 73 行.
NOTIC: [2048] Declaration of Admin\Model\AdminDepaModel::getInstance() should be compatible with Think\Single::getInstance($class) E:\wamp\www\test\Application\Admin\Model\AdminDepaModel.class.php 第 12 行.
SQL: SELECT * FROM `myz_admin_depa` WHERE `name` = '财务部' LIMIT 1   [ RunTime:0.0005s ]
INFO: [ view_parse ] --START--
INFO: [ template_filter ] --START--
INFO: Run Behavior\ContentReplaceBehavior [ RunTime:0.000120s ]
INFO: [ template_filter ] --END-- [ RunTime:0.000323s ]
INFO: Run Behavior\ParseTemplateBehavior [ RunTime:0.009394s ]
INFO: [ view_parse ] --END-- [ RunTime:0.009618s ]
INFO: [ view_filter ] --START--
INFO: Run Behavior\WriteHtmlCacheBehavior [ RunTime:0.000515s ]
INFO: [ view_filter ] --END-- [ RunTime:0.000693s ]

[ 2016-10-23T14:21:06+08:00 ] 127.0.0.1 /index.php/Admin/Employee/adminDepa.html
INFO: [ app_init ] --START--
INFO: Run Behavior\BuildLiteBehavior [ RunTime:0.000036s ]
INFO: [ app_init ] --END-- [ RunTime:0.000521s ]
INFO: [ app_begin ] --START--
INFO: Run Behavior\ReadHtmlCacheBehavior [ RunTime:0.000720s ]
INFO: [ app_begin ] --END-- [ RunTime:0.000893s ]
NOTIC: [2048] Declaration of Admin\Model\AdminDepaModel::getInstance() should be compatible with Think\Single::getInstance($class) E:\wamp\www\test\Application\Admin\Model\AdminDepaModel.class.php 第 12 行.
SQL: SELECT d.id,d.name,d.detail,d.rules,d.addtime,count(a.department) as num FROM myz_admin_depa d LEFT JOIN myz_admin as a ON a.department = d.id  GROUP BY d.id  [ RunTime:0.0358s ]
INFO: [ view_parse ] --START--
INFO: [ template_filter ] --START--
INFO: Run Behavior\ContentReplaceBehavior [ RunTime:0.000117s ]
INFO: [ template_filter ] --END-- [ RunTime:0.000306s ]
INFO: Run Behavior\ParseTemplateBehavior [ RunTime:0.013197s ]
INFO: [ view_parse ] --END-- [ RunTime:0.013401s ]
INFO: [ view_filter ] --START--
INFO: Run Behavior\WriteHtmlCacheBehavior [ RunTime:0.000663s ]
INFO: [ view_filter ] --END-- [ RunTime:0.000883s ]
INFO: [ app_end ] --START--
INFO: Run Behavior\ShowPageTraceBehavior [ RunTime:0.000822s ]
INFO: [ app_end ] --END-- [ RunTime:0.001011s ]

[ 2016-10-23T14:21:08+08:00 ] 127.0.0.1 /Admin/Employee/adminDepaEdit/id/4
INFO: [ app_init ] --START--
INFO: Run Behavior\BuildLiteBehavior [ RunTime:0.000056s ]
INFO: [ app_init ] --END-- [ RunTime:0.000751s ]
INFO: [ app_begin ] --START--
INFO: Run Behavior\ReadHtmlCacheBehavior [ RunTime:0.001119s ]
INFO: [ app_begin ] --END-- [ RunTime:0.001402s ]
NOTIC: [2048] Declaration of Admin\Model\AdminDepaModel::getInstance() should be compatible with Think\Single::getInstance($class) E:\wamp\www\test\Application\Admin\Model\AdminDepaModel.class.php 第 12 行.
SQL: SELECT * FROM `myz_admin_depa` WHERE `id` = '4' LIMIT 1   [ RunTime:0.0005s ]
NOTIC: [2048] Declaration of Admin\Model\MenuModel::getInstance() should be compatible with Think\Single::getInstance($class) E:\wamp\www\test\Application\Admin\Model\MenuModel.class.php 第 50 行.
SQL: SELECT * FROM `myz_menu` WHERE `pid` = 0 AND `isshow` = 1 AND `type` = 1 ORDER BY orderid ASC  [ RunTime:0.0007s ]
SQL: SELECT * FROM `myz_menu` WHERE `pid` = '15' AND `isshow` = 1 AND `type` = 1 ORDER BY orderid ASC  [ RunTime:0.0006s ]
SQL: SELECT * FROM `myz_menu` WHERE `pid` = '16' AND `isshow` = 1 AND `type` = 1 ORDER BY orderid ASC  [ RunTime:0.0004s ]
SQL: SELECT * FROM `myz_menu` WHERE `pid` = '8' AND `isshow` = 1 AND `type` = 1 ORDER BY orderid ASC  [ RunTime:0.0003s ]
SQL: SELECT * FROM `myz_menu` WHERE `pid` = '12' AND `isshow` = 1 AND `type` = 1 ORDER BY orderid ASC  [ RunTime:0.0002s ]
SQL: SELECT * FROM `myz_menu` WHERE `pid` = '9' AND `isshow` = 1 AND `type` = 1 ORDER BY orderid ASC  [ RunTime:0.0002s ]
SQL: SELECT * FROM `myz_menu` WHERE `pid` = '11' AND `isshow` = 1 AND `type` = 1 ORDER BY orderid ASC  [ RunTime:0.0005s ]
SQL: SELECT * FROM `myz_menu` WHERE `pid` = '13' AND `isshow` = 1 AND `type` = 1 ORDER BY orderid ASC  [ RunTime:0.0002s ]
SQL: SELECT * FROM `myz_menu` WHERE `pid` = '2' AND `isshow` = 1 AND `type` = 1 ORDER BY orderid ASC  [ RunTime:0.0006s ]
SQL: SELECT * FROM `myz_menu` WHERE `pid` = '5' AND `isshow` = 1 AND `type` = 1 ORDER BY orderid ASC  [ RunTime:0.0003s ]
SQL: SELECT * FROM `myz_menu` WHERE `pid` = '6' AND `isshow` = 1 AND `type` = 1 ORDER BY orderid ASC  [ RunTime:0.0003s ]
SQL: SELECT * FROM `myz_menu` WHERE `pid` = '1' AND `isshow` = 1 AND `type` = 1 ORDER BY orderid ASC  [ RunTime:0.0004s ]
SQL: SELECT * FROM `myz_menu` WHERE `pid` = '18' AND `isshow` = 1 AND `type` = 1 ORDER BY orderid ASC  [ RunTime:0.0004s ]
SQL: SELECT * FROM `myz_menu` WHERE `pid` = '3' AND `isshow` = 1 AND `type` = 1 ORDER BY orderid ASC  [ RunTime:0.0003s ]
SQL: SELECT * FROM `myz_menu` WHERE `pid` = '4' AND `isshow` = 1 AND `type` = 1 ORDER BY orderid ASC  [ RunTime:0.0003s ]
SQL: SELECT * FROM `myz_menu` WHERE `pid` = '7' AND `isshow` = 1 AND `type` = 1 ORDER BY orderid ASC  [ RunTime:0.0003s ]
SQL: SELECT * FROM `myz_menu` WHERE `pid` = '14' AND `isshow` = 1 AND `type` = 1 ORDER BY orderid ASC  [ RunTime:0.0003s ]
SQL: SELECT * FROM `myz_menu` WHERE `pid` = '17' AND `isshow` = 1 AND `type` = 1 ORDER BY orderid ASC  [ RunTime:0.0003s ]
NOTIC: [8] Undefined index: child E:\wamp\www\test\Application\Admin\Controller\EmployeeController.class.php 第 101 行.
NOTIC: [8] Undefined index: child E:\wamp\www\test\Application\Admin\Controller\EmployeeController.class.php 第 101 行.
NOTIC: [8] Undefined index: child E:\wamp\www\test\Application\Admin\Controller\EmployeeController.class.php 第 101 行.
NOTIC: [8] Undefined index: child E:\wamp\www\test\Application\Admin\Controller\EmployeeController.class.php 第 101 行.
NOTIC: [8] Undefined index: child E:\wamp\www\test\Application\Admin\Controller\EmployeeController.class.php 第 101 行.
NOTIC: [8] Undefined index: child E:\wamp\www\test\Application\Admin\Controller\EmployeeController.class.php 第 101 行.
NOTIC: [8] Undefined index: child E:\wamp\www\test\Application\Admin\Controller\EmployeeController.class.php 第 101 行.
NOTIC: [8] Undefined index: child E:\wamp\www\test\Application\Admin\Controller\EmployeeController.class.php 第 101 行.
NOTIC: [8] Undefined index: child E:\wamp\www\test\Application\Admin\Controller\EmployeeController.class.php 第 101 行.
NOTIC: [8] Undefined index: child E:\wamp\www\test\Application\Admin\Controller\EmployeeController.class.php 第 101 行.
NOTIC: [8] Undefined index: child E:\wamp\www\test\Application\Admin\Controller\EmployeeController.class.php 第 101 行.
NOTIC: [8] Undefined index: child E:\wamp\www\test\Application\Admin\Controller\EmployeeController.class.php 第 101 行.
NOTIC: [8] Undefined index: child E:\wamp\www\test\Application\Admin\Controller\EmployeeController.class.php 第 101 行.
INFO: [ view_parse ] --START--
INFO: [ template_filter ] --START--
INFO: Run Behavior\ContentReplaceBehavior [ RunTime:0.000160s ]
INFO: [ template_filter ] --END-- [ RunTime:0.000390s ]
NOTIC: [8] Undefined index: child E:\wamp\www\test\Application\Runtime\Cache\Admin\b28cce4c259f0e18c7728f7f6ca2efb0.php 第 63 行.
NOTIC: [8] Undefined index: child E:\wamp\www\test\Application\Runtime\Cache\Admin\b28cce4c259f0e18c7728f7f6ca2efb0.php 第 63 行.
NOTIC: [8] Undefined index: child E:\wamp\www\test\Application\Runtime\Cache\Admin\b28cce4c259f0e18c7728f7f6ca2efb0.php 第 63 行.
INFO: Run Behavior\ParseTemplateBehavior [ RunTime:0.016091s ]
INFO: [ view_parse ] --END-- [ RunTime:0.016315s ]
INFO: [ view_filter ] --START--
INFO: Run Behavior\WriteHtmlCacheBehavior [ RunTime:0.000574s ]
INFO: [ view_filter ] --END-- [ RunTime:0.000745s ]
INFO: [ app_end ] --START--
INFO: Run Behavior\ShowPageTraceBehavior [ RunTime:0.000720s ]
INFO: [ app_end ] --END-- [ RunTime:0.000889s ]

[ 2016-10-23T14:21:12+08:00 ] 127.0.0.1 /index.php/Admin/Employee/adminDepaEdit
INFO: [ app_init ] --START--
INFO: Run Behavior\BuildLiteBehavior [ RunTime:0.000041s ]
INFO: [ app_init ] --END-- [ RunTime:0.000569s ]
INFO: [ app_begin ] --START--
INFO: Run Behavior\ReadHtmlCacheBehavior [ RunTime:0.000802s ]
INFO: [ app_begin ] --END-- [ RunTime:0.000999s ]
NOTIC: [2] implode(): Invalid arguments passed E:\wamp\www\test\Application\Admin\Controller\EmployeeController.class.php 第 73 行.
NOTIC: [2048] Declaration of Admin\Model\AdminDepaModel::getInstance() should be compatible with Think\Single::getInstance($class) E:\wamp\www\test\Application\Admin\Model\AdminDepaModel.class.php 第 12 行.
SQL: SELECT * FROM `myz_admin_depa` WHERE `name` = '财务部' LIMIT 1   [ RunTime:0.0007s ]
INFO: [ view_parse ] --START--
INFO: [ template_filter ] --START--
INFO: Run Behavior\ContentReplaceBehavior [ RunTime:0.000314s ]
INFO: [ template_filter ] --END-- [ RunTime:0.000834s ]
INFO: Run Behavior\ParseTemplateBehavior [ RunTime:0.022964s ]
INFO: [ view_parse ] --END-- [ RunTime:0.023822s ]
INFO: [ view_filter ] --START--
INFO: Run Behavior\WriteHtmlCacheBehavior [ RunTime:0.001357s ]
INFO: [ view_filter ] --END-- [ RunTime:0.001801s ]

[ 2016-10-23T14:21:15+08:00 ] 127.0.0.1 /index.php/Admin/Employee/adminDepa.html
INFO: [ app_init ] --START--
INFO: Run Behavior\BuildLiteBehavior [ RunTime:0.000049s ]
INFO: [ app_init ] --END-- [ RunTime:0.000692s ]
INFO: [ app_begin ] --START--
INFO: Run Behavior\ReadHtmlCacheBehavior [ RunTime:0.000874s ]
INFO: [ app_begin ] --END-- [ RunTime:0.001093s ]
NOTIC: [2048] Declaration of Admin\Model\AdminDepaModel::getInstance() should be compatible with Think\Single::getInstance($class) E:\wamp\www\test\Application\Admin\Model\AdminDepaModel.class.php 第 12 行.
SQL: SELECT d.id,d.name,d.detail,d.rules,d.addtime,count(a.department) as num FROM myz_admin_depa d LEFT JOIN myz_admin as a ON a.department = d.id  GROUP BY d.id  [ RunTime:0.0112s ]
INFO: [ view_parse ] --START--
INFO: [ template_filter ] --START--
INFO: Run Behavior\ContentReplaceBehavior [ RunTime:0.000117s ]
INFO: [ template_filter ] --END-- [ RunTime:0.000301s ]
INFO: Run Behavior\ParseTemplateBehavior [ RunTime:0.012231s ]
INFO: [ view_parse ] --END-- [ RunTime:0.012417s ]
INFO: [ view_filter ] --START--
INFO: Run Behavior\WriteHtmlCacheBehavior [ RunTime:0.000492s ]
INFO: [ view_filter ] --END-- [ RunTime:0.000657s ]
INFO: [ app_end ] --START--
INFO: Run Behavior\ShowPageTraceBehavior [ RunTime:0.000719s ]
INFO: [ app_end ] --END-- [ RunTime:0.000927s ]

[ 2016-10-23T14:21:19+08:00 ] 127.0.0.1 /Admin/Employee/adminDepaEdit/id/4
INFO: [ app_init ] --START--
INFO: Run Behavior\BuildLiteBehavior [ RunTime:0.000079s ]
INFO: [ app_init ] --END-- [ RunTime:0.001137s ]
INFO: [ app_begin ] --START--
INFO: Run Behavior\ReadHtmlCacheBehavior [ RunTime:0.001176s ]
INFO: [ app_begin ] --END-- [ RunTime:0.001443s ]
NOTIC: [2048] Declaration of Admin\Model\AdminDepaModel::getInstance() should be compatible with Think\Single::getInstance($class) E:\wamp\www\test\Application\Admin\Model\AdminDepaModel.class.php 第 12 行.
SQL: SELECT * FROM `myz_admin_depa` WHERE `id` = '4' LIMIT 1   [ RunTime:0.0008s ]
NOTIC: [2048] Declaration of Admin\Model\MenuModel::getInstance() should be compatible with Think\Single::getInstance($class) E:\wamp\www\test\Application\Admin\Model\MenuModel.class.php 第 50 行.
SQL: SELECT * FROM `myz_menu` WHERE `pid` = 0 AND `isshow` = 1 AND `type` = 1 ORDER BY orderid ASC  [ RunTime:0.0007s ]
SQL: SELECT * FROM `myz_menu` WHERE `pid` = '15' AND `isshow` = 1 AND `type` = 1 ORDER BY orderid ASC  [ RunTime:0.0005s ]
SQL: SELECT * FROM `myz_menu` WHERE `pid` = '16' AND `isshow` = 1 AND `type` = 1 ORDER BY orderid ASC  [ RunTime:0.0003s ]
SQL: SELECT * FROM `myz_menu` WHERE `pid` = '8' AND `isshow` = 1 AND `type` = 1 ORDER BY orderid ASC  [ RunTime:0.0002s ]
SQL: SELECT * FROM `myz_menu` WHERE `pid` = '12' AND `isshow` = 1 AND `type` = 1 ORDER BY orderid ASC  [ RunTime:0.0003s ]
SQL: SELECT * FROM `myz_menu` WHERE `pid` = '9' AND `isshow` = 1 AND `type` = 1 ORDER BY orderid ASC  [ RunTime:0.0002s ]
SQL: SELECT * FROM `myz_menu` WHERE `pid` = '11' AND `isshow` = 1 AND `type` = 1 ORDER BY orderid ASC  [ RunTime:0.0003s ]
SQL: SELECT * FROM `myz_menu` WHERE `pid` = '13' AND `isshow` = 1 AND `type` = 1 ORDER BY orderid ASC  [ RunTime:0.0002s ]
SQL: SELECT * FROM `myz_menu` WHERE `pid` = '2' AND `isshow` = 1 AND `type` = 1 ORDER BY orderid ASC  [ RunTime:0.0002s ]
SQL: SELECT * FROM `myz_menu` WHERE `pid` = '5' AND `isshow` = 1 AND `type` = 1 ORDER BY orderid ASC  [ RunTime:0.0003s ]
SQL: SELECT * FROM `myz_menu` WHERE `pid` = '6' AND `isshow` = 1 AND `type` = 1 ORDER BY orderid ASC  [ RunTime:0.0004s ]
SQL: SELECT * FROM `myz_menu` WHERE `pid` = '1' AND `isshow` = 1 AND `type` = 1 ORDER BY orderid ASC  [ RunTime:0.0003s ]
SQL: SELECT * FROM `myz_menu` WHERE `pid` = '18' AND `isshow` = 1 AND `type` = 1 ORDER BY orderid ASC  [ RunTime:0.0003s ]
SQL: SELECT * FROM `myz_menu` WHERE `pid` = '3' AND `isshow` = 1 AND `type` = 1 ORDER BY orderid ASC  [ RunTime:0.0002s ]
SQL: SELECT * FROM `myz_menu` WHERE `pid` = '4' AND `isshow` = 1 AND `type` = 1 ORDER BY orderid ASC  [ RunTime:0.0003s ]
SQL: SELECT * FROM `myz_menu` WHERE `pid` = '7' AND `isshow` = 1 AND `type` = 1 ORDER BY orderid ASC  [ RunTime:0.0003s ]
SQL: SELECT * FROM `myz_menu` WHERE `pid` = '14' AND `isshow` = 1 AND `type` = 1 ORDER BY orderid ASC  [ RunTime:0.0002s ]
SQL: SELECT * FROM `myz_menu` WHERE `pid` = '17' AND `isshow` = 1 AND `type` = 1 ORDER BY orderid ASC  [ RunTime:0.0002s ]
NOTIC: [8] Undefined index: child E:\wamp\www\test\Application\Admin\Controller\EmployeeController.class.php 第 101 行.
NOTIC: [8] Undefined index: child E:\wamp\www\test\Application\Admin\Controller\EmployeeController.class.php 第 101 行.
NOTIC: [8] Undefined index: child E:\wamp\www\test\Application\Admin\Controller\EmployeeController.class.php 第 101 行.
NOTIC: [8] Undefined index: child E:\wamp\www\test\Application\Admin\Controller\EmployeeController.class.php 第 101 行.
NOTIC: [8] Undefined index: child E:\wamp\www\test\Application\Admin\Controller\EmployeeController.class.php 第 101 行.
NOTIC: [8] Undefined index: child E:\wamp\www\test\Application\Admin\Controller\EmployeeController.class.php 第 101 行.
NOTIC: [8] Undefined index: child E:\wamp\www\test\Application\Admin\Controller\EmployeeController.class.php 第 101 行.
NOTIC: [8] Undefined index: child E:\wamp\www\test\Application\Admin\Controller\EmployeeController.class.php 第 101 行.
NOTIC: [8] Undefined index: child E:\wamp\www\test\Application\Admin\Controller\EmployeeController.class.php 第 101 行.
NOTIC: [8] Undefined index: child E:\wamp\www\test\Application\Admin\Controller\EmployeeController.class.php 第 101 行.
NOTIC: [8] Undefined index: child E:\wamp\www\test\Application\Admin\Controller\EmployeeController.class.php 第 101 行.
NOTIC: [8] Undefined index: child E:\wamp\www\test\Application\Admin\Controller\EmployeeController.class.php 第 101 行.
NOTIC: [8] Undefined index: child E:\wamp\www\test\Application\Admin\Controller\EmployeeController.class.php 第 101 行.
INFO: [ view_parse ] --START--
INFO: [ template_filter ] --START--
INFO: Run Behavior\ContentReplaceBehavior [ RunTime:0.000214s ]
INFO: [ template_filter ] --END-- [ RunTime:0.000522s ]
NOTIC: [8] Undefined index: child E:\wamp\www\test\Application\Runtime\Cache\Admin\b28cce4c259f0e18c7728f7f6ca2efb0.php 第 63 行.
NOTIC: [8] Undefined index: child E:\wamp\www\test\Application\Runtime\Cache\Admin\b28cce4c259f0e18c7728f7f6ca2efb0.php 第 63 行.
NOTIC: [8] Undefined index: child E:\wamp\www\test\Application\Runtime\Cache\Admin\b28cce4c259f0e18c7728f7f6ca2efb0.php 第 63 行.
INFO: Run Behavior\ParseTemplateBehavior [ RunTime:0.022519s ]
INFO: [ view_parse ] --END-- [ RunTime:0.022726s ]
INFO: [ view_filter ] --START--
INFO: Run Behavior\WriteHtmlCacheBehavior [ RunTime:0.000607s ]
INFO: [ view_filter ] --END-- [ RunTime:0.000825s ]
INFO: [ app_end ] --START--
INFO: Run Behavior\ShowPageTraceBehavior [ RunTime:0.000849s ]
INFO: [ app_end ] --END-- [ RunTime:0.001063s ]

[ 2016-10-23T14:21:24+08:00 ] 127.0.0.1 /index.php/Admin/Employee/adminDepaEdit
INFO: [ app_init ] --START--
INFO: Run Behavior\BuildLiteBehavior [ RunTime:0.000039s ]
INFO: [ app_init ] --END-- [ RunTime:0.000565s ]
INFO: [ app_begin ] --START--
INFO: Run Behavior\ReadHtmlCacheBehavior [ RunTime:0.000668s ]
INFO: [ app_begin ] --END-- [ RunTime:0.000848s ]
NOTIC: [2] implode(): Invalid arguments passed E:\wamp\www\test\Application\Admin\Controller\EmployeeController.class.php 第 73 行.
NOTIC: [2048] Declaration of Admin\Model\AdminDepaModel::getInstance() should be compatible with Think\Single::getInstance($class) E:\wamp\www\test\Application\Admin\Model\AdminDepaModel.class.php 第 12 行.
SQL: SELECT * FROM `myz_admin_depa` WHERE `name` = '财务部' LIMIT 1   [ RunTime:0.0003s ]
INFO: [ view_parse ] --START--
INFO: [ template_filter ] --START--
INFO: Run Behavior\ContentReplaceBehavior [ RunTime:0.000101s ]
INFO: [ template_filter ] --END-- [ RunTime:0.000277s ]
INFO: Run Behavior\ParseTemplateBehavior [ RunTime:0.008784s ]
INFO: [ view_parse ] --END-- [ RunTime:0.008968s ]
INFO: [ view_filter ] --START--
INFO: Run Behavior\WriteHtmlCacheBehavior [ RunTime:0.001163s ]
INFO: [ view_filter ] --END-- [ RunTime:0.001363s ]

[ 2016-10-23T14:21:27+08:00 ] 127.0.0.1 /index.php/Admin/Employee/adminDepa.html
INFO: [ app_init ] --START--
INFO: Run Behavior\BuildLiteBehavior [ RunTime:0.000053s ]
INFO: [ app_init ] --END-- [ RunTime:0.000766s ]
INFO: [ app_begin ] --START--
INFO: Run Behavior\ReadHtmlCacheBehavior [ RunTime:0.001019s ]
INFO: [ app_begin ] --END-- [ RunTime:0.001279s ]
NOTIC: [2048] Declaration of Admin\Model\AdminDepaModel::getInstance() should be compatible with Think\Single::getInstance($class) E:\wamp\www\test\Application\Admin\Model\AdminDepaModel.class.php 第 12 行.
SQL: SELECT d.id,d.name,d.detail,d.rules,d.addtime,count(a.department) as num FROM myz_admin_depa d LEFT JOIN myz_admin as a ON a.department = d.id  GROUP BY d.id  [ RunTime:0.0117s ]
INFO: [ view_parse ] --START--
INFO: [ template_filter ] --START--
INFO: Run Behavior\ContentReplaceBehavior [ RunTime:0.000125s ]
INFO: [ template_filter ] --END-- [ RunTime:0.000321s ]
INFO: Run Behavior\ParseTemplateBehavior [ RunTime:0.011949s ]
INFO: [ view_parse ] --END-- [ RunTime:0.012134s ]
INFO: [ view_filter ] --START--
INFO: Run Behavior\WriteHtmlCacheBehavior [ RunTime:0.000497s ]
INFO: [ view_filter ] --END-- [ RunTime:0.000663s ]
INFO: [ app_end ] --START--
INFO: Run Behavior\ShowPageTraceBehavior [ RunTime:0.000936s ]
INFO: [ app_end ] --END-- [ RunTime:0.001105s ]

