[ 2016-12-13T13:49:43+08:00 ] 127.0.0.1 /Admin/Index/login
INFO: [ app_init ] --START--
INFO: Run Behavior\BuildLiteBehavior [ RunTime:0.000046s ]
INFO: [ app_init ] --END-- [ RunTime:0.013888s ]
INFO: [ app_begin ] --START--
INFO: Run Behavior\ReadHtmlCacheBehavior [ RunTime:0.021782s ]
INFO: [ app_begin ] --END-- [ RunTime:0.021984s ]
INFO: [ view_parse ] --START--
INFO: [ template_filter ] --START--
INFO: Run Behavior\ContentReplaceBehavior [ RunTime:0.027147s ]
INFO: [ template_filter ] --END-- [ RunTime:0.027379s ]
INFO: Run Behavior\ParseTemplateBehavior [ RunTime:0.490572s ]
INFO: [ view_parse ] --END-- [ RunTime:0.491409s ]
INFO: [ view_filter ] --START--
INFO: Run Behavior\WriteHtmlCacheBehavior [ RunTime:0.025792s ]
INFO: [ view_filter ] --END-- [ RunTime:0.025984s ]
INFO: [ app_end ] --START--
INFO: Run Behavior\ShowPageTraceBehavior [ RunTime:0.019301s ]
INFO: [ app_end ] --END-- [ RunTime:0.019494s ]

[ 2016-12-13T13:50:05+08:00 ] 127.0.0.1 /index.php/Admin/Index/dologin
INFO: [ app_init ] --START--
INFO: Run Behavior\BuildLiteBehavior [ RunTime:0.000046s ]
INFO: [ app_init ] --END-- [ RunTime:0.000555s ]
INFO: [ app_begin ] --START--
INFO: Run Behavior\ReadHtmlCacheBehavior [ RunTime:0.000672s ]
INFO: [ app_begin ] --END-- [ RunTime:0.000841s ]
NOTIC: [2048] Declaration of Admin\Model\AdminModel::getInstance() should be compatible with Think\Single::getInstance($class) E:\wamp\www\test\Application\Admin\Model\AdminModel.class.php 第 7 行.
SQL: SELECT `id`,`name`,`phone`,`password`,`department`,`qq`,`weixin`,`email`,`sex`,`nativeplace`,`address`,`entrytime`,`status`,`addtime`,`note`,`is_del`,`loginip`,`lastlogintime` FROM `mmm_employee` WHERE `phone` = '13425157493' AND `is_del` = 0 AND `status` = 0 LIMIT 1   [ RunTime:0.0190s ]
INFO: [ view_parse ] --START--
INFO: [ template_filter ] --START--
INFO: Run Behavior\ContentReplaceBehavior [ RunTime:0.000164s ]
INFO: [ template_filter ] --END-- [ RunTime:0.000438s ]
INFO: Run Behavior\ParseTemplateBehavior [ RunTime:0.068898s ]
INFO: [ view_parse ] --END-- [ RunTime:0.069245s ]
INFO: [ view_filter ] --START--
INFO: Run Behavior\WriteHtmlCacheBehavior [ RunTime:0.000452s ]
INFO: [ view_filter ] --END-- [ RunTime:0.000612s ]

[ 2016-12-13T13:50:08+08:00 ] 127.0.0.1 /admin/index/login
INFO: [ app_init ] --START--
INFO: Run Behavior\BuildLiteBehavior [ RunTime:0.000051s ]
INFO: [ app_init ] --END-- [ RunTime:0.000746s ]
INFO: [ app_begin ] --START--
INFO: Run Behavior\ReadHtmlCacheBehavior [ RunTime:0.000878s ]
INFO: [ app_begin ] --END-- [ RunTime:0.001133s ]
INFO: [ view_parse ] --START--
INFO: [ template_filter ] --START--
INFO: Run Behavior\ContentReplaceBehavior [ RunTime:0.000146s ]
INFO: [ template_filter ] --END-- [ RunTime:0.000324s ]
INFO: Run Behavior\ParseTemplateBehavior [ RunTime:0.011196s ]
INFO: [ view_parse ] --END-- [ RunTime:0.011412s ]
INFO: [ view_filter ] --START--
INFO: Run Behavior\WriteHtmlCacheBehavior [ RunTime:0.000430s ]
INFO: [ view_filter ] --END-- [ RunTime:0.000590s ]
INFO: [ app_end ] --START--
INFO: Run Behavior\ShowPageTraceBehavior [ RunTime:0.000618s ]
INFO: [ app_end ] --END-- [ RunTime:0.000782s ]

[ 2016-12-13T13:50:13+08:00 ] 127.0.0.1 /index.php/Admin/Index/dologin
INFO: [ app_init ] --START--
INFO: Run Behavior\BuildLiteBehavior [ RunTime:0.000047s ]
INFO: [ app_init ] --END-- [ RunTime:0.000492s ]
INFO: [ app_begin ] --START--
INFO: Run Behavior\ReadHtmlCacheBehavior [ RunTime:0.000547s ]
INFO: [ app_begin ] --END-- [ RunTime:0.000714s ]
NOTIC: [2048] Declaration of Admin\Model\AdminModel::getInstance() should be compatible with Think\Single::getInstance($class) E:\wamp\www\test\Application\Admin\Model\AdminModel.class.php 第 7 行.
SQL: SELECT `id`,`name`,`phone`,`password`,`department`,`qq`,`weixin`,`email`,`sex`,`nativeplace`,`address`,`entrytime`,`status`,`addtime`,`note`,`is_del`,`loginip`,`lastlogintime` FROM `mmm_employee` WHERE `phone` = '13425157493' AND `is_del` = 0 AND `status` = 0 LIMIT 1   [ RunTime:0.0006s ]
INFO: [ view_parse ] --START--
INFO: [ template_filter ] --START--
INFO: Run Behavior\ContentReplaceBehavior [ RunTime:0.000100s ]
INFO: [ template_filter ] --END-- [ RunTime:0.000280s ]
INFO: Run Behavior\ParseTemplateBehavior [ RunTime:0.008677s ]
INFO: [ view_parse ] --END-- [ RunTime:0.008942s ]
INFO: [ view_filter ] --START--
INFO: Run Behavior\WriteHtmlCacheBehavior [ RunTime:0.000606s ]
INFO: [ view_filter ] --END-- [ RunTime:0.000872s ]

[ 2016-12-13T13:50:16+08:00 ] 127.0.0.1 /admin/index/login
INFO: [ app_init ] --START--
INFO: Run Behavior\BuildLiteBehavior [ RunTime:0.000035s ]
INFO: [ app_init ] --END-- [ RunTime:0.000493s ]
INFO: [ app_begin ] --START--
INFO: Run Behavior\ReadHtmlCacheBehavior [ RunTime:0.000605s ]
INFO: [ app_begin ] --END-- [ RunTime:0.000776s ]
INFO: [ view_parse ] --START--
INFO: [ template_filter ] --START--
INFO: Run Behavior\ContentReplaceBehavior [ RunTime:0.000156s ]
INFO: [ template_filter ] --END-- [ RunTime:0.000348s ]
INFO: Run Behavior\ParseTemplateBehavior [ RunTime:0.009048s ]
INFO: [ view_parse ] --END-- [ RunTime:0.009232s ]
INFO: [ view_filter ] --START--
INFO: Run Behavior\WriteHtmlCacheBehavior [ RunTime:0.000458s ]
INFO: [ view_filter ] --END-- [ RunTime:0.000735s ]
INFO: [ app_end ] --START--
INFO: Run Behavior\ShowPageTraceBehavior [ RunTime:0.000692s ]
INFO: [ app_end ] --END-- [ RunTime:0.000908s ]

[ 2016-12-13T13:50:21+08:00 ] 127.0.0.1 /index.php/Admin/Index/dologin
INFO: [ app_init ] --START--
INFO: Run Behavior\BuildLiteBehavior [ RunTime:0.000039s ]
INFO: [ app_init ] --END-- [ RunTime:0.000514s ]
INFO: [ app_begin ] --START--
INFO: Run Behavior\ReadHtmlCacheBehavior [ RunTime:0.000632s ]
INFO: [ app_begin ] --END-- [ RunTime:0.000832s ]
NOTIC: [2048] Declaration of Admin\Model\AdminModel::getInstance() should be compatible with Think\Single::getInstance($class) E:\wamp\www\test\Application\Admin\Model\AdminModel.class.php 第 7 行.
SQL: SELECT `id`,`name`,`phone`,`password`,`department`,`qq`,`weixin`,`email`,`sex`,`nativeplace`,`address`,`entrytime`,`status`,`addtime`,`note`,`is_del`,`loginip`,`lastlogintime` FROM `mmm_employee` WHERE `phone` = '13425157493' AND `is_del` = 0 AND `status` = 0 LIMIT 1   [ RunTime:0.0004s ]
NOTIC: [8] A session had already been started - ignoring session_start() E:\wamp\www\test\ThinkPHP\Common\functions.php 第 1263 行.
SQL: UPDATE `mmm_employee` SET `loginip`='127.0.0.1',`lastlogintime`='2016-12-13 13:50:20' WHERE `id` = '1' [ RunTime:0.2217s ]
INFO: [ view_parse ] --START--
INFO: [ template_filter ] --START--
INFO: Run Behavior\ContentReplaceBehavior [ RunTime:0.000123s ]
INFO: [ template_filter ] --END-- [ RunTime:0.000356s ]
INFO: Run Behavior\ParseTemplateBehavior [ RunTime:0.019941s ]
INFO: [ view_parse ] --END-- [ RunTime:0.020350s ]
INFO: [ view_filter ] --START--
INFO: Run Behavior\WriteHtmlCacheBehavior [ RunTime:0.000474s ]
INFO: [ view_filter ] --END-- [ RunTime:0.000696s ]
INFO: [ app_end ] --START--
INFO: Run Behavior\ShowPageTraceBehavior [ RunTime:0.000768s ]
INFO: [ app_end ] --END-- [ RunTime:0.000974s ]

[ 2016-12-13T13:50:24+08:00 ] 127.0.0.1 /admin/index/index
INFO: [ app_init ] --START--
INFO: Run Behavior\BuildLiteBehavior [ RunTime:0.000090s ]
INFO: [ app_init ] --END-- [ RunTime:0.001279s ]
INFO: [ app_begin ] --START--
INFO: Run Behavior\ReadHtmlCacheBehavior [ RunTime:0.000676s ]
INFO: [ app_begin ] --END-- [ RunTime:0.000888s ]
SQL: SHOW COLUMNS FROM `mmm_menu` [ RunTime:0.0152s ]
SQL: SELECT * FROM `mmm_menu` WHERE `pid` = 0 AND `type` = 1 AND `isshow` = 1 AND `deep` = 1 ORDER BY orderid asc  [ RunTime:0.0194s ]
SQL: SELECT * FROM `mmm_menu` WHERE `pid` = 15 AND `type` = 1 AND `isshow` = 1 AND `deep` = 2 ORDER BY orderid asc  [ RunTime:0.0003s ]
SQL: SELECT * FROM `mmm_menu` WHERE `pid` = 8 AND `type` = 1 AND `isshow` = 1 AND `deep` = 2 ORDER BY orderid asc  [ RunTime:0.0003s ]
SQL: SELECT * FROM `mmm_menu` WHERE `pid` = 13 AND `type` = 1 AND `isshow` = 1 AND `deep` = 2 ORDER BY orderid asc  [ RunTime:0.0002s ]
SQL: SELECT * FROM `mmm_menu` WHERE `pid` = 2 AND `type` = 1 AND `isshow` = 1 AND `deep` = 2 ORDER BY orderid asc  [ RunTime:0.0004s ]
SQL: SELECT * FROM `mmm_menu` WHERE `pid` = 1 AND `type` = 1 AND `isshow` = 1 AND `deep` = 2 ORDER BY orderid asc  [ RunTime:0.0004s ]
SQL: SELECT * FROM `mmm_menu` WHERE `pid` = 14 AND `type` = 1 AND `isshow` = 1 AND `deep` = 2 ORDER BY orderid asc  [ RunTime:0.0002s ]
SQL: SELECT * FROM `mmm_menu` WHERE `pid` = 17 AND `type` = 1 AND `isshow` = 1 AND `deep` = 2 ORDER BY orderid asc  [ RunTime:0.0003s ]
INFO: [ view_parse ] --START--
INFO: [ template_filter ] --START--
INFO: Run Behavior\ContentReplaceBehavior [ RunTime:0.000235s ]
INFO: [ template_filter ] --END-- [ RunTime:0.000450s ]
INFO: Run Behavior\ParseTemplateBehavior [ RunTime:0.224686s ]
INFO: [ view_parse ] --END-- [ RunTime:0.224896s ]
INFO: [ view_filter ] --START--
INFO: Run Behavior\WriteHtmlCacheBehavior [ RunTime:0.000513s ]
INFO: [ view_filter ] --END-- [ RunTime:0.000693s ]
INFO: [ app_end ] --START--
INFO: Run Behavior\ShowPageTraceBehavior [ RunTime:0.000770s ]
INFO: [ app_end ] --END-- [ RunTime:0.000985s ]

[ 2016-12-13T13:50:24+08:00 ] 127.0.0.1 /admin/index/welcome.html
INFO: [ app_init ] --START--
INFO: Run Behavior\BuildLiteBehavior [ RunTime:0.000045s ]
INFO: [ app_init ] --END-- [ RunTime:0.000614s ]
INFO: [ app_begin ] --START--
INFO: Run Behavior\ReadHtmlCacheBehavior [ RunTime:0.000959s ]
INFO: [ app_begin ] --END-- [ RunTime:0.001230s ]
INFO: [ view_parse ] --START--
INFO: [ template_filter ] --START--
INFO: Run Behavior\ContentReplaceBehavior [ RunTime:0.000200s ]
INFO: [ template_filter ] --END-- [ RunTime:0.001205s ]
INFO: Run Behavior\ParseTemplateBehavior [ RunTime:0.163849s ]
INFO: [ view_parse ] --END-- [ RunTime:0.164131s ]
INFO: [ view_filter ] --START--
INFO: Run Behavior\WriteHtmlCacheBehavior [ RunTime:0.001227s ]
INFO: [ view_filter ] --END-- [ RunTime:0.001599s ]
INFO: [ app_end ] --START--
INFO: Run Behavior\ShowPageTraceBehavior [ RunTime:0.000937s ]
INFO: [ app_end ] --END-- [ RunTime:0.001130s ]

[ 2016-12-13T13:51:00+08:00 ] 127.0.0.1 /admin/index/index
INFO: [ app_init ] --START--
INFO: Run Behavior\BuildLiteBehavior [ RunTime:0.000056s ]
INFO: [ app_init ] --END-- [ RunTime:0.000650s ]
INFO: [ app_begin ] --START--
INFO: Run Behavior\ReadHtmlCacheBehavior [ RunTime:0.000611s ]
INFO: [ app_begin ] --END-- [ RunTime:0.000783s ]
SQL: SHOW COLUMNS FROM `mmm_menu` [ RunTime:0.0119s ]
SQL: SELECT * FROM `mmm_menu` WHERE `pid` = 0 AND `type` = 1 AND `isshow` = 1 AND `deep` = 1 ORDER BY orderid asc  [ RunTime:0.0005s ]
SQL: SELECT * FROM `mmm_menu` WHERE `pid` = 15 AND `type` = 1 AND `isshow` = 1 AND `deep` = 2 ORDER BY orderid asc  [ RunTime:0.0003s ]
SQL: SELECT * FROM `mmm_menu` WHERE `pid` = 8 AND `type` = 1 AND `isshow` = 1 AND `deep` = 2 ORDER BY orderid asc  [ RunTime:0.0004s ]
SQL: SELECT * FROM `mmm_menu` WHERE `pid` = 13 AND `type` = 1 AND `isshow` = 1 AND `deep` = 2 ORDER BY orderid asc  [ RunTime:0.0004s ]
SQL: SELECT * FROM `mmm_menu` WHERE `pid` = 2 AND `type` = 1 AND `isshow` = 1 AND `deep` = 2 ORDER BY orderid asc  [ RunTime:0.0004s ]
SQL: SELECT * FROM `mmm_menu` WHERE `pid` = 1 AND `type` = 1 AND `isshow` = 1 AND `deep` = 2 ORDER BY orderid asc  [ RunTime:0.0004s ]
SQL: SELECT * FROM `mmm_menu` WHERE `pid` = 14 AND `type` = 1 AND `isshow` = 1 AND `deep` = 2 ORDER BY orderid asc  [ RunTime:0.0003s ]
SQL: SELECT * FROM `mmm_menu` WHERE `pid` = 17 AND `type` = 1 AND `isshow` = 1 AND `deep` = 2 ORDER BY orderid asc  [ RunTime:0.0003s ]
INFO: [ view_parse ] --START--
INFO: [ template_filter ] --START--
INFO: Run Behavior\ContentReplaceBehavior [ RunTime:0.000180s ]
INFO: [ template_filter ] --END-- [ RunTime:0.000393s ]
INFO: Run Behavior\ParseTemplateBehavior [ RunTime:0.111957s ]
INFO: [ view_parse ] --END-- [ RunTime:0.112150s ]
INFO: [ view_filter ] --START--
INFO: Run Behavior\WriteHtmlCacheBehavior [ RunTime:0.000407s ]
INFO: [ view_filter ] --END-- [ RunTime:0.000578s ]
INFO: [ app_end ] --START--
INFO: Run Behavior\ShowPageTraceBehavior [ RunTime:0.001251s ]
INFO: [ app_end ] --END-- [ RunTime:0.001787s ]

[ 2016-12-13T13:51:01+08:00 ] 127.0.0.1 /admin/index/welcome.html
INFO: [ app_init ] --START--
INFO: Run Behavior\BuildLiteBehavior [ RunTime:0.000060s ]
INFO: [ app_init ] --END-- [ RunTime:0.001012s ]
INFO: [ app_begin ] --START--
INFO: Run Behavior\ReadHtmlCacheBehavior [ RunTime:0.001179s ]
INFO: [ app_begin ] --END-- [ RunTime:0.001514s ]
INFO: [ view_parse ] --START--
INFO: [ template_filter ] --START--
INFO: Run Behavior\ContentReplaceBehavior [ RunTime:0.000179s ]
INFO: [ template_filter ] --END-- [ RunTime:0.000519s ]
INFO: Run Behavior\ParseTemplateBehavior [ RunTime:0.014802s ]
INFO: [ view_parse ] --END-- [ RunTime:0.015037s ]
INFO: [ view_filter ] --START--
INFO: Run Behavior\WriteHtmlCacheBehavior [ RunTime:0.000591s ]
INFO: [ view_filter ] --END-- [ RunTime:0.000751s ]
INFO: [ app_end ] --START--
INFO: Run Behavior\ShowPageTraceBehavior [ RunTime:0.000777s ]
INFO: [ app_end ] --END-- [ RunTime:0.000969s ]

[ 2016-12-13T13:51:03+08:00 ] 127.0.0.1 /admin/line/place
INFO: [ app_init ] --START--
INFO: Run Behavior\BuildLiteBehavior [ RunTime:0.000035s ]
INFO: [ app_init ] --END-- [ RunTime:0.000516s ]
INFO: [ app_begin ] --START--
INFO: Run Behavior\ReadHtmlCacheBehavior [ RunTime:0.001040s ]
INFO: [ app_begin ] --END-- [ RunTime:0.001278s ]
ERR: 无法加载控制器:Line

