[ 2016-11-09T09:23:40+08:00 ] 127.0.0.1 /
INFO: [ app_init ] --START--
INFO: Run Behavior\BuildLiteBehavior [ RunTime:0.000060s ]
INFO: [ app_init ] --END-- [ RunTime:0.015794s ]
INFO: [ app_begin ] --START--
INFO: Run Behavior\ReadHtmlCacheBehavior [ RunTime:0.002029s ]
INFO: [ app_begin ] --END-- [ RunTime:0.002301s ]
SQL: SHOW COLUMNS FROM `mmm_menu` [ RunTime:0.0364s ]
SQL: SELECT * FROM `mmm_menu` WHERE `pid` = 0 AND `type` = 1 AND `isshow` = 1 AND `deep` = 1 ORDER BY orderid asc  [ RunTime:0.0023s ]
SQL: SELECT * FROM `mmm_menu` WHERE `pid` = 15 AND `type` = 1 AND `isshow` = 1 AND `deep` = 2 ORDER BY orderid asc  [ RunTime:0.0008s ]
SQL: SELECT * FROM `mmm_menu` WHERE `pid` = 8 AND `type` = 1 AND `isshow` = 1 AND `deep` = 2 ORDER BY orderid asc  [ RunTime:0.0006s ]
SQL: SELECT * FROM `mmm_menu` WHERE `pid` = 13 AND `type` = 1 AND `isshow` = 1 AND `deep` = 2 ORDER BY orderid asc  [ RunTime:0.0005s ]
SQL: SELECT * FROM `mmm_menu` WHERE `pid` = 2 AND `type` = 1 AND `isshow` = 1 AND `deep` = 2 ORDER BY orderid asc  [ RunTime:0.0005s ]
SQL: SELECT * FROM `mmm_menu` WHERE `pid` = 1 AND `type` = 1 AND `isshow` = 1 AND `deep` = 2 ORDER BY orderid asc  [ RunTime:0.0005s ]
SQL: SELECT * FROM `mmm_menu` WHERE `pid` = 14 AND `type` = 1 AND `isshow` = 1 AND `deep` = 2 ORDER BY orderid asc  [ RunTime:0.0004s ]
SQL: SELECT * FROM `mmm_menu` WHERE `pid` = 17 AND `type` = 1 AND `isshow` = 1 AND `deep` = 2 ORDER BY orderid asc  [ RunTime:0.0004s ]
INFO: [ view_parse ] --START--
INFO: [ template_filter ] --START--
INFO: Run Behavior\ContentReplaceBehavior [ RunTime:0.000178s ]
INFO: [ template_filter ] --END-- [ RunTime:0.000365s ]
INFO: Run Behavior\ParseTemplateBehavior [ RunTime:0.301683s ]
INFO: [ view_parse ] --END-- [ RunTime:0.301971s ]
INFO: [ view_filter ] --START--
INFO: Run Behavior\WriteHtmlCacheBehavior [ RunTime:0.009586s ]
INFO: [ view_filter ] --END-- [ RunTime:0.009830s ]
INFO: [ app_end ] --START--
INFO: Run Behavior\ShowPageTraceBehavior [ RunTime:0.012642s ]
INFO: [ app_end ] --END-- [ RunTime:0.012905s ]

[ 2016-11-09T09:23:41+08:00 ] 127.0.0.1 /Admin/Index/login
INFO: [ app_init ] --START--
INFO: Run Behavior\BuildLiteBehavior [ RunTime:0.000034s ]
INFO: [ app_init ] --END-- [ RunTime:0.000517s ]
INFO: [ app_begin ] --START--
INFO: Run Behavior\ReadHtmlCacheBehavior [ RunTime:0.000624s ]
INFO: [ app_begin ] --END-- [ RunTime:0.000821s ]
INFO: [ view_parse ] --START--
INFO: [ template_filter ] --START--
INFO: Run Behavior\ContentReplaceBehavior [ RunTime:0.000166s ]
INFO: [ template_filter ] --END-- [ RunTime:0.000349s ]
INFO: Run Behavior\ParseTemplateBehavior [ RunTime:0.281649s ]
INFO: [ view_parse ] --END-- [ RunTime:0.281838s ]
INFO: [ view_filter ] --START--
INFO: Run Behavior\WriteHtmlCacheBehavior [ RunTime:0.000526s ]
INFO: [ view_filter ] --END-- [ RunTime:0.000779s ]
INFO: [ app_end ] --START--
INFO: Run Behavior\ShowPageTraceBehavior [ RunTime:0.000819s ]
INFO: [ app_end ] --END-- [ RunTime:0.001009s ]

[ 2016-11-09T09:23:55+08:00 ] 127.0.0.1 /index.php/Admin/Index/dologin
INFO: [ app_init ] --START--
INFO: Run Behavior\BuildLiteBehavior [ RunTime:0.000041s ]
INFO: [ app_init ] --END-- [ RunTime:0.000582s ]
INFO: [ app_begin ] --START--
INFO: Run Behavior\ReadHtmlCacheBehavior [ RunTime:0.000629s ]
INFO: [ app_begin ] --END-- [ RunTime:0.000802s ]
NOTIC: [2048] Declaration of Admin\Model\AdminModel::getInstance() should be compatible with Think\Single::getInstance($class) E:\wamp\www\test\Application\Admin\Model\AdminModel.class.php 第 7 行.
SQL: SELECT * FROM `mmm_employee` WHERE `phone` = '13425157493' LIMIT 1   [ RunTime:0.1595s ]
NOTIC: [8] A session had already been started - ignoring session_start() E:\wamp\www\test\ThinkPHP\Common\functions.php 第 1263 行.
INFO: [ view_parse ] --START--
INFO: [ template_filter ] --START--
INFO: Run Behavior\ContentReplaceBehavior [ RunTime:0.000151s ]
INFO: [ template_filter ] --END-- [ RunTime:0.000420s ]
INFO: Run Behavior\ParseTemplateBehavior [ RunTime:0.074173s ]
INFO: [ view_parse ] --END-- [ RunTime:0.074644s ]
INFO: [ view_filter ] --START--
INFO: Run Behavior\WriteHtmlCacheBehavior [ RunTime:0.000646s ]
INFO: [ view_filter ] --END-- [ RunTime:0.000958s ]
INFO: [ app_end ] --START--
INFO: Run Behavior\ShowPageTraceBehavior [ RunTime:0.000910s ]
INFO: [ app_end ] --END-- [ RunTime:0.001163s ]

[ 2016-11-09T09:23:58+08:00 ] 127.0.0.1 /admin/index/index
INFO: [ app_init ] --START--
INFO: Run Behavior\BuildLiteBehavior [ RunTime:0.000109s ]
INFO: [ app_init ] --END-- [ RunTime:0.001441s ]
INFO: [ app_begin ] --START--
INFO: Run Behavior\ReadHtmlCacheBehavior [ RunTime:0.001604s ]
INFO: [ app_begin ] --END-- [ RunTime:0.002064s ]
SQL: SHOW COLUMNS FROM `mmm_menu` [ RunTime:0.0189s ]
SQL: SELECT * FROM `mmm_menu` WHERE `pid` = 0 AND `type` = 1 AND `isshow` = 1 AND `deep` = 1 ORDER BY orderid asc  [ RunTime:0.0004s ]
SQL: SELECT * FROM `mmm_menu` WHERE `pid` = 15 AND `type` = 1 AND `isshow` = 1 AND `deep` = 2 ORDER BY orderid asc  [ RunTime:0.0003s ]
SQL: SELECT * FROM `mmm_menu` WHERE `pid` = 8 AND `type` = 1 AND `isshow` = 1 AND `deep` = 2 ORDER BY orderid asc  [ RunTime:0.0003s ]
SQL: SELECT * FROM `mmm_menu` WHERE `pid` = 13 AND `type` = 1 AND `isshow` = 1 AND `deep` = 2 ORDER BY orderid asc  [ RunTime:0.0003s ]
SQL: SELECT * FROM `mmm_menu` WHERE `pid` = 2 AND `type` = 1 AND `isshow` = 1 AND `deep` = 2 ORDER BY orderid asc  [ RunTime:0.0003s ]
SQL: SELECT * FROM `mmm_menu` WHERE `pid` = 1 AND `type` = 1 AND `isshow` = 1 AND `deep` = 2 ORDER BY orderid asc  [ RunTime:0.0003s ]
SQL: SELECT * FROM `mmm_menu` WHERE `pid` = 14 AND `type` = 1 AND `isshow` = 1 AND `deep` = 2 ORDER BY orderid asc  [ RunTime:0.0003s ]
SQL: SELECT * FROM `mmm_menu` WHERE `pid` = 17 AND `type` = 1 AND `isshow` = 1 AND `deep` = 2 ORDER BY orderid asc  [ RunTime:0.0003s ]
INFO: [ view_parse ] --START--
INFO: [ template_filter ] --START--
INFO: Run Behavior\ContentReplaceBehavior [ RunTime:0.000183s ]
INFO: [ template_filter ] --END-- [ RunTime:0.000376s ]
INFO: Run Behavior\ParseTemplateBehavior [ RunTime:0.013791s ]
INFO: [ view_parse ] --END-- [ RunTime:0.014027s ]
INFO: [ view_filter ] --START--
INFO: Run Behavior\WriteHtmlCacheBehavior [ RunTime:0.000449s ]
INFO: [ view_filter ] --END-- [ RunTime:0.000678s ]
INFO: [ app_end ] --START--
INFO: Run Behavior\ShowPageTraceBehavior [ RunTime:0.000811s ]
INFO: [ app_end ] --END-- [ RunTime:0.001030s ]

[ 2016-11-09T09:23:58+08:00 ] 127.0.0.1 /admin/index/welcome.html
INFO: [ app_init ] --START--
INFO: Run Behavior\BuildLiteBehavior [ RunTime:0.000051s ]
INFO: [ app_init ] --END-- [ RunTime:0.000713s ]
INFO: [ app_begin ] --START--
INFO: Run Behavior\ReadHtmlCacheBehavior [ RunTime:0.001069s ]
INFO: [ app_begin ] --END-- [ RunTime:0.001307s ]
INFO: [ view_parse ] --START--
INFO: [ template_filter ] --START--
INFO: Run Behavior\ContentReplaceBehavior [ RunTime:0.000152s ]
INFO: [ template_filter ] --END-- [ RunTime:0.000354s ]
INFO: Run Behavior\ParseTemplateBehavior [ RunTime:0.129462s ]
INFO: [ view_parse ] --END-- [ RunTime:0.129658s ]
INFO: [ view_filter ] --START--
INFO: Run Behavior\WriteHtmlCacheBehavior [ RunTime:0.000437s ]
INFO: [ view_filter ] --END-- [ RunTime:0.000602s ]
INFO: [ app_end ] --START--
INFO: Run Behavior\ShowPageTraceBehavior [ RunTime:0.000617s ]
INFO: [ app_end ] --END-- [ RunTime:0.000784s ]

[ 2016-11-09T09:48:48+08:00 ] 127.0.0.1 /admin/employee/emplList
INFO: [ app_init ] --START--
INFO: Run Behavior\BuildLiteBehavior [ RunTime:0.000039s ]
INFO: [ app_init ] --END-- [ RunTime:0.011292s ]
INFO: [ app_begin ] --START--
INFO: Run Behavior\ReadHtmlCacheBehavior [ RunTime:0.015972s ]
INFO: [ app_begin ] --END-- [ RunTime:0.016215s ]
NOTIC: [2048] Declaration of Admin\Model\AdminDepaModel::getInstance() should be compatible with Think\Single::getInstance($class) E:\wamp\www\test\Application\Admin\Model\AdminDepaModel.class.php 第 12 行.
SQL: SELECT `id`,`name` FROM `mmm_employee_depa`  [ RunTime:0.0028s ]
NOTIC: [2048] Declaration of Admin\Model\AdminModel::getInstance() should be compatible with Think\Single::getInstance($class) E:\wamp\www\test\Application\Admin\Model\AdminModel.class.php 第 60 行.
NOTIC: [8] Undefined variable: where E:\wamp\www\test\Application\Admin\Controller\EmployeeController.class.php 第 150 行.
SQL: SELECT COUNT(*) AS tp_count FROM mmm_employee a LEFT JOIN mmm_employee_depa AS d ON d.id = a.department  LIMIT 1   [ RunTime:0.0010s ]
NOTIC: [8] Undefined variable: where E:\wamp\www\test\Application\Admin\Controller\EmployeeController.class.php 第 153 行.
SQL: SELECT a.id,a.name,d.name AS department,a.phone,a.qq,a.weixin,a.email,a.sex,a.nativeplace,a.address,DATE_FORMAT(a.entrytime,'%Y-%m-%d') AS entrytime,a.status,a.note,a.qq FROM mmm_employee a LEFT JOIN mmm_employee_depa AS d ON d.id = a.department  ORDER BY a.id DESC LIMIT 0,15   [ RunTime:0.0371s ]
INFO: [ view_parse ] --START--
INFO: [ template_filter ] --START--
INFO: Run Behavior\ContentReplaceBehavior [ RunTime:0.000182s ]
INFO: [ template_filter ] --END-- [ RunTime:0.000380s ]
NOTIC: [8] Undefined index: status E:\wamp\www\test\Application\Runtime\Cache\Admin\daf83fd463195252779261f3145092cb.php 第 46 行.
NOTIC: [8] Undefined index: status E:\wamp\www\test\Application\Runtime\Cache\Admin\daf83fd463195252779261f3145092cb.php 第 47 行.
NOTIC: [8] Undefined variable: keyword E:\wamp\www\test\Application\Runtime\Cache\Admin\daf83fd463195252779261f3145092cb.php 第 50 行.
NOTIC: [8] Undefined variable: depaid E:\wamp\www\test\Application\Runtime\Cache\Admin\daf83fd463195252779261f3145092cb.php 第 123 行.
INFO: Run Behavior\ParseTemplateBehavior [ RunTime:0.228710s ]
INFO: [ view_parse ] --END-- [ RunTime:0.228956s ]
INFO: [ view_filter ] --START--
INFO: Run Behavior\WriteHtmlCacheBehavior [ RunTime:0.031254s ]
INFO: [ view_filter ] --END-- [ RunTime:0.031456s ]
INFO: [ app_end ] --START--
INFO: Run Behavior\ShowPageTraceBehavior [ RunTime:0.038925s ]
INFO: [ app_end ] --END-- [ RunTime:0.039130s ]

[ 2016-11-09T09:48:49+08:00 ] 127.0.0.1 /admin/employee/lib/datatables/1.10.0/jquery.dataTables.min.js
INFO: [ app_init ] --START--
INFO: Run Behavior\BuildLiteBehavior [ RunTime:0.000112s ]
INFO: [ app_init ] --END-- [ RunTime:0.000760s ]
INFO: [ app_begin ] --START--
INFO: Run Behavior\ReadHtmlCacheBehavior [ RunTime:0.001138s ]
INFO: [ app_begin ] --END-- [ RunTime:0.001401s ]
ERR: 非法操作:lib

[ 2016-11-09T09:48:49+08:00 ] 127.0.0.1 /admin/employee/lib/datatables/1.10.0/jquery.dataTables.min.js
INFO: [ app_init ] --START--
INFO: Run Behavior\BuildLiteBehavior [ RunTime:0.000052s ]
INFO: [ app_init ] --END-- [ RunTime:0.000683s ]
INFO: [ app_begin ] --START--
INFO: Run Behavior\ReadHtmlCacheBehavior [ RunTime:0.000751s ]
INFO: [ app_begin ] --END-- [ RunTime:0.000929s ]
ERR: 非法操作:lib

