[ 2017-01-27T12:26:43+08:00 ] 127.0.0.1 /admin/index/index
INFO: [ app_init ] --START--
INFO: Run Behavior\BuildLiteBehavior [ RunTime:0.000000s ]
INFO: [ app_init ] --END-- [ RunTime:0.001000s ]
INFO: [ app_begin ] --START--
INFO: Run Behavior\ReadHtmlCacheBehavior [ RunTime:0.001000s ]
INFO: [ app_begin ] --END-- [ RunTime:0.001000s ]
SQL: SHOW COLUMNS FROM `mmm_menu` [ RunTime:0.0520s ]
SQL: SELECT * FROM `mmm_menu` WHERE `pid` = 0 AND `type` = 1 AND `isshow` = 1 AND `deep` = 1 ORDER BY orderid asc  [ RunTime:0.0000s ]
NOTIC: [2048] Declaration of Admin\Model\AdminDepaModel::getInstance() should be compatible with Think\Single::getInstance($class) E:\wamp\www\test\Application\Admin\Model\AdminDepaModel.class.php 第 30 行.
SQL: SHOW COLUMNS FROM `mmm_employee_depa` [ RunTime:0.0350s ]
SQL: SELECT `rules` FROM `mmm_employee_depa` WHERE `id` = null LIMIT 1   [ RunTime:0.0000s ]
INFO: [ view_parse ] --START--
INFO: [ template_filter ] --START--
INFO: Run Behavior\ContentReplaceBehavior [ RunTime:0.000000s ]
INFO: [ template_filter ] --END-- [ RunTime:0.000000s ]
INFO: Run Behavior\ParseTemplateBehavior [ RunTime:0.005000s ]
INFO: [ view_parse ] --END-- [ RunTime:0.005000s ]
INFO: [ view_filter ] --START--
INFO: Run Behavior\WriteHtmlCacheBehavior [ RunTime:0.000000s ]
INFO: [ view_filter ] --END-- [ RunTime:0.001000s ]

[ 2017-01-27T12:26:43+08:00 ] 127.0.0.1 /Admin/Index/login
INFO: [ app_init ] --START--
INFO: Run Behavior\BuildLiteBehavior [ RunTime:0.000000s ]
INFO: [ app_init ] --END-- [ RunTime:0.000000s ]
INFO: [ app_begin ] --START--
INFO: Run Behavior\ReadHtmlCacheBehavior [ RunTime:0.000000s ]
INFO: [ app_begin ] --END-- [ RunTime:0.000000s ]
INFO: [ view_parse ] --START--
INFO: [ template_filter ] --START--
INFO: Run Behavior\ContentReplaceBehavior [ RunTime:0.000000s ]
INFO: [ template_filter ] --END-- [ RunTime:0.000000s ]
INFO: Run Behavior\ParseTemplateBehavior [ RunTime:0.033002s ]
INFO: [ view_parse ] --END-- [ RunTime:0.033002s ]
INFO: [ view_filter ] --START--
INFO: Run Behavior\WriteHtmlCacheBehavior [ RunTime:0.000000s ]
INFO: [ view_filter ] --END-- [ RunTime:0.000000s ]
INFO: [ app_end ] --START--
INFO: Run Behavior\ShowPageTraceBehavior [ RunTime:0.001000s ]
INFO: [ app_end ] --END-- [ RunTime:0.001000s ]

[ 2017-01-27T12:26:52+08:00 ] 127.0.0.1 /index.php/Admin/Index/dologin
INFO: [ app_init ] --START--
INFO: Run Behavior\BuildLiteBehavior [ RunTime:0.000000s ]
INFO: [ app_init ] --END-- [ RunTime:0.001000s ]
INFO: [ app_begin ] --START--
INFO: Run Behavior\ReadHtmlCacheBehavior [ RunTime:0.001000s ]
INFO: [ app_begin ] --END-- [ RunTime:0.001000s ]
NOTIC: [2048] Declaration of Admin\Model\AdminModel::getInstance() should be compatible with Think\Single::getInstance($class) E:\wamp\www\test\Application\Admin\Model\AdminModel.class.php 第 7 行.
SQL: SELECT `id`,`name`,`phone`,`password`,`department`,`qq`,`weixin`,`email`,`sex`,`nativeplace`,`address`,`entrytime`,`status`,`addtime`,`note`,`is_del`,`loginip`,`lastlogintime` FROM `mmm_employee` WHERE `phone` = '13425157494' AND `is_del` = 0 AND `status` = 0 LIMIT 1   [ RunTime:0.0450s ]
NOTIC: [8] A session had already been started - ignoring session_start() E:\wamp\www\test\ThinkPHP\Common\functions.php 第 1263 行.
SQL: UPDATE `mmm_employee` SET `loginip`='127.0.0.1',`lastlogintime`='2017-01-27 12:26:52' WHERE `id` = '6' [ RunTime:0.0010s ]
INFO: [ view_parse ] --START--
INFO: [ template_filter ] --START--
INFO: Run Behavior\ContentReplaceBehavior [ RunTime:0.000000s ]
INFO: [ template_filter ] --END-- [ RunTime:0.001000s ]
INFO: Run Behavior\ParseTemplateBehavior [ RunTime:0.004000s ]
INFO: [ view_parse ] --END-- [ RunTime:0.004000s ]
INFO: [ view_filter ] --START--
INFO: Run Behavior\WriteHtmlCacheBehavior [ RunTime:0.001000s ]
INFO: [ view_filter ] --END-- [ RunTime:0.001000s ]
INFO: [ app_end ] --START--
INFO: Run Behavior\ShowPageTraceBehavior [ RunTime:0.000000s ]
INFO: [ app_end ] --END-- [ RunTime:0.000000s ]

[ 2017-01-27T12:26:55+08:00 ] 127.0.0.1 /admin/index/index
INFO: [ app_init ] --START--
INFO: Run Behavior\BuildLiteBehavior [ RunTime:0.000000s ]
INFO: [ app_init ] --END-- [ RunTime:0.000000s ]
INFO: [ app_begin ] --START--
INFO: Run Behavior\ReadHtmlCacheBehavior [ RunTime:0.001000s ]
INFO: [ app_begin ] --END-- [ RunTime:0.001000s ]
SQL: SHOW COLUMNS FROM `mmm_menu` [ RunTime:0.0010s ]
SQL: SELECT * FROM `mmm_menu` WHERE `pid` = 0 AND `type` = 1 AND `isshow` = 1 AND `deep` = 1 ORDER BY orderid asc  [ RunTime:0.0000s ]
NOTIC: [2048] Declaration of Admin\Model\AdminDepaModel::getInstance() should be compatible with Think\Single::getInstance($class) E:\wamp\www\test\Application\Admin\Model\AdminDepaModel.class.php 第 30 行.
SQL: SHOW COLUMNS FROM `mmm_employee_depa` [ RunTime:0.0010s ]
SQL: SELECT `rules` FROM `mmm_employee_depa` WHERE `id` = 3 LIMIT 1   [ RunTime:0.0010s ]
SQL: SELECT * FROM `mmm_menu` WHERE `pid` = 15 AND `type` = 1 AND `isshow` = 1 AND `deep` = 2 ORDER BY orderid asc  [ RunTime:0.0000s ]
SQL: SELECT * FROM `mmm_menu` WHERE `pid` = 8 AND `type` = 1 AND `isshow` = 1 AND `deep` = 2 ORDER BY orderid asc  [ RunTime:0.0000s ]
SQL: SELECT * FROM `mmm_menu` WHERE `pid` = 13 AND `type` = 1 AND `isshow` = 1 AND `deep` = 2 ORDER BY orderid asc  [ RunTime:0.0000s ]
SQL: SELECT * FROM `mmm_menu` WHERE `pid` = 2 AND `type` = 1 AND `isshow` = 1 AND `deep` = 2 ORDER BY orderid asc  [ RunTime:0.0000s ]
SQL: SELECT * FROM `mmm_menu` WHERE `pid` = 1 AND `type` = 1 AND `isshow` = 1 AND `deep` = 2 ORDER BY orderid asc  [ RunTime:0.0000s ]
SQL: SELECT * FROM `mmm_menu` WHERE `pid` = 14 AND `type` = 1 AND `isshow` = 1 AND `deep` = 2 ORDER BY orderid asc  [ RunTime:0.0000s ]
SQL: SELECT * FROM `mmm_menu` WHERE `pid` = 23 AND `type` = 1 AND `isshow` = 1 AND `deep` = 2 ORDER BY orderid asc  [ RunTime:0.0000s ]
SQL: SELECT * FROM `mmm_menu` WHERE `pid` = 17 AND `type` = 1 AND `isshow` = 1 AND `deep` = 2 ORDER BY orderid asc  [ RunTime:0.0000s ]
INFO: [ view_parse ] --START--
INFO: [ template_filter ] --START--
INFO: Run Behavior\ContentReplaceBehavior [ RunTime:0.000000s ]
INFO: [ template_filter ] --END-- [ RunTime:0.000000s ]
INFO: Run Behavior\ParseTemplateBehavior [ RunTime:0.008000s ]
INFO: [ view_parse ] --END-- [ RunTime:0.008000s ]
INFO: [ view_filter ] --START--
INFO: Run Behavior\WriteHtmlCacheBehavior [ RunTime:0.000000s ]
INFO: [ view_filter ] --END-- [ RunTime:0.000000s ]
INFO: [ app_end ] --START--
INFO: Run Behavior\ShowPageTraceBehavior [ RunTime:0.000000s ]
INFO: [ app_end ] --END-- [ RunTime:0.001000s ]

[ 2017-01-27T12:26:55+08:00 ] 127.0.0.1 /admin/index/welcome.html
INFO: [ app_init ] --START--
INFO: Run Behavior\BuildLiteBehavior [ RunTime:0.000000s ]
INFO: [ app_init ] --END-- [ RunTime:0.000000s ]
INFO: [ app_begin ] --START--
INFO: Run Behavior\ReadHtmlCacheBehavior [ RunTime:0.001000s ]
INFO: [ app_begin ] --END-- [ RunTime:0.001000s ]
INFO: [ view_parse ] --START--
INFO: [ template_filter ] --START--
INFO: Run Behavior\ContentReplaceBehavior [ RunTime:0.000000s ]
INFO: [ template_filter ] --END-- [ RunTime:0.000000s ]
INFO: Run Behavior\ParseTemplateBehavior [ RunTime:0.005000s ]
INFO: [ view_parse ] --END-- [ RunTime:0.005000s ]
INFO: [ view_filter ] --START--
INFO: Run Behavior\WriteHtmlCacheBehavior [ RunTime:0.000000s ]
INFO: [ view_filter ] --END-- [ RunTime:0.000000s ]
INFO: [ app_end ] --START--
INFO: Run Behavior\ShowPageTraceBehavior [ RunTime:0.001000s ]
INFO: [ app_end ] --END-- [ RunTime:0.001000s ]

[ 2017-01-27T12:27:00+08:00 ] 127.0.0.1 /Admin/Line/linelist?type=1
INFO: [ app_init ] --START--
INFO: Run Behavior\BuildLiteBehavior [ RunTime:0.000000s ]
INFO: [ app_init ] --END-- [ RunTime:0.000000s ]
INFO: [ app_begin ] --START--
INFO: Run Behavior\ReadHtmlCacheBehavior [ RunTime:0.001000s ]
INFO: [ app_begin ] --END-- [ RunTime:0.001000s ]
NOTIC: [2048] Declaration of Admin\Model\LineModel::getInstance() should be compatible with Think\Single::getInstance($class) E:\wamp\www\test\Application\Admin\Model\LineModel.class.php 第 12 行.
SQL: SHOW COLUMNS FROM `mmm_line` [ RunTime:0.0210s ]
SQL: SELECT `des` FROM `mmm_line` WHERE `des_type` = 1 AND `status` <> 4  [ RunTime:0.0010s ]
NOTIC: [2048] Declaration of Admin\Model\PlaceModel::getInstance() should be compatible with Think\Single::getInstance($class) E:\wamp\www\test\Application\Admin\Model\PlaceModel.class.php 第 61 行.
SQL: SHOW COLUMNS FROM `mmm_line_place` [ RunTime:0.0530s ]
SQL: SELECT `name` FROM `mmm_line_place` WHERE `id` = 12 LIMIT 1   [ RunTime:0.0010s ]
SQL: SELECT `name` FROM `mmm_line_place` WHERE `id` = 15 LIMIT 1   [ RunTime:0.0000s ]
SQL: SELECT `name` FROM `mmm_line_place` WHERE `id` = 8 LIMIT 1   [ RunTime:0.0000s ]
SQL: SELECT `name` FROM `mmm_line_place` WHERE `id` = 10 LIMIT 1   [ RunTime:0.0000s ]
SQL: SELECT `name` FROM `mmm_line_place` WHERE `id` = 7 LIMIT 1   [ RunTime:0.0010s ]
NOTIC: [2048] Declaration of Admin\Model\AdminModel::getInstance() should be compatible with Think\Single::getInstance($class) E:\wamp\www\test\Application\Admin\Model\AdminModel.class.php 第 60 行.
SQL: SELECT `id`,`name` FROM `mmm_employee` WHERE `department` = 1 AND `status` = 0 AND `is_del` = 0  [ RunTime:0.0000s ]
SQL: SELECT o.sid FROM mmm_line l LEFT JOIN mmm_supplier_op AS o ON o.id = l.supplier_op  WHERE `des_type` = '1' AND `status` <> 4 GROUP BY o.sid  [ RunTime:0.0410s ]
NOTIC: [2048] Declaration of Admin\Model\SupplierModel::getInstance() should be compatible with Think\Single::getInstance($class) E:\wamp\www\test\Application\Admin\Model\SupplierModel.class.php 第 25 行.
SQL: SHOW COLUMNS FROM `mmm_supplier` [ RunTime:0.0370s ]
SQL: SELECT `id`,`company_name` FROM `mmm_supplier` WHERE `id` = 1 LIMIT 1   [ RunTime:0.0010s ]
SQL: SELECT `id`,`company_name` FROM `mmm_supplier` WHERE `id` = 2 LIMIT 1   [ RunTime:0.0000s ]
SQL: SELECT COUNT(*) AS tp_count FROM mmm_line l LEFT JOIN mmm_supplier_op AS o ON o.id = l.supplier_op LEFT JOIN mmm_supplier AS s ON s.id = o.sid LEFT JOIN mmm_employee AS e ON e.id = l.counselor  WHERE l.des_type = '1' LIMIT 1   [ RunTime:0.0000s ]
SQL: SELECT l.id,l.line_type,l.title,l.day_num,l.start_palce,l.des,e.name AS op,o.name AS sop,l.status,l.supplier_title,s.company_name FROM mmm_line l LEFT JOIN mmm_supplier_op AS o ON o.id = l.supplier_op LEFT JOIN mmm_supplier AS s ON s.id = o.sid LEFT JOIN mmm_employee AS e ON e.id = l.counselor  WHERE l.des_type = '1' ORDER BY l.edittime DESC,l.id DESC LIMIT 0,10   [ RunTime:0.0010s ]
SQL: SELECT `name` FROM `mmm_line_place` WHERE `id` = 7 LIMIT 1   [ RunTime:0.0010s ]
SQL: SELECT `name` FROM `mmm_line_place` WHERE `id` = 12 LIMIT 1   [ RunTime:0.0000s ]
SQL: SELECT `name` FROM `mmm_line_place` WHERE `id` = 7 LIMIT 1   [ RunTime:0.0000s ]
SQL: SELECT `name` FROM `mmm_line_place` WHERE `id` = 15 LIMIT 1   [ RunTime:0.0000s ]
SQL: SELECT `name` FROM `mmm_line_place` WHERE `id` = 7 LIMIT 1   [ RunTime:0.0000s ]
SQL: SELECT `name` FROM `mmm_line_place` WHERE `id` = 8 LIMIT 1   [ RunTime:0.0000s ]
SQL: SELECT `name` FROM `mmm_line_place` WHERE `id` = 10 LIMIT 1   [ RunTime:0.0000s ]
SQL: SELECT `name` FROM `mmm_line_place` WHERE `id` = 7 LIMIT 1   [ RunTime:0.0000s ]
SQL: SELECT `name` FROM `mmm_line_place` WHERE `id` = 12 LIMIT 1   [ RunTime:0.0000s ]
SQL: SELECT `name` FROM `mmm_line_place` WHERE `id` = 15 LIMIT 1   [ RunTime:0.0000s ]
INFO: [ view_parse ] --START--
INFO: [ template_filter ] --START--
INFO: Run Behavior\ContentReplaceBehavior [ RunTime:0.001000s ]
INFO: [ template_filter ] --END-- [ RunTime:0.001000s ]
NOTIC: [8] Undefined variable: lineid E:\wamp\www\test\Application\Runtime\Cache\Admin\002f0672dce916b694cf50bf67bfa04a.php 第 45 行.
NOTIC: [8] Undefined variable: line_type E:\wamp\www\test\Application\Runtime\Cache\Admin\002f0672dce916b694cf50bf67bfa04a.php 第 50 行.
NOTIC: [8] Undefined variable: line_type E:\wamp\www\test\Application\Runtime\Cache\Admin\002f0672dce916b694cf50bf67bfa04a.php 第 51 行.
NOTIC: [8] Undefined variable: desid E:\wamp\www\test\Application\Runtime\Cache\Admin\002f0672dce916b694cf50bf67bfa04a.php 第 56 行.
NOTIC: [8] Undefined variable: desid E:\wamp\www\test\Application\Runtime\Cache\Admin\002f0672dce916b694cf50bf67bfa04a.php 第 56 行.
NOTIC: [8] Undefined variable: desid E:\wamp\www\test\Application\Runtime\Cache\Admin\002f0672dce916b694cf50bf67bfa04a.php 第 56 行.
NOTIC: [8] Undefined variable: desid E:\wamp\www\test\Application\Runtime\Cache\Admin\002f0672dce916b694cf50bf67bfa04a.php 第 56 行.
NOTIC: [8] Undefined variable: desid E:\wamp\www\test\Application\Runtime\Cache\Admin\002f0672dce916b694cf50bf67bfa04a.php 第 56 行.
NOTIC: [8] Undefined variable: status E:\wamp\www\test\Application\Runtime\Cache\Admin\002f0672dce916b694cf50bf67bfa04a.php 第 61 行.
NOTIC: [8] Undefined variable: status E:\wamp\www\test\Application\Runtime\Cache\Admin\002f0672dce916b694cf50bf67bfa04a.php 第 62 行.
NOTIC: [8] Undefined variable: status E:\wamp\www\test\Application\Runtime\Cache\Admin\002f0672dce916b694cf50bf67bfa04a.php 第 63 行.
NOTIC: [8] Undefined variable: day_num E:\wamp\www\test\Application\Runtime\Cache\Admin\002f0672dce916b694cf50bf67bfa04a.php 第 68 行.
NOTIC: [8] Undefined variable: title E:\wamp\www\test\Application\Runtime\Cache\Admin\002f0672dce916b694cf50bf67bfa04a.php 第 70 行.
NOTIC: [8] Undefined variable: counselor E:\wamp\www\test\Application\Runtime\Cache\Admin\002f0672dce916b694cf50bf67bfa04a.php 第 75 行.
NOTIC: [8] Undefined variable: counselor E:\wamp\www\test\Application\Runtime\Cache\Admin\002f0672dce916b694cf50bf67bfa04a.php 第 75 行.
NOTIC: [8] Undefined variable: counselor E:\wamp\www\test\Application\Runtime\Cache\Admin\002f0672dce916b694cf50bf67bfa04a.php 第 75 行.
NOTIC: [8] Undefined variable: supplierid E:\wamp\www\test\Application\Runtime\Cache\Admin\002f0672dce916b694cf50bf67bfa04a.php 第 81 行.
NOTIC: [8] Undefined variable: supplierid E:\wamp\www\test\Application\Runtime\Cache\Admin\002f0672dce916b694cf50bf67bfa04a.php 第 81 行.
INFO: Run Behavior\ParseTemplateBehavior [ RunTime:0.016001s ]
INFO: [ view_parse ] --END-- [ RunTime:0.016001s ]
INFO: [ view_filter ] --START--
INFO: Run Behavior\WriteHtmlCacheBehavior [ RunTime:0.001000s ]
INFO: [ view_filter ] --END-- [ RunTime:0.001000s ]
INFO: [ app_end ] --START--
INFO: Run Behavior\ShowPageTraceBehavior [ RunTime:0.001000s ]
INFO: [ app_end ] --END-- [ RunTime:0.001000s ]

[ 2017-01-27T12:27:01+08:00 ] 127.0.0.1 /Admin/Line/base_info/id/3
INFO: [ app_init ] --START--
INFO: Run Behavior\BuildLiteBehavior [ RunTime:0.000000s ]
INFO: [ app_init ] --END-- [ RunTime:0.000000s ]
INFO: [ app_begin ] --START--
INFO: Run Behavior\ReadHtmlCacheBehavior [ RunTime:0.000000s ]
INFO: [ app_begin ] --END-- [ RunTime:0.002000s ]
NOTIC: [2048] Declaration of Admin\Model\LineModel::getInstance() should be compatible with Think\Single::getInstance($class) E:\wamp\www\test\Application\Admin\Model\LineModel.class.php 第 12 行.
SQL: SHOW COLUMNS FROM `mmm_line` [ RunTime:0.0010s ]
SQL: SELECT `id`,`line_type`,`des_type`,`title`,`day_num`,`start_palce`,`des`,`labelid`,`special`,`include`,`not_include`,`notice`,`reference`,`counselor`,`status`,`keywords`,`supplier_title`,`supplier_op`,`add_by`,`addtime`,`edittime`,`edit_by` FROM `mmm_line` WHERE `id` = 3 LIMIT 1   [ RunTime:0.0000s ]
NOTIC: [2048] Declaration of Admin\Model\SupplierOpModel::getInstance() should be compatible with Think\Single::getInstance($class) E:\wamp\www\test\Application\Admin\Model\SupplierOpModel.class.php 第 25 行.
SQL: SHOW COLUMNS FROM `mmm_supplier_op` [ RunTime:0.0010s ]
SQL: SELECT `sid` FROM `mmm_supplier_op` WHERE `id` = 4 LIMIT 1   [ RunTime:0.0010s ]
NOTIC: [2048] Declaration of Admin\Model\AdminModel::getInstance() should be compatible with Think\Single::getInstance($class) E:\wamp\www\test\Application\Admin\Model\AdminModel.class.php 第 60 行.
SQL: SELECT `id`,`name` FROM `mmm_employee` WHERE `department` = 1 AND `status` = 0 AND `is_del` = 0  [ RunTime:0.0010s ]
NOTIC: [2048] Declaration of Admin\Model\SupplierModel::getInstance() should be compatible with Think\Single::getInstance($class) E:\wamp\www\test\Application\Admin\Model\SupplierModel.class.php 第 25 行.
SQL: SHOW COLUMNS FROM `mmm_supplier` [ RunTime:0.0010s ]
SQL: SELECT `id`,`company_name` FROM `mmm_supplier` WHERE `status` = 0  [ RunTime:0.0000s ]
INFO: [ view_parse ] --START--
INFO: [ template_filter ] --START--
INFO: Run Behavior\ContentReplaceBehavior [ RunTime:0.000000s ]
INFO: [ template_filter ] --END-- [ RunTime:0.000000s ]
INFO: Run Behavior\ParseTemplateBehavior [ RunTime:0.009000s ]
INFO: [ view_parse ] --END-- [ RunTime:0.010000s ]
INFO: [ view_filter ] --START--
INFO: Run Behavior\WriteHtmlCacheBehavior [ RunTime:0.000000s ]
INFO: [ view_filter ] --END-- [ RunTime:0.000000s ]
INFO: [ app_end ] --START--
INFO: Run Behavior\ShowPageTraceBehavior [ RunTime:0.001000s ]
INFO: [ app_end ] --END-- [ RunTime:0.001000s ]

[ 2017-01-27T12:27:04+08:00 ] 127.0.0.1 /Admin/Line/line_image/id/3
INFO: [ app_init ] --START--
INFO: Run Behavior\BuildLiteBehavior [ RunTime:0.000000s ]
INFO: [ app_init ] --END-- [ RunTime:0.000000s ]
INFO: [ app_begin ] --START--
INFO: Run Behavior\ReadHtmlCacheBehavior [ RunTime:0.001000s ]
INFO: [ app_begin ] --END-- [ RunTime:0.001000s ]
NOTIC: [2048] Declaration of Admin\Model\LineImageModel::getInstance() should be compatible with Think\Single::getInstance($class) E:\wamp\www\test\Application\Admin\Model\LineImageModel.class.php 第 12 行.
SQL: SHOW COLUMNS FROM `mmm_line_image` [ RunTime:0.0930s ]
SQL: SELECT `id`,`lineid`,`url`,`is_cover` FROM `mmm_line_image` WHERE `lineid` = 3  [ RunTime:0.0010s ]
INFO: [ view_parse ] --START--
INFO: [ template_filter ] --START--
INFO: Run Behavior\ContentReplaceBehavior [ RunTime:0.000000s ]
INFO: [ template_filter ] --END-- [ RunTime:0.000000s ]
INFO: Run Behavior\ParseTemplateBehavior [ RunTime:0.019001s ]
INFO: [ view_parse ] --END-- [ RunTime:0.019001s ]
INFO: [ view_filter ] --START--
INFO: Run Behavior\WriteHtmlCacheBehavior [ RunTime:0.000000s ]
INFO: [ view_filter ] --END-- [ RunTime:0.000000s ]
INFO: [ app_end ] --START--
INFO: Run Behavior\ShowPageTraceBehavior [ RunTime:0.001000s ]
INFO: [ app_end ] --END-- [ RunTime:0.001000s ]

[ 2017-01-27T12:27:05+08:00 ] 127.0.0.1 /Admin/Line/line_journey/id/3
INFO: [ app_init ] --START--
INFO: Run Behavior\BuildLiteBehavior [ RunTime:0.000000s ]
INFO: [ app_init ] --END-- [ RunTime:0.001000s ]
INFO: [ app_begin ] --START--
INFO: Run Behavior\ReadHtmlCacheBehavior [ RunTime:0.000000s ]
INFO: [ app_begin ] --END-- [ RunTime:0.000000s ]
NOTIC: [2048] Declaration of Admin\Model\LineModel::getInstance() should be compatible with Think\Single::getInstance($class) E:\wamp\www\test\Application\Admin\Model\LineModel.class.php 第 12 行.
SQL: SHOW COLUMNS FROM `mmm_line` [ RunTime:0.0010s ]
SQL: SELECT `day_num` FROM `mmm_line` WHERE `id` = 3 LIMIT 1   [ RunTime:0.0000s ]
NOTIC: [2048] Declaration of Admin\Model\LineJourneyModel::getInstance() should be compatible with Think\Single::getInstance($class) E:\wamp\www\test\Application\Admin\Model\LineJourneyModel.class.php 第 27 行.
SQL: SHOW COLUMNS FROM `mmm_line_journey` [ RunTime:0.0030s ]
SQL: SELECT `id`,`lineid`,`name`,`day`,`spot`,`detail`,`hotel`,`breakfast`,`lunch`,`dinner`,`addtime`,`add_by`,`edittime`,`edit_by` FROM `mmm_line_journey` WHERE `lineid` = 3  [ RunTime:0.0010s ]
NOTIC: [8] Undefined variable: journey E:\wamp\www\test\Application\Admin\Controller\LineController.class.php 第 300 行.
INFO: [ view_parse ] --START--
INFO: [ template_filter ] --START--
INFO: Run Behavior\ContentReplaceBehavior [ RunTime:0.000000s ]
INFO: [ template_filter ] --END-- [ RunTime:0.000000s ]
INFO: Run Behavior\ParseTemplateBehavior [ RunTime:0.007000s ]
INFO: [ view_parse ] --END-- [ RunTime:0.007000s ]
INFO: [ view_filter ] --START--
INFO: Run Behavior\WriteHtmlCacheBehavior [ RunTime:0.000000s ]
INFO: [ view_filter ] --END-- [ RunTime:0.000000s ]
INFO: [ app_end ] --START--
INFO: Run Behavior\ShowPageTraceBehavior [ RunTime:0.000000s ]
INFO: [ app_end ] --END-- [ RunTime:0.000000s ]

[ 2017-01-27T12:27:06+08:00 ] 127.0.0.1 /Admin/Line/money_include/id/3
INFO: [ app_init ] --START--
INFO: Run Behavior\BuildLiteBehavior [ RunTime:0.000000s ]
INFO: [ app_init ] --END-- [ RunTime:0.000000s ]
INFO: [ app_begin ] --START--
INFO: Run Behavior\ReadHtmlCacheBehavior [ RunTime:0.001000s ]
INFO: [ app_begin ] --END-- [ RunTime:0.001000s ]
INFO: [ view_parse ] --START--
INFO: [ template_filter ] --START--
INFO: Run Behavior\ContentReplaceBehavior [ RunTime:0.000000s ]
INFO: [ template_filter ] --END-- [ RunTime:0.001000s ]
INFO: Run Behavior\ParseTemplateBehavior [ RunTime:0.011001s ]
INFO: [ view_parse ] --END-- [ RunTime:0.012001s ]
INFO: [ view_filter ] --START--
INFO: Run Behavior\WriteHtmlCacheBehavior [ RunTime:0.001000s ]
INFO: [ view_filter ] --END-- [ RunTime:0.001000s ]
INFO: [ app_end ] --START--
INFO: Run Behavior\ShowPageTraceBehavior [ RunTime:0.001000s ]
INFO: [ app_end ] --END-- [ RunTime:0.001000s ]

[ 2017-01-27T12:43:40+08:00 ] 127.0.0.1 /Admin/Line/money_include?ac=edit
INFO: [ app_init ] --START--
INFO: Run Behavior\BuildLiteBehavior [ RunTime:0.000000s ]
INFO: [ app_init ] --END-- [ RunTime:0.001000s ]
INFO: [ app_begin ] --START--
INFO: Run Behavior\ReadHtmlCacheBehavior [ RunTime:0.001000s ]
INFO: [ app_begin ] --END-- [ RunTime:0.001000s ]

[ 2017-01-27T12:44:06+08:00 ] 127.0.0.1 /Admin/Line/linelist?type=1
INFO: [ app_init ] --START--
INFO: Run Behavior\BuildLiteBehavior [ RunTime:0.000000s ]
INFO: [ app_init ] --END-- [ RunTime:0.000000s ]
INFO: [ app_begin ] --START--
INFO: Run Behavior\ReadHtmlCacheBehavior [ RunTime:0.001000s ]
INFO: [ app_begin ] --END-- [ RunTime:0.001000s ]
NOTIC: [2048] Declaration of Admin\Model\LineModel::getInstance() should be compatible with Think\Single::getInstance($class) E:\wamp\www\test\Application\Admin\Model\LineModel.class.php 第 12 行.
SQL: SHOW COLUMNS FROM `mmm_line` [ RunTime:0.0020s ]
SQL: SELECT `des` FROM `mmm_line` WHERE `des_type` = 1 AND `status` <> 4  [ RunTime:0.0000s ]
NOTIC: [2048] Declaration of Admin\Model\PlaceModel::getInstance() should be compatible with Think\Single::getInstance($class) E:\wamp\www\test\Application\Admin\Model\PlaceModel.class.php 第 61 行.
SQL: SHOW COLUMNS FROM `mmm_line_place` [ RunTime:0.0010s ]
SQL: SELECT `name` FROM `mmm_line_place` WHERE `id` = 12 LIMIT 1   [ RunTime:0.0010s ]
SQL: SELECT `name` FROM `mmm_line_place` WHERE `id` = 15 LIMIT 1   [ RunTime:0.0010s ]
SQL: SELECT `name` FROM `mmm_line_place` WHERE `id` = 8 LIMIT 1   [ RunTime:0.0010s ]
SQL: SELECT `name` FROM `mmm_line_place` WHERE `id` = 10 LIMIT 1   [ RunTime:0.0010s ]
SQL: SELECT `name` FROM `mmm_line_place` WHERE `id` = 7 LIMIT 1   [ RunTime:0.0000s ]
NOTIC: [2048] Declaration of Admin\Model\AdminModel::getInstance() should be compatible with Think\Single::getInstance($class) E:\wamp\www\test\Application\Admin\Model\AdminModel.class.php 第 60 行.
SQL: SELECT `id`,`name` FROM `mmm_employee` WHERE `department` = 1 AND `status` = 0 AND `is_del` = 0  [ RunTime:0.0010s ]
SQL: SELECT o.sid FROM mmm_line l LEFT JOIN mmm_supplier_op AS o ON o.id = l.supplier_op  WHERE `des_type` = '1' AND `status` <> 4 GROUP BY o.sid  [ RunTime:0.0010s ]
NOTIC: [2048] Declaration of Admin\Model\SupplierModel::getInstance() should be compatible with Think\Single::getInstance($class) E:\wamp\www\test\Application\Admin\Model\SupplierModel.class.php 第 25 行.
SQL: SHOW COLUMNS FROM `mmm_supplier` [ RunTime:0.0010s ]
SQL: SELECT `id`,`company_name` FROM `mmm_supplier` WHERE `id` = 1 LIMIT 1   [ RunTime:0.0000s ]
SQL: SELECT `id`,`company_name` FROM `mmm_supplier` WHERE `id` = 2 LIMIT 1   [ RunTime:0.0000s ]
SQL: SELECT COUNT(*) AS tp_count FROM mmm_line l LEFT JOIN mmm_supplier_op AS o ON o.id = l.supplier_op LEFT JOIN mmm_supplier AS s ON s.id = o.sid LEFT JOIN mmm_employee AS e ON e.id = l.counselor  WHERE l.des_type = '1' LIMIT 1   [ RunTime:0.0010s ]
SQL: SELECT l.id,l.line_type,l.title,l.day_num,l.start_palce,l.des,e.name AS op,o.name AS sop,l.status,l.supplier_title,s.company_name FROM mmm_line l LEFT JOIN mmm_supplier_op AS o ON o.id = l.supplier_op LEFT JOIN mmm_supplier AS s ON s.id = o.sid LEFT JOIN mmm_employee AS e ON e.id = l.counselor  WHERE l.des_type = '1' ORDER BY l.edittime DESC,l.id DESC LIMIT 0,10   [ RunTime:0.0010s ]
SQL: SELECT `name` FROM `mmm_line_place` WHERE `id` = 7 LIMIT 1   [ RunTime:0.0000s ]
SQL: SELECT `name` FROM `mmm_line_place` WHERE `id` = 12 LIMIT 1   [ RunTime:0.0000s ]
SQL: SELECT `name` FROM `mmm_line_place` WHERE `id` = 7 LIMIT 1   [ RunTime:0.0000s ]
SQL: SELECT `name` FROM `mmm_line_place` WHERE `id` = 15 LIMIT 1   [ RunTime:0.0000s ]
SQL: SELECT `name` FROM `mmm_line_place` WHERE `id` = 7 LIMIT 1   [ RunTime:0.0010s ]
SQL: SELECT `name` FROM `mmm_line_place` WHERE `id` = 8 LIMIT 1   [ RunTime:0.0000s ]
SQL: SELECT `name` FROM `mmm_line_place` WHERE `id` = 10 LIMIT 1   [ RunTime:0.0000s ]
SQL: SELECT `name` FROM `mmm_line_place` WHERE `id` = 7 LIMIT 1   [ RunTime:0.0000s ]
SQL: SELECT `name` FROM `mmm_line_place` WHERE `id` = 12 LIMIT 1   [ RunTime:0.0000s ]
SQL: SELECT `name` FROM `mmm_line_place` WHERE `id` = 15 LIMIT 1   [ RunTime:0.0000s ]
INFO: [ view_parse ] --START--
INFO: [ template_filter ] --START--
INFO: Run Behavior\ContentReplaceBehavior [ RunTime:0.001000s ]
INFO: [ template_filter ] --END-- [ RunTime:0.001000s ]
NOTIC: [8] Undefined variable: lineid E:\wamp\www\test\Application\Runtime\Cache\Admin\002f0672dce916b694cf50bf67bfa04a.php 第 45 行.
NOTIC: [8] Undefined variable: line_type E:\wamp\www\test\Application\Runtime\Cache\Admin\002f0672dce916b694cf50bf67bfa04a.php 第 50 行.
NOTIC: [8] Undefined variable: line_type E:\wamp\www\test\Application\Runtime\Cache\Admin\002f0672dce916b694cf50bf67bfa04a.php 第 51 行.
NOTIC: [8] Undefined variable: desid E:\wamp\www\test\Application\Runtime\Cache\Admin\002f0672dce916b694cf50bf67bfa04a.php 第 56 行.
NOTIC: [8] Undefined variable: desid E:\wamp\www\test\Application\Runtime\Cache\Admin\002f0672dce916b694cf50bf67bfa04a.php 第 56 行.
NOTIC: [8] Undefined variable: desid E:\wamp\www\test\Application\Runtime\Cache\Admin\002f0672dce916b694cf50bf67bfa04a.php 第 56 行.
NOTIC: [8] Undefined variable: desid E:\wamp\www\test\Application\Runtime\Cache\Admin\002f0672dce916b694cf50bf67bfa04a.php 第 56 行.
NOTIC: [8] Undefined variable: desid E:\wamp\www\test\Application\Runtime\Cache\Admin\002f0672dce916b694cf50bf67bfa04a.php 第 56 行.
NOTIC: [8] Undefined variable: status E:\wamp\www\test\Application\Runtime\Cache\Admin\002f0672dce916b694cf50bf67bfa04a.php 第 61 行.
NOTIC: [8] Undefined variable: status E:\wamp\www\test\Application\Runtime\Cache\Admin\002f0672dce916b694cf50bf67bfa04a.php 第 62 行.
NOTIC: [8] Undefined variable: status E:\wamp\www\test\Application\Runtime\Cache\Admin\002f0672dce916b694cf50bf67bfa04a.php 第 63 行.
NOTIC: [8] Undefined variable: day_num E:\wamp\www\test\Application\Runtime\Cache\Admin\002f0672dce916b694cf50bf67bfa04a.php 第 68 行.
NOTIC: [8] Undefined variable: title E:\wamp\www\test\Application\Runtime\Cache\Admin\002f0672dce916b694cf50bf67bfa04a.php 第 70 行.
NOTIC: [8] Undefined variable: counselor E:\wamp\www\test\Application\Runtime\Cache\Admin\002f0672dce916b694cf50bf67bfa04a.php 第 75 行.
NOTIC: [8] Undefined variable: counselor E:\wamp\www\test\Application\Runtime\Cache\Admin\002f0672dce916b694cf50bf67bfa04a.php 第 75 行.
NOTIC: [8] Undefined variable: counselor E:\wamp\www\test\Application\Runtime\Cache\Admin\002f0672dce916b694cf50bf67bfa04a.php 第 75 行.
NOTIC: [8] Undefined variable: supplierid E:\wamp\www\test\Application\Runtime\Cache\Admin\002f0672dce916b694cf50bf67bfa04a.php 第 81 行.
NOTIC: [8] Undefined variable: supplierid E:\wamp\www\test\Application\Runtime\Cache\Admin\002f0672dce916b694cf50bf67bfa04a.php 第 81 行.
INFO: Run Behavior\ParseTemplateBehavior [ RunTime:0.014001s ]
INFO: [ view_parse ] --END-- [ RunTime:0.014001s ]
INFO: [ view_filter ] --START--
INFO: Run Behavior\WriteHtmlCacheBehavior [ RunTime:0.000000s ]
INFO: [ view_filter ] --END-- [ RunTime:0.001000s ]
INFO: [ app_end ] --START--
INFO: Run Behavior\ShowPageTraceBehavior [ RunTime:0.001000s ]
INFO: [ app_end ] --END-- [ RunTime:0.001000s ]

[ 2017-01-27T12:44:08+08:00 ] 127.0.0.1 /Admin/Line/base_info/id/3
INFO: [ app_init ] --START--
INFO: Run Behavior\BuildLiteBehavior [ RunTime:0.000000s ]
INFO: [ app_init ] --END-- [ RunTime:0.001000s ]
INFO: [ app_begin ] --START--
INFO: Run Behavior\ReadHtmlCacheBehavior [ RunTime:0.001000s ]
INFO: [ app_begin ] --END-- [ RunTime:0.001000s ]
NOTIC: [2048] Declaration of Admin\Model\LineModel::getInstance() should be compatible with Think\Single::getInstance($class) E:\wamp\www\test\Application\Admin\Model\LineModel.class.php 第 12 行.
SQL: SHOW COLUMNS FROM `mmm_line` [ RunTime:0.0020s ]
SQL: SELECT `id`,`line_type`,`des_type`,`title`,`day_num`,`start_palce`,`des`,`labelid`,`special`,`include`,`not_include`,`notice`,`reference`,`counselor`,`status`,`keywords`,`supplier_title`,`supplier_op`,`add_by`,`addtime`,`edittime`,`edit_by` FROM `mmm_line` WHERE `id` = 3 LIMIT 1   [ RunTime:0.0010s ]
NOTIC: [2048] Declaration of Admin\Model\SupplierOpModel::getInstance() should be compatible with Think\Single::getInstance($class) E:\wamp\www\test\Application\Admin\Model\SupplierOpModel.class.php 第 25 行.
SQL: SHOW COLUMNS FROM `mmm_supplier_op` [ RunTime:0.0010s ]
SQL: SELECT `sid` FROM `mmm_supplier_op` WHERE `id` = 4 LIMIT 1   [ RunTime:0.0000s ]
NOTIC: [2048] Declaration of Admin\Model\AdminModel::getInstance() should be compatible with Think\Single::getInstance($class) E:\wamp\www\test\Application\Admin\Model\AdminModel.class.php 第 60 行.
SQL: SELECT `id`,`name` FROM `mmm_employee` WHERE `department` = 1 AND `status` = 0 AND `is_del` = 0  [ RunTime:0.0000s ]
NOTIC: [2048] Declaration of Admin\Model\SupplierModel::getInstance() should be compatible with Think\Single::getInstance($class) E:\wamp\www\test\Application\Admin\Model\SupplierModel.class.php 第 25 行.
SQL: SHOW COLUMNS FROM `mmm_supplier` [ RunTime:0.0010s ]
SQL: SELECT `id`,`company_name` FROM `mmm_supplier` WHERE `status` = 0  [ RunTime:0.0000s ]
INFO: [ view_parse ] --START--
INFO: [ template_filter ] --START--
INFO: Run Behavior\ContentReplaceBehavior [ RunTime:0.000000s ]
INFO: [ template_filter ] --END-- [ RunTime:0.000000s ]
INFO: Run Behavior\ParseTemplateBehavior [ RunTime:0.010000s ]
INFO: [ view_parse ] --END-- [ RunTime:0.010000s ]
INFO: [ view_filter ] --START--
INFO: Run Behavior\WriteHtmlCacheBehavior [ RunTime:0.000000s ]
INFO: [ view_filter ] --END-- [ RunTime:0.000000s ]
INFO: [ app_end ] --START--
INFO: Run Behavior\ShowPageTraceBehavior [ RunTime:0.000000s ]
INFO: [ app_end ] --END-- [ RunTime:0.000000s ]

[ 2017-01-27T12:44:09+08:00 ] 127.0.0.1 /Admin/Line/money_include/id/3
INFO: [ app_init ] --START--
INFO: Run Behavior\BuildLiteBehavior [ RunTime:0.000000s ]
INFO: [ app_init ] --END-- [ RunTime:0.001000s ]
INFO: [ app_begin ] --START--
INFO: Run Behavior\ReadHtmlCacheBehavior [ RunTime:0.000000s ]
INFO: [ app_begin ] --END-- [ RunTime:0.000000s ]
INFO: [ view_parse ] --START--
INFO: [ template_filter ] --START--
INFO: Run Behavior\ContentReplaceBehavior [ RunTime:0.001000s ]
INFO: [ template_filter ] --END-- [ RunTime:0.001000s ]
INFO: Run Behavior\ParseTemplateBehavior [ RunTime:0.010001s ]
INFO: [ view_parse ] --END-- [ RunTime:0.010001s ]
INFO: [ view_filter ] --START--
INFO: Run Behavior\WriteHtmlCacheBehavior [ RunTime:0.000000s ]
INFO: [ view_filter ] --END-- [ RunTime:0.000000s ]
INFO: [ app_end ] --START--
INFO: Run Behavior\ShowPageTraceBehavior [ RunTime:0.000000s ]
INFO: [ app_end ] --END-- [ RunTime:0.000000s ]

[ 2017-01-27T12:44:22+08:00 ] 127.0.0.1 /Admin/Line/money_include?ac=edit
INFO: [ app_init ] --START--
INFO: Run Behavior\BuildLiteBehavior [ RunTime:0.000000s ]
INFO: [ app_init ] --END-- [ RunTime:0.000000s ]
INFO: [ app_begin ] --START--
INFO: Run Behavior\ReadHtmlCacheBehavior [ RunTime:0.001000s ]
INFO: [ app_begin ] --END-- [ RunTime:0.001000s ]

[ 2017-01-27T12:44:42+08:00 ] 127.0.0.1 /Admin/Line/money_include?ac=edit
INFO: [ app_init ] --START--
INFO: Run Behavior\BuildLiteBehavior [ RunTime:0.000000s ]
INFO: [ app_init ] --END-- [ RunTime:0.000000s ]
INFO: [ app_begin ] --START--
INFO: Run Behavior\ReadHtmlCacheBehavior [ RunTime:0.000000s ]
INFO: [ app_begin ] --END-- [ RunTime:0.002000s ]

[ 2017-01-27T12:45:28+08:00 ] 127.0.0.1 /Admin/Line/linelist?type=1
INFO: [ app_init ] --START--
INFO: Run Behavior\BuildLiteBehavior [ RunTime:0.000000s ]
INFO: [ app_init ] --END-- [ RunTime:0.001000s ]
INFO: [ app_begin ] --START--
INFO: Run Behavior\ReadHtmlCacheBehavior [ RunTime:0.001000s ]
INFO: [ app_begin ] --END-- [ RunTime:0.001000s ]
NOTIC: [2048] Declaration of Admin\Model\LineModel::getInstance() should be compatible with Think\Single::getInstance($class) E:\wamp\www\test\Application\Admin\Model\LineModel.class.php 第 12 行.
SQL: SHOW COLUMNS FROM `mmm_line` [ RunTime:0.0010s ]
SQL: SELECT `des` FROM `mmm_line` WHERE `des_type` = 1 AND `status` <> 4  [ RunTime:0.0010s ]
NOTIC: [2048] Declaration of Admin\Model\PlaceModel::getInstance() should be compatible with Think\Single::getInstance($class) E:\wamp\www\test\Application\Admin\Model\PlaceModel.class.php 第 61 行.
SQL: SHOW COLUMNS FROM `mmm_line_place` [ RunTime:0.0020s ]
SQL: SELECT `name` FROM `mmm_line_place` WHERE `id` = 12 LIMIT 1   [ RunTime:0.0000s ]
SQL: SELECT `name` FROM `mmm_line_place` WHERE `id` = 15 LIMIT 1   [ RunTime:0.0000s ]
SQL: SELECT `name` FROM `mmm_line_place` WHERE `id` = 8 LIMIT 1   [ RunTime:0.0000s ]
SQL: SELECT `name` FROM `mmm_line_place` WHERE `id` = 10 LIMIT 1   [ RunTime:0.0000s ]
SQL: SELECT `name` FROM `mmm_line_place` WHERE `id` = 7 LIMIT 1   [ RunTime:0.0010s ]
NOTIC: [2048] Declaration of Admin\Model\AdminModel::getInstance() should be compatible with Think\Single::getInstance($class) E:\wamp\www\test\Application\Admin\Model\AdminModel.class.php 第 60 行.
SQL: SELECT `id`,`name` FROM `mmm_employee` WHERE `department` = 1 AND `status` = 0 AND `is_del` = 0  [ RunTime:0.0010s ]
SQL: SELECT o.sid FROM mmm_line l LEFT JOIN mmm_supplier_op AS o ON o.id = l.supplier_op  WHERE `des_type` = '1' AND `status` <> 4 GROUP BY o.sid  [ RunTime:0.0010s ]
NOTIC: [2048] Declaration of Admin\Model\SupplierModel::getInstance() should be compatible with Think\Single::getInstance($class) E:\wamp\www\test\Application\Admin\Model\SupplierModel.class.php 第 25 行.
SQL: SHOW COLUMNS FROM `mmm_supplier` [ RunTime:0.0010s ]
SQL: SELECT `id`,`company_name` FROM `mmm_supplier` WHERE `id` = 1 LIMIT 1   [ RunTime:0.0000s ]
SQL: SELECT `id`,`company_name` FROM `mmm_supplier` WHERE `id` = 2 LIMIT 1   [ RunTime:0.0000s ]
SQL: SELECT COUNT(*) AS tp_count FROM mmm_line l LEFT JOIN mmm_supplier_op AS o ON o.id = l.supplier_op LEFT JOIN mmm_supplier AS s ON s.id = o.sid LEFT JOIN mmm_employee AS e ON e.id = l.counselor  WHERE l.des_type = '1' LIMIT 1   [ RunTime:0.0000s ]
SQL: SELECT l.id,l.line_type,l.title,l.day_num,l.start_palce,l.des,e.name AS op,o.name AS sop,l.status,l.supplier_title,s.company_name FROM mmm_line l LEFT JOIN mmm_supplier_op AS o ON o.id = l.supplier_op LEFT JOIN mmm_supplier AS s ON s.id = o.sid LEFT JOIN mmm_employee AS e ON e.id = l.counselor  WHERE l.des_type = '1' ORDER BY l.edittime DESC,l.id DESC LIMIT 0,10   [ RunTime:0.0010s ]
SQL: SELECT `name` FROM `mmm_line_place` WHERE `id` = 7 LIMIT 1   [ RunTime:0.0000s ]
SQL: SELECT `name` FROM `mmm_line_place` WHERE `id` = 12 LIMIT 1   [ RunTime:0.0000s ]
SQL: SELECT `name` FROM `mmm_line_place` WHERE `id` = 7 LIMIT 1   [ RunTime:0.0000s ]
SQL: SELECT `name` FROM `mmm_line_place` WHERE `id` = 15 LIMIT 1   [ RunTime:0.0000s ]
SQL: SELECT `name` FROM `mmm_line_place` WHERE `id` = 7 LIMIT 1   [ RunTime:0.0000s ]
SQL: SELECT `name` FROM `mmm_line_place` WHERE `id` = 8 LIMIT 1   [ RunTime:0.0010s ]
SQL: SELECT `name` FROM `mmm_line_place` WHERE `id` = 10 LIMIT 1   [ RunTime:0.0000s ]
SQL: SELECT `name` FROM `mmm_line_place` WHERE `id` = 7 LIMIT 1   [ RunTime:0.0000s ]
SQL: SELECT `name` FROM `mmm_line_place` WHERE `id` = 12 LIMIT 1   [ RunTime:0.0000s ]
SQL: SELECT `name` FROM `mmm_line_place` WHERE `id` = 15 LIMIT 1   [ RunTime:0.0000s ]
INFO: [ view_parse ] --START--
INFO: [ template_filter ] --START--
INFO: Run Behavior\ContentReplaceBehavior [ RunTime:0.000000s ]
INFO: [ template_filter ] --END-- [ RunTime:0.000000s ]
NOTIC: [8] Undefined variable: lineid E:\wamp\www\test\Application\Runtime\Cache\Admin\002f0672dce916b694cf50bf67bfa04a.php 第 45 行.
NOTIC: [8] Undefined variable: line_type E:\wamp\www\test\Application\Runtime\Cache\Admin\002f0672dce916b694cf50bf67bfa04a.php 第 50 行.
NOTIC: [8] Undefined variable: line_type E:\wamp\www\test\Application\Runtime\Cache\Admin\002f0672dce916b694cf50bf67bfa04a.php 第 51 行.
NOTIC: [8] Undefined variable: desid E:\wamp\www\test\Application\Runtime\Cache\Admin\002f0672dce916b694cf50bf67bfa04a.php 第 56 行.
NOTIC: [8] Undefined variable: desid E:\wamp\www\test\Application\Runtime\Cache\Admin\002f0672dce916b694cf50bf67bfa04a.php 第 56 行.
NOTIC: [8] Undefined variable: desid E:\wamp\www\test\Application\Runtime\Cache\Admin\002f0672dce916b694cf50bf67bfa04a.php 第 56 行.
NOTIC: [8] Undefined variable: desid E:\wamp\www\test\Application\Runtime\Cache\Admin\002f0672dce916b694cf50bf67bfa04a.php 第 56 行.
NOTIC: [8] Undefined variable: desid E:\wamp\www\test\Application\Runtime\Cache\Admin\002f0672dce916b694cf50bf67bfa04a.php 第 56 行.
NOTIC: [8] Undefined variable: status E:\wamp\www\test\Application\Runtime\Cache\Admin\002f0672dce916b694cf50bf67bfa04a.php 第 61 行.
NOTIC: [8] Undefined variable: status E:\wamp\www\test\Application\Runtime\Cache\Admin\002f0672dce916b694cf50bf67bfa04a.php 第 62 行.
NOTIC: [8] Undefined variable: status E:\wamp\www\test\Application\Runtime\Cache\Admin\002f0672dce916b694cf50bf67bfa04a.php 第 63 行.
NOTIC: [8] Undefined variable: day_num E:\wamp\www\test\Application\Runtime\Cache\Admin\002f0672dce916b694cf50bf67bfa04a.php 第 68 行.
NOTIC: [8] Undefined variable: title E:\wamp\www\test\Application\Runtime\Cache\Admin\002f0672dce916b694cf50bf67bfa04a.php 第 70 行.
NOTIC: [8] Undefined variable: counselor E:\wamp\www\test\Application\Runtime\Cache\Admin\002f0672dce916b694cf50bf67bfa04a.php 第 75 行.
NOTIC: [8] Undefined variable: counselor E:\wamp\www\test\Application\Runtime\Cache\Admin\002f0672dce916b694cf50bf67bfa04a.php 第 75 行.
NOTIC: [8] Undefined variable: counselor E:\wamp\www\test\Application\Runtime\Cache\Admin\002f0672dce916b694cf50bf67bfa04a.php 第 75 行.
NOTIC: [8] Undefined variable: supplierid E:\wamp\www\test\Application\Runtime\Cache\Admin\002f0672dce916b694cf50bf67bfa04a.php 第 81 行.
NOTIC: [8] Undefined variable: supplierid E:\wamp\www\test\Application\Runtime\Cache\Admin\002f0672dce916b694cf50bf67bfa04a.php 第 81 行.
INFO: Run Behavior\ParseTemplateBehavior [ RunTime:0.015000s ]
INFO: [ view_parse ] --END-- [ RunTime:0.015000s ]
INFO: [ view_filter ] --START--
INFO: Run Behavior\WriteHtmlCacheBehavior [ RunTime:0.000000s ]
INFO: [ view_filter ] --END-- [ RunTime:0.000000s ]
INFO: [ app_end ] --START--
INFO: Run Behavior\ShowPageTraceBehavior [ RunTime:0.000000s ]
INFO: [ app_end ] --END-- [ RunTime:0.000000s ]

[ 2017-01-27T12:45:29+08:00 ] 127.0.0.1 /Admin/Line/base_info/id/3
INFO: [ app_init ] --START--
INFO: Run Behavior\BuildLiteBehavior [ RunTime:0.000000s ]
INFO: [ app_init ] --END-- [ RunTime:0.000000s ]
INFO: [ app_begin ] --START--
INFO: Run Behavior\ReadHtmlCacheBehavior [ RunTime:0.000000s ]
INFO: [ app_begin ] --END-- [ RunTime:0.000000s ]
NOTIC: [2048] Declaration of Admin\Model\LineModel::getInstance() should be compatible with Think\Single::getInstance($class) E:\wamp\www\test\Application\Admin\Model\LineModel.class.php 第 12 行.
SQL: SHOW COLUMNS FROM `mmm_line` [ RunTime:0.0010s ]
SQL: SELECT `id`,`line_type`,`des_type`,`title`,`day_num`,`start_palce`,`des`,`labelid`,`special`,`include`,`not_include`,`notice`,`reference`,`counselor`,`status`,`keywords`,`supplier_title`,`supplier_op`,`add_by`,`addtime`,`edittime`,`edit_by` FROM `mmm_line` WHERE `id` = 3 LIMIT 1   [ RunTime:0.0000s ]
NOTIC: [2048] Declaration of Admin\Model\SupplierOpModel::getInstance() should be compatible with Think\Single::getInstance($class) E:\wamp\www\test\Application\Admin\Model\SupplierOpModel.class.php 第 25 行.
SQL: SHOW COLUMNS FROM `mmm_supplier_op` [ RunTime:0.0010s ]
SQL: SELECT `sid` FROM `mmm_supplier_op` WHERE `id` = 4 LIMIT 1   [ RunTime:0.0000s ]
NOTIC: [2048] Declaration of Admin\Model\AdminModel::getInstance() should be compatible with Think\Single::getInstance($class) E:\wamp\www\test\Application\Admin\Model\AdminModel.class.php 第 60 行.
SQL: SELECT `id`,`name` FROM `mmm_employee` WHERE `department` = 1 AND `status` = 0 AND `is_del` = 0  [ RunTime:0.0000s ]
NOTIC: [2048] Declaration of Admin\Model\SupplierModel::getInstance() should be compatible with Think\Single::getInstance($class) E:\wamp\www\test\Application\Admin\Model\SupplierModel.class.php 第 25 行.
SQL: SHOW COLUMNS FROM `mmm_supplier` [ RunTime:0.0010s ]
SQL: SELECT `id`,`company_name` FROM `mmm_supplier` WHERE `status` = 0  [ RunTime:0.0000s ]
INFO: [ view_parse ] --START--
INFO: [ template_filter ] --START--
INFO: Run Behavior\ContentReplaceBehavior [ RunTime:0.000000s ]
INFO: [ template_filter ] --END-- [ RunTime:0.000000s ]
INFO: Run Behavior\ParseTemplateBehavior [ RunTime:0.010001s ]
INFO: [ view_parse ] --END-- [ RunTime:0.010001s ]
INFO: [ view_filter ] --START--
INFO: Run Behavior\WriteHtmlCacheBehavior [ RunTime:0.000000s ]
INFO: [ view_filter ] --END-- [ RunTime:0.000000s ]
INFO: [ app_end ] --START--
INFO: Run Behavior\ShowPageTraceBehavior [ RunTime:0.001000s ]
INFO: [ app_end ] --END-- [ RunTime:0.001000s ]

[ 2017-01-27T12:45:30+08:00 ] 127.0.0.1 /Admin/Line/money_include/id/3
INFO: [ app_init ] --START--
INFO: Run Behavior\BuildLiteBehavior [ RunTime:0.000000s ]
INFO: [ app_init ] --END-- [ RunTime:0.000000s ]
INFO: [ app_begin ] --START--
INFO: Run Behavior\ReadHtmlCacheBehavior [ RunTime:0.000000s ]
INFO: [ app_begin ] --END-- [ RunTime:0.001000s ]
INFO: [ view_parse ] --START--
INFO: [ template_filter ] --START--
INFO: Run Behavior\ContentReplaceBehavior [ RunTime:0.000000s ]
INFO: [ template_filter ] --END-- [ RunTime:0.000000s ]
INFO: Run Behavior\ParseTemplateBehavior [ RunTime:0.007000s ]
INFO: [ view_parse ] --END-- [ RunTime:0.007000s ]
INFO: [ view_filter ] --START--
INFO: Run Behavior\WriteHtmlCacheBehavior [ RunTime:0.000000s ]
INFO: [ view_filter ] --END-- [ RunTime:0.000000s ]
INFO: [ app_end ] --START--
INFO: Run Behavior\ShowPageTraceBehavior [ RunTime:0.000000s ]
INFO: [ app_end ] --END-- [ RunTime:0.000000s ]

[ 2017-01-27T12:45:37+08:00 ] 127.0.0.1 /Admin/Line/base_info/id/3
INFO: [ app_init ] --START--
INFO: Run Behavior\BuildLiteBehavior [ RunTime:0.000000s ]
INFO: [ app_init ] --END-- [ RunTime:0.001000s ]
INFO: [ app_begin ] --START--
INFO: Run Behavior\ReadHtmlCacheBehavior [ RunTime:0.000000s ]
INFO: [ app_begin ] --END-- [ RunTime:0.000000s ]
NOTIC: [2048] Declaration of Admin\Model\LineModel::getInstance() should be compatible with Think\Single::getInstance($class) E:\wamp\www\test\Application\Admin\Model\LineModel.class.php 第 12 行.
SQL: SHOW COLUMNS FROM `mmm_line` [ RunTime:0.0010s ]
SQL: SELECT `id`,`line_type`,`des_type`,`title`,`day_num`,`start_palce`,`des`,`labelid`,`special`,`include`,`not_include`,`notice`,`reference`,`counselor`,`status`,`keywords`,`supplier_title`,`supplier_op`,`add_by`,`addtime`,`edittime`,`edit_by` FROM `mmm_line` WHERE `id` = 3 LIMIT 1   [ RunTime:0.0010s ]
NOTIC: [2048] Declaration of Admin\Model\SupplierOpModel::getInstance() should be compatible with Think\Single::getInstance($class) E:\wamp\www\test\Application\Admin\Model\SupplierOpModel.class.php 第 25 行.
SQL: SHOW COLUMNS FROM `mmm_supplier_op` [ RunTime:0.0010s ]
SQL: SELECT `sid` FROM `mmm_supplier_op` WHERE `id` = 4 LIMIT 1   [ RunTime:0.0000s ]
NOTIC: [2048] Declaration of Admin\Model\AdminModel::getInstance() should be compatible with Think\Single::getInstance($class) E:\wamp\www\test\Application\Admin\Model\AdminModel.class.php 第 60 行.
SQL: SELECT `id`,`name` FROM `mmm_employee` WHERE `department` = 1 AND `status` = 0 AND `is_del` = 0  [ RunTime:0.0000s ]
NOTIC: [2048] Declaration of Admin\Model\SupplierModel::getInstance() should be compatible with Think\Single::getInstance($class) E:\wamp\www\test\Application\Admin\Model\SupplierModel.class.php 第 25 行.
SQL: SHOW COLUMNS FROM `mmm_supplier` [ RunTime:0.0010s ]
SQL: SELECT `id`,`company_name` FROM `mmm_supplier` WHERE `status` = 0  [ RunTime:0.0010s ]
INFO: [ view_parse ] --START--
INFO: [ template_filter ] --START--
INFO: Run Behavior\ContentReplaceBehavior [ RunTime:0.001000s ]
INFO: [ template_filter ] --END-- [ RunTime:0.001000s ]
INFO: Run Behavior\ParseTemplateBehavior [ RunTime:0.009001s ]
INFO: [ view_parse ] --END-- [ RunTime:0.009001s ]
INFO: [ view_filter ] --START--
INFO: Run Behavior\WriteHtmlCacheBehavior [ RunTime:0.001000s ]
INFO: [ view_filter ] --END-- [ RunTime:0.001000s ]
INFO: [ app_end ] --START--
INFO: Run Behavior\ShowPageTraceBehavior [ RunTime:0.000000s ]
INFO: [ app_end ] --END-- [ RunTime:0.000000s ]

[ 2017-01-27T12:45:38+08:00 ] 127.0.0.1 /Admin/Line/line_image/id/3
INFO: [ app_init ] --START--
INFO: Run Behavior\BuildLiteBehavior [ RunTime:0.000000s ]
INFO: [ app_init ] --END-- [ RunTime:0.000000s ]
INFO: [ app_begin ] --START--
INFO: Run Behavior\ReadHtmlCacheBehavior [ RunTime:0.001000s ]
INFO: [ app_begin ] --END-- [ RunTime:0.001000s ]
NOTIC: [2048] Declaration of Admin\Model\LineImageModel::getInstance() should be compatible with Think\Single::getInstance($class) E:\wamp\www\test\Application\Admin\Model\LineImageModel.class.php 第 12 行.
SQL: SHOW COLUMNS FROM `mmm_line_image` [ RunTime:0.0010s ]
SQL: SELECT `id`,`lineid`,`url`,`is_cover` FROM `mmm_line_image` WHERE `lineid` = 3  [ RunTime:0.0000s ]
INFO: [ view_parse ] --START--
INFO: [ template_filter ] --START--
INFO: Run Behavior\ContentReplaceBehavior [ RunTime:0.000000s ]
INFO: [ template_filter ] --END-- [ RunTime:0.000000s ]
INFO: Run Behavior\ParseTemplateBehavior [ RunTime:0.009001s ]
INFO: [ view_parse ] --END-- [ RunTime:0.009001s ]
INFO: [ view_filter ] --START--
INFO: Run Behavior\WriteHtmlCacheBehavior [ RunTime:0.000000s ]
INFO: [ view_filter ] --END-- [ RunTime:0.000000s ]
INFO: [ app_end ] --START--
INFO: Run Behavior\ShowPageTraceBehavior [ RunTime:0.001000s ]
INFO: [ app_end ] --END-- [ RunTime:0.001000s ]

[ 2017-01-27T12:45:39+08:00 ] 127.0.0.1 /Admin/Line/line_journey/id/3
INFO: [ app_init ] --START--
INFO: Run Behavior\BuildLiteBehavior [ RunTime:0.000000s ]
INFO: [ app_init ] --END-- [ RunTime:0.001001s ]
INFO: [ app_begin ] --START--
INFO: Run Behavior\ReadHtmlCacheBehavior [ RunTime:0.001000s ]
INFO: [ app_begin ] --END-- [ RunTime:0.001000s ]
NOTIC: [2048] Declaration of Admin\Model\LineModel::getInstance() should be compatible with Think\Single::getInstance($class) E:\wamp\www\test\Application\Admin\Model\LineModel.class.php 第 12 行.
SQL: SHOW COLUMNS FROM `mmm_line` [ RunTime:0.0010s ]
SQL: SELECT `day_num` FROM `mmm_line` WHERE `id` = 3 LIMIT 1   [ RunTime:0.0000s ]
NOTIC: [2048] Declaration of Admin\Model\LineJourneyModel::getInstance() should be compatible with Think\Single::getInstance($class) E:\wamp\www\test\Application\Admin\Model\LineJourneyModel.class.php 第 27 行.
SQL: SHOW COLUMNS FROM `mmm_line_journey` [ RunTime:0.0010s ]
SQL: SELECT `id`,`lineid`,`name`,`day`,`spot`,`detail`,`hotel`,`breakfast`,`lunch`,`dinner`,`addtime`,`add_by`,`edittime`,`edit_by` FROM `mmm_line_journey` WHERE `lineid` = 3  [ RunTime:0.0000s ]
NOTIC: [8] Undefined variable: journey E:\wamp\www\test\Application\Admin\Controller\LineController.class.php 第 300 行.
INFO: [ view_parse ] --START--
INFO: [ template_filter ] --START--
INFO: Run Behavior\ContentReplaceBehavior [ RunTime:0.000000s ]
INFO: [ template_filter ] --END-- [ RunTime:0.001001s ]
INFO: Run Behavior\ParseTemplateBehavior [ RunTime:0.007001s ]
INFO: [ view_parse ] --END-- [ RunTime:0.007001s ]
INFO: [ view_filter ] --START--
INFO: Run Behavior\WriteHtmlCacheBehavior [ RunTime:0.001000s ]
INFO: [ view_filter ] --END-- [ RunTime:0.001000s ]
INFO: [ app_end ] --START--
INFO: Run Behavior\ShowPageTraceBehavior [ RunTime:0.000000s ]
INFO: [ app_end ] --END-- [ RunTime:0.000000s ]

[ 2017-01-27T12:45:39+08:00 ] 127.0.0.1 /Admin/Line/money_include/id/3
INFO: [ app_init ] --START--
INFO: Run Behavior\BuildLiteBehavior [ RunTime:0.000000s ]
INFO: [ app_init ] --END-- [ RunTime:0.001000s ]
INFO: [ app_begin ] --START--
INFO: Run Behavior\ReadHtmlCacheBehavior [ RunTime:0.001000s ]
INFO: [ app_begin ] --END-- [ RunTime:0.001000s ]
INFO: [ view_parse ] --START--
INFO: [ template_filter ] --START--
INFO: Run Behavior\ContentReplaceBehavior [ RunTime:0.001000s ]
INFO: [ template_filter ] --END-- [ RunTime:0.001000s ]
INFO: Run Behavior\ParseTemplateBehavior [ RunTime:0.010000s ]
INFO: [ view_parse ] --END-- [ RunTime:0.010000s ]
INFO: [ view_filter ] --START--
INFO: Run Behavior\WriteHtmlCacheBehavior [ RunTime:0.000000s ]
INFO: [ view_filter ] --END-- [ RunTime:0.001000s ]
INFO: [ app_end ] --START--
INFO: Run Behavior\ShowPageTraceBehavior [ RunTime:0.001001s ]
INFO: [ app_end ] --END-- [ RunTime:0.001001s ]

[ 2017-01-27T12:45:40+08:00 ] 127.0.0.1 /Admin/Line/line_image/id/3
INFO: [ app_init ] --START--
INFO: Run Behavior\BuildLiteBehavior [ RunTime:0.000000s ]
INFO: [ app_init ] --END-- [ RunTime:0.001000s ]
INFO: [ app_begin ] --START--
INFO: Run Behavior\ReadHtmlCacheBehavior [ RunTime:0.001000s ]
INFO: [ app_begin ] --END-- [ RunTime:0.001000s ]
NOTIC: [2048] Declaration of Admin\Model\LineImageModel::getInstance() should be compatible with Think\Single::getInstance($class) E:\wamp\www\test\Application\Admin\Model\LineImageModel.class.php 第 12 行.
SQL: SHOW COLUMNS FROM `mmm_line_image` [ RunTime:0.0010s ]
SQL: SELECT `id`,`lineid`,`url`,`is_cover` FROM `mmm_line_image` WHERE `lineid` = 3  [ RunTime:0.0000s ]
INFO: [ view_parse ] --START--
INFO: [ template_filter ] --START--
INFO: Run Behavior\ContentReplaceBehavior [ RunTime:0.000000s ]
INFO: [ template_filter ] --END-- [ RunTime:0.000000s ]
INFO: Run Behavior\ParseTemplateBehavior [ RunTime:0.006001s ]
INFO: [ view_parse ] --END-- [ RunTime:0.008001s ]
INFO: [ view_filter ] --START--
INFO: Run Behavior\WriteHtmlCacheBehavior [ RunTime:0.000000s ]
INFO: [ view_filter ] --END-- [ RunTime:0.000000s ]
INFO: [ app_end ] --START--
INFO: Run Behavior\ShowPageTraceBehavior [ RunTime:0.001000s ]
INFO: [ app_end ] --END-- [ RunTime:0.001000s ]

[ 2017-01-27T12:45:43+08:00 ] 127.0.0.1 /Admin/Line/money_include/id/3
INFO: [ app_init ] --START--
INFO: Run Behavior\BuildLiteBehavior [ RunTime:0.000000s ]
INFO: [ app_init ] --END-- [ RunTime:0.000000s ]
INFO: [ app_begin ] --START--
INFO: Run Behavior\ReadHtmlCacheBehavior [ RunTime:0.000000s ]
INFO: [ app_begin ] --END-- [ RunTime:0.000000s ]
INFO: [ view_parse ] --START--
INFO: [ template_filter ] --START--
INFO: Run Behavior\ContentReplaceBehavior [ RunTime:0.001000s ]
INFO: [ template_filter ] --END-- [ RunTime:0.001000s ]
INFO: Run Behavior\ParseTemplateBehavior [ RunTime:0.013001s ]
INFO: [ view_parse ] --END-- [ RunTime:0.013001s ]
INFO: [ view_filter ] --START--
INFO: Run Behavior\WriteHtmlCacheBehavior [ RunTime:0.000000s ]
INFO: [ view_filter ] --END-- [ RunTime:0.001000s ]
INFO: [ app_end ] --START--
INFO: Run Behavior\ShowPageTraceBehavior [ RunTime:0.000000s ]
INFO: [ app_end ] --END-- [ RunTime:0.000000s ]

[ 2017-01-27T12:45:44+08:00 ] 127.0.0.1 /Admin/Line/line_image/id/3
INFO: [ app_init ] --START--
INFO: Run Behavior\BuildLiteBehavior [ RunTime:0.001000s ]
INFO: [ app_init ] --END-- [ RunTime:0.001000s ]
INFO: [ app_begin ] --START--
INFO: Run Behavior\ReadHtmlCacheBehavior [ RunTime:0.000000s ]
INFO: [ app_begin ] --END-- [ RunTime:0.001001s ]
NOTIC: [2048] Declaration of Admin\Model\LineImageModel::getInstance() should be compatible with Think\Single::getInstance($class) E:\wamp\www\test\Application\Admin\Model\LineImageModel.class.php 第 12 行.
SQL: SHOW COLUMNS FROM `mmm_line_image` [ RunTime:0.0010s ]
SQL: SELECT `id`,`lineid`,`url`,`is_cover` FROM `mmm_line_image` WHERE `lineid` = 3  [ RunTime:0.0000s ]
INFO: [ view_parse ] --START--
INFO: [ template_filter ] --START--
INFO: Run Behavior\ContentReplaceBehavior [ RunTime:0.000000s ]
INFO: [ template_filter ] --END-- [ RunTime:0.000000s ]
INFO: Run Behavior\ParseTemplateBehavior [ RunTime:0.007000s ]
INFO: [ view_parse ] --END-- [ RunTime:0.007000s ]
INFO: [ view_filter ] --START--
INFO: Run Behavior\WriteHtmlCacheBehavior [ RunTime:0.001000s ]
INFO: [ view_filter ] --END-- [ RunTime:0.001000s ]
INFO: [ app_end ] --START--
INFO: Run Behavior\ShowPageTraceBehavior [ RunTime:0.000000s ]
INFO: [ app_end ] --END-- [ RunTime:0.000000s ]

[ 2017-01-27T12:46:05+08:00 ] 127.0.0.1 /Admin/Line/line_journey/id/3
INFO: [ app_init ] --START--
INFO: Run Behavior\BuildLiteBehavior [ RunTime:0.000000s ]
INFO: [ app_init ] --END-- [ RunTime:0.001000s ]
INFO: [ app_begin ] --START--
INFO: Run Behavior\ReadHtmlCacheBehavior [ RunTime:0.000000s ]
INFO: [ app_begin ] --END-- [ RunTime:0.001000s ]
NOTIC: [2048] Declaration of Admin\Model\LineModel::getInstance() should be compatible with Think\Single::getInstance($class) E:\wamp\www\test\Application\Admin\Model\LineModel.class.php 第 12 行.
SQL: SHOW COLUMNS FROM `mmm_line` [ RunTime:0.0020s ]
SQL: SELECT `day_num` FROM `mmm_line` WHERE `id` = 3 LIMIT 1   [ RunTime:0.0000s ]
NOTIC: [2048] Declaration of Admin\Model\LineJourneyModel::getInstance() should be compatible with Think\Single::getInstance($class) E:\wamp\www\test\Application\Admin\Model\LineJourneyModel.class.php 第 27 行.
SQL: SHOW COLUMNS FROM `mmm_line_journey` [ RunTime:0.0020s ]
SQL: SELECT `id`,`lineid`,`name`,`day`,`spot`,`detail`,`hotel`,`breakfast`,`lunch`,`dinner`,`addtime`,`add_by`,`edittime`,`edit_by` FROM `mmm_line_journey` WHERE `lineid` = 3  [ RunTime:0.0010s ]
NOTIC: [8] Undefined variable: journey E:\wamp\www\test\Application\Admin\Controller\LineController.class.php 第 300 行.
INFO: [ view_parse ] --START--
INFO: [ template_filter ] --START--
INFO: Run Behavior\ContentReplaceBehavior [ RunTime:0.000000s ]
INFO: [ template_filter ] --END-- [ RunTime:0.000000s ]
INFO: Run Behavior\ParseTemplateBehavior [ RunTime:0.007000s ]
INFO: [ view_parse ] --END-- [ RunTime:0.007000s ]
INFO: [ view_filter ] --START--
INFO: Run Behavior\WriteHtmlCacheBehavior [ RunTime:0.000000s ]
INFO: [ view_filter ] --END-- [ RunTime:0.000000s ]
INFO: [ app_end ] --START--
INFO: Run Behavior\ShowPageTraceBehavior [ RunTime:0.000000s ]
INFO: [ app_end ] --END-- [ RunTime:0.000000s ]

[ 2017-01-27T12:46:12+08:00 ] 127.0.0.1 /Admin/Line/money_include/id/3
INFO: [ app_init ] --START--
INFO: Run Behavior\BuildLiteBehavior [ RunTime:0.000000s ]
INFO: [ app_init ] --END-- [ RunTime:0.001000s ]
INFO: [ app_begin ] --START--
INFO: Run Behavior\ReadHtmlCacheBehavior [ RunTime:0.001000s ]
INFO: [ app_begin ] --END-- [ RunTime:0.001000s ]
INFO: [ view_parse ] --START--
INFO: [ template_filter ] --START--
INFO: Run Behavior\ContentReplaceBehavior [ RunTime:0.000000s ]
INFO: [ template_filter ] --END-- [ RunTime:0.000000s ]
INFO: Run Behavior\ParseTemplateBehavior [ RunTime:0.012001s ]
INFO: [ view_parse ] --END-- [ RunTime:0.012001s ]
INFO: [ view_filter ] --START--
INFO: Run Behavior\WriteHtmlCacheBehavior [ RunTime:0.000000s ]
INFO: [ view_filter ] --END-- [ RunTime:0.001000s ]
INFO: [ app_end ] --START--
INFO: Run Behavior\ShowPageTraceBehavior [ RunTime:0.000000s ]
INFO: [ app_end ] --END-- [ RunTime:0.001000s ]

[ 2017-01-27T12:46:15+08:00 ] 127.0.0.1 /Admin/Line/line_journey/id/3
INFO: [ app_init ] --START--
INFO: Run Behavior\BuildLiteBehavior [ RunTime:0.000000s ]
INFO: [ app_init ] --END-- [ RunTime:0.000000s ]
INFO: [ app_begin ] --START--
INFO: Run Behavior\ReadHtmlCacheBehavior [ RunTime:0.000000s ]
INFO: [ app_begin ] --END-- [ RunTime:0.001000s ]
NOTIC: [2048] Declaration of Admin\Model\LineModel::getInstance() should be compatible with Think\Single::getInstance($class) E:\wamp\www\test\Application\Admin\Model\LineModel.class.php 第 12 行.
SQL: SHOW COLUMNS FROM `mmm_line` [ RunTime:0.0020s ]
SQL: SELECT `day_num` FROM `mmm_line` WHERE `id` = 3 LIMIT 1   [ RunTime:0.0000s ]
NOTIC: [2048] Declaration of Admin\Model\LineJourneyModel::getInstance() should be compatible with Think\Single::getInstance($class) E:\wamp\www\test\Application\Admin\Model\LineJourneyModel.class.php 第 27 行.
SQL: SHOW COLUMNS FROM `mmm_line_journey` [ RunTime:0.0010s ]
SQL: SELECT `id`,`lineid`,`name`,`day`,`spot`,`detail`,`hotel`,`breakfast`,`lunch`,`dinner`,`addtime`,`add_by`,`edittime`,`edit_by` FROM `mmm_line_journey` WHERE `lineid` = 3  [ RunTime:0.0000s ]
NOTIC: [8] Undefined variable: journey E:\wamp\www\test\Application\Admin\Controller\LineController.class.php 第 300 行.
INFO: [ view_parse ] --START--
INFO: [ template_filter ] --START--
INFO: Run Behavior\ContentReplaceBehavior [ RunTime:0.000000s ]
INFO: [ template_filter ] --END-- [ RunTime:0.000000s ]
INFO: Run Behavior\ParseTemplateBehavior [ RunTime:0.007000s ]
INFO: [ view_parse ] --END-- [ RunTime:0.007000s ]
INFO: [ view_filter ] --START--
INFO: Run Behavior\WriteHtmlCacheBehavior [ RunTime:0.000000s ]
INFO: [ view_filter ] --END-- [ RunTime:0.000000s ]
INFO: [ app_end ] --START--
INFO: Run Behavior\ShowPageTraceBehavior [ RunTime:0.001000s ]
INFO: [ app_end ] --END-- [ RunTime:0.001000s ]

[ 2017-01-27T12:46:24+08:00 ] 127.0.0.1 /Admin/Line/money_include/id/3
INFO: [ app_init ] --START--
INFO: Run Behavior\BuildLiteBehavior [ RunTime:0.000000s ]
INFO: [ app_init ] --END-- [ RunTime:0.001000s ]
INFO: [ app_begin ] --START--
INFO: Run Behavior\ReadHtmlCacheBehavior [ RunTime:0.000000s ]
INFO: [ app_begin ] --END-- [ RunTime:0.002000s ]
INFO: [ view_parse ] --START--
INFO: [ template_filter ] --START--
INFO: Run Behavior\ContentReplaceBehavior [ RunTime:0.000000s ]
INFO: [ template_filter ] --END-- [ RunTime:0.000000s ]
INFO: Run Behavior\ParseTemplateBehavior [ RunTime:0.009001s ]
INFO: [ view_parse ] --END-- [ RunTime:0.009001s ]
INFO: [ view_filter ] --START--
INFO: Run Behavior\WriteHtmlCacheBehavior [ RunTime:0.001000s ]
INFO: [ view_filter ] --END-- [ RunTime:0.001000s ]
INFO: [ app_end ] --START--
INFO: Run Behavior\ShowPageTraceBehavior [ RunTime:0.001000s ]
INFO: [ app_end ] --END-- [ RunTime:0.001000s ]

[ 2017-01-27T12:46:28+08:00 ] 127.0.0.1 /Admin/Line/money_include?ac=edit
INFO: [ app_init ] --START--
INFO: Run Behavior\BuildLiteBehavior [ RunTime:0.000000s ]
INFO: [ app_init ] --END-- [ RunTime:0.001000s ]
INFO: [ app_begin ] --START--
INFO: Run Behavior\ReadHtmlCacheBehavior [ RunTime:0.000000s ]
INFO: [ app_begin ] --END-- [ RunTime:0.000000s ]

[ 2017-01-27T12:46:40+08:00 ] 127.0.0.1 /Admin/Line/money_include?ac=edit
INFO: [ app_init ] --START--
INFO: Run Behavior\BuildLiteBehavior [ RunTime:0.000000s ]
INFO: [ app_init ] --END-- [ RunTime:0.001000s ]
INFO: [ app_begin ] --START--
INFO: Run Behavior\ReadHtmlCacheBehavior [ RunTime:0.001000s ]
INFO: [ app_begin ] --END-- [ RunTime:0.001000s ]
NOTIC: [8] Undefined variable: train_type E:\wamp\www\test\Application\Admin\Controller\LineController.class.php 第 335 行.
NOTIC: [8] Undefined variable: train_fee E:\wamp\www\test\Application\Admin\Controller\LineController.class.php 第 336 行.
NOTIC: [8] Undefined variable: train_seat_type E:\wamp\www\test\Application\Admin\Controller\LineController.class.php 第 337 行.

[ 2017-01-27T12:52:49+08:00 ] 127.0.0.1 /Admin/Line/money_include?ac=edit
INFO: [ app_init ] --START--
INFO: Run Behavior\BuildLiteBehavior [ RunTime:0.000000s ]
INFO: [ app_init ] --END-- [ RunTime:0.001000s ]
INFO: [ app_begin ] --START--
INFO: Run Behavior\ReadHtmlCacheBehavior [ RunTime:0.001000s ]
INFO: [ app_begin ] --END-- [ RunTime:0.001000s ]
NOTIC: [8] Undefined variable: plane_type E:\wamp\www\test\Application\Admin\Controller\LineController.class.php 第 345 行.
NOTIC: [8] Undefined variable: plane_fee E:\wamp\www\test\Application\Admin\Controller\LineController.class.php 第 346 行.
NOTIC: [8] Undefined variable: train_type E:\wamp\www\test\Application\Admin\Controller\LineController.class.php 第 348 行.
NOTIC: [8] Undefined variable: train_fee E:\wamp\www\test\Application\Admin\Controller\LineController.class.php 第 349 行.
NOTIC: [8] Undefined variable: train_seat_type E:\wamp\www\test\Application\Admin\Controller\LineController.class.php 第 350 行.

[ 2017-01-27T12:53:01+08:00 ] 127.0.0.1 /Admin/Line/money_include?ac=edit
INFO: [ app_init ] --START--
INFO: Run Behavior\BuildLiteBehavior [ RunTime:0.000000s ]
INFO: [ app_init ] --END-- [ RunTime:0.000000s ]
INFO: [ app_begin ] --START--
INFO: Run Behavior\ReadHtmlCacheBehavior [ RunTime:0.001000s ]
INFO: [ app_begin ] --END-- [ RunTime:0.001000s ]
NOTIC: [8] Undefined variable: plane_type E:\wamp\www\test\Application\Admin\Controller\LineController.class.php 第 345 行.
NOTIC: [8] Undefined variable: plane_fee E:\wamp\www\test\Application\Admin\Controller\LineController.class.php 第 346 行.

[ 2017-01-27T12:53:14+08:00 ] 127.0.0.1 /Admin/Line/money_include?ac=edit
INFO: [ app_init ] --START--
INFO: Run Behavior\BuildLiteBehavior [ RunTime:0.000000s ]
INFO: [ app_init ] --END-- [ RunTime:0.000000s ]
INFO: [ app_begin ] --START--
INFO: Run Behavior\ReadHtmlCacheBehavior [ RunTime:0.001000s ]
INFO: [ app_begin ] --END-- [ RunTime:0.001000s ]
NOTIC: [8] Undefined variable: plane_type E:\wamp\www\test\Application\Admin\Controller\LineController.class.php 第 345 行.
NOTIC: [8] Undefined variable: plane_fee E:\wamp\www\test\Application\Admin\Controller\LineController.class.php 第 346 行.

[ 2017-01-27T12:53:17+08:00 ] 127.0.0.1 /Admin/Line/linelist?type=1
INFO: [ app_init ] --START--
INFO: Run Behavior\BuildLiteBehavior [ RunTime:0.000000s ]
INFO: [ app_init ] --END-- [ RunTime:0.001000s ]
INFO: [ app_begin ] --START--
INFO: Run Behavior\ReadHtmlCacheBehavior [ RunTime:0.001000s ]
INFO: [ app_begin ] --END-- [ RunTime:0.001000s ]
NOTIC: [2048] Declaration of Admin\Model\LineModel::getInstance() should be compatible with Think\Single::getInstance($class) E:\wamp\www\test\Application\Admin\Model\LineModel.class.php 第 12 行.
SQL: SHOW COLUMNS FROM `mmm_line` [ RunTime:0.0010s ]
SQL: SELECT `des` FROM `mmm_line` WHERE `des_type` = 1 AND `status` <> 4  [ RunTime:0.0010s ]
NOTIC: [2048] Declaration of Admin\Model\PlaceModel::getInstance() should be compatible with Think\Single::getInstance($class) E:\wamp\www\test\Application\Admin\Model\PlaceModel.class.php 第 61 行.
SQL: SHOW COLUMNS FROM `mmm_line_place` [ RunTime:0.0010s ]
SQL: SELECT `name` FROM `mmm_line_place` WHERE `id` = 12 LIMIT 1   [ RunTime:0.0000s ]
SQL: SELECT `name` FROM `mmm_line_place` WHERE `id` = 15 LIMIT 1   [ RunTime:0.0000s ]
SQL: SELECT `name` FROM `mmm_line_place` WHERE `id` = 8 LIMIT 1   [ RunTime:0.0000s ]
SQL: SELECT `name` FROM `mmm_line_place` WHERE `id` = 10 LIMIT 1   [ RunTime:0.0010s ]
SQL: SELECT `name` FROM `mmm_line_place` WHERE `id` = 7 LIMIT 1   [ RunTime:0.0000s ]
NOTIC: [2048] Declaration of Admin\Model\AdminModel::getInstance() should be compatible with Think\Single::getInstance($class) E:\wamp\www\test\Application\Admin\Model\AdminModel.class.php 第 60 行.
SQL: SELECT `id`,`name` FROM `mmm_employee` WHERE `department` = 1 AND `status` = 0 AND `is_del` = 0  [ RunTime:0.0000s ]
SQL: SELECT o.sid FROM mmm_line l LEFT JOIN mmm_supplier_op AS o ON o.id = l.supplier_op  WHERE `des_type` = '1' AND `status` <> 4 GROUP BY o.sid  [ RunTime:0.0000s ]
NOTIC: [2048] Declaration of Admin\Model\SupplierModel::getInstance() should be compatible with Think\Single::getInstance($class) E:\wamp\www\test\Application\Admin\Model\SupplierModel.class.php 第 25 行.
SQL: SHOW COLUMNS FROM `mmm_supplier` [ RunTime:0.0020s ]
SQL: SELECT `id`,`company_name` FROM `mmm_supplier` WHERE `id` = 1 LIMIT 1   [ RunTime:0.0010s ]
SQL: SELECT `id`,`company_name` FROM `mmm_supplier` WHERE `id` = 2 LIMIT 1   [ RunTime:0.0000s ]
SQL: SELECT COUNT(*) AS tp_count FROM mmm_line l LEFT JOIN mmm_supplier_op AS o ON o.id = l.supplier_op LEFT JOIN mmm_supplier AS s ON s.id = o.sid LEFT JOIN mmm_employee AS e ON e.id = l.counselor  WHERE l.des_type = '1' LIMIT 1   [ RunTime:0.0000s ]
SQL: SELECT l.id,l.line_type,l.title,l.day_num,l.start_palce,l.des,e.name AS op,o.name AS sop,l.status,l.supplier_title,s.company_name FROM mmm_line l LEFT JOIN mmm_supplier_op AS o ON o.id = l.supplier_op LEFT JOIN mmm_supplier AS s ON s.id = o.sid LEFT JOIN mmm_employee AS e ON e.id = l.counselor  WHERE l.des_type = '1' ORDER BY l.edittime DESC,l.id DESC LIMIT 0,10   [ RunTime:0.0020s ]
SQL: SELECT `name` FROM `mmm_line_place` WHERE `id` = 7 LIMIT 1   [ RunTime:0.0000s ]
SQL: SELECT `name` FROM `mmm_line_place` WHERE `id` = 12 LIMIT 1   [ RunTime:0.0000s ]
SQL: SELECT `name` FROM `mmm_line_place` WHERE `id` = 7 LIMIT 1   [ RunTime:0.0000s ]
SQL: SELECT `name` FROM `mmm_line_place` WHERE `id` = 15 LIMIT 1   [ RunTime:0.0000s ]
SQL: SELECT `name` FROM `mmm_line_place` WHERE `id` = 7 LIMIT 1   [ RunTime:0.0000s ]
SQL: SELECT `name` FROM `mmm_line_place` WHERE `id` = 8 LIMIT 1   [ RunTime:0.0000s ]
SQL: SELECT `name` FROM `mmm_line_place` WHERE `id` = 10 LIMIT 1   [ RunTime:0.0000s ]
SQL: SELECT `name` FROM `mmm_line_place` WHERE `id` = 7 LIMIT 1   [ RunTime:0.0000s ]
SQL: SELECT `name` FROM `mmm_line_place` WHERE `id` = 12 LIMIT 1   [ RunTime:0.0000s ]
SQL: SELECT `name` FROM `mmm_line_place` WHERE `id` = 15 LIMIT 1   [ RunTime:0.0000s ]
INFO: [ view_parse ] --START--
INFO: [ template_filter ] --START--
INFO: Run Behavior\ContentReplaceBehavior [ RunTime:0.000000s ]
INFO: [ template_filter ] --END-- [ RunTime:0.001000s ]
NOTIC: [8] Undefined variable: lineid E:\wamp\www\test\Application\Runtime\Cache\Admin\002f0672dce916b694cf50bf67bfa04a.php 第 45 行.
NOTIC: [8] Undefined variable: line_type E:\wamp\www\test\Application\Runtime\Cache\Admin\002f0672dce916b694cf50bf67bfa04a.php 第 50 行.
NOTIC: [8] Undefined variable: line_type E:\wamp\www\test\Application\Runtime\Cache\Admin\002f0672dce916b694cf50bf67bfa04a.php 第 51 行.
NOTIC: [8] Undefined variable: desid E:\wamp\www\test\Application\Runtime\Cache\Admin\002f0672dce916b694cf50bf67bfa04a.php 第 56 行.
NOTIC: [8] Undefined variable: desid E:\wamp\www\test\Application\Runtime\Cache\Admin\002f0672dce916b694cf50bf67bfa04a.php 第 56 行.
NOTIC: [8] Undefined variable: desid E:\wamp\www\test\Application\Runtime\Cache\Admin\002f0672dce916b694cf50bf67bfa04a.php 第 56 行.
NOTIC: [8] Undefined variable: desid E:\wamp\www\test\Application\Runtime\Cache\Admin\002f0672dce916b694cf50bf67bfa04a.php 第 56 行.
NOTIC: [8] Undefined variable: desid E:\wamp\www\test\Application\Runtime\Cache\Admin\002f0672dce916b694cf50bf67bfa04a.php 第 56 行.
NOTIC: [8] Undefined variable: status E:\wamp\www\test\Application\Runtime\Cache\Admin\002f0672dce916b694cf50bf67bfa04a.php 第 61 行.
NOTIC: [8] Undefined variable: status E:\wamp\www\test\Application\Runtime\Cache\Admin\002f0672dce916b694cf50bf67bfa04a.php 第 62 行.
NOTIC: [8] Undefined variable: status E:\wamp\www\test\Application\Runtime\Cache\Admin\002f0672dce916b694cf50bf67bfa04a.php 第 63 行.
NOTIC: [8] Undefined variable: day_num E:\wamp\www\test\Application\Runtime\Cache\Admin\002f0672dce916b694cf50bf67bfa04a.php 第 68 行.
NOTIC: [8] Undefined variable: title E:\wamp\www\test\Application\Runtime\Cache\Admin\002f0672dce916b694cf50bf67bfa04a.php 第 70 行.
NOTIC: [8] Undefined variable: counselor E:\wamp\www\test\Application\Runtime\Cache\Admin\002f0672dce916b694cf50bf67bfa04a.php 第 75 行.
NOTIC: [8] Undefined variable: counselor E:\wamp\www\test\Application\Runtime\Cache\Admin\002f0672dce916b694cf50bf67bfa04a.php 第 75 行.
NOTIC: [8] Undefined variable: counselor E:\wamp\www\test\Application\Runtime\Cache\Admin\002f0672dce916b694cf50bf67bfa04a.php 第 75 行.
NOTIC: [8] Undefined variable: supplierid E:\wamp\www\test\Application\Runtime\Cache\Admin\002f0672dce916b694cf50bf67bfa04a.php 第 81 行.
NOTIC: [8] Undefined variable: supplierid E:\wamp\www\test\Application\Runtime\Cache\Admin\002f0672dce916b694cf50bf67bfa04a.php 第 81 行.
INFO: Run Behavior\ParseTemplateBehavior [ RunTime:0.015001s ]
INFO: [ view_parse ] --END-- [ RunTime:0.015001s ]
INFO: [ view_filter ] --START--
INFO: Run Behavior\WriteHtmlCacheBehavior [ RunTime:0.000000s ]
INFO: [ view_filter ] --END-- [ RunTime:0.000000s ]
INFO: [ app_end ] --START--
INFO: Run Behavior\ShowPageTraceBehavior [ RunTime:0.001000s ]
INFO: [ app_end ] --END-- [ RunTime:0.001000s ]

[ 2017-01-27T12:55:49+08:00 ] 127.0.0.1 /Admin/Line/base_info/id/3
INFO: [ app_init ] --START--
INFO: Run Behavior\BuildLiteBehavior [ RunTime:0.000000s ]
INFO: [ app_init ] --END-- [ RunTime:0.001000s ]
INFO: [ app_begin ] --START--
INFO: Run Behavior\ReadHtmlCacheBehavior [ RunTime:0.001001s ]
INFO: [ app_begin ] --END-- [ RunTime:0.001001s ]
NOTIC: [2048] Declaration of Admin\Model\LineModel::getInstance() should be compatible with Think\Single::getInstance($class) E:\wamp\www\test\Application\Admin\Model\LineModel.class.php 第 12 行.
SQL: SHOW COLUMNS FROM `mmm_line` [ RunTime:0.0010s ]
SQL: SELECT `id`,`line_type`,`des_type`,`title`,`day_num`,`start_palce`,`des`,`labelid`,`special`,`include`,`not_include`,`notice`,`reference`,`counselor`,`status`,`keywords`,`supplier_title`,`supplier_op`,`add_by`,`addtime`,`edittime`,`edit_by` FROM `mmm_line` WHERE `id` = 3 LIMIT 1   [ RunTime:0.0010s ]
NOTIC: [2048] Declaration of Admin\Model\SupplierOpModel::getInstance() should be compatible with Think\Single::getInstance($class) E:\wamp\www\test\Application\Admin\Model\SupplierOpModel.class.php 第 25 行.
SQL: SHOW COLUMNS FROM `mmm_supplier_op` [ RunTime:0.0010s ]
SQL: SELECT `sid` FROM `mmm_supplier_op` WHERE `id` = 4 LIMIT 1   [ RunTime:0.0000s ]
NOTIC: [2048] Declaration of Admin\Model\AdminModel::getInstance() should be compatible with Think\Single::getInstance($class) E:\wamp\www\test\Application\Admin\Model\AdminModel.class.php 第 60 行.
SQL: SELECT `id`,`name` FROM `mmm_employee` WHERE `department` = 1 AND `status` = 0 AND `is_del` = 0  [ RunTime:0.0000s ]
NOTIC: [2048] Declaration of Admin\Model\SupplierModel::getInstance() should be compatible with Think\Single::getInstance($class) E:\wamp\www\test\Application\Admin\Model\SupplierModel.class.php 第 25 行.
SQL: SHOW COLUMNS FROM `mmm_supplier` [ RunTime:0.0010s ]
SQL: SELECT `id`,`company_name` FROM `mmm_supplier` WHERE `status` = 0  [ RunTime:0.0000s ]
INFO: [ view_parse ] --START--
INFO: [ template_filter ] --START--
INFO: Run Behavior\ContentReplaceBehavior [ RunTime:0.000000s ]
INFO: [ template_filter ] --END-- [ RunTime:0.000000s ]
INFO: Run Behavior\ParseTemplateBehavior [ RunTime:0.010001s ]
INFO: [ view_parse ] --END-- [ RunTime:0.010001s ]
INFO: [ view_filter ] --START--
INFO: Run Behavior\WriteHtmlCacheBehavior [ RunTime:0.000000s ]
INFO: [ view_filter ] --END-- [ RunTime:0.000000s ]
INFO: [ app_end ] --START--
INFO: Run Behavior\ShowPageTraceBehavior [ RunTime:0.000000s ]
INFO: [ app_end ] --END-- [ RunTime:0.000000s ]

[ 2017-01-27T12:55:50+08:00 ] 127.0.0.1 /Admin/Line/money_include/id/3
INFO: [ app_init ] --START--
INFO: Run Behavior\BuildLiteBehavior [ RunTime:0.000000s ]
INFO: [ app_init ] --END-- [ RunTime:0.001000s ]
INFO: [ app_begin ] --START--
INFO: Run Behavior\ReadHtmlCacheBehavior [ RunTime:0.001000s ]
INFO: [ app_begin ] --END-- [ RunTime:0.001000s ]
INFO: [ view_parse ] --START--
INFO: [ template_filter ] --START--
INFO: Run Behavior\ContentReplaceBehavior [ RunTime:0.000000s ]
INFO: [ template_filter ] --END-- [ RunTime:0.000000s ]
INFO: Run Behavior\ParseTemplateBehavior [ RunTime:0.010001s ]
INFO: [ view_parse ] --END-- [ RunTime:0.011001s ]
INFO: [ view_filter ] --START--
INFO: Run Behavior\WriteHtmlCacheBehavior [ RunTime:0.001000s ]
INFO: [ view_filter ] --END-- [ RunTime:0.001000s ]
INFO: [ app_end ] --START--
INFO: Run Behavior\ShowPageTraceBehavior [ RunTime:0.000000s ]
INFO: [ app_end ] --END-- [ RunTime:0.000000s ]

