[ 2017-03-12T22:30:33+08:00 ] 163.125.52.93 /Admin/Index/login
INFO: [ app_init ] --START--
INFO: Run Behavior\BuildLiteBehavior [ RunTime:0.000021s ]
INFO: [ app_init ] --END-- [ RunTime:0.000449s ]
INFO: [ app_begin ] --START--
INFO: Run Behavior\ReadHtmlCacheBehavior [ RunTime:0.000560s ]
INFO: [ app_begin ] --END-- [ RunTime:0.000655s ]
INFO: [ view_parse ] --START--
INFO: [ template_filter ] --START--
INFO: Run Behavior\ContentReplaceBehavior [ RunTime:0.000051s ]
INFO: [ template_filter ] --END-- [ RunTime:0.000118s ]
INFO: Run Behavior\ParseTemplateBehavior [ RunTime:0.007079s ]
INFO: [ view_parse ] --END-- [ RunTime:0.007128s ]
INFO: [ view_filter ] --START--
INFO: Run Behavior\WriteHtmlCacheBehavior [ RunTime:0.000205s ]
INFO: [ view_filter ] --END-- [ RunTime:0.000242s ]
INFO: [ app_end ] --START--
INFO: Run Behavior\ShowPageTraceBehavior [ RunTime:0.000490s ]
INFO: [ app_end ] --END-- [ RunTime:0.000561s ]

[ 2017-03-12T22:30:36+08:00 ] 163.125.52.93 /index.php/Admin/Index/dologin
INFO: [ app_init ] --START--
INFO: Run Behavior\BuildLiteBehavior [ RunTime:0.000069s ]
INFO: [ app_init ] --END-- [ RunTime:0.000482s ]
INFO: [ app_begin ] --START--
INFO: Run Behavior\ReadHtmlCacheBehavior [ RunTime:0.000484s ]
INFO: [ app_begin ] --END-- [ RunTime:0.000539s ]
NOTIC: [2048] Declaration of Admin\Model\AdminModel::getInstance() should be compatible with Think\Single::getInstance($class) /data/home/hyu2594430001/htdocs/Application/Admin/Model/AdminModel.class.php 第 7 行.
SQL: SELECT `id`,`name`,`phone`,`password`,`department`,`qq`,`weixin`,`email`,`sex`,`nativeplace`,`address`,`entrytime`,`status`,`addtime`,`note`,`is_del`,`loginip`,`lastlogintime` FROM `mmm_employee` WHERE `phone` = '13425157494' AND `is_del` = 0 AND `status` = 0 LIMIT 1   [ RunTime:0.0009s ]
NOTIC: [8] A session had already been started - ignoring session_start() /data/home/hyu2594430001/htdocs/ThinkPHP/Common/functions.php 第 1263 行.
SQL: UPDATE `mmm_employee` SET `loginip`='163.125.52.93',`lastlogintime`='2017-03-12 22:30:36' WHERE `id` = '6' [ RunTime:0.0004s ]
INFO: [ view_parse ] --START--
INFO: [ template_filter ] --START--
INFO: Run Behavior\ContentReplaceBehavior [ RunTime:0.000048s ]
INFO: [ template_filter ] --END-- [ RunTime:0.000111s ]
INFO: Run Behavior\ParseTemplateBehavior [ RunTime:0.006190s ]
INFO: [ view_parse ] --END-- [ RunTime:0.006262s ]
INFO: [ view_filter ] --START--
INFO: Run Behavior\WriteHtmlCacheBehavior [ RunTime:0.000206s ]
INFO: [ view_filter ] --END-- [ RunTime:0.000244s ]
INFO: [ app_end ] --START--
INFO: Run Behavior\ShowPageTraceBehavior [ RunTime:0.000552s ]
INFO: [ app_end ] --END-- [ RunTime:0.000602s ]

[ 2017-03-12T22:30:39+08:00 ] 163.125.52.93 /admin/index/index
INFO: [ app_init ] --START--
INFO: Run Behavior\BuildLiteBehavior [ RunTime:0.000023s ]
INFO: [ app_init ] --END-- [ RunTime:0.000418s ]
INFO: [ app_begin ] --START--
INFO: Run Behavior\ReadHtmlCacheBehavior [ RunTime:0.000510s ]
INFO: [ app_begin ] --END-- [ RunTime:0.000561s ]
SQL: SHOW COLUMNS FROM `mmm_menu` [ RunTime:0.0012s ]
SQL: SELECT * FROM `mmm_menu` WHERE `pid` = 0 AND `type` = 1 AND `isshow` = 1 AND `deep` = 1 ORDER BY orderid asc  [ RunTime:0.0006s ]
NOTIC: [2048] Declaration of Admin\Model\AdminDepaModel::getInstance() should be compatible with Think\Single::getInstance($class) /data/home/hyu2594430001/htdocs/Application/Admin/Model/AdminDepaModel.class.php 第 30 行.
SQL: SHOW COLUMNS FROM `mmm_employee_depa` [ RunTime:0.0007s ]
SQL: SELECT `rules` FROM `mmm_employee_depa` WHERE `id` = 3 LIMIT 1   [ RunTime:0.0005s ]
SQL: SELECT * FROM `mmm_menu` WHERE `pid` = 15 AND `type` = 1 AND `isshow` = 1 AND `deep` = 2 ORDER BY orderid asc  [ RunTime:0.0004s ]
SQL: SELECT * FROM `mmm_menu` WHERE `pid` = 8 AND `type` = 1 AND `isshow` = 1 AND `deep` = 2 ORDER BY orderid asc  [ RunTime:0.0006s ]
SQL: SELECT * FROM `mmm_menu` WHERE `pid` = 13 AND `type` = 1 AND `isshow` = 1 AND `deep` = 2 ORDER BY orderid asc  [ RunTime:0.0006s ]
SQL: SELECT * FROM `mmm_menu` WHERE `pid` = 2 AND `type` = 1 AND `isshow` = 1 AND `deep` = 2 ORDER BY orderid asc  [ RunTime:0.0004s ]
SQL: SELECT * FROM `mmm_menu` WHERE `pid` = 1 AND `type` = 1 AND `isshow` = 1 AND `deep` = 2 ORDER BY orderid asc  [ RunTime:0.0006s ]
SQL: SELECT * FROM `mmm_menu` WHERE `pid` = 14 AND `type` = 1 AND `isshow` = 1 AND `deep` = 2 ORDER BY orderid asc  [ RunTime:0.0004s ]
SQL: SELECT * FROM `mmm_menu` WHERE `pid` = 23 AND `type` = 1 AND `isshow` = 1 AND `deep` = 2 ORDER BY orderid asc  [ RunTime:0.0004s ]
SQL: SELECT * FROM `mmm_menu` WHERE `pid` = 17 AND `type` = 1 AND `isshow` = 1 AND `deep` = 2 ORDER BY orderid asc  [ RunTime:0.0007s ]
INFO: [ view_parse ] --START--
INFO: [ template_filter ] --START--
INFO: Run Behavior\ContentReplaceBehavior [ RunTime:0.000070s ]
INFO: [ template_filter ] --END-- [ RunTime:0.000119s ]
INFO: Run Behavior\ParseTemplateBehavior [ RunTime:0.009766s ]
INFO: [ view_parse ] --END-- [ RunTime:0.009817s ]
INFO: [ view_filter ] --START--
INFO: Run Behavior\WriteHtmlCacheBehavior [ RunTime:0.000218s ]
INFO: [ view_filter ] --END-- [ RunTime:0.000254s ]
INFO: [ app_end ] --START--
INFO: Run Behavior\ShowPageTraceBehavior [ RunTime:0.000518s ]
INFO: [ app_end ] --END-- [ RunTime:0.000569s ]

[ 2017-03-12T22:30:39+08:00 ] 163.125.52.93 /admin/index/welcome.html
INFO: [ app_init ] --START--
INFO: Run Behavior\BuildLiteBehavior [ RunTime:0.000018s ]
INFO: [ app_init ] --END-- [ RunTime:0.000389s ]
INFO: [ app_begin ] --START--
INFO: Run Behavior\ReadHtmlCacheBehavior [ RunTime:0.000538s ]
INFO: [ app_begin ] --END-- [ RunTime:0.000590s ]
INFO: [ view_parse ] --START--
INFO: [ template_filter ] --START--
INFO: Run Behavior\ContentReplaceBehavior [ RunTime:0.000051s ]
INFO: [ template_filter ] --END-- [ RunTime:0.000110s ]
INFO: Run Behavior\ParseTemplateBehavior [ RunTime:0.006816s ]
INFO: [ view_parse ] --END-- [ RunTime:0.006883s ]
INFO: [ view_filter ] --START--
INFO: Run Behavior\WriteHtmlCacheBehavior [ RunTime:0.000229s ]
INFO: [ view_filter ] --END-- [ RunTime:0.000265s ]
INFO: [ app_end ] --START--
INFO: Run Behavior\ShowPageTraceBehavior [ RunTime:0.000532s ]
INFO: [ app_end ] --END-- [ RunTime:0.000583s ]

[ 2017-03-12T22:30:41+08:00 ] 163.125.52.93 /Admin/Line/linelist?type=1
INFO: [ app_init ] --START--
INFO: Run Behavior\BuildLiteBehavior [ RunTime:0.000020s ]
INFO: [ app_init ] --END-- [ RunTime:0.000414s ]
INFO: [ app_begin ] --START--
INFO: Run Behavior\ReadHtmlCacheBehavior [ RunTime:0.000462s ]
INFO: [ app_begin ] --END-- [ RunTime:0.000514s ]
NOTIC: [2048] Declaration of Admin\Model\LineModel::getInstance() should be compatible with Think\Single::getInstance($class) /data/home/hyu2594430001/htdocs/Application/Admin/Model/LineModel.class.php 第 12 行.
SQL: SHOW COLUMNS FROM `mmm_line` [ RunTime:0.0013s ]
SQL: SELECT `des` FROM `mmm_line` WHERE `des_type` = 1 AND `status` <> 4  [ RunTime:0.0007s ]
NOTIC: [2048] Declaration of Admin\Model\PlaceModel::getInstance() should be compatible with Think\Single::getInstance($class) /data/home/hyu2594430001/htdocs/Application/Admin/Model/PlaceModel.class.php 第 61 行.
SQL: SHOW COLUMNS FROM `mmm_line_place` [ RunTime:0.0007s ]
SQL: SELECT `name` FROM `mmm_line_place` WHERE `id` = 44 LIMIT 1   [ RunTime:0.0004s ]
SQL: SELECT `name` FROM `mmm_line_place` WHERE `id` = 36 LIMIT 1   [ RunTime:0.0003s ]
SQL: SELECT `name` FROM `mmm_line_place` WHERE `id` = 41 LIMIT 1   [ RunTime:0.0003s ]
SQL: SELECT `name` FROM `mmm_line_place` WHERE `id` = 37 LIMIT 1   [ RunTime:0.0003s ]
SQL: SELECT `name` FROM `mmm_line_place` WHERE `id` = 42 LIMIT 1   [ RunTime:0.0003s ]
NOTIC: [2048] Declaration of Admin\Model\AdminModel::getInstance() should be compatible with Think\Single::getInstance($class) /data/home/hyu2594430001/htdocs/Application/Admin/Model/AdminModel.class.php 第 60 行.
SQL: SELECT `id`,`name` FROM `mmm_employee` WHERE `department` = 1 AND `status` = 0 AND `is_del` = 0  [ RunTime:0.0003s ]
SQL: SELECT o.sid FROM mmm_line l LEFT JOIN mmm_supplier_op AS o ON o.id = l.supplier_op  WHERE `des_type` = '1' AND `status` <> 4 GROUP BY o.sid  [ RunTime:0.0005s ]
NOTIC: [2048] Declaration of Admin\Model\SupplierModel::getInstance() should be compatible with Think\Single::getInstance($class) /data/home/hyu2594430001/htdocs/Application/Admin/Model/SupplierModel.class.php 第 25 行.
SQL: SHOW COLUMNS FROM `mmm_supplier` [ RunTime:0.0007s ]
SQL: SELECT `id`,`company_name` FROM `mmm_supplier` WHERE `id` = null LIMIT 1   [ RunTime:0.0003s ]
SQL: SELECT `id`,`company_name` FROM `mmm_supplier` WHERE `id` = 1 LIMIT 1   [ RunTime:0.0003s ]
SQL: SELECT `id`,`company_name` FROM `mmm_supplier` WHERE `id` = 2 LIMIT 1   [ RunTime:0.0003s ]
SQL: SELECT COUNT(*) AS tp_count FROM mmm_line l LEFT JOIN mmm_supplier_op AS o ON o.id = l.supplier_op LEFT JOIN mmm_supplier AS s ON s.id = o.sid LEFT JOIN mmm_employee AS e ON e.id = l.counselor  WHERE l.des_type = '1' LIMIT 1   [ RunTime:0.0005s ]
SQL: SELECT l.id,l.line_type,l.title,l.day_num,l.start_palce,l.des,e.name AS op,o.name AS sop,l.status,l.supplier_title,s.company_name FROM mmm_line l LEFT JOIN mmm_supplier_op AS o ON o.id = l.supplier_op LEFT JOIN mmm_supplier AS s ON s.id = o.sid LEFT JOIN mmm_employee AS e ON e.id = l.counselor  WHERE l.des_type = '1' ORDER BY l.edittime DESC,l.id DESC LIMIT 0,10   [ RunTime:0.0006s ]
SQL: SELECT `name` FROM `mmm_line_place` WHERE `id` = 7 LIMIT 1   [ RunTime:0.0003s ]
SQL: SELECT `name` FROM `mmm_line_place` WHERE `id` = 42 LIMIT 1   [ RunTime:0.0002s ]
NOTIC: [2048] Declaration of Admin\Model\LineDateModel::getInstance() should be compatible with Think\Single::getInstance($class) /data/home/hyu2594430001/htdocs/Application/Admin/Model/LineDateModel.class.php 第 25 行.
SQL: SHOW COLUMNS FROM `mmm_line_date` [ RunTime:0.0007s ]
SQL: SELECT MAX(line_date) AS tp_max FROM `mmm_line_date` WHERE `lineid` = 100007 AND `status` = 1 LIMIT 1   [ RunTime:0.0006s ]
SQL: SELECT `name` FROM `mmm_line_place` WHERE `id` = 7 LIMIT 1   [ RunTime:0.0002s ]
SQL: SELECT `name` FROM `mmm_line_place` WHERE `id` = 41 LIMIT 1   [ RunTime:0.0004s ]
SQL: SELECT MAX(line_date) AS tp_max FROM `mmm_line_date` WHERE `lineid` = 100005 AND `status` = 1 LIMIT 1   [ RunTime:0.0003s ]
SQL: SELECT `name` FROM `mmm_line_place` WHERE `id` = 7 LIMIT 1   [ RunTime:0.0002s ]
SQL: SELECT `name` FROM `mmm_line_place` WHERE `id` = 37 LIMIT 1   [ RunTime:0.0002s ]
SQL: SELECT MAX(line_date) AS tp_max FROM `mmm_line_date` WHERE `lineid` = 100006 AND `status` = 1 LIMIT 1   [ RunTime:0.0004s ]
SQL: SELECT `name` FROM `mmm_line_place` WHERE `id` = 7 LIMIT 1   [ RunTime:0.0002s ]
SQL: SELECT `name` FROM `mmm_line_place` WHERE `id` = 44 LIMIT 1   [ RunTime:0.0002s ]
SQL: SELECT MAX(line_date) AS tp_max FROM `mmm_line_date` WHERE `lineid` = 100001 AND `status` = 1 LIMIT 1   [ RunTime:0.0004s ]
SQL: SELECT `name` FROM `mmm_line_place` WHERE `id` = 7 LIMIT 1   [ RunTime:0.0002s ]
SQL: SELECT `name` FROM `mmm_line_place` WHERE `id` = 36 LIMIT 1   [ RunTime:0.0002s ]
SQL: SELECT MAX(line_date) AS tp_max FROM `mmm_line_date` WHERE `lineid` = 100003 AND `status` = 1 LIMIT 1   [ RunTime:0.0004s ]
SQL: SELECT `name` FROM `mmm_line_place` WHERE `id` = 7 LIMIT 1   [ RunTime:0.0002s ]
SQL: SELECT `name` FROM `mmm_line_place` WHERE `id` = 36 LIMIT 1   [ RunTime:0.0003s ]
SQL: SELECT MAX(line_date) AS tp_max FROM `mmm_line_date` WHERE `lineid` = 100012 AND `status` = 1 LIMIT 1   [ RunTime:0.0003s ]
INFO: [ view_parse ] --START--
INFO: [ template_filter ] --START--
INFO: Run Behavior\ContentReplaceBehavior [ RunTime:0.000084s ]
INFO: [ template_filter ] --END-- [ RunTime:0.000155s ]
NOTIC: [8] Undefined variable: lineid /data/home/hyu2594430001/htdocs/Application/Runtime/Cache/Admin/002f0672dce916b694cf50bf67bfa04a.php 第 45 行.
NOTIC: [8] Undefined variable: line_type /data/home/hyu2594430001/htdocs/Application/Runtime/Cache/Admin/002f0672dce916b694cf50bf67bfa04a.php 第 50 行.
NOTIC: [8] Undefined variable: line_type /data/home/hyu2594430001/htdocs/Application/Runtime/Cache/Admin/002f0672dce916b694cf50bf67bfa04a.php 第 51 行.
NOTIC: [8] Undefined variable: desid /data/home/hyu2594430001/htdocs/Application/Runtime/Cache/Admin/002f0672dce916b694cf50bf67bfa04a.php 第 56 行.
NOTIC: [8] Undefined variable: desid /data/home/hyu2594430001/htdocs/Application/Runtime/Cache/Admin/002f0672dce916b694cf50bf67bfa04a.php 第 56 行.
NOTIC: [8] Undefined variable: desid /data/home/hyu2594430001/htdocs/Application/Runtime/Cache/Admin/002f0672dce916b694cf50bf67bfa04a.php 第 56 行.
NOTIC: [8] Undefined variable: desid /data/home/hyu2594430001/htdocs/Application/Runtime/Cache/Admin/002f0672dce916b694cf50bf67bfa04a.php 第 56 行.
NOTIC: [8] Undefined variable: desid /data/home/hyu2594430001/htdocs/Application/Runtime/Cache/Admin/002f0672dce916b694cf50bf67bfa04a.php 第 56 行.
NOTIC: [8] Undefined variable: status /data/home/hyu2594430001/htdocs/Application/Runtime/Cache/Admin/002f0672dce916b694cf50bf67bfa04a.php 第 61 行.
NOTIC: [8] Undefined variable: status /data/home/hyu2594430001/htdocs/Application/Runtime/Cache/Admin/002f0672dce916b694cf50bf67bfa04a.php 第 62 行.
NOTIC: [8] Undefined variable: status /data/home/hyu2594430001/htdocs/Application/Runtime/Cache/Admin/002f0672dce916b694cf50bf67bfa04a.php 第 63 行.
NOTIC: [8] Undefined variable: day_num /data/home/hyu2594430001/htdocs/Application/Runtime/Cache/Admin/002f0672dce916b694cf50bf67bfa04a.php 第 68 行.
NOTIC: [8] Undefined variable: title /data/home/hyu2594430001/htdocs/Application/Runtime/Cache/Admin/002f0672dce916b694cf50bf67bfa04a.php 第 70 行.
NOTIC: [8] Undefined variable: counselor /data/home/hyu2594430001/htdocs/Application/Runtime/Cache/Admin/002f0672dce916b694cf50bf67bfa04a.php 第 75 行.
NOTIC: [8] Undefined variable: counselor /data/home/hyu2594430001/htdocs/Application/Runtime/Cache/Admin/002f0672dce916b694cf50bf67bfa04a.php 第 75 行.
NOTIC: [8] Undefined variable: counselor /data/home/hyu2594430001/htdocs/Application/Runtime/Cache/Admin/002f0672dce916b694cf50bf67bfa04a.php 第 75 行.
NOTIC: [8] Undefined variable: supplierid /data/home/hyu2594430001/htdocs/Application/Runtime/Cache/Admin/002f0672dce916b694cf50bf67bfa04a.php 第 81 行.
NOTIC: [8] Undefined variable: supplierid /data/home/hyu2594430001/htdocs/Application/Runtime/Cache/Admin/002f0672dce916b694cf50bf67bfa04a.php 第 81 行.
NOTIC: [8] Undefined variable: supplierid /data/home/hyu2594430001/htdocs/Application/Runtime/Cache/Admin/002f0672dce916b694cf50bf67bfa04a.php 第 81 行.
INFO: Run Behavior\ParseTemplateBehavior [ RunTime:0.015491s ]
INFO: [ view_parse ] --END-- [ RunTime:0.015538s ]
INFO: [ view_filter ] --START--
INFO: Run Behavior\WriteHtmlCacheBehavior [ RunTime:0.000201s ]
INFO: [ view_filter ] --END-- [ RunTime:0.000238s ]
INFO: [ app_end ] --START--
INFO: Run Behavior\ShowPageTraceBehavior [ RunTime:0.000548s ]
INFO: [ app_end ] --END-- [ RunTime:0.000594s ]

[ 2017-03-12T22:30:46+08:00 ] 163.125.52.93 /Admin/Line/base_info/id/100012
INFO: [ app_init ] --START--
INFO: Run Behavior\BuildLiteBehavior [ RunTime:0.000018s ]
INFO: [ app_init ] --END-- [ RunTime:0.000439s ]
INFO: [ app_begin ] --START--
INFO: Run Behavior\ReadHtmlCacheBehavior [ RunTime:0.000531s ]
INFO: [ app_begin ] --END-- [ RunTime:0.000589s ]
NOTIC: [2048] Declaration of Admin\Model\LineModel::getInstance() should be compatible with Think\Single::getInstance($class) /data/home/hyu2594430001/htdocs/Application/Admin/Model/LineModel.class.php 第 12 行.
SQL: SHOW COLUMNS FROM `mmm_line` [ RunTime:0.0011s ]
SQL: SELECT `id`,`line_type`,`des_type`,`title`,`day_num`,`start_palce`,`des`,`labelid`,`special`,`counselor`,`status`,`keywords`,`supplier_title`,`supplier_op` FROM `mmm_line` WHERE `id` = 100012 LIMIT 1   [ RunTime:0.0006s ]
NOTIC: [2048] Declaration of Admin\Model\SupplierOpModel::getInstance() should be compatible with Think\Single::getInstance($class) /data/home/hyu2594430001/htdocs/Application/Admin/Model/SupplierOpModel.class.php 第 25 行.
SQL: SHOW COLUMNS FROM `mmm_supplier_op` [ RunTime:0.0007s ]
SQL: SELECT `sid` FROM `mmm_supplier_op` WHERE `id` = 0 LIMIT 1   [ RunTime:0.0004s ]
NOTIC: [2048] Declaration of Admin\Model\PlaceModel::getInstance() should be compatible with Think\Single::getInstance($class) /data/home/hyu2594430001/htdocs/Application/Admin/Model/PlaceModel.class.php 第 61 行.
SQL: SHOW COLUMNS FROM `mmm_line_place` [ RunTime:0.0005s ]
SQL: SELECT `name` FROM `mmm_line_place` WHERE `id` = 7 LIMIT 1   [ RunTime:0.0002s ]
SQL: SELECT `name` FROM `mmm_line_place` WHERE `id` = 36 LIMIT 1   [ RunTime:0.0003s ]
NOTIC: [2048] Declaration of Admin\Model\LineLabelModel::getInstance() should be compatible with Think\Single::getInstance($class) /data/home/hyu2594430001/htdocs/Application/Admin/Model/LineLabelModel.class.php 第 25 行.
SQL: SHOW COLUMNS FROM `mmm_line_label` [ RunTime:0.0006s ]
SQL: SELECT `label_name` FROM `mmm_line_label` WHERE `id` = 7 LIMIT 1   [ RunTime:0.0004s ]
SQL: SELECT `label_name` FROM `mmm_line_label` WHERE `id` = 10 LIMIT 1   [ RunTime:0.0003s ]
NOTIC: [2048] Declaration of Admin\Model\AdminModel::getInstance() should be compatible with Think\Single::getInstance($class) /data/home/hyu2594430001/htdocs/Application/Admin/Model/AdminModel.class.php 第 60 行.
SQL: SELECT `id`,`name` FROM `mmm_employee` WHERE `department` = 1 AND `status` = 0 AND `is_del` = 0  [ RunTime:0.0002s ]
NOTIC: [2048] Declaration of Admin\Model\SupplierModel::getInstance() should be compatible with Think\Single::getInstance($class) /data/home/hyu2594430001/htdocs/Application/Admin/Model/SupplierModel.class.php 第 25 行.
SQL: SHOW COLUMNS FROM `mmm_supplier` [ RunTime:0.0007s ]
SQL: SELECT `id`,`company_name` FROM `mmm_supplier` WHERE `status` = 0  [ RunTime:0.0003s ]
SQL: SELECT `sid` FROM `mmm_supplier_op` WHERE `id` = 0 LIMIT 1   [ RunTime:0.0002s ]
SQL: SELECT `id`,`name` FROM `mmm_supplier_op` WHERE `sid` = null  [ RunTime:0.0003s ]
INFO: [ view_parse ] --START--
INFO: [ template_filter ] --START--
INFO: Run Behavior\ContentReplaceBehavior [ RunTime:0.000092s ]
INFO: [ template_filter ] --END-- [ RunTime:0.000151s ]
INFO: Run Behavior\ParseTemplateBehavior [ RunTime:0.014907s ]
INFO: [ view_parse ] --END-- [ RunTime:0.014963s ]
INFO: [ view_filter ] --START--
INFO: Run Behavior\WriteHtmlCacheBehavior [ RunTime:0.000220s ]
INFO: [ view_filter ] --END-- [ RunTime:0.000256s ]
INFO: [ app_end ] --START--
INFO: Run Behavior\ShowPageTraceBehavior [ RunTime:0.000556s ]
INFO: [ app_end ] --END-- [ RunTime:0.000605s ]

[ 2017-03-12T22:30:52+08:00 ] 163.125.52.93 /Admin/Line/line_image/id/100012
INFO: [ app_init ] --START--
INFO: Run Behavior\BuildLiteBehavior [ RunTime:0.000019s ]
INFO: [ app_init ] --END-- [ RunTime:0.000402s ]
INFO: [ app_begin ] --START--
INFO: Run Behavior\ReadHtmlCacheBehavior [ RunTime:0.000457s ]
INFO: [ app_begin ] --END-- [ RunTime:0.000544s ]
NOTIC: [2048] Declaration of Admin\Model\LineImageModel::getInstance() should be compatible with Think\Single::getInstance($class) /data/home/hyu2594430001/htdocs/Application/Admin/Model/LineImageModel.class.php 第 12 行.
SQL: SHOW COLUMNS FROM `mmm_line_image` [ RunTime:0.0012s ]
SQL: SELECT `id`,`lineid`,`url`,`is_cover` FROM `mmm_line_image` WHERE `lineid` = 100012  [ RunTime:0.0006s ]
INFO: [ view_parse ] --START--
INFO: [ template_filter ] --START--
INFO: Run Behavior\ContentReplaceBehavior [ RunTime:0.000064s ]
INFO: [ template_filter ] --END-- [ RunTime:0.000115s ]
INFO: Run Behavior\ParseTemplateBehavior [ RunTime:0.010398s ]
INFO: [ view_parse ] --END-- [ RunTime:0.010470s ]
INFO: [ view_filter ] --START--
INFO: Run Behavior\WriteHtmlCacheBehavior [ RunTime:0.000212s ]
INFO: [ view_filter ] --END-- [ RunTime:0.000252s ]
INFO: [ app_end ] --START--
INFO: Run Behavior\ShowPageTraceBehavior [ RunTime:0.000642s ]
INFO: [ app_end ] --END-- [ RunTime:0.000693s ]

[ 2017-03-12T22:30:55+08:00 ] 163.125.52.93 /Admin/Line/line_journey/id/100012
INFO: [ app_init ] --START--
INFO: Run Behavior\BuildLiteBehavior [ RunTime:0.000018s ]
INFO: [ app_init ] --END-- [ RunTime:0.000379s ]
INFO: [ app_begin ] --START--
INFO: Run Behavior\ReadHtmlCacheBehavior [ RunTime:0.000461s ]
INFO: [ app_begin ] --END-- [ RunTime:0.000513s ]
NOTIC: [2048] Declaration of Admin\Model\LineModel::getInstance() should be compatible with Think\Single::getInstance($class) /data/home/hyu2594430001/htdocs/Application/Admin/Model/LineModel.class.php 第 12 行.
SQL: SHOW COLUMNS FROM `mmm_line` [ RunTime:0.0012s ]
SQL: SELECT `day_num` FROM `mmm_line` WHERE `id` = 100012 LIMIT 1   [ RunTime:0.0004s ]
NOTIC: [2048] Declaration of Admin\Model\LineJourneyModel::getInstance() should be compatible with Think\Single::getInstance($class) /data/home/hyu2594430001/htdocs/Application/Admin/Model/LineJourneyModel.class.php 第 27 行.
SQL: SHOW COLUMNS FROM `mmm_line_journey` [ RunTime:0.0009s ]
SQL: SELECT `id`,`lineid`,`name`,`day`,`spot`,`detail`,`hotel`,`breakfast`,`lunch`,`dinner`,`addtime`,`add_by`,`edittime`,`edit_by` FROM `mmm_line_journey` WHERE `lineid` = 100012  [ RunTime:0.0014s ]
INFO: [ view_parse ] --START--
INFO: [ template_filter ] --START--
INFO: Run Behavior\ContentReplaceBehavior [ RunTime:0.000066s ]
INFO: [ template_filter ] --END-- [ RunTime:0.000115s ]
INFO: Run Behavior\ParseTemplateBehavior [ RunTime:0.009373s ]
INFO: [ view_parse ] --END-- [ RunTime:0.009424s ]
INFO: [ view_filter ] --START--
INFO: Run Behavior\WriteHtmlCacheBehavior [ RunTime:0.000196s ]
INFO: [ view_filter ] --END-- [ RunTime:0.000236s ]
INFO: [ app_end ] --START--
INFO: Run Behavior\ShowPageTraceBehavior [ RunTime:0.000514s ]
INFO: [ app_end ] --END-- [ RunTime:0.000560s ]

[ 2017-03-12T22:31:13+08:00 ] 163.125.52.93 /Admin/Line/line_image/id/100012
INFO: [ app_init ] --START--
INFO: Run Behavior\BuildLiteBehavior [ RunTime:0.000023s ]
INFO: [ app_init ] --END-- [ RunTime:0.000432s ]
INFO: [ app_begin ] --START--
INFO: Run Behavior\ReadHtmlCacheBehavior [ RunTime:0.000472s ]
INFO: [ app_begin ] --END-- [ RunTime:0.000528s ]
NOTIC: [2048] Declaration of Admin\Model\LineImageModel::getInstance() should be compatible with Think\Single::getInstance($class) /data/home/hyu2594430001/htdocs/Application/Admin/Model/LineImageModel.class.php 第 12 行.
SQL: SHOW COLUMNS FROM `mmm_line_image` [ RunTime:0.0009s ]
SQL: SELECT `id`,`lineid`,`url`,`is_cover` FROM `mmm_line_image` WHERE `lineid` = 100012  [ RunTime:0.0003s ]
INFO: [ view_parse ] --START--
INFO: [ template_filter ] --START--
INFO: Run Behavior\ContentReplaceBehavior [ RunTime:0.000069s ]
INFO: [ template_filter ] --END-- [ RunTime:0.000135s ]
INFO: Run Behavior\ParseTemplateBehavior [ RunTime:0.010382s ]
INFO: [ view_parse ] --END-- [ RunTime:0.010444s ]
INFO: [ view_filter ] --START--
INFO: Run Behavior\WriteHtmlCacheBehavior [ RunTime:0.000236s ]
INFO: [ view_filter ] --END-- [ RunTime:0.000274s ]
INFO: [ app_end ] --START--
INFO: Run Behavior\ShowPageTraceBehavior [ RunTime:0.000558s ]
INFO: [ app_end ] --END-- [ RunTime:0.000613s ]

[ 2017-03-12T22:31:15+08:00 ] 163.125.52.93 /Admin/Line/base_info/id/100012
INFO: [ app_init ] --START--
INFO: Run Behavior\BuildLiteBehavior [ RunTime:0.000023s ]
INFO: [ app_init ] --END-- [ RunTime:0.000439s ]
INFO: [ app_begin ] --START--
INFO: Run Behavior\ReadHtmlCacheBehavior [ RunTime:0.000623s ]
INFO: [ app_begin ] --END-- [ RunTime:0.000694s ]
NOTIC: [2048] Declaration of Admin\Model\LineModel::getInstance() should be compatible with Think\Single::getInstance($class) /data/home/hyu2594430001/htdocs/Application/Admin/Model/LineModel.class.php 第 12 行.
SQL: SHOW COLUMNS FROM `mmm_line` [ RunTime:0.0012s ]
SQL: SELECT `id`,`line_type`,`des_type`,`title`,`day_num`,`start_palce`,`des`,`labelid`,`special`,`counselor`,`status`,`keywords`,`supplier_title`,`supplier_op` FROM `mmm_line` WHERE `id` = 100012 LIMIT 1   [ RunTime:0.0005s ]
NOTIC: [2048] Declaration of Admin\Model\SupplierOpModel::getInstance() should be compatible with Think\Single::getInstance($class) /data/home/hyu2594430001/htdocs/Application/Admin/Model/SupplierOpModel.class.php 第 25 行.
SQL: SHOW COLUMNS FROM `mmm_supplier_op` [ RunTime:0.0007s ]
SQL: SELECT `sid` FROM `mmm_supplier_op` WHERE `id` = 0 LIMIT 1   [ RunTime:0.0005s ]
NOTIC: [2048] Declaration of Admin\Model\PlaceModel::getInstance() should be compatible with Think\Single::getInstance($class) /data/home/hyu2594430001/htdocs/Application/Admin/Model/PlaceModel.class.php 第 61 行.
SQL: SHOW COLUMNS FROM `mmm_line_place` [ RunTime:0.0007s ]
SQL: SELECT `name` FROM `mmm_line_place` WHERE `id` = 7 LIMIT 1   [ RunTime:0.0003s ]
SQL: SELECT `name` FROM `mmm_line_place` WHERE `id` = 36 LIMIT 1   [ RunTime:0.0003s ]
NOTIC: [2048] Declaration of Admin\Model\LineLabelModel::getInstance() should be compatible with Think\Single::getInstance($class) /data/home/hyu2594430001/htdocs/Application/Admin/Model/LineLabelModel.class.php 第 25 行.
SQL: SHOW COLUMNS FROM `mmm_line_label` [ RunTime:0.0006s ]
SQL: SELECT `label_name` FROM `mmm_line_label` WHERE `id` = 7 LIMIT 1   [ RunTime:0.0002s ]
SQL: SELECT `label_name` FROM `mmm_line_label` WHERE `id` = 10 LIMIT 1   [ RunTime:0.0006s ]
NOTIC: [2048] Declaration of Admin\Model\AdminModel::getInstance() should be compatible with Think\Single::getInstance($class) /data/home/hyu2594430001/htdocs/Application/Admin/Model/AdminModel.class.php 第 60 行.
SQL: SELECT `id`,`name` FROM `mmm_employee` WHERE `department` = 1 AND `status` = 0 AND `is_del` = 0  [ RunTime:0.0002s ]
NOTIC: [2048] Declaration of Admin\Model\SupplierModel::getInstance() should be compatible with Think\Single::getInstance($class) /data/home/hyu2594430001/htdocs/Application/Admin/Model/SupplierModel.class.php 第 25 行.
SQL: SHOW COLUMNS FROM `mmm_supplier` [ RunTime:0.0008s ]
SQL: SELECT `id`,`company_name` FROM `mmm_supplier` WHERE `status` = 0  [ RunTime:0.0004s ]
SQL: SELECT `sid` FROM `mmm_supplier_op` WHERE `id` = 0 LIMIT 1   [ RunTime:0.0003s ]
SQL: SELECT `id`,`name` FROM `mmm_supplier_op` WHERE `sid` = null  [ RunTime:0.0003s ]
INFO: [ view_parse ] --START--
INFO: [ template_filter ] --START--
INFO: Run Behavior\ContentReplaceBehavior [ RunTime:0.000098s ]
INFO: [ template_filter ] --END-- [ RunTime:0.000176s ]
INFO: Run Behavior\ParseTemplateBehavior [ RunTime:0.016766s ]
INFO: [ view_parse ] --END-- [ RunTime:0.016832s ]
INFO: [ view_filter ] --START--
INFO: Run Behavior\WriteHtmlCacheBehavior [ RunTime:0.000281s ]
INFO: [ view_filter ] --END-- [ RunTime:0.000323s ]
INFO: [ app_end ] --START--
INFO: Run Behavior\ShowPageTraceBehavior [ RunTime:0.000509s ]
INFO: [ app_end ] --END-- [ RunTime:0.000558s ]

