[ 2017-03-18T09:53:56+08:00 ] 183.11.73.244 /favicon.ico
INFO: [ app_init ] --START--
INFO: Run Behavior\BuildLiteBehavior [ RunTime:0.000019s ]
INFO: [ app_init ] --END-- [ RunTime:0.000474s ]
ERR: 无法加载模块:Favicon

[ 2017-03-18T10:00:42+08:00 ] 183.11.73.244 /favicon.ico
INFO: [ app_init ] --START--
INFO: Run Behavior\BuildLiteBehavior [ RunTime:0.000021s ]
INFO: [ app_init ] --END-- [ RunTime:0.000421s ]
ERR: 无法加载模块:Favicon

[ 2017-03-18T12:37:24+08:00 ] 183.11.73.244 /web/at.alicdn.com/t/font_m30h28fudqjjor.css
INFO: [ app_init ] --START--
INFO: Run Behavior\BuildLiteBehavior [ RunTime:0.000019s ]
INFO: [ app_init ] --END-- [ RunTime:0.000406s ]
ERR: 无法加载模块:Web

[ 2017-03-18T12:37:24+08:00 ] 183.11.73.244 /css/reset.css
INFO: [ app_init ] --START--
INFO: Run Behavior\BuildLiteBehavior [ RunTime:0.000020s ]
INFO: [ app_init ] --END-- [ RunTime:0.003013s ]
ERR: 无法加载模块:Css

[ 2017-03-18T12:37:24+08:00 ] 183.11.73.244 /css/common.css
INFO: [ app_init ] --START--
INFO: Run Behavior\BuildLiteBehavior [ RunTime:0.000019s ]
INFO: [ app_init ] --END-- [ RunTime:0.000389s ]
ERR: 无法加载模块:Css

[ 2017-03-18T12:37:25+08:00 ] 183.11.73.244 /js/common/config.js?v=2.4.0
INFO: [ app_init ] --START--
INFO: Run Behavior\BuildLiteBehavior [ RunTime:0.000023s ]
INFO: [ app_init ] --END-- [ RunTime:0.000424s ]
ERR: 无法加载模块:Js

[ 2017-03-18T12:37:25+08:00 ] 183.11.73.244 /js/common/doT.min.js?v=2.4.0
INFO: [ app_init ] --START--
INFO: Run Behavior\BuildLiteBehavior [ RunTime:0.000023s ]
INFO: [ app_init ] --END-- [ RunTime:0.000402s ]
ERR: 无法加载模块:Js

[ 2017-03-18T12:37:25+08:00 ] 183.11.73.244 /js/common/jquery.cookie.js?v=2.4.0
INFO: [ app_init ] --START--
INFO: Run Behavior\BuildLiteBehavior [ RunTime:0.000018s ]
INFO: [ app_init ] --END-- [ RunTime:0.000412s ]
ERR: 无法加载模块:Js

[ 2017-03-18T12:37:25+08:00 ] 183.11.73.244 /js/common/jquery.min.js?v=2.4.0
INFO: [ app_init ] --START--
INFO: Run Behavior\BuildLiteBehavior [ RunTime:0.000017s ]
INFO: [ app_init ] --END-- [ RunTime:0.000365s ]
ERR: 无法加载模块:Js

[ 2017-03-18T12:37:25+08:00 ] 183.11.73.244 /js/common/common.js?v=2.4.0
INFO: [ app_init ] --START--
INFO: Run Behavior\BuildLiteBehavior [ RunTime:0.000017s ]
INFO: [ app_init ] --END-- [ RunTime:0.000369s ]
ERR: 无法加载模块:Js

[ 2017-03-18T12:37:25+08:00 ] 183.11.73.244 /js/common/function.js?v=2.4.0
INFO: [ app_init ] --START--
INFO: Run Behavior\BuildLiteBehavior [ RunTime:0.000019s ]
INFO: [ app_init ] --END-- [ RunTime:0.000375s ]
ERR: 无法加载模块:Js

[ 2017-03-18T12:37:25+08:00 ] 183.11.73.244 /favicon.ico
INFO: [ app_init ] --START--
INFO: Run Behavior\BuildLiteBehavior [ RunTime:0.000019s ]
INFO: [ app_init ] --END-- [ RunTime:0.000382s ]
ERR: 无法加载模块:Favicon

[ 2017-03-18T12:37:33+08:00 ] 183.11.73.244 /web/at.alicdn.com/t/font_m30h28fudqjjor.css
INFO: [ app_init ] --START--
INFO: Run Behavior\BuildLiteBehavior [ RunTime:0.000023s ]
INFO: [ app_init ] --END-- [ RunTime:0.000443s ]
ERR: 无法加载模块:Web

[ 2017-03-18T12:37:33+08:00 ] 183.11.73.244 /css/reset.css
INFO: [ app_init ] --START--
INFO: Run Behavior\BuildLiteBehavior [ RunTime:0.000021s ]
INFO: [ app_init ] --END-- [ RunTime:0.000482s ]
ERR: 无法加载模块:Css

[ 2017-03-18T12:37:33+08:00 ] 183.11.73.244 /css/common.css
INFO: [ app_init ] --START--
INFO: Run Behavior\BuildLiteBehavior [ RunTime:0.000024s ]
INFO: [ app_init ] --END-- [ RunTime:0.000442s ]
ERR: 无法加载模块:Css

[ 2017-03-18T12:37:33+08:00 ] 183.11.73.244 /js/common/config.js?v=2.4.0
INFO: [ app_init ] --START--
INFO: Run Behavior\BuildLiteBehavior [ RunTime:0.000026s ]
INFO: [ app_init ] --END-- [ RunTime:0.000462s ]
ERR: 无法加载模块:Js

[ 2017-03-18T12:37:33+08:00 ] 183.11.73.244 /js/common/jquery.min.js?v=2.4.0
INFO: [ app_init ] --START--
INFO: Run Behavior\BuildLiteBehavior [ RunTime:0.000020s ]
INFO: [ app_init ] --END-- [ RunTime:0.000414s ]
ERR: 无法加载模块:Js

[ 2017-03-18T12:37:33+08:00 ] 183.11.73.244 /js/common/jquery.cookie.js?v=2.4.0
INFO: [ app_init ] --START--
INFO: Run Behavior\BuildLiteBehavior [ RunTime:0.000026s ]
INFO: [ app_init ] --END-- [ RunTime:0.004458s ]
ERR: 无法加载模块:Js

[ 2017-03-18T12:37:33+08:00 ] 183.11.73.244 /js/common/doT.min.js?v=2.4.0
INFO: [ app_init ] --START--
INFO: Run Behavior\BuildLiteBehavior [ RunTime:0.000020s ]
INFO: [ app_init ] --END-- [ RunTime:0.005452s ]
ERR: 无法加载模块:Js

[ 2017-03-18T12:37:33+08:00 ] 183.11.73.244 /js/common/common.js?v=2.4.0
INFO: [ app_init ] --START--
INFO: Run Behavior\BuildLiteBehavior [ RunTime:0.000022s ]
INFO: [ app_init ] --END-- [ RunTime:0.002688s ]
ERR: 无法加载模块:Js

[ 2017-03-18T12:37:33+08:00 ] 183.11.73.244 /js/common/function.js?v=2.4.0
INFO: [ app_init ] --START--
INFO: Run Behavior\BuildLiteBehavior [ RunTime:0.000021s ]
INFO: [ app_init ] --END-- [ RunTime:0.000523s ]
ERR: 无法加载模块:Js

[ 2017-03-18T12:37:34+08:00 ] 183.11.73.244 /favicon.ico
INFO: [ app_init ] --START--
INFO: Run Behavior\BuildLiteBehavior [ RunTime:0.000019s ]
INFO: [ app_init ] --END-- [ RunTime:0.000404s ]
ERR: 无法加载模块:Favicon

[ 2017-03-18T12:42:41+08:00 ] 183.11.73.244 /index/html
INFO: [ app_init ] --START--
INFO: Run Behavior\BuildLiteBehavior [ RunTime:0.000020s ]
INFO: [ app_init ] --END-- [ RunTime:0.000415s ]
ERR: 无法加载模块:Index

[ 2017-03-18T12:42:45+08:00 ] 183.11.73.244 /css/reset.css
INFO: [ app_init ] --START--
INFO: Run Behavior\BuildLiteBehavior [ RunTime:0.000029s ]
INFO: [ app_init ] --END-- [ RunTime:0.004483s ]
ERR: 无法加载模块:Css

[ 2017-03-18T12:42:45+08:00 ] 183.11.73.244 /css/common.css
INFO: [ app_init ] --START--
INFO: Run Behavior\BuildLiteBehavior [ RunTime:0.000019s ]
INFO: [ app_init ] --END-- [ RunTime:0.000436s ]
ERR: 无法加载模块:Css

[ 2017-03-18T12:42:45+08:00 ] 183.11.73.244 /js/common/common.js?v=2.4.0
INFO: [ app_init ] --START--
INFO: Run Behavior\BuildLiteBehavior [ RunTime:0.000019s ]
INFO: [ app_init ] --END-- [ RunTime:0.008990s ]
ERR: 无法加载模块:Js

[ 2017-03-18T12:42:45+08:00 ] 183.11.73.244 /js/common/config.js?v=2.4.0
INFO: [ app_init ] --START--
INFO: Run Behavior\BuildLiteBehavior [ RunTime:0.000017s ]
INFO: [ app_init ] --END-- [ RunTime:0.000353s ]
ERR: 无法加载模块:Js

[ 2017-03-18T12:42:45+08:00 ] 183.11.73.244 /js/common/function.js?v=2.4.0
INFO: [ app_init ] --START--
INFO: Run Behavior\BuildLiteBehavior [ RunTime:0.000017s ]
INFO: [ app_init ] --END-- [ RunTime:0.000350s ]
ERR: 无法加载模块:Js

[ 2017-03-18T12:42:45+08:00 ] 183.11.73.244 /js/common/doT.min.js?v=2.4.0
INFO: [ app_init ] --START--
INFO: Run Behavior\BuildLiteBehavior [ RunTime:0.000018s ]
INFO: [ app_init ] --END-- [ RunTime:0.000399s ]
ERR: 无法加载模块:Js

[ 2017-03-18T12:42:45+08:00 ] 183.11.73.244 /js/common/jquery.cookie.js?v=2.4.0
INFO: [ app_init ] --START--
INFO: Run Behavior\BuildLiteBehavior [ RunTime:0.000024s ]
INFO: [ app_init ] --END-- [ RunTime:0.016466s ]
ERR: 无法加载模块:Js

[ 2017-03-18T12:42:45+08:00 ] 183.11.73.244 /js/common/jquery.min.js?v=2.4.0
INFO: [ app_init ] --START--
INFO: Run Behavior\BuildLiteBehavior [ RunTime:0.000017s ]
INFO: [ app_init ] --END-- [ RunTime:0.000387s ]
ERR: 无法加载模块:Js

[ 2017-03-18T12:42:45+08:00 ] 183.11.73.244 /js/common/jquery.min.js?v=2.4.0
INFO: [ app_init ] --START--
INFO: Run Behavior\BuildLiteBehavior [ RunTime:0.000021s ]
INFO: [ app_init ] --END-- [ RunTime:0.000394s ]
ERR: 无法加载模块:Js

[ 2017-03-18T12:42:45+08:00 ] 183.11.73.244 /js/common/jquery.cookie.js?v=2.4.0
INFO: [ app_init ] --START--
INFO: Run Behavior\BuildLiteBehavior [ RunTime:0.000019s ]
INFO: [ app_init ] --END-- [ RunTime:0.000372s ]
ERR: 无法加载模块:Js

[ 2017-03-18T12:42:46+08:00 ] 183.11.73.244 /js/common/doT.min.js?v=2.4.0
INFO: [ app_init ] --START--
INFO: Run Behavior\BuildLiteBehavior [ RunTime:0.000018s ]
INFO: [ app_init ] --END-- [ RunTime:0.000390s ]
ERR: 无法加载模块:Js

[ 2017-03-18T12:42:46+08:00 ] 183.11.73.244 /js/common/common.js?v=2.4.0
INFO: [ app_init ] --START--
INFO: Run Behavior\BuildLiteBehavior [ RunTime:0.000020s ]
INFO: [ app_init ] --END-- [ RunTime:0.000407s ]
ERR: 无法加载模块:Js

[ 2017-03-18T12:42:46+08:00 ] 183.11.73.244 /js/common/function.js?v=2.4.0
INFO: [ app_init ] --START--
INFO: Run Behavior\BuildLiteBehavior [ RunTime:0.000027s ]
INFO: [ app_init ] --END-- [ RunTime:0.000643s ]
ERR: 无法加载模块:Js

[ 2017-03-18T12:42:49+08:00 ] 183.11.73.244 /css/reset.css
INFO: [ app_init ] --START--
INFO: Run Behavior\BuildLiteBehavior [ RunTime:0.000022s ]
INFO: [ app_init ] --END-- [ RunTime:0.000406s ]
ERR: 无法加载模块:Css

[ 2017-03-18T12:42:49+08:00 ] 183.11.73.244 /css/common.css
INFO: [ app_init ] --START--
INFO: Run Behavior\BuildLiteBehavior [ RunTime:0.000022s ]
INFO: [ app_init ] --END-- [ RunTime:0.000414s ]
ERR: 无法加载模块:Css

[ 2017-03-18T12:42:50+08:00 ] 183.11.73.244 /web/js/maps/swiper.jquery.min.js.map
INFO: [ app_init ] --START--
INFO: Run Behavior\BuildLiteBehavior [ RunTime:0.000018s ]
INFO: [ app_init ] --END-- [ RunTime:0.000400s ]
ERR: 无法加载模块:Web

[ 2017-03-18T12:43:49+08:00 ] 183.11.73.244 /css/common.css
INFO: [ app_init ] --START--
INFO: Run Behavior\BuildLiteBehavior [ RunTime:0.000020s ]
INFO: [ app_init ] --END-- [ RunTime:0.000388s ]
ERR: 无法加载模块:Css

[ 2017-03-18T12:43:49+08:00 ] 183.11.73.244 /css/reset.css
INFO: [ app_init ] --START--
INFO: Run Behavior\BuildLiteBehavior [ RunTime:0.000016s ]
INFO: [ app_init ] --END-- [ RunTime:0.002103s ]
ERR: 无法加载模块:Css

[ 2017-03-18T12:43:49+08:00 ] 183.11.73.244 /js/common/config.js?v=2.4.0
INFO: [ app_init ] --START--
INFO: Run Behavior\BuildLiteBehavior [ RunTime:0.000025s ]
INFO: [ app_init ] --END-- [ RunTime:0.000418s ]
ERR: 无法加载模块:Js

[ 2017-03-18T12:43:49+08:00 ] 183.11.73.244 /js/common/jquery.cookie.js?v=2.4.0
INFO: [ app_init ] --START--
INFO: Run Behavior\BuildLiteBehavior [ RunTime:0.000019s ]
INFO: [ app_init ] --END-- [ RunTime:0.008860s ]
ERR: 无法加载模块:Js

[ 2017-03-18T12:43:49+08:00 ] 183.11.73.244 /js/common/function.js?v=2.4.0
INFO: [ app_init ] --START--
INFO: Run Behavior\BuildLiteBehavior [ RunTime:0.000016s ]
INFO: [ app_init ] --END-- [ RunTime:0.000348s ]
ERR: 无法加载模块:Js

[ 2017-03-18T12:43:49+08:00 ] 183.11.73.244 /js/common/doT.min.js?v=2.4.0
INFO: [ app_init ] --START--
INFO: Run Behavior\BuildLiteBehavior [ RunTime:0.000018s ]
INFO: [ app_init ] --END-- [ RunTime:0.000404s ]
ERR: 无法加载模块:Js

[ 2017-03-18T12:43:49+08:00 ] 183.11.73.244 /js/common/common.js?v=2.4.0
INFO: [ app_init ] --START--
INFO: Run Behavior\BuildLiteBehavior [ RunTime:0.000017s ]
INFO: [ app_init ] --END-- [ RunTime:0.000353s ]
ERR: 无法加载模块:Js

[ 2017-03-18T12:43:49+08:00 ] 183.11.73.244 /js/common/jquery.min.js?v=2.4.0
INFO: [ app_init ] --START--
INFO: Run Behavior\BuildLiteBehavior [ RunTime:0.000018s ]
INFO: [ app_init ] --END-- [ RunTime:0.000376s ]
ERR: 无法加载模块:Js

[ 2017-03-18T12:43:52+08:00 ] 183.11.73.244 /js/common/jquery.cookie.js?v=2.4.0
INFO: [ app_init ] --START--
INFO: Run Behavior\BuildLiteBehavior [ RunTime:0.000021s ]
INFO: [ app_init ] --END-- [ RunTime:0.000415s ]
ERR: 无法加载模块:Js

[ 2017-03-18T12:43:52+08:00 ] 183.11.73.244 /js/common/doT.min.js?v=2.4.0
INFO: [ app_init ] --START--
INFO: Run Behavior\BuildLiteBehavior [ RunTime:0.000020s ]
INFO: [ app_init ] --END-- [ RunTime:0.000391s ]
ERR: 无法加载模块:Js

[ 2017-03-18T12:43:52+08:00 ] 183.11.73.244 /js/common/common.js?v=2.4.0
INFO: [ app_init ] --START--
INFO: Run Behavior\BuildLiteBehavior [ RunTime:0.000021s ]
INFO: [ app_init ] --END-- [ RunTime:0.000457s ]
ERR: 无法加载模块:Js

[ 2017-03-18T12:43:52+08:00 ] 183.11.73.244 /js/common/function.js?v=2.4.0
INFO: [ app_init ] --START--
INFO: Run Behavior\BuildLiteBehavior [ RunTime:0.000022s ]
INFO: [ app_init ] --END-- [ RunTime:0.000394s ]
ERR: 无法加载模块:Js

[ 2017-03-18T12:43:52+08:00 ] 183.11.73.244 /web/js/maps/swiper.jquery.min.js.map
INFO: [ app_init ] --START--
INFO: Run Behavior\BuildLiteBehavior [ RunTime:0.000022s ]
INFO: [ app_init ] --END-- [ RunTime:0.000420s ]
ERR: 无法加载模块:Web

[ 2017-03-18T12:44:38+08:00 ] 183.11.73.244 /css/reset.css
INFO: [ app_init ] --START--
INFO: Run Behavior\BuildLiteBehavior [ RunTime:0.000023s ]
INFO: [ app_init ] --END-- [ RunTime:0.000427s ]
ERR: 无法加载模块:Css

[ 2017-03-18T12:44:38+08:00 ] 183.11.73.244 /css/common.css
INFO: [ app_init ] --START--
INFO: Run Behavior\BuildLiteBehavior [ RunTime:0.000059s ]
INFO: [ app_init ] --END-- [ RunTime:0.005170s ]
ERR: 无法加载模块:Css

[ 2017-03-18T12:44:38+08:00 ] 183.11.73.244 /js/common/config.js?v=2.4.0
INFO: [ app_init ] --START--
INFO: Run Behavior\BuildLiteBehavior [ RunTime:0.000019s ]
INFO: [ app_init ] --END-- [ RunTime:0.008423s ]
ERR: 无法加载模块:Js

[ 2017-03-18T12:44:38+08:00 ] 183.11.73.244 /js/common/jquery.min.js?v=2.4.0
INFO: [ app_init ] --START--
INFO: Run Behavior\BuildLiteBehavior [ RunTime:0.000022s ]
INFO: [ app_init ] --END-- [ RunTime:0.009483s ]
ERR: 无法加载模块:Js

[ 2017-03-18T12:44:38+08:00 ] 183.11.73.244 /js/common/doT.min.js?v=2.4.0
INFO: [ app_init ] --START--
INFO: Run Behavior\BuildLiteBehavior [ RunTime:0.000025s ]
INFO: [ app_init ] --END-- [ RunTime:0.000467s ]
ERR: 无法加载模块:Js

[ 2017-03-18T12:44:38+08:00 ] 183.11.73.244 /js/common/jquery.cookie.js?v=2.4.0
INFO: [ app_init ] --START--
INFO: Run Behavior\BuildLiteBehavior [ RunTime:0.000024s ]
INFO: [ app_init ] --END-- [ RunTime:0.000412s ]
ERR: 无法加载模块:Js

[ 2017-03-18T12:44:38+08:00 ] 183.11.73.244 /js/common/common.js?v=2.4.0
INFO: [ app_init ] --START--
INFO: Run Behavior\BuildLiteBehavior [ RunTime:0.000027s ]
INFO: [ app_init ] --END-- [ RunTime:0.000468s ]
ERR: 无法加载模块:Js

[ 2017-03-18T12:44:38+08:00 ] 183.11.73.244 /js/common/function.js?v=2.4.0
INFO: [ app_init ] --START--
INFO: Run Behavior\BuildLiteBehavior [ RunTime:0.000036s ]
INFO: [ app_init ] --END-- [ RunTime:0.000736s ]
ERR: 无法加载模块:Js

[ 2017-03-18T12:44:38+08:00 ] 183.11.73.244 /js/common/jquery.min.js?v=2.4.0
INFO: [ app_init ] --START--
INFO: Run Behavior\BuildLiteBehavior [ RunTime:0.000023s ]
INFO: [ app_init ] --END-- [ RunTime:0.000394s ]
ERR: 无法加载模块:Js

[ 2017-03-18T12:44:38+08:00 ] 183.11.73.244 /js/common/common.js?v=2.4.0
INFO: [ app_init ] --START--
INFO: Run Behavior\BuildLiteBehavior [ RunTime:0.000024s ]
INFO: [ app_init ] --END-- [ RunTime:0.009453s ]
ERR: 无法加载模块:Js

[ 2017-03-18T12:44:38+08:00 ] 183.11.73.244 /js/common/jquery.cookie.js?v=2.4.0
INFO: [ app_init ] --START--
INFO: Run Behavior\BuildLiteBehavior [ RunTime:0.000017s ]
INFO: [ app_init ] --END-- [ RunTime:0.000359s ]
ERR: 无法加载模块:Js

[ 2017-03-18T12:44:38+08:00 ] 183.11.73.244 /js/common/doT.min.js?v=2.4.0
INFO: [ app_init ] --START--
INFO: Run Behavior\BuildLiteBehavior [ RunTime:0.000018s ]
INFO: [ app_init ] --END-- [ RunTime:0.000367s ]
ERR: 无法加载模块:Js

[ 2017-03-18T12:44:38+08:00 ] 183.11.73.244 /js/common/doT.min.js?v=2.4.0
INFO: [ app_init ] --START--
INFO: Run Behavior\BuildLiteBehavior [ RunTime:0.000018s ]
INFO: [ app_init ] --END-- [ RunTime:0.000391s ]
ERR: 无法加载模块:Js

[ 2017-03-18T12:44:38+08:00 ] 183.11.73.244 /js/common/common.js?v=2.4.0
INFO: [ app_init ] --START--
INFO: Run Behavior\BuildLiteBehavior [ RunTime:0.000020s ]
INFO: [ app_init ] --END-- [ RunTime:0.000384s ]
ERR: 无法加载模块:Js

[ 2017-03-18T12:44:38+08:00 ] 183.11.73.244 /js/common/function.js?v=2.4.0
INFO: [ app_init ] --START--
INFO: Run Behavior\BuildLiteBehavior [ RunTime:0.000042s ]
INFO: [ app_init ] --END-- [ RunTime:0.000455s ]
ERR: 无法加载模块:Js

[ 2017-03-18T12:44:39+08:00 ] 183.11.73.244 /web/js/maps/swiper.jquery.min.js.map
INFO: [ app_init ] --START--
INFO: Run Behavior\BuildLiteBehavior [ RunTime:0.000019s ]
INFO: [ app_init ] --END-- [ RunTime:0.000393s ]
ERR: 无法加载模块:Web

[ 2017-03-18T12:44:39+08:00 ] 183.11.73.244 /css/reset.css
INFO: [ app_init ] --START--
INFO: Run Behavior\BuildLiteBehavior [ RunTime:0.000021s ]
INFO: [ app_init ] --END-- [ RunTime:0.000391s ]
ERR: 无法加载模块:Css

[ 2017-03-18T12:44:39+08:00 ] 183.11.73.244 /css/common.css
INFO: [ app_init ] --START--
INFO: Run Behavior\BuildLiteBehavior [ RunTime:0.000018s ]
INFO: [ app_init ] --END-- [ RunTime:0.000386s ]
ERR: 无法加载模块:Css

[ 2017-03-18T12:44:39+08:00 ] 183.11.73.244 /js/common/config.js?v=2.4.0
INFO: [ app_init ] --START--
INFO: Run Behavior\BuildLiteBehavior [ RunTime:0.000021s ]
INFO: [ app_init ] --END-- [ RunTime:0.000443s ]
ERR: 无法加载模块:Js

[ 2017-03-18T12:44:39+08:00 ] 183.11.73.244 /js/common/jquery.cookie.js?v=2.4.0
INFO: [ app_init ] --START--
INFO: Run Behavior\BuildLiteBehavior [ RunTime:0.000023s ]
INFO: [ app_init ] --END-- [ RunTime:0.000397s ]
ERR: 无法加载模块:Js

[ 2017-03-18T12:44:39+08:00 ] 183.11.73.244 /js/common/doT.min.js?v=2.4.0
INFO: [ app_init ] --START--
INFO: Run Behavior\BuildLiteBehavior [ RunTime:0.000025s ]
INFO: [ app_init ] --END-- [ RunTime:0.000400s ]
ERR: 无法加载模块:Js

[ 2017-03-18T12:44:39+08:00 ] 183.11.73.244 /js/common/jquery.min.js?v=2.4.0
INFO: [ app_init ] --START--
INFO: Run Behavior\BuildLiteBehavior [ RunTime:0.000018s ]
INFO: [ app_init ] --END-- [ RunTime:0.000385s ]
ERR: 无法加载模块:Js

[ 2017-03-18T12:44:39+08:00 ] 183.11.73.244 /js/common/common.js?v=2.4.0
INFO: [ app_init ] --START--
INFO: Run Behavior\BuildLiteBehavior [ RunTime:0.000021s ]
INFO: [ app_init ] --END-- [ RunTime:0.000400s ]
ERR: 无法加载模块:Js

[ 2017-03-18T12:44:39+08:00 ] 183.11.73.244 /js/common/function.js?v=2.4.0
INFO: [ app_init ] --START--
INFO: Run Behavior\BuildLiteBehavior [ RunTime:0.000023s ]
INFO: [ app_init ] --END-- [ RunTime:0.000494s ]
ERR: 无法加载模块:Js

[ 2017-03-18T12:44:40+08:00 ] 183.11.73.244 /favicon.ico
INFO: [ app_init ] --START--
INFO: Run Behavior\BuildLiteBehavior [ RunTime:0.000018s ]
INFO: [ app_init ] --END-- [ RunTime:0.000478s ]
ERR: 无法加载模块:Favicon

[ 2017-03-18T12:44:41+08:00 ] 183.11.73.244 /css/reset.css
INFO: [ app_init ] --START--
INFO: Run Behavior\BuildLiteBehavior [ RunTime:0.000022s ]
INFO: [ app_init ] --END-- [ RunTime:0.000393s ]
ERR: 无法加载模块:Css

[ 2017-03-18T12:44:41+08:00 ] 183.11.73.244 /css/common.css
INFO: [ app_init ] --START--
INFO: Run Behavior\BuildLiteBehavior [ RunTime:0.000021s ]
INFO: [ app_init ] --END-- [ RunTime:0.000389s ]
ERR: 无法加载模块:Css

[ 2017-03-18T12:44:41+08:00 ] 183.11.73.244 /js/common/config.js?v=2.4.0
INFO: [ app_init ] --START--
INFO: Run Behavior\BuildLiteBehavior [ RunTime:0.000023s ]
INFO: [ app_init ] --END-- [ RunTime:0.000445s ]
ERR: 无法加载模块:Js

[ 2017-03-18T12:44:41+08:00 ] 183.11.73.244 /js/common/jquery.min.js?v=2.4.0
INFO: [ app_init ] --START--
INFO: Run Behavior\BuildLiteBehavior [ RunTime:0.000018s ]
INFO: [ app_init ] --END-- [ RunTime:0.000412s ]
ERR: 无法加载模块:Js

[ 2017-03-18T12:44:41+08:00 ] 183.11.73.244 /js/common/jquery.cookie.js?v=2.4.0
INFO: [ app_init ] --START--
INFO: Run Behavior\BuildLiteBehavior [ RunTime:0.000034s ]
INFO: [ app_init ] --END-- [ RunTime:0.000444s ]
ERR: 无法加载模块:Js

[ 2017-03-18T12:44:41+08:00 ] 183.11.73.244 /js/common/doT.min.js?v=2.4.0
INFO: [ app_init ] --START--
INFO: Run Behavior\BuildLiteBehavior [ RunTime:0.000021s ]
INFO: [ app_init ] --END-- [ RunTime:0.000437s ]
ERR: 无法加载模块:Js

[ 2017-03-18T12:44:41+08:00 ] 183.11.73.244 /js/common/common.js?v=2.4.0
INFO: [ app_init ] --START--
INFO: Run Behavior\BuildLiteBehavior [ RunTime:0.000018s ]
INFO: [ app_init ] --END-- [ RunTime:0.000371s ]
ERR: 无法加载模块:Js

[ 2017-03-18T12:44:41+08:00 ] 183.11.73.244 /js/common/function.js?v=2.4.0
INFO: [ app_init ] --START--
INFO: Run Behavior\BuildLiteBehavior [ RunTime:0.000021s ]
INFO: [ app_init ] --END-- [ RunTime:0.000389s ]
ERR: 无法加载模块:Js

[ 2017-03-18T12:44:42+08:00 ] 183.11.73.244 /favicon.ico
INFO: [ app_init ] --START--
INFO: Run Behavior\BuildLiteBehavior [ RunTime:0.000020s ]
INFO: [ app_init ] --END-- [ RunTime:0.000433s ]
ERR: 无法加载模块:Favicon

[ 2017-03-18T12:44:59+08:00 ] 183.11.73.244 /css/reset.css
INFO: [ app_init ] --START--
INFO: Run Behavior\BuildLiteBehavior [ RunTime:0.000021s ]
INFO: [ app_init ] --END-- [ RunTime:0.003111s ]
ERR: 无法加载模块:Css

[ 2017-03-18T12:44:59+08:00 ] 183.11.73.244 /css/common.css
INFO: [ app_init ] --START--
INFO: Run Behavior\BuildLiteBehavior [ RunTime:0.000016s ]
INFO: [ app_init ] --END-- [ RunTime:0.000426s ]
ERR: 无法加载模块:Css

[ 2017-03-18T12:44:59+08:00 ] 183.11.73.244 /js/common/config.js?v=2.4.0
INFO: [ app_init ] --START--
INFO: Run Behavior\BuildLiteBehavior [ RunTime:0.000028s ]
INFO: [ app_init ] --END-- [ RunTime:0.000472s ]
ERR: 无法加载模块:Js

[ 2017-03-18T12:44:59+08:00 ] 183.11.73.244 /js/common/jquery.min.js?v=2.4.0
INFO: [ app_init ] --START--
INFO: Run Behavior\BuildLiteBehavior [ RunTime:0.000018s ]
INFO: [ app_init ] --END-- [ RunTime:0.008437s ]
ERR: 无法加载模块:Js

[ 2017-03-18T12:44:59+08:00 ] 183.11.73.244 /js/common/jquery.cookie.js?v=2.4.0
INFO: [ app_init ] --START--
INFO: Run Behavior\BuildLiteBehavior [ RunTime:0.000025s ]
INFO: [ app_init ] --END-- [ RunTime:0.003499s ]
ERR: 无法加载模块:Js

[ 2017-03-18T12:44:59+08:00 ] 183.11.73.244 /js/common/doT.min.js?v=2.4.0
INFO: [ app_init ] --START--
INFO: Run Behavior\BuildLiteBehavior [ RunTime:0.000024s ]
INFO: [ app_init ] --END-- [ RunTime:0.000444s ]
ERR: 无法加载模块:Js

[ 2017-03-18T12:44:59+08:00 ] 183.11.73.244 /js/common/function.js?v=2.4.0
INFO: [ app_init ] --START--
INFO: Run Behavior\BuildLiteBehavior [ RunTime:0.000019s ]
INFO: [ app_init ] --END-- [ RunTime:0.000386s ]
ERR: 无法加载模块:Js

[ 2017-03-18T12:44:59+08:00 ] 183.11.73.244 /js/common/common.js?v=2.4.0
INFO: [ app_init ] --START--
INFO: Run Behavior\BuildLiteBehavior [ RunTime:0.000022s ]
INFO: [ app_init ] --END-- [ RunTime:0.000360s ]
ERR: 无法加载模块:Js

[ 2017-03-18T12:44:59+08:00 ] 183.11.73.244 /favicon.ico
INFO: [ app_init ] --START--
INFO: Run Behavior\BuildLiteBehavior [ RunTime:0.000019s ]
INFO: [ app_init ] --END-- [ RunTime:0.000379s ]
ERR: 无法加载模块:Favicon

[ 2017-03-18T12:45:07+08:00 ] 183.11.73.244 /css/reset.css
INFO: [ app_init ] --START--
INFO: Run Behavior\BuildLiteBehavior [ RunTime:0.000022s ]
INFO: [ app_init ] --END-- [ RunTime:0.000416s ]
ERR: 无法加载模块:Css

[ 2017-03-18T12:45:07+08:00 ] 183.11.73.244 /css/common.css
INFO: [ app_init ] --START--
INFO: Run Behavior\BuildLiteBehavior [ RunTime:0.000020s ]
INFO: [ app_init ] --END-- [ RunTime:0.000482s ]
ERR: 无法加载模块:Css

[ 2017-03-18T12:45:08+08:00 ] 183.11.73.244 /web/js/maps/swiper.jquery.min.js.map
INFO: [ app_init ] --START--
INFO: Run Behavior\BuildLiteBehavior [ RunTime:0.000022s ]
INFO: [ app_init ] --END-- [ RunTime:0.000629s ]
ERR: 无法加载模块:Web

[ 2017-03-18T12:45:08+08:00 ] 183.11.73.244 /img/loading.gif
INFO: [ app_init ] --START--
INFO: Run Behavior\BuildLiteBehavior [ RunTime:0.000021s ]
INFO: [ app_init ] --END-- [ RunTime:0.000393s ]
ERR: 无法加载模块:Img

[ 2017-03-18T12:45:57+08:00 ] 183.11.73.244 /web/js/maps/swiper.jquery.min.js.map
INFO: [ app_init ] --START--
INFO: Run Behavior\BuildLiteBehavior [ RunTime:0.000019s ]
INFO: [ app_init ] --END-- [ RunTime:0.000437s ]
ERR: 无法加载模块:Web

[ 2017-03-18T12:45:58+08:00 ] 183.11.73.244 /img/loading.gif
INFO: [ app_init ] --START--
INFO: Run Behavior\BuildLiteBehavior [ RunTime:0.000020s ]
INFO: [ app_init ] --END-- [ RunTime:0.000393s ]
ERR: 无法加载模块:Img

[ 2017-03-18T12:46:55+08:00 ] 183.11.73.244 /css/common.css
INFO: [ app_init ] --START--
INFO: Run Behavior\BuildLiteBehavior [ RunTime:0.000015s ]
INFO: [ app_init ] --END-- [ RunTime:0.000344s ]
ERR: 无法加载模块:Css

[ 2017-03-18T12:46:55+08:00 ] 183.11.73.244 /css/reset.css
INFO: [ app_init ] --START--
INFO: Run Behavior\BuildLiteBehavior [ RunTime:0.000019s ]
INFO: [ app_init ] --END-- [ RunTime:0.000513s ]
ERR: 无法加载模块:Css

[ 2017-03-18T12:46:55+08:00 ] 183.11.73.244 /js/common/config.js?v=2.4.0
INFO: [ app_init ] --START--
INFO: Run Behavior\BuildLiteBehavior [ RunTime:0.000023s ]
INFO: [ app_init ] --END-- [ RunTime:0.000396s ]
ERR: 无法加载模块:Js

[ 2017-03-18T12:46:55+08:00 ] 183.11.73.244 /js/common/jquery.min.js?v=2.4.0
INFO: [ app_init ] --START--
INFO: Run Behavior\BuildLiteBehavior [ RunTime:0.000023s ]
INFO: [ app_init ] --END-- [ RunTime:0.000399s ]
ERR: 无法加载模块:Js

[ 2017-03-18T12:46:55+08:00 ] 183.11.73.244 /js/common/jquery.cookie.js?v=2.4.0
INFO: [ app_init ] --START--
INFO: Run Behavior\BuildLiteBehavior [ RunTime:0.000024s ]
INFO: [ app_init ] --END-- [ RunTime:0.000415s ]
ERR: 无法加载模块:Js

[ 2017-03-18T12:46:55+08:00 ] 183.11.73.244 /js/common/common.js?v=2.4.0
INFO: [ app_init ] --START--
INFO: Run Behavior\BuildLiteBehavior [ RunTime:0.000022s ]
INFO: [ app_init ] --END-- [ RunTime:0.000395s ]
ERR: 无法加载模块:Js

[ 2017-03-18T12:46:55+08:00 ] 183.11.73.244 /js/common/doT.min.js?v=2.4.0
INFO: [ app_init ] --START--
INFO: Run Behavior\BuildLiteBehavior [ RunTime:0.000016s ]
INFO: [ app_init ] --END-- [ RunTime:0.000363s ]
ERR: 无法加载模块:Js

[ 2017-03-18T12:46:55+08:00 ] 183.11.73.244 /js/common/function.js?v=2.4.0
INFO: [ app_init ] --START--
INFO: Run Behavior\BuildLiteBehavior [ RunTime:0.000019s ]
INFO: [ app_init ] --END-- [ RunTime:0.000388s ]
ERR: 无法加载模块:Js

[ 2017-03-18T12:46:55+08:00 ] 183.11.73.244 /favicon.ico
INFO: [ app_init ] --START--
INFO: Run Behavior\BuildLiteBehavior [ RunTime:0.000019s ]
INFO: [ app_init ] --END-- [ RunTime:0.000527s ]
ERR: 无法加载模块:Favicon

[ 2017-03-18T12:47:20+08:00 ] 183.11.73.244 /favicon.ico
INFO: [ app_init ] --START--
INFO: Run Behavior\BuildLiteBehavior [ RunTime:0.000018s ]
INFO: [ app_init ] --END-- [ RunTime:0.000378s ]
ERR: 无法加载模块:Favicon

[ 2017-03-18T12:47:20+08:00 ] 183.11.73.244 /img/loading.gif
INFO: [ app_init ] --START--
INFO: Run Behavior\BuildLiteBehavior [ RunTime:0.000020s ]
INFO: [ app_init ] --END-- [ RunTime:0.000392s ]
ERR: 无法加载模块:Img

[ 2017-03-18T12:47:32+08:00 ] 183.11.73.244 /favicon.ico
INFO: [ app_init ] --START--
INFO: Run Behavior\BuildLiteBehavior [ RunTime:0.000018s ]
INFO: [ app_init ] --END-- [ RunTime:0.000383s ]
ERR: 无法加载模块:Favicon

[ 2017-03-18T12:47:32+08:00 ] 183.11.73.244 /img/loading.gif
INFO: [ app_init ] --START--
INFO: Run Behavior\BuildLiteBehavior [ RunTime:0.000020s ]
INFO: [ app_init ] --END-- [ RunTime:0.000400s ]
ERR: 无法加载模块:Img

[ 2017-03-18T12:48:43+08:00 ] 183.11.73.244 /search.html?
INFO: [ app_init ] --START--
INFO: Run Behavior\BuildLiteBehavior [ RunTime:0.000021s ]
INFO: [ app_init ] --END-- [ RunTime:0.000432s ]
ERR: 无法加载模块:Search

[ 2017-03-18T12:48:43+08:00 ] 183.11.73.244 /favicon.ico
INFO: [ app_init ] --START--
INFO: Run Behavior\BuildLiteBehavior [ RunTime:0.000019s ]
INFO: [ app_init ] --END-- [ RunTime:0.000409s ]
ERR: 无法加载模块:Favicon

[ 2017-03-18T12:48:53+08:00 ] 183.11.73.244 /login.html?frompage=index
INFO: [ app_init ] --START--
INFO: Run Behavior\BuildLiteBehavior [ RunTime:0.000018s ]
INFO: [ app_init ] --END-- [ RunTime:0.000376s ]
ERR: 无法加载模块:Login

[ 2017-03-18T12:48:53+08:00 ] 183.11.73.244 /favicon.ico
INFO: [ app_init ] --START--
INFO: Run Behavior\BuildLiteBehavior [ RunTime:0.000019s ]
INFO: [ app_init ] --END-- [ RunTime:0.000375s ]
ERR: 无法加载模块:Favicon

[ 2017-03-18T12:49:37+08:00 ] 183.11.73.244 /favicon.ico
INFO: [ app_init ] --START--
INFO: Run Behavior\BuildLiteBehavior [ RunTime:0.000024s ]
INFO: [ app_init ] --END-- [ RunTime:0.000460s ]
ERR: 无法加载模块:Favicon

[ 2017-03-18T12:49:37+08:00 ] 183.11.73.244 /img/loading.gif
INFO: [ app_init ] --START--
INFO: Run Behavior\BuildLiteBehavior [ RunTime:0.000021s ]
INFO: [ app_init ] --END-- [ RunTime:0.000404s ]
ERR: 无法加载模块:Img

[ 2017-03-18T12:49:51+08:00 ] 183.11.73.244 /web/js/maps/swiper.jquery.min.js.map
INFO: [ app_init ] --START--
INFO: Run Behavior\BuildLiteBehavior [ RunTime:0.000022s ]
INFO: [ app_init ] --END-- [ RunTime:0.000406s ]
ERR: 无法加载模块:Web

[ 2017-03-18T12:50:27+08:00 ] 183.11.73.244 /favicon.ico
INFO: [ app_init ] --START--
INFO: Run Behavior\BuildLiteBehavior [ RunTime:0.000019s ]
INFO: [ app_init ] --END-- [ RunTime:0.000467s ]
ERR: 无法加载模块:Favicon

[ 2017-03-18T12:50:27+08:00 ] 183.11.73.244 /img/loading.gif
INFO: [ app_init ] --START--
INFO: Run Behavior\BuildLiteBehavior [ RunTime:0.000020s ]
INFO: [ app_init ] --END-- [ RunTime:0.000414s ]
ERR: 无法加载模块:Img

[ 2017-03-18T12:50:56+08:00 ] 183.11.73.244 /favicon.ico
INFO: [ app_init ] --START--
INFO: Run Behavior\BuildLiteBehavior [ RunTime:0.000019s ]
INFO: [ app_init ] --END-- [ RunTime:0.000376s ]
ERR: 无法加载模块:Favicon

[ 2017-03-18T12:51:56+08:00 ] 183.11.73.244 /favicon.ico
INFO: [ app_init ] --START--
INFO: Run Behavior\BuildLiteBehavior [ RunTime:0.000019s ]
INFO: [ app_init ] --END-- [ RunTime:0.000394s ]
ERR: 无法加载模块:Favicon

[ 2017-03-18T12:53:30+08:00 ] 183.11.73.244 /favicon.ico
INFO: [ app_init ] --START--
INFO: Run Behavior\BuildLiteBehavior [ RunTime:0.000020s ]
INFO: [ app_init ] --END-- [ RunTime:0.000418s ]
ERR: 无法加载模块:Favicon

[ 2017-03-18T12:57:01+08:00 ] 183.11.73.244 /search-result.html?word=%E6%B5%B7%E5%B2%9B%E6%B8%B8
INFO: [ app_init ] --START--
INFO: Run Behavior\BuildLiteBehavior [ RunTime:0.000021s ]
INFO: [ app_init ] --END-- [ RunTime:0.000395s ]
ERR: 无法加载模块:Search-result

[ 2017-03-18T12:57:01+08:00 ] 183.11.73.244 /favicon.ico
INFO: [ app_init ] --START--
INFO: Run Behavior\BuildLiteBehavior [ RunTime:0.000027s ]
INFO: [ app_init ] --END-- [ RunTime:0.000551s ]
ERR: 无法加载模块:Favicon

[ 2017-03-18T12:57:27+08:00 ] 183.11.73.244 /goodinfo.html?lineid=100011
INFO: [ app_init ] --START--
INFO: Run Behavior\BuildLiteBehavior [ RunTime:0.000020s ]
INFO: [ app_init ] --END-- [ RunTime:0.000385s ]
ERR: 无法加载模块:Goodinfo

[ 2017-03-18T12:57:27+08:00 ] 183.11.73.244 /favicon.ico
INFO: [ app_init ] --START--
INFO: Run Behavior\BuildLiteBehavior [ RunTime:0.000017s ]
INFO: [ app_init ] --END-- [ RunTime:0.000389s ]
ERR: 无法加载模块:Favicon

[ 2017-03-18T12:57:40+08:00 ] 183.11.73.244 /goodinfo.html?lineid=100002
INFO: [ app_init ] --START--
INFO: Run Behavior\BuildLiteBehavior [ RunTime:0.000027s ]
INFO: [ app_init ] --END-- [ RunTime:0.000413s ]
ERR: 无法加载模块:Goodinfo

[ 2017-03-18T12:57:41+08:00 ] 183.11.73.244 /favicon.ico
INFO: [ app_init ] --START--
INFO: Run Behavior\BuildLiteBehavior [ RunTime:0.000019s ]
INFO: [ app_init ] --END-- [ RunTime:0.000406s ]
ERR: 无法加载模块:Favicon

[ 2017-03-18T12:57:46+08:00 ] 183.11.73.244 /goodinfo.html?lineid=100011
INFO: [ app_init ] --START--
INFO: Run Behavior\BuildLiteBehavior [ RunTime:0.000019s ]
INFO: [ app_init ] --END-- [ RunTime:0.000423s ]
ERR: 无法加载模块:Goodinfo

[ 2017-03-18T12:57:47+08:00 ] 183.11.73.244 /favicon.ico
INFO: [ app_init ] --START--
INFO: Run Behavior\BuildLiteBehavior [ RunTime:0.000020s ]
INFO: [ app_init ] --END-- [ RunTime:0.000415s ]
ERR: 无法加载模块:Favicon

[ 2017-03-18T12:58:56+08:00 ] 183.11.73.244 /favicon.ico
INFO: [ app_init ] --START--
INFO: Run Behavior\BuildLiteBehavior [ RunTime:0.000020s ]
INFO: [ app_init ] --END-- [ RunTime:0.000377s ]
ERR: 无法加载模块:Favicon

[ 2017-03-18T13:39:34+08:00 ] 183.11.73.244 /img/loading.gif
INFO: [ app_init ] --START--
INFO: Run Behavior\BuildLiteBehavior [ RunTime:0.000023s ]
INFO: [ app_init ] --END-- [ RunTime:0.000384s ]
ERR: 无法加载模块:Img

[ 2017-03-18T13:39:38+08:00 ] 183.11.73.244 /web/js/maps/swiper.jquery.min.js.map
INFO: [ app_init ] --START--
INFO: Run Behavior\BuildLiteBehavior [ RunTime:0.000023s ]
INFO: [ app_init ] --END-- [ RunTime:0.000424s ]
ERR: 无法加载模块:Web

[ 2017-03-18T13:40:35+08:00 ] 183.11.73.244 /favicon.ico
INFO: [ app_init ] --START--
INFO: Run Behavior\BuildLiteBehavior [ RunTime:0.000022s ]
INFO: [ app_init ] --END-- [ RunTime:0.000409s ]
ERR: 无法加载模块:Favicon

[ 2017-03-18T13:40:35+08:00 ] 183.11.73.244 /img/loading.gif
INFO: [ app_init ] --START--
INFO: Run Behavior\BuildLiteBehavior [ RunTime:0.000032s ]
INFO: [ app_init ] --END-- [ RunTime:0.000484s ]
ERR: 无法加载模块:Img

[ 2017-03-18T13:41:03+08:00 ] 183.11.73.244 /favicon.ico
INFO: [ app_init ] --START--
INFO: Run Behavior\BuildLiteBehavior [ RunTime:0.000020s ]
INFO: [ app_init ] --END-- [ RunTime:0.000416s ]
ERR: 无法加载模块:Favicon

[ 2017-03-18T13:41:03+08:00 ] 183.11.73.244 /img/loading.gif
INFO: [ app_init ] --START--
INFO: Run Behavior\BuildLiteBehavior [ RunTime:0.000023s ]
INFO: [ app_init ] --END-- [ RunTime:0.000426s ]
ERR: 无法加载模块:Img

[ 2017-03-18T13:45:08+08:00 ] 183.11.73.244 /web/js/maps/swiper.jquery.min.js.map
INFO: [ app_init ] --START--
INFO: Run Behavior\BuildLiteBehavior [ RunTime:0.003063s ]
INFO: [ app_init ] --END-- [ RunTime:0.003513s ]
ERR: 无法加载模块:Web

[ 2017-03-18T13:45:08+08:00 ] 183.11.73.244 /img/loading.gif
INFO: [ app_init ] --START--
INFO: Run Behavior\BuildLiteBehavior [ RunTime:0.000018s ]
INFO: [ app_init ] --END-- [ RunTime:0.000424s ]
ERR: 无法加载模块:Img

[ 2017-03-18T13:45:11+08:00 ] 183.11.73.244 /web/js/maps/swiper.jquery.min.js.map
INFO: [ app_init ] --START--
INFO: Run Behavior\BuildLiteBehavior [ RunTime:0.000018s ]
INFO: [ app_init ] --END-- [ RunTime:0.000414s ]
ERR: 无法加载模块:Web

[ 2017-03-18T13:45:11+08:00 ] 183.11.73.244 /img/loading.gif
INFO: [ app_init ] --START--
INFO: Run Behavior\BuildLiteBehavior [ RunTime:0.000018s ]
INFO: [ app_init ] --END-- [ RunTime:0.000420s ]
ERR: 无法加载模块:Img

[ 2017-03-18T13:50:13+08:00 ] 183.11.73.244 /favicon.ico
INFO: [ app_init ] --START--
INFO: Run Behavior\BuildLiteBehavior [ RunTime:0.000025s ]
INFO: [ app_init ] --END-- [ RunTime:0.000476s ]
ERR: 无法加载模块:Favicon

[ 2017-03-18T13:50:13+08:00 ] 183.11.73.244 /img/loading.gif
INFO: [ app_init ] --START--
INFO: Run Behavior\BuildLiteBehavior [ RunTime:0.000021s ]
INFO: [ app_init ] --END-- [ RunTime:0.000391s ]
ERR: 无法加载模块:Img

[ 2017-03-18T13:51:16+08:00 ] 183.11.73.244 /goodinfo.html?lineid=100009
INFO: [ app_init ] --START--
INFO: Run Behavior\BuildLiteBehavior [ RunTime:0.000023s ]
INFO: [ app_init ] --END-- [ RunTime:0.000499s ]
ERR: 无法加载模块:Goodinfo

[ 2017-03-18T13:51:16+08:00 ] 183.11.73.244 /favicon.ico
INFO: [ app_init ] --START--
INFO: Run Behavior\BuildLiteBehavior [ RunTime:0.000020s ]
INFO: [ app_init ] --END-- [ RunTime:0.000421s ]
ERR: 无法加载模块:Favicon

[ 2017-03-18T13:53:06+08:00 ] 183.11.73.244 /web/web/js/common/doT.min.js?v=2.4.0
INFO: [ app_init ] --START--
INFO: Run Behavior\BuildLiteBehavior [ RunTime:0.000022s ]
INFO: [ app_init ] --END-- [ RunTime:0.000431s ]
ERR: 无法加载模块:Web

[ 2017-03-18T13:53:06+08:00 ] 183.11.73.244 /web/web/js/common/function.js?v=2.4.0
INFO: [ app_init ] --START--
INFO: Run Behavior\BuildLiteBehavior [ RunTime:0.000019s ]
INFO: [ app_init ] --END-- [ RunTime:0.000400s ]
ERR: 无法加载模块:Web

[ 2017-03-18T13:53:06+08:00 ] 183.11.73.244 /web/web/js/common/config.js?v=2.4.0
INFO: [ app_init ] --START--
INFO: Run Behavior\BuildLiteBehavior [ RunTime:0.000023s ]
INFO: [ app_init ] --END-- [ RunTime:0.000446s ]
ERR: 无法加载模块:Web

[ 2017-03-18T13:53:06+08:00 ] 183.11.73.244 /web/web/js/common/jquery.min.js?v=2.4.0
INFO: [ app_init ] --START--
INFO: Run Behavior\BuildLiteBehavior [ RunTime:0.000017s ]
INFO: [ app_init ] --END-- [ RunTime:0.000375s ]
ERR: 无法加载模块:Web

[ 2017-03-18T14:03:27+08:00 ] 183.11.73.244 /favicon.ico
INFO: [ app_init ] --START--
INFO: Run Behavior\BuildLiteBehavior [ RunTime:0.000031s ]
INFO: [ app_init ] --END-- [ RunTime:0.000631s ]
ERR: 无法加载模块:Favicon

[ 2017-03-18T14:03:36+08:00 ] 183.11.73.244 /web/js/maps/swiper.jquery.min.js.map
INFO: [ app_init ] --START--
INFO: Run Behavior\BuildLiteBehavior [ RunTime:0.000017s ]
INFO: [ app_init ] --END-- [ RunTime:0.000425s ]
ERR: 无法加载模块:Web

[ 2017-03-18T14:03:37+08:00 ] 183.11.73.244 /img/loading.gif
INFO: [ app_init ] --START--
INFO: Run Behavior\BuildLiteBehavior [ RunTime:0.000022s ]
INFO: [ app_init ] --END-- [ RunTime:0.000412s ]
ERR: 无法加载模块:Img

[ 2017-03-18T14:07:12+08:00 ] 183.11.73.244 /web/web/css/reset.css
INFO: [ app_init ] --START--
INFO: Run Behavior\BuildLiteBehavior [ RunTime:0.000016s ]
INFO: [ app_init ] --END-- [ RunTime:0.000379s ]
ERR: 无法加载模块:Web

[ 2017-03-18T14:07:12+08:00 ] 183.11.73.244 /web/web/css/common.css
INFO: [ app_init ] --START--
INFO: Run Behavior\BuildLiteBehavior [ RunTime:0.000021s ]
INFO: [ app_init ] --END-- [ RunTime:0.000396s ]
ERR: 无法加载模块:Web

[ 2017-03-18T14:07:13+08:00 ] 183.11.73.244 /web/web/js/common/doT.min.js?v=2.4.0
INFO: [ app_init ] --START--
INFO: Run Behavior\BuildLiteBehavior [ RunTime:0.000018s ]
INFO: [ app_init ] --END-- [ RunTime:0.000413s ]
ERR: 无法加载模块:Web

[ 2017-03-18T14:07:13+08:00 ] 183.11.73.244 /web/web/js/common/common.js?v=2.4.0
INFO: [ app_init ] --START--
INFO: Run Behavior\BuildLiteBehavior [ RunTime:0.000020s ]
INFO: [ app_init ] --END-- [ RunTime:0.009538s ]
ERR: 无法加载模块:Web

[ 2017-03-18T14:07:13+08:00 ] 183.11.73.244 /web/web/js/common/function.js?v=2.4.0
INFO: [ app_init ] --START--
INFO: Run Behavior\BuildLiteBehavior [ RunTime:0.000020s ]
INFO: [ app_init ] --END-- [ RunTime:0.000713s ]
ERR: 无法加载模块:Web

[ 2017-03-18T14:07:13+08:00 ] 183.11.73.244 /web/web/js/common/config.js?v=2.4.0
INFO: [ app_init ] --START--
INFO: Run Behavior\BuildLiteBehavior [ RunTime:0.000024s ]
INFO: [ app_init ] --END-- [ RunTime:0.000419s ]
ERR: 无法加载模块:Web

[ 2017-03-18T14:07:13+08:00 ] 183.11.73.244 /web/web/js/common/jquery.cookie.js?v=2.4.0
INFO: [ app_init ] --START--
INFO: Run Behavior\BuildLiteBehavior [ RunTime:0.000047s ]
INFO: [ app_init ] --END-- [ RunTime:0.000451s ]
ERR: 无法加载模块:Web

[ 2017-03-18T14:07:13+08:00 ] 183.11.73.244 /web/web/js/common/jquery.min.js?v=2.4.0
INFO: [ app_init ] --START--
INFO: Run Behavior\BuildLiteBehavior [ RunTime:0.000025s ]
INFO: [ app_init ] --END-- [ RunTime:0.016032s ]
ERR: 无法加载模块:Web

[ 2017-03-18T14:07:13+08:00 ] 183.11.73.244 /web/web/js/common/common.js?v=2.4.0
INFO: [ app_init ] --START--
INFO: Run Behavior\BuildLiteBehavior [ RunTime:0.000028s ]
INFO: [ app_init ] --END-- [ RunTime:0.000505s ]
ERR: 无法加载模块:Web

[ 2017-03-18T14:07:13+08:00 ] 183.11.73.244 /web/web/js/common/doT.min.js?v=2.4.0
INFO: [ app_init ] --START--
INFO: Run Behavior\BuildLiteBehavior [ RunTime:0.000032s ]
INFO: [ app_init ] --END-- [ RunTime:0.005101s ]
ERR: 无法加载模块:Web

[ 2017-03-18T14:07:13+08:00 ] 183.11.73.244 /web/web/js/common/jquery.cookie.js?v=2.4.0
INFO: [ app_init ] --START--
INFO: Run Behavior\BuildLiteBehavior [ RunTime:0.000021s ]
INFO: [ app_init ] --END-- [ RunTime:0.000403s ]
ERR: 无法加载模块:Web

[ 2017-03-18T14:07:13+08:00 ] 183.11.73.244 /web/web/js/common/doT.min.js?v=2.4.0
INFO: [ app_init ] --START--
INFO: Run Behavior\BuildLiteBehavior [ RunTime:0.000018s ]
INFO: [ app_init ] --END-- [ RunTime:0.000452s ]
ERR: 无法加载模块:Web

[ 2017-03-18T14:07:13+08:00 ] 183.11.73.244 /web/web/js/common/common.js?v=2.4.0
INFO: [ app_init ] --START--
INFO: Run Behavior\BuildLiteBehavior [ RunTime:0.000018s ]
INFO: [ app_init ] --END-- [ RunTime:0.000409s ]
ERR: 无法加载模块:Web

[ 2017-03-18T14:07:13+08:00 ] 183.11.73.244 /web/web/js/common/function.js?v=2.4.0
INFO: [ app_init ] --START--
INFO: Run Behavior\BuildLiteBehavior [ RunTime:0.000020s ]
INFO: [ app_init ] --END-- [ RunTime:0.000403s ]
ERR: 无法加载模块:Web

[ 2017-03-18T14:07:13+08:00 ] 183.11.73.244 /web/js/maps/swiper.jquery.min.js.map
INFO: [ app_init ] --START--
INFO: Run Behavior\BuildLiteBehavior [ RunTime:0.000024s ]
INFO: [ app_init ] --END-- [ RunTime:0.000422s ]
ERR: 无法加载模块:Web

[ 2017-03-18T14:10:24+08:00 ] 183.11.73.244 /web/web/css/common.css
INFO: [ app_init ] --START--
INFO: Run Behavior\BuildLiteBehavior [ RunTime:0.000029s ]
INFO: [ app_init ] --END-- [ RunTime:0.000407s ]
ERR: 无法加载模块:Web

[ 2017-03-18T14:10:24+08:00 ] 183.11.73.244 /web/web/css/reset.css
INFO: [ app_init ] --START--
INFO: Run Behavior\BuildLiteBehavior [ RunTime:0.000021s ]
INFO: [ app_init ] --END-- [ RunTime:0.000381s ]
ERR: 无法加载模块:Web

[ 2017-03-18T14:10:24+08:00 ] 183.11.73.244 /web/web/js/common/function.js?v=2.4.0
INFO: [ app_init ] --START--
INFO: Run Behavior\BuildLiteBehavior [ RunTime:0.000024s ]
INFO: [ app_init ] --END-- [ RunTime:0.013497s ]
ERR: 无法加载模块:Web

[ 2017-03-18T14:10:24+08:00 ] 183.11.73.244 /web/web/js/common/common.js?v=2.4.0
INFO: [ app_init ] --START--
INFO: Run Behavior\BuildLiteBehavior [ RunTime:0.000018s ]
INFO: [ app_init ] --END-- [ RunTime:0.005138s ]
ERR: 无法加载模块:Web

[ 2017-03-18T14:10:24+08:00 ] 183.11.73.244 /web/web/js/common/jquery.min.js?v=2.4.0
INFO: [ app_init ] --START--
INFO: Run Behavior\BuildLiteBehavior [ RunTime:0.000018s ]
INFO: [ app_init ] --END-- [ RunTime:0.000360s ]
ERR: 无法加载模块:Web

[ 2017-03-18T14:10:24+08:00 ] 183.11.73.244 /web/web/js/common/config.js?v=2.4.0
INFO: [ app_init ] --START--
INFO: Run Behavior\BuildLiteBehavior [ RunTime:0.000019s ]
INFO: [ app_init ] --END-- [ RunTime:0.000379s ]
ERR: 无法加载模块:Web

[ 2017-03-18T14:10:24+08:00 ] 183.11.73.244 /web/web/js/common/jquery.cookie.js?v=2.4.0
INFO: [ app_init ] --START--
INFO: Run Behavior\BuildLiteBehavior [ RunTime:0.000024s ]
INFO: [ app_init ] --END-- [ RunTime:0.009504s ]
ERR: 无法加载模块:Web

[ 2017-03-18T14:10:24+08:00 ] 183.11.73.244 /web/web/js/common/doT.min.js?v=2.4.0
INFO: [ app_init ] --START--
INFO: Run Behavior\BuildLiteBehavior [ RunTime:0.000022s ]
INFO: [ app_init ] --END-- [ RunTime:0.000380s ]
ERR: 无法加载模块:Web

[ 2017-03-18T14:10:24+08:00 ] 183.11.73.244 /web/web/js/common/common.js?v=2.4.0
INFO: [ app_init ] --START--
INFO: Run Behavior\BuildLiteBehavior [ RunTime:0.000024s ]
INFO: [ app_init ] --END-- [ RunTime:0.002640s ]
ERR: 无法加载模块:Web

[ 2017-03-18T14:10:24+08:00 ] 183.11.73.244 /web/web/js/common/doT.min.js?v=2.4.0
INFO: [ app_init ] --START--
INFO: Run Behavior\BuildLiteBehavior [ RunTime:0.000018s ]
INFO: [ app_init ] --END-- [ RunTime:0.000413s ]
ERR: 无法加载模块:Web

[ 2017-03-18T14:10:24+08:00 ] 183.11.73.244 /web/web/js/common/common.js?v=2.4.0
INFO: [ app_init ] --START--
INFO: Run Behavior\BuildLiteBehavior [ RunTime:0.000022s ]
INFO: [ app_init ] --END-- [ RunTime:0.000404s ]
ERR: 无法加载模块:Web

[ 2017-03-18T14:10:24+08:00 ] 183.11.73.244 /web/web/js/common/function.js?v=2.4.0
INFO: [ app_init ] --START--
INFO: Run Behavior\BuildLiteBehavior [ RunTime:0.000021s ]
INFO: [ app_init ] --END-- [ RunTime:0.000414s ]
ERR: 无法加载模块:Web

[ 2017-03-18T14:10:24+08:00 ] 183.11.73.244 /web/js/maps/swiper.jquery.min.js.map
INFO: [ app_init ] --START--
INFO: Run Behavior\BuildLiteBehavior [ RunTime:0.000024s ]
INFO: [ app_init ] --END-- [ RunTime:0.000485s ]
ERR: 无法加载模块:Web

[ 2017-03-18T14:16:11+08:00 ] 183.11.73.244 /travels/index.html
INFO: [ app_init ] --START--
INFO: Run Behavior\BuildLiteBehavior [ RunTime:0.000022s ]
INFO: [ app_init ] --END-- [ RunTime:0.000488s ]
ERR: 无法加载模块:Travels

[ 2017-03-18T14:16:14+08:00 ] 183.11.73.244 /favicon.ico
INFO: [ app_init ] --START--
INFO: Run Behavior\BuildLiteBehavior [ RunTime:0.000020s ]
INFO: [ app_init ] --END-- [ RunTime:0.000381s ]
ERR: 无法加载模块:Favicon

[ 2017-03-18T14:16:19+08:00 ] 183.11.73.244 /img/loading.gif
INFO: [ app_init ] --START--
INFO: Run Behavior\BuildLiteBehavior [ RunTime:0.000021s ]
INFO: [ app_init ] --END-- [ RunTime:0.000414s ]
ERR: 无法加载模块:Img

[ 2017-03-18T14:16:19+08:00 ] 183.11.73.244 /web/js/maps/swiper.jquery.min.js.map
INFO: [ app_init ] --START--
INFO: Run Behavior\BuildLiteBehavior [ RunTime:0.000021s ]
INFO: [ app_init ] --END-- [ RunTime:0.000442s ]
ERR: 无法加载模块:Web

[ 2017-03-18T14:16:39+08:00 ] 183.11.73.244 /web/web/css/common.css
INFO: [ app_init ] --START--
INFO: Run Behavior\BuildLiteBehavior [ RunTime:0.000020s ]
INFO: [ app_init ] --END-- [ RunTime:0.000387s ]
ERR: 无法加载模块:Web

[ 2017-03-18T14:16:39+08:00 ] 183.11.73.244 /web/web/css/reset.css
INFO: [ app_init ] --START--
INFO: Run Behavior\BuildLiteBehavior [ RunTime:0.000017s ]
INFO: [ app_init ] --END-- [ RunTime:0.000408s ]
ERR: 无法加载模块:Web

[ 2017-03-18T14:16:39+08:00 ] 183.11.73.244 /web/web/js/common/jquery.cookie.js?v=2.4.0
INFO: [ app_init ] --START--
INFO: Run Behavior\BuildLiteBehavior [ RunTime:0.000022s ]
INFO: [ app_init ] --END-- [ RunTime:0.009033s ]
ERR: 无法加载模块:Web

[ 2017-03-18T14:16:39+08:00 ] 183.11.73.244 /web/web/js/common/common.js?v=2.4.0
INFO: [ app_init ] --START--
INFO: Run Behavior\BuildLiteBehavior [ RunTime:0.000024s ]
INFO: [ app_init ] --END-- [ RunTime:0.008865s ]
ERR: 无法加载模块:Web

[ 2017-03-18T14:16:39+08:00 ] 183.11.73.244 /web/web/js/common/jquery.min.js?v=2.4.0
INFO: [ app_init ] --START--
INFO: Run Behavior\BuildLiteBehavior [ RunTime:0.000035s ]
INFO: [ app_init ] --END-- [ RunTime:0.000444s ]
ERR: 无法加载模块:Web

[ 2017-03-18T14:16:39+08:00 ] 183.11.73.244 /web/web/js/common/doT.min.js?v=2.4.0
INFO: [ app_init ] --START--
INFO: Run Behavior\BuildLiteBehavior [ RunTime:0.000019s ]
INFO: [ app_init ] --END-- [ RunTime:0.000407s ]
ERR: 无法加载模块:Web

[ 2017-03-18T14:16:39+08:00 ] 183.11.73.244 /web/web/js/common/function.js?v=2.4.0
INFO: [ app_init ] --START--
INFO: Run Behavior\BuildLiteBehavior [ RunTime:0.000019s ]
INFO: [ app_init ] --END-- [ RunTime:0.000400s ]
ERR: 无法加载模块:Web

[ 2017-03-18T14:16:39+08:00 ] 183.11.73.244 /web/web/js/common/config.js?v=2.4.0
INFO: [ app_init ] --START--
INFO: Run Behavior\BuildLiteBehavior [ RunTime:0.000022s ]
INFO: [ app_init ] --END-- [ RunTime:0.000416s ]
ERR: 无法加载模块:Web

[ 2017-03-18T14:16:40+08:00 ] 183.11.73.244 /web/web/js/common/jquery.cookie.js?v=2.4.0
INFO: [ app_init ] --START--
INFO: Run Behavior\BuildLiteBehavior [ RunTime:0.000023s ]
INFO: [ app_init ] --END-- [ RunTime:0.000429s ]
ERR: 无法加载模块:Web

[ 2017-03-18T14:16:40+08:00 ] 183.11.73.244 /web/web/js/common/jquery.min.js?v=2.4.0
INFO: [ app_init ] --START--
INFO: Run Behavior\BuildLiteBehavior [ RunTime:0.000026s ]
INFO: [ app_init ] --END-- [ RunTime:0.009510s ]
ERR: 无法加载模块:Web

[ 2017-03-18T14:16:40+08:00 ] 183.11.73.244 /web/web/js/common/function.js?v=2.4.0
INFO: [ app_init ] --START--
INFO: Run Behavior\BuildLiteBehavior [ RunTime:0.000018s ]
INFO: [ app_init ] --END-- [ RunTime:0.000993s ]
ERR: 无法加载模块:Web

[ 2017-03-18T14:16:40+08:00 ] 183.11.73.244 /web/web/js/common/doT.min.js?v=2.4.0
INFO: [ app_init ] --START--
INFO: Run Behavior\BuildLiteBehavior [ RunTime:0.000024s ]
INFO: [ app_init ] --END-- [ RunTime:0.000536s ]
ERR: 无法加载模块:Web

[ 2017-03-18T14:16:40+08:00 ] 183.11.73.244 /web/web/js/common/common.js?v=2.4.0
INFO: [ app_init ] --START--
INFO: Run Behavior\BuildLiteBehavior [ RunTime:0.000017s ]
INFO: [ app_init ] --END-- [ RunTime:0.000379s ]
ERR: 无法加载模块:Web

[ 2017-03-18T14:16:40+08:00 ] 183.11.73.244 /web/web/js/common/jquery.cookie.js?v=2.4.0
INFO: [ app_init ] --START--
INFO: Run Behavior\BuildLiteBehavior [ RunTime:0.000024s ]
INFO: [ app_init ] --END-- [ RunTime:0.000488s ]
ERR: 无法加载模块:Web

[ 2017-03-18T14:16:40+08:00 ] 183.11.73.244 /web/web/js/common/doT.min.js?v=2.4.0
INFO: [ app_init ] --START--
INFO: Run Behavior\BuildLiteBehavior [ RunTime:0.000019s ]
INFO: [ app_init ] --END-- [ RunTime:0.000389s ]
ERR: 无法加载模块:Web

[ 2017-03-18T14:16:40+08:00 ] 183.11.73.244 /web/web/js/common/common.js?v=2.4.0
INFO: [ app_init ] --START--
INFO: Run Behavior\BuildLiteBehavior [ RunTime:0.000022s ]
INFO: [ app_init ] --END-- [ RunTime:0.000470s ]
ERR: 无法加载模块:Web

[ 2017-03-18T14:16:40+08:00 ] 183.11.73.244 /web/web/js/common/function.js?v=2.4.0
INFO: [ app_init ] --START--
INFO: Run Behavior\BuildLiteBehavior [ RunTime:0.000024s ]
INFO: [ app_init ] --END-- [ RunTime:0.000488s ]
ERR: 无法加载模块:Web

[ 2017-03-18T14:16:40+08:00 ] 183.11.73.244 /web/js/maps/swiper.jquery.min.js.map
INFO: [ app_init ] --START--
INFO: Run Behavior\BuildLiteBehavior [ RunTime:0.000023s ]
INFO: [ app_init ] --END-- [ RunTime:0.000401s ]
ERR: 无法加载模块:Web

[ 2017-03-18T14:16:53+08:00 ] 183.11.73.244 /img/loading.gif
INFO: [ app_init ] --START--
INFO: Run Behavior\BuildLiteBehavior [ RunTime:0.000019s ]
INFO: [ app_init ] --END-- [ RunTime:0.000414s ]
ERR: 无法加载模块:Img

[ 2017-03-18T14:17:02+08:00 ] 183.11.73.244 /web/web/css/common.css
INFO: [ app_init ] --START--
INFO: Run Behavior\BuildLiteBehavior [ RunTime:0.000018s ]
INFO: [ app_init ] --END-- [ RunTime:0.000368s ]
ERR: 无法加载模块:Web

[ 2017-03-18T14:17:02+08:00 ] 183.11.73.244 /web/web/css/reset.css
INFO: [ app_init ] --START--
INFO: Run Behavior\BuildLiteBehavior [ RunTime:0.000025s ]
INFO: [ app_init ] --END-- [ RunTime:0.000408s ]
ERR: 无法加载模块:Web

[ 2017-03-18T14:17:02+08:00 ] 183.11.73.244 /web/web/js/common/jquery.cookie.js?v=2.4.0
INFO: [ app_init ] --START--
INFO: Run Behavior\BuildLiteBehavior [ RunTime:0.000018s ]
INFO: [ app_init ] --END-- [ RunTime:0.008500s ]
ERR: 无法加载模块:Web

[ 2017-03-18T14:17:02+08:00 ] 183.11.73.244 /web/web/js/common/config.js?v=2.4.0
INFO: [ app_init ] --START--
INFO: Run Behavior\BuildLiteBehavior [ RunTime:0.000029s ]
INFO: [ app_init ] --END-- [ RunTime:0.007566s ]
ERR: 无法加载模块:Web

[ 2017-03-18T14:17:02+08:00 ] 183.11.73.244 /web/web/js/common/jquery.min.js?v=2.4.0
INFO: [ app_init ] --START--
INFO: Run Behavior\BuildLiteBehavior [ RunTime:0.008064s ]
INFO: [ app_init ] --END-- [ RunTime:0.008547s ]
ERR: 无法加载模块:Web

[ 2017-03-18T14:17:02+08:00 ] 183.11.73.244 /web/web/js/common/doT.min.js?v=2.4.0
INFO: [ app_init ] --START--
INFO: Run Behavior\BuildLiteBehavior [ RunTime:0.000019s ]
INFO: [ app_init ] --END-- [ RunTime:0.000378s ]
ERR: 无法加载模块:Web

[ 2017-03-18T14:17:02+08:00 ] 183.11.73.244 /web/web/js/common/common.js?v=2.4.0
INFO: [ app_init ] --START--
INFO: Run Behavior\BuildLiteBehavior [ RunTime:0.000023s ]
INFO: [ app_init ] --END-- [ RunTime:0.000418s ]
ERR: 无法加载模块:Web

[ 2017-03-18T14:17:02+08:00 ] 183.11.73.244 /web/web/js/common/function.js?v=2.4.0
INFO: [ app_init ] --START--
INFO: Run Behavior\BuildLiteBehavior [ RunTime:0.000021s ]
INFO: [ app_init ] --END-- [ RunTime:0.000389s ]
ERR: 无法加载模块:Web

[ 2017-03-18T14:17:10+08:00 ] 183.11.73.244 /web/web/css/reset.css
INFO: [ app_init ] --START--
INFO: Run Behavior\BuildLiteBehavior [ RunTime:0.000020s ]
INFO: [ app_init ] --END-- [ RunTime:0.000417s ]
ERR: 无法加载模块:Web

[ 2017-03-18T14:17:10+08:00 ] 183.11.73.244 /web/web/css/common.css
INFO: [ app_init ] --START--
INFO: Run Behavior\BuildLiteBehavior [ RunTime:0.000074s ]
INFO: [ app_init ] --END-- [ RunTime:0.000438s ]
ERR: 无法加载模块:Web

[ 2017-03-18T14:17:11+08:00 ] 183.11.73.244 /web/web/js/common/config.js?v=2.4.0
INFO: [ app_init ] --START--
INFO: Run Behavior\BuildLiteBehavior [ RunTime:0.000018s ]
INFO: [ app_init ] --END-- [ RunTime:0.000378s ]
ERR: 无法加载模块:Web

[ 2017-03-18T14:17:11+08:00 ] 183.11.73.244 /web/web/js/common/jquery.min.js?v=2.4.0
INFO: [ app_init ] --START--
INFO: Run Behavior\BuildLiteBehavior [ RunTime:0.000030s ]
INFO: [ app_init ] --END-- [ RunTime:0.017578s ]
ERR: 无法加载模块:Web

[ 2017-03-18T14:17:11+08:00 ] 183.11.73.244 /web/web/js/common/jquery.cookie.js?v=2.4.0
INFO: [ app_init ] --START--
INFO: Run Behavior\BuildLiteBehavior [ RunTime:0.000019s ]
INFO: [ app_init ] --END-- [ RunTime:0.000447s ]
ERR: 无法加载模块:Web

[ 2017-03-18T14:17:11+08:00 ] 183.11.73.244 /web/web/js/common/function.js?v=2.4.0
INFO: [ app_init ] --START--
INFO: Run Behavior\BuildLiteBehavior [ RunTime:0.000024s ]
INFO: [ app_init ] --END-- [ RunTime:0.000512s ]
ERR: 无法加载模块:Web

[ 2017-03-18T14:17:11+08:00 ] 183.11.73.244 /web/web/js/common/doT.min.js?v=2.4.0
INFO: [ app_init ] --START--
INFO: Run Behavior\BuildLiteBehavior [ RunTime:0.000022s ]
INFO: [ app_init ] --END-- [ RunTime:0.000431s ]
ERR: 无法加载模块:Web

[ 2017-03-18T14:17:11+08:00 ] 183.11.73.244 /web/web/js/common/common.js?v=2.4.0
INFO: [ app_init ] --START--
INFO: Run Behavior\BuildLiteBehavior [ RunTime:0.000019s ]
INFO: [ app_init ] --END-- [ RunTime:0.000379s ]
ERR: 无法加载模块:Web

[ 2017-03-18T14:17:11+08:00 ] 183.11.73.244 /web/web/js/common/jquery.min.js?v=2.4.0
INFO: [ app_init ] --START--
INFO: Run Behavior\BuildLiteBehavior [ RunTime:0.000020s ]
INFO: [ app_init ] --END-- [ RunTime:0.000387s ]
ERR: 无法加载模块:Web

[ 2017-03-18T14:17:11+08:00 ] 183.11.73.244 /web/web/js/common/jquery.cookie.js?v=2.4.0
INFO: [ app_init ] --START--
INFO: Run Behavior\BuildLiteBehavior [ RunTime:0.000027s ]
INFO: [ app_init ] --END-- [ RunTime:0.000433s ]
ERR: 无法加载模块:Web

[ 2017-03-18T14:17:11+08:00 ] 183.11.73.244 /web/web/js/common/doT.min.js?v=2.4.0
INFO: [ app_init ] --START--
INFO: Run Behavior\BuildLiteBehavior [ RunTime:0.000019s ]
INFO: [ app_init ] --END-- [ RunTime:0.000400s ]
ERR: 无法加载模块:Web

[ 2017-03-18T14:17:11+08:00 ] 183.11.73.244 /web/web/js/common/common.js?v=2.4.0
INFO: [ app_init ] --START--
INFO: Run Behavior\BuildLiteBehavior [ RunTime:0.000023s ]
INFO: [ app_init ] --END-- [ RunTime:0.000416s ]
ERR: 无法加载模块:Web

[ 2017-03-18T14:17:11+08:00 ] 183.11.73.244 /web/web/js/common/function.js?v=2.4.0
INFO: [ app_init ] --START--
INFO: Run Behavior\BuildLiteBehavior [ RunTime:0.000020s ]
INFO: [ app_init ] --END-- [ RunTime:0.000393s ]
ERR: 无法加载模块:Web

[ 2017-03-18T14:17:11+08:00 ] 183.11.73.244 /web/js/maps/swiper.jquery.min.js.map
INFO: [ app_init ] --START--
INFO: Run Behavior\BuildLiteBehavior [ RunTime:0.000019s ]
INFO: [ app_init ] --END-- [ RunTime:0.000407s ]
ERR: 无法加载模块:Web

[ 2017-03-18T14:22:25+08:00 ] 183.11.73.244 /img/loading.gif
INFO: [ app_init ] --START--
INFO: Run Behavior\BuildLiteBehavior [ RunTime:0.000015s ]
INFO: [ app_init ] --END-- [ RunTime:0.003975s ]
ERR: 无法加载模块:Img

[ 2017-03-18T14:22:31+08:00 ] 183.11.73.244 /goodinfo.html?lineid=100003
INFO: [ app_init ] --START--
INFO: Run Behavior\BuildLiteBehavior [ RunTime:0.000021s ]
INFO: [ app_init ] --END-- [ RunTime:0.000384s ]
ERR: 无法加载模块:Goodinfo

[ 2017-03-18T14:22:36+08:00 ] 183.11.73.244 /goodinfo.html?lineid=100001
INFO: [ app_init ] --START--
INFO: Run Behavior\BuildLiteBehavior [ RunTime:0.000018s ]
INFO: [ app_init ] --END-- [ RunTime:0.000372s ]
ERR: 无法加载模块:Goodinfo

[ 2017-03-18T14:22:43+08:00 ] 183.11.73.244 /search-result.html?word=%E6%B5%B7%E5%B2%9B%E6%B8%B8
INFO: [ app_init ] --START--
INFO: Run Behavior\BuildLiteBehavior [ RunTime:0.000020s ]
INFO: [ app_init ] --END-- [ RunTime:0.000402s ]
ERR: 无法加载模块:Search-result

[ 2017-03-18T14:22:47+08:00 ] 183.11.73.244 /search-result.html?word=%E4%BA%B2%E5%AD%90%E6%B8%B8
INFO: [ app_init ] --START--
INFO: Run Behavior\BuildLiteBehavior [ RunTime:0.000020s ]
INFO: [ app_init ] --END-- [ RunTime:0.000418s ]
ERR: 无法加载模块:Search-result

[ 2017-03-18T14:26:01+08:00 ] 183.11.73.244 /web/js/maps/swiper.jquery.min.js.map
INFO: [ app_init ] --START--
INFO: Run Behavior\BuildLiteBehavior [ RunTime:0.000048s ]
INFO: [ app_init ] --END-- [ RunTime:0.000448s ]
ERR: 无法加载模块:Web

[ 2017-03-18T14:26:01+08:00 ] 183.11.73.244 /img/loading.gif
INFO: [ app_init ] --START--
INFO: Run Behavior\BuildLiteBehavior [ RunTime:0.000023s ]
INFO: [ app_init ] --END-- [ RunTime:0.000420s ]
ERR: 无法加载模块:Img

[ 2017-03-18T14:26:08+08:00 ] 183.11.73.244 /web/js/maps/swiper.jquery.min.js.map
INFO: [ app_init ] --START--
INFO: Run Behavior\BuildLiteBehavior [ RunTime:0.000117s ]
INFO: [ app_init ] --END-- [ RunTime:0.000502s ]
ERR: 无法加载模块:Web

[ 2017-03-18T14:35:45+08:00 ] 183.11.73.244 /web/js/maps/swiper.jquery.min.js.map
INFO: [ app_init ] --START--
INFO: Run Behavior\BuildLiteBehavior [ RunTime:0.000019s ]
INFO: [ app_init ] --END-- [ RunTime:0.000382s ]
ERR: 无法加载模块:Web

[ 2017-03-18T14:50:35+08:00 ] 183.11.73.244 /favicon.ico
INFO: [ app_init ] --START--
INFO: Run Behavior\BuildLiteBehavior [ RunTime:0.000022s ]
INFO: [ app_init ] --END-- [ RunTime:0.001177s ]
ERR: 无法加载模块:Favicon

[ 2017-03-18T14:50:47+08:00 ] 183.11.73.244 /favicon.ico
INFO: [ app_init ] --START--
INFO: Run Behavior\BuildLiteBehavior [ RunTime:0.000018s ]
INFO: [ app_init ] --END-- [ RunTime:0.000376s ]
ERR: 无法加载模块:Favicon

[ 2017-03-18T14:50:47+08:00 ] 183.11.73.244 /img/loading.gif
INFO: [ app_init ] --START--
INFO: Run Behavior\BuildLiteBehavior [ RunTime:0.000018s ]
INFO: [ app_init ] --END-- [ RunTime:0.000399s ]
ERR: 无法加载模块:Img

[ 2017-03-18T15:23:49+08:00 ] 14.16.19.245 /img/loading.gif
INFO: [ app_init ] --START--
INFO: Run Behavior\BuildLiteBehavior [ RunTime:0.000018s ]
INFO: [ app_init ] --END-- [ RunTime:0.000404s ]
ERR: 无法加载模块:Img

[ 2017-03-18T18:53:03+08:00 ] 14.16.19.245 /img/loading.gif
INFO: [ app_init ] --START--
INFO: Run Behavior\BuildLiteBehavior [ RunTime:0.000024s ]
INFO: [ app_init ] --END-- [ RunTime:0.000430s ]
ERR: 无法加载模块:Img

[ 2017-03-18T18:53:59+08:00 ] 14.16.19.245 /img/loading.gif
INFO: [ app_init ] --START--
INFO: Run Behavior\BuildLiteBehavior [ RunTime:0.000018s ]
INFO: [ app_init ] --END-- [ RunTime:0.000508s ]
ERR: 无法加载模块:Img

[ 2017-03-18T18:56:35+08:00 ] 14.16.19.245 /img/loading.gif
INFO: [ app_init ] --START--
INFO: Run Behavior\BuildLiteBehavior [ RunTime:0.000023s ]
INFO: [ app_init ] --END-- [ RunTime:0.000459s ]
ERR: 无法加载模块:Img

[ 2017-03-18T19:00:40+08:00 ] 14.16.19.245 /img/loading.gif
INFO: [ app_init ] --START--
INFO: Run Behavior\BuildLiteBehavior [ RunTime:0.000018s ]
INFO: [ app_init ] --END-- [ RunTime:0.000406s ]
ERR: 无法加载模块:Img

[ 2017-03-18T19:05:00+08:00 ] 14.16.19.245 /img/loading.gif
INFO: [ app_init ] --START--
INFO: Run Behavior\BuildLiteBehavior [ RunTime:0.000018s ]
INFO: [ app_init ] --END-- [ RunTime:0.000375s ]
ERR: 无法加载模块:Img

[ 2017-03-18T19:08:14+08:00 ] 183.61.52.70 /goodinfo.html?lineid=100003
INFO: [ app_init ] --START--
INFO: Run Behavior\BuildLiteBehavior [ RunTime:0.000021s ]
INFO: [ app_init ] --END-- [ RunTime:0.000384s ]
ERR: 无法加载模块:Goodinfo

[ 2017-03-18T19:08:30+08:00 ] 14.16.19.245 /img/loading.gif
INFO: [ app_init ] --START--
INFO: Run Behavior\BuildLiteBehavior [ RunTime:0.000026s ]
INFO: [ app_init ] --END-- [ RunTime:0.003978s ]
ERR: 无法加载模块:Img

[ 2017-03-18T19:08:35+08:00 ] 183.61.52.70 /search-result.html?word=%E6%B5%B7%E5%B2%9B%E6%B8%B8
INFO: [ app_init ] --START--
INFO: Run Behavior\BuildLiteBehavior [ RunTime:0.000028s ]
INFO: [ app_init ] --END-- [ RunTime:0.000436s ]
ERR: 无法加载模块:Search-result

[ 2017-03-18T19:08:43+08:00 ] 14.16.19.245 /img/loading.gif
INFO: [ app_init ] --START--
INFO: Run Behavior\BuildLiteBehavior [ RunTime:0.000019s ]
INFO: [ app_init ] --END-- [ RunTime:0.000453s ]
ERR: 无法加载模块:Img

[ 2017-03-18T19:12:55+08:00 ] 14.16.19.245 /img/loading.gif
INFO: [ app_init ] --START--
INFO: Run Behavior\BuildLiteBehavior [ RunTime:0.000024s ]
INFO: [ app_init ] --END-- [ RunTime:0.000424s ]
ERR: 无法加载模块:Img

