[ 2017-04-06T09:20:44+08:00 ] 127.0.0.1 /web/js/maps/swiper.jquery.min.js.map
INFO: [ app_init ] --START--
INFO: Run Behavior\BuildLiteBehavior [ RunTime:0.000035s ]
INFO: [ app_init ] --END-- [ RunTime:0.088025s ]
ERR: 无法加载模块:Web

[ 2017-04-06T09:20:44+08:00 ] 127.0.0.1 /favicon.ico
INFO: [ app_init ] --START--
INFO: Run Behavior\BuildLiteBehavior [ RunTime:0.000039s ]
INFO: [ app_init ] --END-- [ RunTime:0.001074s ]
ERR: 无法加载模块:Favicon

[ 2017-04-06T09:21:19+08:00 ] 127.0.0.1 /web/js/maps/swiper.jquery.min.js.map
INFO: [ app_init ] --START--
INFO: Run Behavior\BuildLiteBehavior [ RunTime:0.000024s ]
INFO: [ app_init ] --END-- [ RunTime:0.000513s ]
ERR: 无法加载模块:Web

[ 2017-04-06T09:21:26+08:00 ] 127.0.0.1 /web/js/maps/swiper.jquery.min.js.map
INFO: [ app_init ] --START--
INFO: Run Behavior\BuildLiteBehavior [ RunTime:0.000025s ]
INFO: [ app_init ] --END-- [ RunTime:0.000691s ]
ERR: 无法加载模块:Web

[ 2017-04-06T09:21:56+08:00 ] 127.0.0.1 /web/js/maps/swiper.jquery.min.js.map
INFO: [ app_init ] --START--
INFO: Run Behavior\BuildLiteBehavior [ RunTime:0.000025s ]
INFO: [ app_init ] --END-- [ RunTime:0.000492s ]
ERR: 无法加载模块:Web

[ 2017-04-06T09:25:28+08:00 ] 127.0.0.1 /web/js/maps/swiper.jquery.min.js.map
INFO: [ app_init ] --START--
INFO: Run Behavior\BuildLiteBehavior [ RunTime:0.000030s ]
INFO: [ app_init ] --END-- [ RunTime:0.001473s ]
ERR: 无法加载模块:Web

[ 2017-04-06T09:25:36+08:00 ] 127.0.0.1 /web/js/maps/swiper.jquery.min.js.map
INFO: [ app_init ] --START--
INFO: Run Behavior\BuildLiteBehavior [ RunTime:0.000024s ]
INFO: [ app_init ] --END-- [ RunTime:0.000609s ]
ERR: 无法加载模块:Web

[ 2017-04-06T09:25:54+08:00 ] 127.0.0.1 /web/js/maps/swiper.jquery.min.js.map
INFO: [ app_init ] --START--
INFO: Run Behavior\BuildLiteBehavior [ RunTime:0.000030s ]
INFO: [ app_init ] --END-- [ RunTime:0.001404s ]
ERR: 无法加载模块:Web

[ 2017-04-06T09:26:11+08:00 ] 127.0.0.1 /web/js/maps/swiper.jquery.min.js.map
INFO: [ app_init ] --START--
INFO: Run Behavior\BuildLiteBehavior [ RunTime:0.000025s ]
INFO: [ app_init ] --END-- [ RunTime:0.000589s ]
ERR: 无法加载模块:Web

[ 2017-04-06T09:26:53+08:00 ] 127.0.0.1 /web/js/maps/swiper.jquery.min.js.map
INFO: [ app_init ] --START--
INFO: Run Behavior\BuildLiteBehavior [ RunTime:0.000025s ]
INFO: [ app_init ] --END-- [ RunTime:0.000568s ]
ERR: 无法加载模块:Web

[ 2017-04-06T09:27:03+08:00 ] 127.0.0.1 /web/js/maps/swiper.jquery.min.js.map
INFO: [ app_init ] --START--
INFO: Run Behavior\BuildLiteBehavior [ RunTime:0.000022s ]
INFO: [ app_init ] --END-- [ RunTime:0.000449s ]
ERR: 无法加载模块:Web

[ 2017-04-06T09:29:47+08:00 ] 127.0.0.1 /web/js/maps/swiper.jquery.min.js.map
INFO: [ app_init ] --START--
INFO: Run Behavior\BuildLiteBehavior [ RunTime:0.000026s ]
INFO: [ app_init ] --END-- [ RunTime:0.000765s ]
ERR: 无法加载模块:Web

[ 2017-04-06T09:32:04+08:00 ] 127.0.0.1 /web/js/maps/swiper.jquery.min.js.map
INFO: [ app_init ] --START--
INFO: Run Behavior\BuildLiteBehavior [ RunTime:0.000026s ]
INFO: [ app_init ] --END-- [ RunTime:0.000704s ]
ERR: 无法加载模块:Web

[ 2017-04-06T09:32:25+08:00 ] 127.0.0.1 /web/js/maps/swiper.jquery.min.js.map
INFO: [ app_init ] --START--
INFO: Run Behavior\BuildLiteBehavior [ RunTime:0.000021s ]
INFO: [ app_init ] --END-- [ RunTime:0.000484s ]
ERR: 无法加载模块:Web

[ 2017-04-06T09:33:17+08:00 ] 127.0.0.1 /web/js/maps/swiper.jquery.min.js.map
INFO: [ app_init ] --START--
INFO: Run Behavior\BuildLiteBehavior [ RunTime:0.000026s ]
INFO: [ app_init ] --END-- [ RunTime:0.000638s ]
ERR: 无法加载模块:Web

[ 2017-04-06T09:38:31+08:00 ] 127.0.0.1 /web/js/maps/swiper.jquery.min.js.map
INFO: [ app_init ] --START--
INFO: Run Behavior\BuildLiteBehavior [ RunTime:0.000025s ]
INFO: [ app_init ] --END-- [ RunTime:0.000771s ]
ERR: 无法加载模块:Web

[ 2017-04-06T09:39:59+08:00 ] 127.0.0.1 /web/js/maps/swiper.jquery.min.js.map
INFO: [ app_init ] --START--
INFO: Run Behavior\BuildLiteBehavior [ RunTime:0.000028s ]
INFO: [ app_init ] --END-- [ RunTime:0.000771s ]
ERR: 无法加载模块:Web

[ 2017-04-06T09:40:47+08:00 ] 127.0.0.1 /web/js/maps/swiper.jquery.min.js.map
INFO: [ app_init ] --START--
INFO: Run Behavior\BuildLiteBehavior [ RunTime:0.000036s ]
INFO: [ app_init ] --END-- [ RunTime:0.000914s ]
ERR: 无法加载模块:Web

[ 2017-04-06T09:41:16+08:00 ] 127.0.0.1 /web/js/maps/swiper.jquery.min.js.map
INFO: [ app_init ] --START--
INFO: Run Behavior\BuildLiteBehavior [ RunTime:0.000022s ]
INFO: [ app_init ] --END-- [ RunTime:0.000551s ]
ERR: 无法加载模块:Web

[ 2017-04-06T09:41:40+08:00 ] 127.0.0.1 /web/js/maps/swiper.jquery.min.js.map
INFO: [ app_init ] --START--
INFO: Run Behavior\BuildLiteBehavior [ RunTime:0.000044s ]
INFO: [ app_init ] --END-- [ RunTime:0.001101s ]
ERR: 无法加载模块:Web

[ 2017-04-06T09:43:25+08:00 ] 127.0.0.1 /web/js/maps/swiper.jquery.min.js.map
INFO: [ app_init ] --START--
INFO: Run Behavior\BuildLiteBehavior [ RunTime:0.000028s ]
INFO: [ app_init ] --END-- [ RunTime:0.000645s ]
ERR: 无法加载模块:Web

[ 2017-04-06T09:48:45+08:00 ] 127.0.0.1 /web/js/maps/swiper.jquery.min.js.map
INFO: [ app_init ] --START--
INFO: Run Behavior\BuildLiteBehavior [ RunTime:0.000024s ]
INFO: [ app_init ] --END-- [ RunTime:0.000645s ]
ERR: 无法加载模块:Web

[ 2017-04-06T09:49:25+08:00 ] 127.0.0.1 /web/js/maps/swiper.jquery.min.js.map
INFO: [ app_init ] --START--
INFO: Run Behavior\BuildLiteBehavior [ RunTime:0.000027s ]
INFO: [ app_init ] --END-- [ RunTime:0.000717s ]
ERR: 无法加载模块:Web

[ 2017-04-06T09:49:45+08:00 ] 127.0.0.1 /web/js/maps/swiper.jquery.min.js.map
INFO: [ app_init ] --START--
INFO: Run Behavior\BuildLiteBehavior [ RunTime:0.000028s ]
INFO: [ app_init ] --END-- [ RunTime:0.000644s ]
ERR: 无法加载模块:Web

[ 2017-04-06T10:02:31+08:00 ] 127.0.0.1 /web/js/maps/swiper.jquery.min.js.map
INFO: [ app_init ] --START--
INFO: Run Behavior\BuildLiteBehavior [ RunTime:0.000026s ]
INFO: [ app_init ] --END-- [ RunTime:0.000776s ]
ERR: 无法加载模块:Web

[ 2017-04-06T10:04:22+08:00 ] 127.0.0.1 /web/js/maps/swiper.jquery.min.js.map
INFO: [ app_init ] --START--
INFO: Run Behavior\BuildLiteBehavior [ RunTime:0.000027s ]
INFO: [ app_init ] --END-- [ RunTime:0.000763s ]
ERR: 无法加载模块:Web

[ 2017-04-06T10:10:40+08:00 ] 127.0.0.1 /web/js/maps/swiper.jquery.min.js.map
INFO: [ app_init ] --START--
INFO: Run Behavior\BuildLiteBehavior [ RunTime:0.000036s ]
INFO: [ app_init ] --END-- [ RunTime:0.000806s ]
ERR: 无法加载模块:Web

[ 2017-04-06T10:24:33+08:00 ] 127.0.0.1 /web/js/maps/swiper.jquery.min.js.map
INFO: [ app_init ] --START--
INFO: Run Behavior\BuildLiteBehavior [ RunTime:0.000025s ]
INFO: [ app_init ] --END-- [ RunTime:0.000769s ]
ERR: 无法加载模块:Web

[ 2017-04-06T10:24:34+08:00 ] 127.0.0.1 /web/js/maps/swiper.jquery.min.js.map
INFO: [ app_init ] --START--
INFO: Run Behavior\BuildLiteBehavior [ RunTime:0.000026s ]
INFO: [ app_init ] --END-- [ RunTime:0.000752s ]
ERR: 无法加载模块:Web

[ 2017-04-06T10:27:09+08:00 ] 127.0.0.1 /web/js/maps/swiper.jquery.min.js.map
INFO: [ app_init ] --START--
INFO: Run Behavior\BuildLiteBehavior [ RunTime:0.000028s ]
INFO: [ app_init ] --END-- [ RunTime:0.000751s ]
ERR: 无法加载模块:Web

[ 2017-04-06T10:27:32+08:00 ] 127.0.0.1 /web/js/maps/swiper.jquery.min.js.map
INFO: [ app_init ] --START--
INFO: Run Behavior\BuildLiteBehavior [ RunTime:0.000028s ]
INFO: [ app_init ] --END-- [ RunTime:0.000716s ]
ERR: 无法加载模块:Web

[ 2017-04-06T10:28:30+08:00 ] 127.0.0.1 /web/js/maps/swiper.jquery.min.js.map
INFO: [ app_init ] --START--
INFO: Run Behavior\BuildLiteBehavior [ RunTime:0.000028s ]
INFO: [ app_init ] --END-- [ RunTime:0.000832s ]
ERR: 无法加载模块:Web

[ 2017-04-06T10:30:49+08:00 ] 127.0.0.1 /web/js/maps/swiper.jquery.min.js.map
INFO: [ app_init ] --START--
INFO: Run Behavior\BuildLiteBehavior [ RunTime:0.000024s ]
INFO: [ app_init ] --END-- [ RunTime:0.000590s ]
ERR: 无法加载模块:Web

[ 2017-04-06T10:32:19+08:00 ] 127.0.0.1 /web/js/maps/swiper.jquery.min.js.map
INFO: [ app_init ] --START--
INFO: Run Behavior\BuildLiteBehavior [ RunTime:0.000026s ]
INFO: [ app_init ] --END-- [ RunTime:0.000633s ]
ERR: 无法加载模块:Web

[ 2017-04-06T10:42:01+08:00 ] 127.0.0.1 /web/js/maps/swiper.jquery.min.js.map
INFO: [ app_init ] --START--
INFO: Run Behavior\BuildLiteBehavior [ RunTime:0.000026s ]
INFO: [ app_init ] --END-- [ RunTime:0.000771s ]
ERR: 无法加载模块:Web

[ 2017-04-06T10:48:50+08:00 ] 127.0.0.1 /web/js/maps/swiper.jquery.min.js.map
INFO: [ app_init ] --START--
INFO: Run Behavior\BuildLiteBehavior [ RunTime:0.000028s ]
INFO: [ app_init ] --END-- [ RunTime:0.000741s ]
ERR: 无法加载模块:Web

[ 2017-04-06T10:48:51+08:00 ] 127.0.0.1 /web/js/maps/swiper.jquery.min.js.map
INFO: [ app_init ] --START--
INFO: Run Behavior\BuildLiteBehavior [ RunTime:0.000027s ]
INFO: [ app_init ] --END-- [ RunTime:0.000840s ]
ERR: 无法加载模块:Web

[ 2017-04-06T10:49:30+08:00 ] 127.0.0.1 /web/js/maps/swiper.jquery.min.js.map
INFO: [ app_init ] --START--
INFO: Run Behavior\BuildLiteBehavior [ RunTime:0.000024s ]
INFO: [ app_init ] --END-- [ RunTime:0.000549s ]
ERR: 无法加载模块:Web

[ 2017-04-06T10:50:57+08:00 ] 127.0.0.1 /web/js/maps/swiper.jquery.min.js.map
INFO: [ app_init ] --START--
INFO: Run Behavior\BuildLiteBehavior [ RunTime:0.000024s ]
INFO: [ app_init ] --END-- [ RunTime:0.000621s ]
ERR: 无法加载模块:Web

[ 2017-04-06T10:51:39+08:00 ] 127.0.0.1 /web/js/maps/swiper.jquery.min.js.map
INFO: [ app_init ] --START--
INFO: Run Behavior\BuildLiteBehavior [ RunTime:0.000050s ]
INFO: [ app_init ] --END-- [ RunTime:0.000774s ]
ERR: 无法加载模块:Web

[ 2017-04-06T10:53:25+08:00 ] 127.0.0.1 /web/js/maps/swiper.jquery.min.js.map
INFO: [ app_init ] --START--
INFO: Run Behavior\BuildLiteBehavior [ RunTime:0.000027s ]
INFO: [ app_init ] --END-- [ RunTime:0.000717s ]
ERR: 无法加载模块:Web

[ 2017-04-06T10:55:36+08:00 ] 127.0.0.1 /web/js/maps/swiper.jquery.min.js.map
INFO: [ app_init ] --START--
INFO: Run Behavior\BuildLiteBehavior [ RunTime:0.000025s ]
INFO: [ app_init ] --END-- [ RunTime:0.000686s ]
ERR: 无法加载模块:Web

[ 2017-04-06T10:56:39+08:00 ] 127.0.0.1 /web/js/maps/swiper.jquery.min.js.map
INFO: [ app_init ] --START--
INFO: Run Behavior\BuildLiteBehavior [ RunTime:0.000040s ]
INFO: [ app_init ] --END-- [ RunTime:0.001228s ]
ERR: 无法加载模块:Web

[ 2017-04-06T10:58:55+08:00 ] 127.0.0.1 /web/js/maps/swiper.jquery.min.js.map
INFO: [ app_init ] --START--
INFO: Run Behavior\BuildLiteBehavior [ RunTime:0.000026s ]
INFO: [ app_init ] --END-- [ RunTime:0.000674s ]
ERR: 无法加载模块:Web

[ 2017-04-06T10:58:58+08:00 ] 127.0.0.1 /web/js/maps/swiper.jquery.min.js.map
INFO: [ app_init ] --START--
INFO: Run Behavior\BuildLiteBehavior [ RunTime:0.000026s ]
INFO: [ app_init ] --END-- [ RunTime:0.000581s ]
ERR: 无法加载模块:Web

[ 2017-04-06T11:11:26+08:00 ] 127.0.0.1 /web/js/maps/swiper.jquery.min.js.map
INFO: [ app_init ] --START--
INFO: Run Behavior\BuildLiteBehavior [ RunTime:0.000025s ]
INFO: [ app_init ] --END-- [ RunTime:0.000840s ]
ERR: 无法加载模块:Web

[ 2017-04-06T11:11:28+08:00 ] 127.0.0.1 /web/js/maps/swiper.jquery.min.js.map
INFO: [ app_init ] --START--
INFO: Run Behavior\BuildLiteBehavior [ RunTime:0.000026s ]
INFO: [ app_init ] --END-- [ RunTime:0.000621s ]
ERR: 无法加载模块:Web

[ 2017-04-06T11:14:05+08:00 ] 127.0.0.1 /web/js/maps/swiper.jquery.min.js.map
INFO: [ app_init ] --START--
INFO: Run Behavior\BuildLiteBehavior [ RunTime:0.000027s ]
INFO: [ app_init ] --END-- [ RunTime:0.000672s ]
ERR: 无法加载模块:Web

[ 2017-04-06T11:16:30+08:00 ] 127.0.0.1 /web/js/maps/swiper.jquery.min.js.map
INFO: [ app_init ] --START--
INFO: Run Behavior\BuildLiteBehavior [ RunTime:0.000031s ]
INFO: [ app_init ] --END-- [ RunTime:0.000944s ]
ERR: 无法加载模块:Web

[ 2017-04-06T11:17:26+08:00 ] 127.0.0.1 /web/js/maps/swiper.jquery.min.js.map
INFO: [ app_init ] --START--
INFO: Run Behavior\BuildLiteBehavior [ RunTime:0.000029s ]
INFO: [ app_init ] --END-- [ RunTime:0.000848s ]
ERR: 无法加载模块:Web

[ 2017-04-06T12:07:15+08:00 ] 127.0.0.1 /favicon.ico
INFO: [ app_init ] --START--
INFO: Run Behavior\BuildLiteBehavior [ RunTime:0.000044s ]
INFO: [ app_init ] --END-- [ RunTime:0.046054s ]
ERR: 无法加载模块:Favicon

[ 2017-04-06T12:07:16+08:00 ] 127.0.0.1 /favicon.ico
INFO: [ app_init ] --START--
INFO: Run Behavior\BuildLiteBehavior [ RunTime:0.000027s ]
INFO: [ app_init ] --END-- [ RunTime:0.000761s ]
ERR: 无法加载模块:Favicon

[ 2017-04-06T12:07:16+08:00 ] 127.0.0.1 /favicon.ico
INFO: [ app_init ] --START--
INFO: Run Behavior\BuildLiteBehavior [ RunTime:0.000023s ]
INFO: [ app_init ] --END-- [ RunTime:0.000561s ]
ERR: 无法加载模块:Favicon

[ 2017-04-06T13:55:27+08:00 ] 127.0.0.1 /web/js/maps/swiper.jquery.min.js.map
INFO: [ app_init ] --START--
INFO: Run Behavior\BuildLiteBehavior [ RunTime:0.000033s ]
INFO: [ app_init ] --END-- [ RunTime:0.039620s ]
ERR: 无法加载模块:Web

[ 2017-04-06T13:55:42+08:00 ] 127.0.0.1 /web/js/maps/swiper.jquery.min.js.map
INFO: [ app_init ] --START--
INFO: Run Behavior\BuildLiteBehavior [ RunTime:0.000028s ]
INFO: [ app_init ] --END-- [ RunTime:0.000620s ]
ERR: 无法加载模块:Web

[ 2017-04-06T13:56:00+08:00 ] 127.0.0.1 /web/js/maps/swiper.jquery.min.js.map
INFO: [ app_init ] --START--
INFO: Run Behavior\BuildLiteBehavior [ RunTime:0.000026s ]
INFO: [ app_init ] --END-- [ RunTime:0.000605s ]
ERR: 无法加载模块:Web

[ 2017-04-06T13:56:04+08:00 ] 127.0.0.1 /web/js/maps/swiper.jquery.min.js.map
INFO: [ app_init ] --START--
INFO: Run Behavior\BuildLiteBehavior [ RunTime:0.000024s ]
INFO: [ app_init ] --END-- [ RunTime:0.000566s ]
ERR: 无法加载模块:Web

[ 2017-04-06T13:57:45+08:00 ] 127.0.0.1 /web/js/maps/swiper.jquery.min.js.map
INFO: [ app_init ] --START--
INFO: Run Behavior\BuildLiteBehavior [ RunTime:0.000026s ]
INFO: [ app_init ] --END-- [ RunTime:0.000636s ]
ERR: 无法加载模块:Web

[ 2017-04-06T13:58:26+08:00 ] 127.0.0.1 /web/js/maps/swiper.jquery.min.js.map
INFO: [ app_init ] --START--
INFO: Run Behavior\BuildLiteBehavior [ RunTime:0.000024s ]
INFO: [ app_init ] --END-- [ RunTime:0.000551s ]
ERR: 无法加载模块:Web

[ 2017-04-06T13:59:10+08:00 ] 127.0.0.1 /web/js/maps/swiper.jquery.min.js.map
INFO: [ app_init ] --START--
INFO: Run Behavior\BuildLiteBehavior [ RunTime:0.000028s ]
INFO: [ app_init ] --END-- [ RunTime:0.000976s ]
ERR: 无法加载模块:Web

[ 2017-04-06T13:59:44+08:00 ] 127.0.0.1 /web/js/maps/swiper.jquery.min.js.map
INFO: [ app_init ] --START--
INFO: Run Behavior\BuildLiteBehavior [ RunTime:0.000023s ]
INFO: [ app_init ] --END-- [ RunTime:0.000542s ]
ERR: 无法加载模块:Web

[ 2017-04-06T14:04:03+08:00 ] 127.0.0.1 /web/js/maps/swiper.jquery.min.js.map
INFO: [ app_init ] --START--
INFO: Run Behavior\BuildLiteBehavior [ RunTime:0.000024s ]
INFO: [ app_init ] --END-- [ RunTime:0.000584s ]
ERR: 无法加载模块:Web

[ 2017-04-06T14:04:12+08:00 ] 127.0.0.1 /web/js/maps/swiper.jquery.min.js.map
INFO: [ app_init ] --START--
INFO: Run Behavior\BuildLiteBehavior [ RunTime:0.000161s ]
INFO: [ app_init ] --END-- [ RunTime:0.001304s ]
ERR: 无法加载模块:Web

[ 2017-04-06T14:04:20+08:00 ] 127.0.0.1 /web/js/maps/swiper.jquery.min.js.map
INFO: [ app_init ] --START--
INFO: Run Behavior\BuildLiteBehavior [ RunTime:0.000026s ]
INFO: [ app_init ] --END-- [ RunTime:0.000785s ]
ERR: 无法加载模块:Web

[ 2017-04-06T14:06:01+08:00 ] 127.0.0.1 /web/js/maps/swiper.jquery.min.js.map
INFO: [ app_init ] --START--
INFO: Run Behavior\BuildLiteBehavior [ RunTime:0.000034s ]
INFO: [ app_init ] --END-- [ RunTime:0.001006s ]
ERR: 无法加载模块:Web

[ 2017-04-06T14:06:10+08:00 ] 127.0.0.1 /web/js/maps/swiper.jquery.min.js.map
INFO: [ app_init ] --START--
INFO: Run Behavior\BuildLiteBehavior [ RunTime:0.000026s ]
INFO: [ app_init ] --END-- [ RunTime:0.000616s ]
ERR: 无法加载模块:Web

[ 2017-04-06T14:07:01+08:00 ] 127.0.0.1 /web/js/maps/swiper.jquery.min.js.map
INFO: [ app_init ] --START--
INFO: Run Behavior\BuildLiteBehavior [ RunTime:0.000027s ]
INFO: [ app_init ] --END-- [ RunTime:0.000617s ]
ERR: 无法加载模块:Web

[ 2017-04-06T14:08:50+08:00 ] 127.0.0.1 /web/js/maps/swiper.jquery.min.js.map
INFO: [ app_init ] --START--
INFO: Run Behavior\BuildLiteBehavior [ RunTime:0.000030s ]
INFO: [ app_init ] --END-- [ RunTime:0.000842s ]
ERR: 无法加载模块:Web

[ 2017-04-06T14:09:01+08:00 ] 127.0.0.1 /web/js/maps/swiper.jquery.min.js.map
INFO: [ app_init ] --START--
INFO: Run Behavior\BuildLiteBehavior [ RunTime:0.000023s ]
INFO: [ app_init ] --END-- [ RunTime:0.000480s ]
ERR: 无法加载模块:Web

[ 2017-04-06T14:09:45+08:00 ] 127.0.0.1 /web/js/maps/swiper.jquery.min.js.map
INFO: [ app_init ] --START--
INFO: Run Behavior\BuildLiteBehavior [ RunTime:0.000040s ]
INFO: [ app_init ] --END-- [ RunTime:0.000990s ]
ERR: 无法加载模块:Web

[ 2017-04-06T14:09:53+08:00 ] 127.0.0.1 /web/js/maps/swiper.jquery.min.js.map
INFO: [ app_init ] --START--
INFO: Run Behavior\BuildLiteBehavior [ RunTime:0.000096s ]
INFO: [ app_init ] --END-- [ RunTime:0.000818s ]
ERR: 无法加载模块:Web

[ 2017-04-06T14:29:18+08:00 ] 127.0.0.1 /web/js/maps/swiper.jquery.min.js.map
INFO: [ app_init ] --START--
INFO: Run Behavior\BuildLiteBehavior [ RunTime:0.000027s ]
INFO: [ app_init ] --END-- [ RunTime:0.000757s ]
ERR: 无法加载模块:Web

[ 2017-04-06T14:32:17+08:00 ] 127.0.0.1 /web/js/maps/swiper.jquery.min.js.map
INFO: [ app_init ] --START--
INFO: Run Behavior\BuildLiteBehavior [ RunTime:0.000041s ]
INFO: [ app_init ] --END-- [ RunTime:0.000661s ]
ERR: 无法加载模块:Web

[ 2017-04-06T14:51:20+08:00 ] 127.0.0.1 /web/js/maps/swiper.jquery.min.js.map
INFO: [ app_init ] --START--
INFO: Run Behavior\BuildLiteBehavior [ RunTime:0.000035s ]
INFO: [ app_init ] --END-- [ RunTime:0.001013s ]
ERR: 无法加载模块:Web

[ 2017-04-06T17:36:45+08:00 ] 127.0.0.1 /web/js/maps/swiper.jquery.min.js.map
INFO: [ app_init ] --START--
INFO: Run Behavior\BuildLiteBehavior [ RunTime:0.000036s ]
INFO: [ app_init ] --END-- [ RunTime:0.006453s ]
ERR: 无法加载模块:Web

[ 2017-04-06T17:46:17+08:00 ] 127.0.0.1 /web/js/maps/swiper.jquery.min.js.map
INFO: [ app_init ] --START--
INFO: Run Behavior\BuildLiteBehavior [ RunTime:0.000030s ]
INFO: [ app_init ] --END-- [ RunTime:0.122335s ]
ERR: 无法加载模块:Web

