[ 2016-11-19T13:33:19+08:00 ] 127.0.0.1 /Home/index/index
INFO: [ app_init ] --START--
INFO: Run Behavior\BuildLiteBehavior [ RunTime:0.000042s ]
INFO: [ app_init ] --END-- [ RunTime:0.028631s ]
INFO: [ app_begin ] --START--
INFO: Run Behavior\ReadHtmlCacheBehavior [ RunTime:0.017115s ]
INFO: [ app_begin ] --END-- [ RunTime:0.017342s ]
INFO: [ view_parse ] --START--
INFO: [ template_filter ] --START--
INFO: Run Behavior\ContentReplaceBehavior [ RunTime:0.020684s ]
INFO: [ template_filter ] --END-- [ RunTime:0.020927s ]
INFO: Run Behavior\ParseTemplateBehavior [ RunTime:0.409860s ]
INFO: [ view_parse ] --END-- [ RunTime:0.410238s ]
INFO: [ view_filter ] --START--
INFO: Run Behavior\WriteHtmlCacheBehavior [ RunTime:0.052389s ]
INFO: [ view_filter ] --END-- [ RunTime:0.052919s ]
INFO: [ app_end ] --START--
INFO: Run Behavior\ShowPageTraceBehavior [ RunTime:0.041618s ]
INFO: [ app_end ] --END-- [ RunTime:0.042147s ]

[ 2016-11-19T13:33:48+08:00 ] 127.0.0.1 /Home/index/index
INFO: [ app_init ] --START--
INFO: Run Behavior\BuildLiteBehavior [ RunTime:0.000035s ]
INFO: [ app_init ] --END-- [ RunTime:0.000498s ]
INFO: [ app_begin ] --START--
INFO: Run Behavior\ReadHtmlCacheBehavior [ RunTime:0.000663s ]
INFO: [ app_begin ] --END-- [ RunTime:0.000843s ]
INFO: [ view_parse ] --START--
INFO: [ template_filter ] --START--
INFO: Run Behavior\ContentReplaceBehavior [ RunTime:0.000309s ]
INFO: [ template_filter ] --END-- [ RunTime:0.000771s ]
NOTIC: [8] Undefined variable: userId E:\wamp\www\test\Application\Runtime\Cache\Home\4529341d1c5214299e03ea69da3d0187.php 第 26 行.
NOTIC: [8] Undefined variable: subs E:\wamp\www\test\Application\Runtime\Cache\Home\4529341d1c5214299e03ea69da3d0187.php 第 37 行.
NOTIC: [8] Undefined variable: eventId E:\wamp\www\test\Application\Runtime\Cache\Home\4529341d1c5214299e03ea69da3d0187.php 第 88 行.
NOTIC: [8] Undefined variable: url E:\wamp\www\test\Application\Runtime\Cache\Home\4529341d1c5214299e03ea69da3d0187.php 第 93 行.
INFO: Run Behavior\ParseTemplateBehavior [ RunTime:0.243504s ]
INFO: [ view_parse ] --END-- [ RunTime:0.243754s ]
INFO: [ view_filter ] --START--
INFO: Run Behavior\WriteHtmlCacheBehavior [ RunTime:0.000614s ]
INFO: [ view_filter ] --END-- [ RunTime:0.000921s ]
INFO: [ app_end ] --START--
INFO: Run Behavior\ShowPageTraceBehavior [ RunTime:0.001401s ]
INFO: [ app_end ] --END-- [ RunTime:0.001839s ]

[ 2016-11-19T13:33:57+08:00 ] 127.0.0.1 /Home/index/index
INFO: [ app_init ] --START--
INFO: Run Behavior\BuildLiteBehavior [ RunTime:0.000046s ]
INFO: [ app_init ] --END-- [ RunTime:0.000605s ]
INFO: [ app_begin ] --START--
INFO: Run Behavior\ReadHtmlCacheBehavior [ RunTime:0.000602s ]
INFO: [ app_begin ] --END-- [ RunTime:0.000786s ]
INFO: [ view_parse ] --START--
INFO: [ template_filter ] --START--
INFO: Run Behavior\ContentReplaceBehavior [ RunTime:0.000176s ]
INFO: [ template_filter ] --END-- [ RunTime:0.000448s ]
NOTIC: [8] Undefined variable: userId E:\wamp\www\test\Application\Runtime\Cache\Home\4529341d1c5214299e03ea69da3d0187.php 第 26 行.
NOTIC: [8] Undefined variable: subs E:\wamp\www\test\Application\Runtime\Cache\Home\4529341d1c5214299e03ea69da3d0187.php 第 37 行.
NOTIC: [8] Undefined variable: eventId E:\wamp\www\test\Application\Runtime\Cache\Home\4529341d1c5214299e03ea69da3d0187.php 第 88 行.
NOTIC: [8] Undefined variable: url E:\wamp\www\test\Application\Runtime\Cache\Home\4529341d1c5214299e03ea69da3d0187.php 第 93 行.
INFO: Run Behavior\ParseTemplateBehavior [ RunTime:0.014442s ]
INFO: [ view_parse ] --END-- [ RunTime:0.014607s ]
INFO: [ view_filter ] --START--
INFO: Run Behavior\WriteHtmlCacheBehavior [ RunTime:0.000407s ]
INFO: [ view_filter ] --END-- [ RunTime:0.000567s ]
INFO: [ app_end ] --START--
INFO: Run Behavior\ShowPageTraceBehavior [ RunTime:0.000560s ]
INFO: [ app_end ] --END-- [ RunTime:0.000768s ]

[ 2016-11-19T13:33:57+08:00 ] 127.0.0.1 /Home/index/index
INFO: [ app_init ] --START--
INFO: Run Behavior\BuildLiteBehavior [ RunTime:0.000034s ]
INFO: [ app_init ] --END-- [ RunTime:0.000478s ]
INFO: [ app_begin ] --START--
INFO: Run Behavior\ReadHtmlCacheBehavior [ RunTime:0.000699s ]
INFO: [ app_begin ] --END-- [ RunTime:0.000875s ]
INFO: [ view_parse ] --START--
INFO: [ template_filter ] --START--
INFO: Run Behavior\ContentReplaceBehavior [ RunTime:0.000116s ]
INFO: [ template_filter ] --END-- [ RunTime:0.000301s ]
NOTIC: [8] Undefined variable: userId E:\wamp\www\test\Application\Runtime\Cache\Home\4529341d1c5214299e03ea69da3d0187.php 第 26 行.
NOTIC: [8] Undefined variable: subs E:\wamp\www\test\Application\Runtime\Cache\Home\4529341d1c5214299e03ea69da3d0187.php 第 37 行.
NOTIC: [8] Undefined variable: eventId E:\wamp\www\test\Application\Runtime\Cache\Home\4529341d1c5214299e03ea69da3d0187.php 第 88 行.
NOTIC: [8] Undefined variable: url E:\wamp\www\test\Application\Runtime\Cache\Home\4529341d1c5214299e03ea69da3d0187.php 第 93 行.
INFO: Run Behavior\ParseTemplateBehavior [ RunTime:0.013259s ]
INFO: [ view_parse ] --END-- [ RunTime:0.013438s ]
INFO: [ view_filter ] --START--
INFO: Run Behavior\WriteHtmlCacheBehavior [ RunTime:0.000495s ]
INFO: [ view_filter ] --END-- [ RunTime:0.000689s ]
INFO: [ app_end ] --START--
INFO: Run Behavior\ShowPageTraceBehavior [ RunTime:0.000756s ]
INFO: [ app_end ] --END-- [ RunTime:0.000979s ]

[ 2016-11-19T13:33:58+08:00 ] 127.0.0.1 /Home/index/index
INFO: [ app_init ] --START--
INFO: Run Behavior\BuildLiteBehavior [ RunTime:0.000045s ]
INFO: [ app_init ] --END-- [ RunTime:0.000534s ]
INFO: [ app_begin ] --START--
INFO: Run Behavior\ReadHtmlCacheBehavior [ RunTime:0.000597s ]
INFO: [ app_begin ] --END-- [ RunTime:0.000766s ]
INFO: [ view_parse ] --START--
INFO: [ template_filter ] --START--
INFO: Run Behavior\ContentReplaceBehavior [ RunTime:0.000117s ]
INFO: [ template_filter ] --END-- [ RunTime:0.000284s ]
NOTIC: [8] Undefined variable: userId E:\wamp\www\test\Application\Runtime\Cache\Home\4529341d1c5214299e03ea69da3d0187.php 第 26 行.
NOTIC: [8] Undefined variable: subs E:\wamp\www\test\Application\Runtime\Cache\Home\4529341d1c5214299e03ea69da3d0187.php 第 37 行.
NOTIC: [8] Undefined variable: eventId E:\wamp\www\test\Application\Runtime\Cache\Home\4529341d1c5214299e03ea69da3d0187.php 第 88 行.
NOTIC: [8] Undefined variable: url E:\wamp\www\test\Application\Runtime\Cache\Home\4529341d1c5214299e03ea69da3d0187.php 第 93 行.
INFO: Run Behavior\ParseTemplateBehavior [ RunTime:0.013563s ]
INFO: [ view_parse ] --END-- [ RunTime:0.013741s ]
INFO: [ view_filter ] --START--
INFO: Run Behavior\WriteHtmlCacheBehavior [ RunTime:0.000404s ]
INFO: [ view_filter ] --END-- [ RunTime:0.000565s ]
INFO: [ app_end ] --START--
INFO: Run Behavior\ShowPageTraceBehavior [ RunTime:0.000608s ]
INFO: [ app_end ] --END-- [ RunTime:0.000773s ]

[ 2016-11-19T13:33:59+08:00 ] 127.0.0.1 /Home/index/index
INFO: [ app_init ] --START--
INFO: Run Behavior\BuildLiteBehavior [ RunTime:0.000035s ]
INFO: [ app_init ] --END-- [ RunTime:0.000519s ]
INFO: [ app_begin ] --START--
INFO: Run Behavior\ReadHtmlCacheBehavior [ RunTime:0.000634s ]
INFO: [ app_begin ] --END-- [ RunTime:0.000848s ]
INFO: [ view_parse ] --START--
INFO: [ template_filter ] --START--
INFO: Run Behavior\ContentReplaceBehavior [ RunTime:0.000115s ]
INFO: [ template_filter ] --END-- [ RunTime:0.000283s ]
NOTIC: [8] Undefined variable: userId E:\wamp\www\test\Application\Runtime\Cache\Home\4529341d1c5214299e03ea69da3d0187.php 第 26 行.
NOTIC: [8] Undefined variable: subs E:\wamp\www\test\Application\Runtime\Cache\Home\4529341d1c5214299e03ea69da3d0187.php 第 37 行.
NOTIC: [8] Undefined variable: eventId E:\wamp\www\test\Application\Runtime\Cache\Home\4529341d1c5214299e03ea69da3d0187.php 第 88 行.
NOTIC: [8] Undefined variable: url E:\wamp\www\test\Application\Runtime\Cache\Home\4529341d1c5214299e03ea69da3d0187.php 第 93 行.
INFO: Run Behavior\ParseTemplateBehavior [ RunTime:0.013520s ]
INFO: [ view_parse ] --END-- [ RunTime:0.013689s ]
INFO: [ view_filter ] --START--
INFO: Run Behavior\WriteHtmlCacheBehavior [ RunTime:0.000401s ]
INFO: [ view_filter ] --END-- [ RunTime:0.000560s ]
INFO: [ app_end ] --START--
INFO: Run Behavior\ShowPageTraceBehavior [ RunTime:0.000714s ]
INFO: [ app_end ] --END-- [ RunTime:0.000924s ]

