[ 2016-12-30T14:35:02+08:00 ] 127.0.0.1 /
INFO: [ app_init ] --START--
INFO: Run Behavior\BuildLiteBehavior [ RunTime:0.000063s ]
INFO: [ app_init ] --END-- [ RunTime:0.016795s ]
INFO: [ app_begin ] --START--
INFO: Run Behavior\ReadHtmlCacheBehavior [ RunTime:0.019534s ]
INFO: [ app_begin ] --END-- [ RunTime:0.019750s ]

[ 2016-12-30T14:54:07+08:00 ] 127.0.0.1 /
INFO: [ app_init ] --START--
INFO: Run Behavior\BuildLiteBehavior [ RunTime:0.000046s ]
INFO: [ app_init ] --END-- [ RunTime:0.014500s ]
INFO: [ app_begin ] --START--
INFO: Run Behavior\ReadHtmlCacheBehavior [ RunTime:0.020864s ]
INFO: [ app_begin ] --END-- [ RunTime:0.021070s ]

[ 2016-12-30T14:54:22+08:00 ] 127.0.0.1 /
INFO: [ app_init ] --START--
INFO: Run Behavior\BuildLiteBehavior [ RunTime:0.000036s ]
INFO: [ app_init ] --END-- [ RunTime:0.000557s ]
INFO: [ app_begin ] --START--
INFO: Run Behavior\ReadHtmlCacheBehavior [ RunTime:0.000808s ]
INFO: [ app_begin ] --END-- [ RunTime:0.000982s ]
INFO: [ view_parse ] --START--
INFO: [ template_filter ] --START--
INFO: Run Behavior\ContentReplaceBehavior [ RunTime:0.000148s ]
INFO: [ template_filter ] --END-- [ RunTime:0.000433s ]
INFO: Run Behavior\ParseTemplateBehavior [ RunTime:0.296380s ]
INFO: [ view_parse ] --END-- [ RunTime:0.296639s ]
INFO: [ view_filter ] --START--
INFO: Run Behavior\WriteHtmlCacheBehavior [ RunTime:0.034999s ]
INFO: [ view_filter ] --END-- [ RunTime:0.035279s ]
INFO: [ app_end ] --START--
INFO: Run Behavior\ShowPageTraceBehavior [ RunTime:0.017605s ]
INFO: [ app_end ] --END-- [ RunTime:0.017884s ]

[ 2016-12-30T14:54:25+08:00 ] 127.0.0.1 /Home/User/index?phone=13425157493
INFO: [ app_init ] --START--
INFO: Run Behavior\BuildLiteBehavior [ RunTime:0.000040s ]
INFO: [ app_init ] --END-- [ RunTime:0.000570s ]
INFO: [ app_begin ] --START--
INFO: Run Behavior\ReadHtmlCacheBehavior [ RunTime:0.002176s ]
INFO: [ app_begin ] --END-- [ RunTime:0.002421s ]
NOTIC: [2048] Declaration of Admin\Model\AdminModel::getInstance() should be compatible with Think\Single::getInstance($class) E:\wamp\www\test\Application\Admin\Model\AdminModel.class.php 第 7 行.
SQL: SELECT `id`,`name`,`phone`,`password`,`department`,`qq`,`weixin`,`email`,`sex`,`nativeplace`,`address`,`entrytime`,`status`,`addtime`,`note`,`is_del`,`loginip`,`lastlogintime` FROM `mmm_employee` WHERE `phone` = '13425157493' AND `is_del` = 0 AND `status` = 0 LIMIT 1   [ RunTime:0.3514s ]

[ 2016-12-30T14:55:48+08:00 ] 127.0.0.1 /
INFO: [ app_init ] --START--
INFO: Run Behavior\BuildLiteBehavior [ RunTime:0.000183s ]
INFO: [ app_init ] --END-- [ RunTime:0.001552s ]
INFO: [ app_begin ] --START--
INFO: Run Behavior\ReadHtmlCacheBehavior [ RunTime:0.001459s ]
INFO: [ app_begin ] --END-- [ RunTime:0.002006s ]

[ 2016-12-30T17:48:23+08:00 ] 127.0.0.1 /
INFO: [ app_init ] --START--
INFO: Run Behavior\BuildLiteBehavior [ RunTime:0.000042s ]
INFO: [ app_init ] --END-- [ RunTime:0.018329s ]
INFO: [ app_begin ] --START--
INFO: Run Behavior\ReadHtmlCacheBehavior [ RunTime:0.020927s ]
INFO: [ app_begin ] --END-- [ RunTime:0.021154s ]
INFO: [ view_parse ] --START--
INFO: [ template_filter ] --START--
INFO: Run Behavior\ContentReplaceBehavior [ RunTime:0.000135s ]
INFO: [ template_filter ] --END-- [ RunTime:0.000390s ]
INFO: Run Behavior\ParseTemplateBehavior [ RunTime:0.350701s ]
INFO: [ view_parse ] --END-- [ RunTime:0.350959s ]
INFO: [ view_filter ] --START--
INFO: Run Behavior\WriteHtmlCacheBehavior [ RunTime:0.013101s ]
INFO: [ view_filter ] --END-- [ RunTime:0.013439s ]
INFO: [ app_end ] --START--
INFO: Run Behavior\ShowPageTraceBehavior [ RunTime:0.006858s ]
INFO: [ app_end ] --END-- [ RunTime:0.007064s ]

[ 2016-12-30T17:48:30+08:00 ] 127.0.0.1 /Home/User/index?phone=13425157493
INFO: [ app_init ] --START--
INFO: Run Behavior\BuildLiteBehavior [ RunTime:0.000055s ]
INFO: [ app_init ] --END-- [ RunTime:0.000759s ]
INFO: [ app_begin ] --START--
INFO: Run Behavior\ReadHtmlCacheBehavior [ RunTime:0.000989s ]
INFO: [ app_begin ] --END-- [ RunTime:0.001211s ]
NOTIC: [2048] Declaration of Admin\Model\AdminModel::getInstance() should be compatible with Think\Single::getInstance($class) E:\wamp\www\test\Application\Admin\Model\AdminModel.class.php 第 7 行.
SQL: SELECT `id`,`name`,`phone`,`password`,`department`,`qq`,`weixin`,`email`,`sex`,`nativeplace`,`address`,`entrytime`,`status`,`addtime`,`note`,`is_del`,`loginip`,`lastlogintime` FROM `mmm_employee` WHERE `phone` = '13425157493' AND `is_del` = 0 AND `status` = 0 LIMIT 1   [ RunTime:0.9185s ]

