[ 2017-03-10T10:26:07+08:00 ] 183.11.73.15 /Home/APILogin/sendCode?phone=18825194133
INFO: [ app_init ] --START--
INFO: Run Behavior\BuildLiteBehavior [ RunTime:0.000019s ]
INFO: [ app_init ] --END-- [ RunTime:0.000379s ]
INFO: [ app_begin ] --START--
INFO: Run Behavior\ReadHtmlCacheBehavior [ RunTime:0.000560s ]
INFO: [ app_begin ] --END-- [ RunTime:0.000615s ]
NOTIC: [2] fopen(../log.txt): failed to open stream: Permission denied /data/home/hyu2594430001/htdocs/ThinkPHP/Library/Vendor/CCPRestSDK.php 第 37 行.
NOTIC: [2] fwrite() expects parameter 1 to be resource, boolean given /data/home/hyu2594430001/htdocs/ThinkPHP/Library/Vendor/CCPRestSDK.php 第 78 行.
NOTIC: [2] fwrite() expects parameter 1 to be resource, boolean given /data/home/hyu2594430001/htdocs/ThinkPHP/Library/Vendor/CCPRestSDK.php 第 78 行.
NOTIC: [2] fwrite() expects parameter 1 to be resource, boolean given /data/home/hyu2594430001/htdocs/ThinkPHP/Library/Vendor/CCPRestSDK.php 第 78 行.
NOTIC: [2048] Declaration of Common\Model\SmsModel::getInstance() should be compatible with Think\Single::getInstance($class) /data/home/hyu2594430001/htdocs/Application/Common/Model/SmsModel.class.php 第 12 行.
SQL: SHOW COLUMNS FROM `mmm_sms` [ RunTime:0.0014s ]
SQL: INSERT INTO `mmm_sms` (`content`,`verify`,`type`,`mobile`,`sendtime`,`status`) VALUES ('a:2:{i:0;i:422889;i:1;i:10;}','422889','1','18825194133','1489112767','0') [ RunTime:0.0143s ]
NOTIC: [2] Cannot modify header information - headers already sent by (output started at /data/home/hyu2594430001/htdocs/ThinkPHP/Library/Vendor/CCPRestSDK.php:2) /data/home/hyu2594430001/htdocs/ThinkPHP/Library/Think/Controller.class.php 第 215 行.

[ 2017-03-10T10:26:27+08:00 ] 183.11.73.15 /Home/APILogin/member_center
INFO: [ app_init ] --START--
INFO: Run Behavior\BuildLiteBehavior [ RunTime:0.000022s ]
INFO: [ app_init ] --END-- [ RunTime:0.000403s ]
INFO: [ app_begin ] --START--
INFO: Run Behavior\ReadHtmlCacheBehavior [ RunTime:0.000581s ]
INFO: [ app_begin ] --END-- [ RunTime:0.000635s ]

[ 2017-03-10T12:08:23+08:00 ] 183.11.73.15 /Home/APILogin/member_center/?callback=jQuery211035850695531926324_1489118903548&id=1002864&logintoken=9e87b9a30307259c69232c1815055a4a&wxappid=wx22c52da8d44f1051&_=1489118903549
INFO: [ app_init ] --START--
INFO: Run Behavior\BuildLiteBehavior [ RunTime:0.000020s ]
INFO: [ app_init ] --END-- [ RunTime:0.000380s ]
INFO: [ app_begin ] --START--
INFO: Run Behavior\ReadHtmlCacheBehavior [ RunTime:0.000505s ]
INFO: [ app_begin ] --END-- [ RunTime:0.000557s ]

[ 2017-03-10T12:09:32+08:00 ] 183.11.73.15 /Home/APILogin/member_center/?callback=jQuery211015707467169455014_1489118973040&id=1002864&logintoken=9e87b9a30307259c69232c1815055a4a&wxappid=wx22c52da8d44f1051&_=1489118973041
INFO: [ app_init ] --START--
INFO: Run Behavior\BuildLiteBehavior [ RunTime:0.000019s ]
INFO: [ app_init ] --END-- [ RunTime:0.000412s ]
INFO: [ app_begin ] --START--
INFO: Run Behavior\ReadHtmlCacheBehavior [ RunTime:0.000459s ]
INFO: [ app_begin ] --END-- [ RunTime:0.000511s ]

[ 2017-03-10T12:10:27+08:00 ] 183.11.73.15 /Home/APILogin/member_center/?callback=jQuery211024551307779708775_1489119028113&id=1002864&logintoken=9e87b9a30307259c69232c1815055a4a&wxappid=wx22c52da8d44f1051&_=1489119028114
INFO: [ app_init ] --START--
INFO: Run Behavior\BuildLiteBehavior [ RunTime:0.000020s ]
INFO: [ app_init ] --END-- [ RunTime:0.000423s ]
INFO: [ app_begin ] --START--
INFO: Run Behavior\ReadHtmlCacheBehavior [ RunTime:0.000596s ]
INFO: [ app_begin ] --END-- [ RunTime:0.000648s ]

[ 2017-03-10T12:10:32+08:00 ] 183.11.73.15 /Home/APILogin/member_center/?callback=jQuery21108277820267984126_1489119033031&id=1002864&logintoken=9e87b9a30307259c69232c1815055a4a&wxappid=wx22c52da8d44f1051&_=1489119033032
INFO: [ app_init ] --START--
INFO: Run Behavior\BuildLiteBehavior [ RunTime:0.000018s ]
INFO: [ app_init ] --END-- [ RunTime:0.000394s ]
INFO: [ app_begin ] --START--
INFO: Run Behavior\ReadHtmlCacheBehavior [ RunTime:0.000607s ]
INFO: [ app_begin ] --END-- [ RunTime:0.000659s ]

[ 2017-03-10T12:11:04+08:00 ] 183.11.73.15 /Home/APILogin/login/?callback=jQuery21106113883150217043_1489119051286&phone=18825194133&passwd=123456&logintoken=9e87b9a30307259c69232c1815055a4a&wxappid=wx22c52da8d44f1051&_=1489119051287
INFO: [ app_init ] --START--
INFO: Run Behavior\BuildLiteBehavior [ RunTime:0.000018s ]
INFO: [ app_init ] --END-- [ RunTime:0.000374s ]
INFO: [ app_begin ] --START--
INFO: Run Behavior\ReadHtmlCacheBehavior [ RunTime:0.000469s ]
INFO: [ app_begin ] --END-- [ RunTime:0.000520s ]
NOTIC: [2048] Declaration of Common\Model\MemberModel::getInstance() should be compatible with Think\Single::getInstance($class) /data/home/hyu2594430001/htdocs/Application/Common/Model/MemberModel.class.php 第 12 行.
SQL: SHOW COLUMNS FROM `mmm_member` [ RunTime:0.0013s ]
ERR: 1054:Unknown column 'mobileverified' in 'field list'
 [ SQL语句 ] : SELECT `id`,`username`,`password`,`mobile`,`mobileverified`,`status`,`is_del`,`lastlogin`,`lastip` FROM `mmm_member` WHERE `status` = 1 LIMIT 1  
ERR: 1054:Unknown column 'mobileverified' in 'field list'
 [ SQL语句 ] : SELECT `id`,`username`,`password`,`mobile`,`mobileverified`,`status`,`is_del`,`lastlogin`,`lastip` FROM `mmm_member` WHERE `status` = 1 LIMIT 1  

[ 2017-03-10T12:11:19+08:00 ] 183.11.73.15 /Home/APILogin/sendCode/?callback=jQuery21106113883150217043_1489119051286&phone=18825194133&valid=g8ch&logintoken=9e87b9a30307259c69232c1815055a4a&wxappid=wx22c52da8d44f1051&_=1489119051288
INFO: [ app_init ] --START--
INFO: Run Behavior\BuildLiteBehavior [ RunTime:0.000021s ]
INFO: [ app_init ] --END-- [ RunTime:0.000403s ]
INFO: [ app_begin ] --START--
INFO: Run Behavior\ReadHtmlCacheBehavior [ RunTime:0.000465s ]
INFO: [ app_begin ] --END-- [ RunTime:0.000540s ]
NOTIC: [2] fopen(../log.txt): failed to open stream: Permission denied /data/home/hyu2594430001/htdocs/ThinkPHP/Library/Vendor/CCPRestSDK.php 第 37 行.
NOTIC: [2] fwrite() expects parameter 1 to be resource, boolean given /data/home/hyu2594430001/htdocs/ThinkPHP/Library/Vendor/CCPRestSDK.php 第 78 行.
NOTIC: [2] fwrite() expects parameter 1 to be resource, boolean given /data/home/hyu2594430001/htdocs/ThinkPHP/Library/Vendor/CCPRestSDK.php 第 78 行.
NOTIC: [2] fwrite() expects parameter 1 to be resource, boolean given /data/home/hyu2594430001/htdocs/ThinkPHP/Library/Vendor/CCPRestSDK.php 第 78 行.
NOTIC: [2048] Declaration of Common\Model\SmsModel::getInstance() should be compatible with Think\Single::getInstance($class) /data/home/hyu2594430001/htdocs/Application/Common/Model/SmsModel.class.php 第 12 行.
SQL: SHOW COLUMNS FROM `mmm_sms` [ RunTime:0.0012s ]
SQL: INSERT INTO `mmm_sms` (`content`,`verify`,`type`,`mobile`,`sendtime`,`status`) VALUES ('a:2:{i:0;i:653379;i:1;i:10;}','653379','1','18825194133','1489119079','0') [ RunTime:0.0132s ]
NOTIC: [2] Cannot modify header information - headers already sent by (output started at /data/home/hyu2594430001/htdocs/ThinkPHP/Library/Vendor/CCPRestSDK.php:2) /data/home/hyu2594430001/htdocs/ThinkPHP/Library/Think/Controller.class.php 第 223 行.

[ 2017-03-10T12:11:36+08:00 ] 183.11.73.15 /Home/APILogin/login/?callback=jQuery21106113883150217043_1489119051286&phone=18825194133&valid=g8ch&verify=653379&logintoken=9e87b9a30307259c69232c1815055a4a&wxappid=wx22c52da8d44f1051&_=1489119051289
INFO: [ app_init ] --START--
INFO: Run Behavior\BuildLiteBehavior [ RunTime:0.000017s ]
INFO: [ app_init ] --END-- [ RunTime:0.000431s ]
INFO: [ app_begin ] --START--
INFO: Run Behavior\ReadHtmlCacheBehavior [ RunTime:0.000447s ]
INFO: [ app_begin ] --END-- [ RunTime:0.000499s ]
NOTIC: [2048] Declaration of Common\Model\MemberModel::getInstance() should be compatible with Think\Single::getInstance($class) /data/home/hyu2594430001/htdocs/Application/Common/Model/MemberModel.class.php 第 12 行.
SQL: SHOW COLUMNS FROM `mmm_member` [ RunTime:0.0011s ]
ERR: 1054:Unknown column 'mobileverified' in 'field list'
 [ SQL语句 ] : SELECT `id`,`username`,`password`,`mobile`,`mobileverified`,`status`,`is_del`,`lastlogin`,`lastip` FROM `mmm_member` WHERE `status` = 1 LIMIT 1  
ERR: 1054:Unknown column 'mobileverified' in 'field list'
 [ SQL语句 ] : SELECT `id`,`username`,`password`,`mobile`,`mobileverified`,`status`,`is_del`,`lastlogin`,`lastip` FROM `mmm_member` WHERE `status` = 1 LIMIT 1  

[ 2017-03-10T12:11:44+08:00 ] 183.11.73.15 /Home/APILogin/login/?callback=jQuery21106113883150217043_1489119051286&phone=18825194133&passwd=123456&logintoken=9e87b9a30307259c69232c1815055a4a&wxappid=wx22c52da8d44f1051&_=1489119051287
INFO: [ app_init ] --START--
INFO: Run Behavior\BuildLiteBehavior [ RunTime:0.000020s ]
INFO: [ app_init ] --END-- [ RunTime:0.000394s ]
INFO: [ app_begin ] --START--
INFO: Run Behavior\ReadHtmlCacheBehavior [ RunTime:0.000490s ]
INFO: [ app_begin ] --END-- [ RunTime:0.000556s ]
NOTIC: [2048] Declaration of Common\Model\MemberModel::getInstance() should be compatible with Think\Single::getInstance($class) /data/home/hyu2594430001/htdocs/Application/Common/Model/MemberModel.class.php 第 12 行.
SQL: SHOW COLUMNS FROM `mmm_member` [ RunTime:0.0013s ]
ERR: 1054:Unknown column 'mobileverified' in 'field list'
 [ SQL语句 ] : SELECT `id`,`username`,`password`,`mobile`,`mobileverified`,`status`,`is_del`,`lastlogin`,`lastip` FROM `mmm_member` WHERE `status` = 1 LIMIT 1  
ERR: 1054:Unknown column 'mobileverified' in 'field list'
 [ SQL语句 ] : SELECT `id`,`username`,`password`,`mobile`,`mobileverified`,`status`,`is_del`,`lastlogin`,`lastip` FROM `mmm_member` WHERE `status` = 1 LIMIT 1  

[ 2017-03-10T12:12:09+08:00 ] 183.11.73.15 /Home/APILogin/sendCode/?callback=jQuery21108300575715666745_1489119117786&phone=18825194133&valid=FW8S&logintoken=9e87b9a30307259c69232c1815055a4a&wxappid=wx22c52da8d44f1051&_=1489119117787
INFO: [ app_init ] --START--
INFO: Run Behavior\BuildLiteBehavior [ RunTime:0.000021s ]
INFO: [ app_init ] --END-- [ RunTime:0.000416s ]
INFO: [ app_begin ] --START--
INFO: Run Behavior\ReadHtmlCacheBehavior [ RunTime:0.000468s ]
INFO: [ app_begin ] --END-- [ RunTime:0.000521s ]
NOTIC: [2] fopen(../log.txt): failed to open stream: Permission denied /data/home/hyu2594430001/htdocs/ThinkPHP/Library/Vendor/CCPRestSDK.php 第 37 行.
NOTIC: [2] fwrite() expects parameter 1 to be resource, boolean given /data/home/hyu2594430001/htdocs/ThinkPHP/Library/Vendor/CCPRestSDK.php 第 78 行.
NOTIC: [2] fwrite() expects parameter 1 to be resource, boolean given /data/home/hyu2594430001/htdocs/ThinkPHP/Library/Vendor/CCPRestSDK.php 第 78 行.
NOTIC: [2] fwrite() expects parameter 1 to be resource, boolean given /data/home/hyu2594430001/htdocs/ThinkPHP/Library/Vendor/CCPRestSDK.php 第 78 行.
NOTIC: [2048] Declaration of Common\Model\SmsModel::getInstance() should be compatible with Think\Single::getInstance($class) /data/home/hyu2594430001/htdocs/Application/Common/Model/SmsModel.class.php 第 12 行.
SQL: SHOW COLUMNS FROM `mmm_sms` [ RunTime:0.0008s ]
SQL: INSERT INTO `mmm_sms` (`content`,`verify`,`type`,`mobile`,`sendtime`,`status`) VALUES ('a:2:{i:0;i:203666;i:1;i:10;}','203666','1','18825194133','1489119129','0') [ RunTime:0.0112s ]
NOTIC: [2] Cannot modify header information - headers already sent by (output started at /data/home/hyu2594430001/htdocs/ThinkPHP/Library/Vendor/CCPRestSDK.php:2) /data/home/hyu2594430001/htdocs/ThinkPHP/Library/Think/Controller.class.php 第 223 行.

[ 2017-03-10T12:13:38+08:00 ] 183.11.73.15 /Home/APILogin/findPasswd/?callback=jQuery21108300575715666745_1489119117786&phone=18825194133&passwd=123456&valid=FW8S&verify=203666&logintoken=9e87b9a30307259c69232c1815055a4a&wxappid=wx22c52da8d44f1051&_=1489119117788
INFO: [ app_init ] --START--
INFO: Run Behavior\BuildLiteBehavior [ RunTime:0.000018s ]
INFO: [ app_init ] --END-- [ RunTime:0.000430s ]
INFO: [ app_begin ] --START--
INFO: Run Behavior\ReadHtmlCacheBehavior [ RunTime:0.000458s ]
INFO: [ app_begin ] --END-- [ RunTime:0.000511s ]
NOTIC: [2048] Declaration of Common\Model\MemberModel::getInstance() should be compatible with Think\Single::getInstance($class) /data/home/hyu2594430001/htdocs/Application/Common/Model/MemberModel.class.php 第 12 行.
SQL: SHOW COLUMNS FROM `mmm_member` [ RunTime:0.0011s ]
ERR: 1054:Unknown column 'mobileverified' in 'field list'
 [ SQL语句 ] : SELECT `id`,`username`,`password`,`mobile`,`mobileverified`,`status`,`is_del`,`lastlogin`,`lastip` FROM `mmm_member` WHERE `status` = 1 LIMIT 1  
ERR: 1054:Unknown column 'mobileverified' in 'field list'
 [ SQL语句 ] : SELECT `id`,`username`,`password`,`mobile`,`mobileverified`,`status`,`is_del`,`lastlogin`,`lastip` FROM `mmm_member` WHERE `status` = 1 LIMIT 1  

[ 2017-03-10T12:13:53+08:00 ] 183.11.73.15 /Home/APILogin/findPasswd/?callback=jQuery21108300575715666745_1489119117786&phone=18825194133&passwd=123456&valid=FW8S&verify=203666&logintoken=9e87b9a30307259c69232c1815055a4a&wxappid=wx22c52da8d44f1051&_=1489119117788
INFO: [ app_init ] --START--
INFO: Run Behavior\BuildLiteBehavior [ RunTime:0.000021s ]
INFO: [ app_init ] --END-- [ RunTime:0.000404s ]
INFO: [ app_begin ] --START--
INFO: Run Behavior\ReadHtmlCacheBehavior [ RunTime:0.000489s ]
INFO: [ app_begin ] --END-- [ RunTime:0.000542s ]
NOTIC: [2048] Declaration of Common\Model\MemberModel::getInstance() should be compatible with Think\Single::getInstance($class) /data/home/hyu2594430001/htdocs/Application/Common/Model/MemberModel.class.php 第 12 行.
SQL: SHOW COLUMNS FROM `mmm_member` [ RunTime:0.0010s ]
ERR: 1054:Unknown column 'mobileverified' in 'field list'
 [ SQL语句 ] : SELECT `id`,`username`,`password`,`mobile`,`mobileverified`,`status`,`is_del`,`lastlogin`,`lastip` FROM `mmm_member` WHERE `status` = 1 LIMIT 1  
ERR: 1054:Unknown column 'mobileverified' in 'field list'
 [ SQL语句 ] : SELECT `id`,`username`,`password`,`mobile`,`mobileverified`,`status`,`is_del`,`lastlogin`,`lastip` FROM `mmm_member` WHERE `status` = 1 LIMIT 1  

[ 2017-03-10T12:14:55+08:00 ] 183.11.73.15 /Home/APILogin/findPasswd/?callback=jQuery21108300575715666745_1489119117786&phone=18825194133&passwd=123456&valid=FW8S&verify=203666&logintoken=9e87b9a30307259c69232c1815055a4a&wxappid=wx22c52da8d44f1051&_=1489119117788
INFO: [ app_init ] --START--
INFO: Run Behavior\BuildLiteBehavior [ RunTime:0.000020s ]
INFO: [ app_init ] --END-- [ RunTime:0.000481s ]
INFO: [ app_begin ] --START--
INFO: Run Behavior\ReadHtmlCacheBehavior [ RunTime:0.000464s ]
INFO: [ app_begin ] --END-- [ RunTime:0.000515s ]
NOTIC: [2048] Declaration of Common\Model\MemberModel::getInstance() should be compatible with Think\Single::getInstance($class) /data/home/hyu2594430001/htdocs/Application/Common/Model/MemberModel.class.php 第 12 行.
SQL: SHOW COLUMNS FROM `mmm_member` [ RunTime:0.0011s ]
ERR: 1054:Unknown column 'mobileverified' in 'field list'
 [ SQL语句 ] : SELECT `id`,`username`,`password`,`mobile`,`mobileverified`,`status`,`is_del`,`lastlogin`,`lastip` FROM `mmm_member` WHERE `status` = 1 LIMIT 1  
ERR: 1054:Unknown column 'mobileverified' in 'field list'
 [ SQL语句 ] : SELECT `id`,`username`,`password`,`mobile`,`mobileverified`,`status`,`is_del`,`lastlogin`,`lastip` FROM `mmm_member` WHERE `status` = 1 LIMIT 1  

[ 2017-03-10T12:15:05+08:00 ] 183.11.73.15 /
INFO: [ app_init ] --START--
INFO: Run Behavior\BuildLiteBehavior [ RunTime:0.000017s ]
INFO: [ app_init ] --END-- [ RunTime:0.000372s ]
INFO: [ app_begin ] --START--
INFO: Run Behavior\ReadHtmlCacheBehavior [ RunTime:0.000490s ]
INFO: [ app_begin ] --END-- [ RunTime:0.000541s ]
INFO: [ view_parse ] --START--
INFO: [ template_filter ] --START--
INFO: Run Behavior\ContentReplaceBehavior [ RunTime:0.000043s ]
INFO: [ template_filter ] --END-- [ RunTime:0.000092s ]
INFO: Run Behavior\ParseTemplateBehavior [ RunTime:0.006790s ]
INFO: [ view_parse ] --END-- [ RunTime:0.006837s ]
INFO: [ view_filter ] --START--
INFO: Run Behavior\WriteHtmlCacheBehavior [ RunTime:0.000227s ]
INFO: [ view_filter ] --END-- [ RunTime:0.000264s ]
INFO: [ app_end ] --START--
INFO: Run Behavior\ShowPageTraceBehavior [ RunTime:0.000500s ]
INFO: [ app_end ] --END-- [ RunTime:0.000548s ]

[ 2017-03-10T12:15:32+08:00 ] 183.11.73.15 /
INFO: [ app_init ] --START--
INFO: Run Behavior\BuildLiteBehavior [ RunTime:0.000025s ]
INFO: [ app_init ] --END-- [ RunTime:0.000415s ]
INFO: [ app_begin ] --START--
INFO: Run Behavior\ReadHtmlCacheBehavior [ RunTime:0.000470s ]
INFO: [ app_begin ] --END-- [ RunTime:0.000521s ]
INFO: [ view_parse ] --START--
INFO: [ template_filter ] --START--
INFO: Run Behavior\ContentReplaceBehavior [ RunTime:0.000047s ]
INFO: [ template_filter ] --END-- [ RunTime:0.000097s ]
INFO: Run Behavior\ParseTemplateBehavior [ RunTime:0.007312s ]
INFO: [ view_parse ] --END-- [ RunTime:0.007501s ]
INFO: [ view_filter ] --START--
INFO: Run Behavior\WriteHtmlCacheBehavior [ RunTime:0.000400s ]
INFO: [ view_filter ] --END-- [ RunTime:0.000442s ]
INFO: [ app_end ] --START--
INFO: Run Behavior\ShowPageTraceBehavior [ RunTime:0.000621s ]
INFO: [ app_end ] --END-- [ RunTime:0.000675s ]

[ 2017-03-10T12:18:07+08:00 ] 183.11.73.15 /Home/APILogin/member_center/?callback=jQuery21108477924167278112_1489119487035&id=0&logintoken=9e87b9a30307259c69232c1815055a4a&wxappid=wx22c52da8d44f1051&_=1489119487036
INFO: [ app_init ] --START--
INFO: Run Behavior\BuildLiteBehavior [ RunTime:0.000018s ]
INFO: [ app_init ] --END-- [ RunTime:0.000409s ]
INFO: [ app_begin ] --START--
INFO: Run Behavior\ReadHtmlCacheBehavior [ RunTime:0.000465s ]
INFO: [ app_begin ] --END-- [ RunTime:0.000518s ]

[ 2017-03-10T12:18:17+08:00 ] 183.11.73.15 /Home/APILogin/member_center/?callback=jQuery21108477924167278112_1489119487035&id=0&logintoken=9e87b9a30307259c69232c1815055a4a&wxappid=wx22c52da8d44f1051&_=1489119487036
INFO: [ app_init ] --START--
INFO: Run Behavior\BuildLiteBehavior [ RunTime:0.000022s ]
INFO: [ app_init ] --END-- [ RunTime:0.000473s ]
INFO: [ app_begin ] --START--
INFO: Run Behavior\ReadHtmlCacheBehavior [ RunTime:0.000461s ]
INFO: [ app_begin ] --END-- [ RunTime:0.000513s ]

[ 2017-03-10T12:18:46+08:00 ] 183.11.73.15 /Home/APILogin/member_center/?callback=jQuery21108448582709903651_1489119527004&id=0&logintoken=9e87b9a30307259c69232c1815055a4a&wxappid=wx22c52da8d44f1051&_=1489119527005
INFO: [ app_init ] --START--
INFO: Run Behavior\BuildLiteBehavior [ RunTime:0.000019s ]
INFO: [ app_init ] --END-- [ RunTime:0.000387s ]
INFO: [ app_begin ] --START--
INFO: Run Behavior\ReadHtmlCacheBehavior [ RunTime:0.000481s ]
INFO: [ app_begin ] --END-- [ RunTime:0.000532s ]

[ 2017-03-10T12:22:02+08:00 ] 183.11.73.15 /Home/APILogin/member_center/?callback=jQuery21103361419276107951_1489119722792&id=0&logintoken=9e87b9a30307259c69232c1815055a4a&wxappid=wx22c52da8d44f1051&_=1489119722793
INFO: [ app_init ] --START--
INFO: Run Behavior\BuildLiteBehavior [ RunTime:0.000018s ]
INFO: [ app_init ] --END-- [ RunTime:0.000373s ]
INFO: [ app_begin ] --START--
INFO: Run Behavior\ReadHtmlCacheBehavior [ RunTime:0.000493s ]
INFO: [ app_begin ] --END-- [ RunTime:0.000545s ]

[ 2017-03-10T12:22:10+08:00 ] 183.11.73.15 /Home/APILogin/member_center/?callback=jQuery2110509589344477102_1489119730733&id=0&logintoken=9e87b9a30307259c69232c1815055a4a&wxappid=wx22c52da8d44f1051&_=1489119730734
INFO: [ app_init ] --START--
INFO: Run Behavior\BuildLiteBehavior [ RunTime:0.000021s ]
INFO: [ app_init ] --END-- [ RunTime:0.000410s ]
INFO: [ app_begin ] --START--
INFO: Run Behavior\ReadHtmlCacheBehavior [ RunTime:0.000492s ]
INFO: [ app_begin ] --END-- [ RunTime:0.000554s ]

[ 2017-03-10T12:23:18+08:00 ] 183.11.73.15 /Home/APILogin/member_center/?callback=jQuery21109193337741002225_1489119798687&id=0&logintoken=9e87b9a30307259c69232c1815055a4a&wxappid=wx22c52da8d44f1051&_=1489119798688
INFO: [ app_init ] --START--
INFO: Run Behavior\BuildLiteBehavior [ RunTime:0.000020s ]
INFO: [ app_init ] --END-- [ RunTime:0.000418s ]
INFO: [ app_begin ] --START--
INFO: Run Behavior\ReadHtmlCacheBehavior [ RunTime:0.000555s ]
INFO: [ app_begin ] --END-- [ RunTime:0.000606s ]

[ 2017-03-10T12:23:24+08:00 ] 183.11.73.15 /Home/APILogin/member_center/?callback=jQuery21105302966856457032_1489119805109&id=0&logintoken=9e87b9a30307259c69232c1815055a4a&wxappid=wx22c52da8d44f1051&_=1489119805110
INFO: [ app_init ] --START--
INFO: Run Behavior\BuildLiteBehavior [ RunTime:0.000019s ]
INFO: [ app_init ] --END-- [ RunTime:0.000387s ]
INFO: [ app_begin ] --START--
INFO: Run Behavior\ReadHtmlCacheBehavior [ RunTime:0.000535s ]
INFO: [ app_begin ] --END-- [ RunTime:0.000589s ]

[ 2017-03-10T13:35:22+08:00 ] 183.11.73.15 /Home/APILogin/member_center/?callback=jQuery21108477924167278112_1489119487035&id=0&logintoken=9e87b9a30307259c69232c1815055a4a&wxappid=wx22c52da8d44f1051&_=1489119487036
INFO: [ app_init ] --START--
INFO: Run Behavior\BuildLiteBehavior [ RunTime:0.000021s ]
INFO: [ app_init ] --END-- [ RunTime:0.000417s ]
INFO: [ app_begin ] --START--
INFO: Run Behavior\ReadHtmlCacheBehavior [ RunTime:0.000503s ]
INFO: [ app_begin ] --END-- [ RunTime:0.000556s ]

[ 2017-03-10T14:06:55+08:00 ] 183.11.73.15 /Home/APILogin/personal_info/?callback=jQuery211036716599040153475_1489126015245&type=0&user_id=0&logintoken=9e87b9a30307259c69232c1815055a4a&wxappid=wx22c52da8d44f1051&_=1489126015246
INFO: [ app_init ] --START--
INFO: Run Behavior\BuildLiteBehavior [ RunTime:0.000021s ]
INFO: [ app_init ] --END-- [ RunTime:0.000395s ]
INFO: [ app_begin ] --START--
INFO: Run Behavior\ReadHtmlCacheBehavior [ RunTime:0.000484s ]
INFO: [ app_begin ] --END-- [ RunTime:0.000539s ]

[ 2017-03-10T14:09:24+08:00 ] 183.11.73.15 /Home/APILogin/personal_info/?callback=jQuery211021750992655574253_1489126164898&type=0&user_id=0&logintoken=9e87b9a30307259c69232c1815055a4a&wxappid=wx22c52da8d44f1051&_=1489126164899
INFO: [ app_init ] --START--
INFO: Run Behavior\BuildLiteBehavior [ RunTime:0.000021s ]
INFO: [ app_init ] --END-- [ RunTime:0.000423s ]
INFO: [ app_begin ] --START--
INFO: Run Behavior\ReadHtmlCacheBehavior [ RunTime:0.000523s ]
INFO: [ app_begin ] --END-- [ RunTime:0.000581s ]

[ 2017-03-10T14:20:21+08:00 ] 183.11.73.15 /Home/APILogin/login/?callback=jQuery21103220287000477633_1489126811897&phone=18825194133&passwd=123456&logintoken=9e87b9a30307259c69232c1815055a4a&wxappid=wx22c52da8d44f1051&_=1489126811898
INFO: [ app_init ] --START--
INFO: Run Behavior\BuildLiteBehavior [ RunTime:0.000024s ]
INFO: [ app_init ] --END-- [ RunTime:0.000384s ]
INFO: [ app_begin ] --START--
INFO: Run Behavior\ReadHtmlCacheBehavior [ RunTime:0.000612s ]
INFO: [ app_begin ] --END-- [ RunTime:0.000666s ]
NOTIC: [2048] Declaration of Common\Model\MemberModel::getInstance() should be compatible with Think\Single::getInstance($class) /data/home/hyu2594430001/htdocs/Application/Common/Model/MemberModel.class.php 第 12 行.
SQL: SHOW COLUMNS FROM `mmm_member` [ RunTime:0.0014s ]
ERR: 1054:Unknown column 'mobileverified' in 'field list'
 [ SQL语句 ] : SELECT `id`,`username`,`password`,`mobile`,`mobileverified`,`status`,`is_del`,`lastlogin`,`lastip` FROM `mmm_member` WHERE `status` = 1 LIMIT 1  
ERR: 1054:Unknown column 'mobileverified' in 'field list'
 [ SQL语句 ] : SELECT `id`,`username`,`password`,`mobile`,`mobileverified`,`status`,`is_del`,`lastlogin`,`lastip` FROM `mmm_member` WHERE `status` = 1 LIMIT 1  

[ 2017-03-10T14:20:30+08:00 ] 183.11.73.15 /Home/APILogin/login/?callback=jQuery21103220287000477633_1489126811897&phone=18825194133&passwd=123456&logintoken=9e87b9a30307259c69232c1815055a4a&wxappid=wx22c52da8d44f1051&_=1489126811898
INFO: [ app_init ] --START--
INFO: Run Behavior\BuildLiteBehavior [ RunTime:0.000018s ]
INFO: [ app_init ] --END-- [ RunTime:0.000378s ]
INFO: [ app_begin ] --START--
INFO: Run Behavior\ReadHtmlCacheBehavior [ RunTime:0.000453s ]
INFO: [ app_begin ] --END-- [ RunTime:0.000505s ]
NOTIC: [2048] Declaration of Common\Model\MemberModel::getInstance() should be compatible with Think\Single::getInstance($class) /data/home/hyu2594430001/htdocs/Application/Common/Model/MemberModel.class.php 第 12 行.
SQL: SHOW COLUMNS FROM `mmm_member` [ RunTime:0.0015s ]
ERR: 1054:Unknown column 'mobileverified' in 'field list'
 [ SQL语句 ] : SELECT `id`,`username`,`password`,`mobile`,`mobileverified`,`status`,`is_del`,`lastlogin`,`lastip` FROM `mmm_member` WHERE `status` = 1 LIMIT 1  
ERR: 1054:Unknown column 'mobileverified' in 'field list'
 [ SQL语句 ] : SELECT `id`,`username`,`password`,`mobile`,`mobileverified`,`status`,`is_del`,`lastlogin`,`lastip` FROM `mmm_member` WHERE `status` = 1 LIMIT 1  

[ 2017-03-10T14:39:38+08:00 ] 183.11.73.15 /Home/APITravel/slide/?callback=jQuery21106671992816277228_1489127923750&logintoken=9e87b9a30307259c69232c1815055a4a&wxappid=wx22c52da8d44f1051&_=1489127923751
INFO: [ app_init ] --START--
INFO: Run Behavior\BuildLiteBehavior [ RunTime:0.000019s ]
INFO: [ app_init ] --END-- [ RunTime:0.000408s ]
INFO: [ app_begin ] --START--
INFO: Run Behavior\ReadHtmlCacheBehavior [ RunTime:0.000451s ]
INFO: [ app_begin ] --END-- [ RunTime:0.000505s ]
NOTIC: [2048] Declaration of Admin\Model\AdModel::getInstance() should be compatible with Think\Single::getInstance($class) /data/home/hyu2594430001/htdocs/Application/Admin/Model/AdModel.class.php 第 12 行.
SQL: SHOW COLUMNS FROM `mmm_ad` [ RunTime:0.0013s ]
SQL: SELECT `id`,`name`,`url`,`image` FROM `mmm_ad` WHERE `tid` = 1 AND `is_del` = 0 AND `status` = 1 ORDER BY sort ASC  [ RunTime:0.0010s ]

[ 2017-03-10T14:39:45+08:00 ] 183.11.73.15 /Home/APITravel/slide/?callback=jQuery21107223625613122195_1489127985355&logintoken=9e87b9a30307259c69232c1815055a4a&wxappid=wx22c52da8d44f1051&_=1489127985356
INFO: [ app_init ] --START--
INFO: Run Behavior\BuildLiteBehavior [ RunTime:0.000026s ]
INFO: [ app_init ] --END-- [ RunTime:0.000451s ]
INFO: [ app_begin ] --START--
INFO: Run Behavior\ReadHtmlCacheBehavior [ RunTime:0.000553s ]
INFO: [ app_begin ] --END-- [ RunTime:0.000605s ]
NOTIC: [2048] Declaration of Admin\Model\AdModel::getInstance() should be compatible with Think\Single::getInstance($class) /data/home/hyu2594430001/htdocs/Application/Admin/Model/AdModel.class.php 第 12 行.
SQL: SHOW COLUMNS FROM `mmm_ad` [ RunTime:0.0009s ]
SQL: SELECT `id`,`name`,`url`,`image` FROM `mmm_ad` WHERE `tid` = 1 AND `is_del` = 0 AND `status` = 1 ORDER BY sort ASC  [ RunTime:0.0003s ]

[ 2017-03-10T14:40:02+08:00 ] 183.11.73.15 /Home/APITravel/slide/?callback=jQuery211009245595025290143_1489128002624&logintoken=9e87b9a30307259c69232c1815055a4a&wxappid=wx22c52da8d44f1051&_=1489128002625
INFO: [ app_init ] --START--
INFO: Run Behavior\BuildLiteBehavior [ RunTime:0.000020s ]
INFO: [ app_init ] --END-- [ RunTime:0.000419s ]
INFO: [ app_begin ] --START--
INFO: Run Behavior\ReadHtmlCacheBehavior [ RunTime:0.000516s ]
INFO: [ app_begin ] --END-- [ RunTime:0.000568s ]
NOTIC: [2048] Declaration of Admin\Model\AdModel::getInstance() should be compatible with Think\Single::getInstance($class) /data/home/hyu2594430001/htdocs/Application/Admin/Model/AdModel.class.php 第 12 行.
SQL: SHOW COLUMNS FROM `mmm_ad` [ RunTime:0.0010s ]
SQL: SELECT `id`,`name`,`url`,`image` FROM `mmm_ad` WHERE `tid` = 1 AND `is_del` = 0 AND `status` = 1 ORDER BY sort ASC  [ RunTime:0.0020s ]

[ 2017-03-10T14:40:21+08:00 ] 183.11.73.15 /Home/APITravel/slide/?callback=jQuery21100643715967437608_1489128021590&logintoken=9e87b9a30307259c69232c1815055a4a&wxappid=wx22c52da8d44f1051&_=1489128021591
INFO: [ app_init ] --START--
INFO: Run Behavior\BuildLiteBehavior [ RunTime:0.000019s ]
INFO: [ app_init ] --END-- [ RunTime:0.000377s ]
INFO: [ app_begin ] --START--
INFO: Run Behavior\ReadHtmlCacheBehavior [ RunTime:0.000525s ]
INFO: [ app_begin ] --END-- [ RunTime:0.000580s ]
NOTIC: [2048] Declaration of Admin\Model\AdModel::getInstance() should be compatible with Think\Single::getInstance($class) /data/home/hyu2594430001/htdocs/Application/Admin/Model/AdModel.class.php 第 12 行.
SQL: SHOW COLUMNS FROM `mmm_ad` [ RunTime:0.0020s ]
SQL: SELECT `id`,`name`,`url`,`image` FROM `mmm_ad` WHERE `tid` = 1 AND `is_del` = 0 AND `status` = 1 ORDER BY sort ASC  [ RunTime:0.0003s ]

[ 2017-03-10T14:41:06+08:00 ] 183.11.73.15 /Home/APITravel/slide/?callback=jQuery211004086859409707455_1489128066500&logintoken=9e87b9a30307259c69232c1815055a4a&wxappid=wx22c52da8d44f1051&_=1489128066501
INFO: [ app_init ] --START--
INFO: Run Behavior\BuildLiteBehavior [ RunTime:0.000022s ]
INFO: [ app_init ] --END-- [ RunTime:0.000414s ]
INFO: [ app_begin ] --START--
INFO: Run Behavior\ReadHtmlCacheBehavior [ RunTime:0.000904s ]
INFO: [ app_begin ] --END-- [ RunTime:0.001013s ]
NOTIC: [2048] Declaration of Admin\Model\AdModel::getInstance() should be compatible with Think\Single::getInstance($class) /data/home/hyu2594430001/htdocs/Application/Admin/Model/AdModel.class.php 第 12 行.
SQL: SHOW COLUMNS FROM `mmm_ad` [ RunTime:0.0012s ]
SQL: SELECT `id`,`name`,`url`,`image` FROM `mmm_ad` WHERE `tid` = 1 AND `is_del` = 0 AND `status` = 1 ORDER BY sort ASC  [ RunTime:0.0006s ]

[ 2017-03-10T14:41:52+08:00 ] 183.11.73.15 /Home/APITravel/slide/?callback=jQuery2110713417743435925_1489128100545&logintoken=9e87b9a30307259c69232c1815055a4a&wxappid=wx22c52da8d44f1051&_=1489128100546
INFO: [ app_init ] --START--
INFO: Run Behavior\BuildLiteBehavior [ RunTime:0.000019s ]
INFO: [ app_init ] --END-- [ RunTime:0.000437s ]
INFO: [ app_begin ] --START--
INFO: Run Behavior\ReadHtmlCacheBehavior [ RunTime:0.000620s ]
INFO: [ app_begin ] --END-- [ RunTime:0.000682s ]
NOTIC: [2048] Declaration of Admin\Model\AdModel::getInstance() should be compatible with Think\Single::getInstance($class) /data/home/hyu2594430001/htdocs/Application/Admin/Model/AdModel.class.php 第 12 行.
SQL: SHOW COLUMNS FROM `mmm_ad` [ RunTime:0.0012s ]
SQL: SELECT `id`,`name`,`url`,`image` FROM `mmm_ad` WHERE `tid` = 1 AND `is_del` = 0 AND `status` = 1 ORDER BY sort ASC  [ RunTime:0.0003s ]

[ 2017-03-10T14:43:23+08:00 ] 183.11.73.15 /Home/APITravel/slide/?callback=jQuery211043535667962506563_1489128203192&logintoken=9e87b9a30307259c69232c1815055a4a&wxappid=wx22c52da8d44f1051&_=1489128203193
INFO: [ app_init ] --START--
INFO: Run Behavior\BuildLiteBehavior [ RunTime:0.000019s ]
INFO: [ app_init ] --END-- [ RunTime:0.000404s ]
INFO: [ app_begin ] --START--
INFO: Run Behavior\ReadHtmlCacheBehavior [ RunTime:0.000454s ]
INFO: [ app_begin ] --END-- [ RunTime:0.000514s ]
NOTIC: [2048] Declaration of Admin\Model\AdModel::getInstance() should be compatible with Think\Single::getInstance($class) /data/home/hyu2594430001/htdocs/Application/Admin/Model/AdModel.class.php 第 12 行.
SQL: SHOW COLUMNS FROM `mmm_ad` [ RunTime:0.0012s ]
SQL: SELECT `id`,`name`,`url`,`image` FROM `mmm_ad` WHERE `tid` = 1 AND `is_del` = 0 AND `status` = 1 ORDER BY sort ASC  [ RunTime:0.0004s ]

[ 2017-03-10T14:43:49+08:00 ] 183.11.73.15 /Home/APITravel/slide/?callback=jQuery2110701073036285949_1489128229664&logintoken=9e87b9a30307259c69232c1815055a4a&wxappid=wx22c52da8d44f1051&_=1489128229665
INFO: [ app_init ] --START--
INFO: Run Behavior\BuildLiteBehavior [ RunTime:0.000022s ]
INFO: [ app_init ] --END-- [ RunTime:0.000408s ]
INFO: [ app_begin ] --START--
INFO: Run Behavior\ReadHtmlCacheBehavior [ RunTime:0.000544s ]
INFO: [ app_begin ] --END-- [ RunTime:0.000597s ]
NOTIC: [2048] Declaration of Admin\Model\AdModel::getInstance() should be compatible with Think\Single::getInstance($class) /data/home/hyu2594430001/htdocs/Application/Admin/Model/AdModel.class.php 第 12 行.
SQL: SHOW COLUMNS FROM `mmm_ad` [ RunTime:0.0011s ]
SQL: SELECT `id`,`name`,`url`,`image` FROM `mmm_ad` WHERE `tid` = 1 AND `is_del` = 0 AND `status` = 1 ORDER BY sort ASC  [ RunTime:0.0004s ]

[ 2017-03-10T14:44:25+08:00 ] 183.11.73.15 /Home/APITravel/slide/?callback=jQuery21108609866533054973_1489128262389&logintoken=9e87b9a30307259c69232c1815055a4a&wxappid=wx22c52da8d44f1051&_=1489128262390
INFO: [ app_init ] --START--
INFO: Run Behavior\BuildLiteBehavior [ RunTime:0.000019s ]
INFO: [ app_init ] --END-- [ RunTime:0.000449s ]
INFO: [ app_begin ] --START--
INFO: Run Behavior\ReadHtmlCacheBehavior [ RunTime:0.000474s ]
INFO: [ app_begin ] --END-- [ RunTime:0.000532s ]
NOTIC: [2048] Declaration of Admin\Model\AdModel::getInstance() should be compatible with Think\Single::getInstance($class) /data/home/hyu2594430001/htdocs/Application/Admin/Model/AdModel.class.php 第 12 行.
SQL: SHOW COLUMNS FROM `mmm_ad` [ RunTime:0.0009s ]
SQL: SELECT `id`,`name`,`url`,`image` FROM `mmm_ad` WHERE `tid` = 1 AND `is_del` = 0 AND `status` = 1 ORDER BY sort ASC  [ RunTime:0.0003s ]

[ 2017-03-10T14:45:32+08:00 ] 183.11.73.15 /Home/APITravel/slide/?callback=jQuery211001842629638172033_1489128331982&logintoken=9e87b9a30307259c69232c1815055a4a&wxappid=wx22c52da8d44f1051&_=1489128331983
INFO: [ app_init ] --START--
INFO: Run Behavior\BuildLiteBehavior [ RunTime:0.000022s ]
INFO: [ app_init ] --END-- [ RunTime:0.000406s ]
INFO: [ app_begin ] --START--
INFO: Run Behavior\ReadHtmlCacheBehavior [ RunTime:0.000565s ]
INFO: [ app_begin ] --END-- [ RunTime:0.000618s ]
NOTIC: [2048] Declaration of Admin\Model\AdModel::getInstance() should be compatible with Think\Single::getInstance($class) /data/home/hyu2594430001/htdocs/Application/Admin/Model/AdModel.class.php 第 12 行.
SQL: SHOW COLUMNS FROM `mmm_ad` [ RunTime:0.0013s ]
SQL: SELECT `id`,`name`,`url`,`image` FROM `mmm_ad` WHERE `tid` = 1 AND `is_del` = 0 AND `status` = 1 ORDER BY sort ASC  [ RunTime:0.0008s ]

[ 2017-03-10T14:46:41+08:00 ] 183.11.73.15 /Home/APITravel/slide/?callback=jQuery21105973303800199594_1489128401701&logintoken=9e87b9a30307259c69232c1815055a4a&wxappid=wx22c52da8d44f1051&_=1489128401702
INFO: [ app_init ] --START--
INFO: Run Behavior\BuildLiteBehavior [ RunTime:0.000018s ]
INFO: [ app_init ] --END-- [ RunTime:0.000399s ]
INFO: [ app_begin ] --START--
INFO: Run Behavior\ReadHtmlCacheBehavior [ RunTime:0.000453s ]
INFO: [ app_begin ] --END-- [ RunTime:0.000504s ]
NOTIC: [2048] Declaration of Admin\Model\AdModel::getInstance() should be compatible with Think\Single::getInstance($class) /data/home/hyu2594430001/htdocs/Application/Admin/Model/AdModel.class.php 第 12 行.
SQL: SHOW COLUMNS FROM `mmm_ad` [ RunTime:0.0012s ]
SQL: SELECT `id`,`name`,`url`,`image` FROM `mmm_ad` WHERE `tid` = 1 AND `is_del` = 0 AND `status` = 1 ORDER BY sort ASC  [ RunTime:0.0004s ]

