[ 2017-02-14T12:04:30+08:00 ] 127.0.0.1 /
INFO: [ app_init ] --START--
INFO: Run Behavior\BuildLiteBehavior [ RunTime:0.000043s ]
INFO: [ app_init ] --END-- [ RunTime:0.012669s ]
INFO: [ app_begin ] --START--
INFO: Run Behavior\ReadHtmlCacheBehavior [ RunTime:0.002005s ]
INFO: [ app_begin ] --END-- [ RunTime:0.002202s ]
INFO: [ view_parse ] --START--
INFO: [ template_filter ] --START--
INFO: Run Behavior\ContentReplaceBehavior [ RunTime:0.000126s ]
INFO: [ template_filter ] --END-- [ RunTime:0.000312s ]
INFO: Run Behavior\ParseTemplateBehavior [ RunTime:0.240717s ]
INFO: [ view_parse ] --END-- [ RunTime:0.240968s ]
INFO: [ view_filter ] --START--
INFO: Run Behavior\WriteHtmlCacheBehavior [ RunTime:0.011286s ]
INFO: [ view_filter ] --END-- [ RunTime:0.011471s ]
INFO: [ app_end ] --START--
INFO: Run Behavior\ShowPageTraceBehavior [ RunTime:0.011695s ]
INFO: [ app_end ] --END-- [ RunTime:0.011897s ]

[ 2017-02-14T12:06:38+08:00 ] 127.0.0.1 /
INFO: [ app_init ] --START--
INFO: Run Behavior\BuildLiteBehavior [ RunTime:0.000046s ]
INFO: [ app_init ] --END-- [ RunTime:0.374441s ]
INFO: [ app_begin ] --START--
INFO: Run Behavior\ReadHtmlCacheBehavior [ RunTime:0.146418s ]
INFO: [ app_begin ] --END-- [ RunTime:0.146667s ]
INFO: [ view_parse ] --START--
INFO: [ template_filter ] --START--
INFO: Run Behavior\ContentReplaceBehavior [ RunTime:0.000159s ]
INFO: [ template_filter ] --END-- [ RunTime:0.000398s ]
INFO: Run Behavior\ParseTemplateBehavior [ RunTime:0.929555s ]
INFO: [ view_parse ] --END-- [ RunTime:0.929935s ]
INFO: [ view_filter ] --START--
INFO: Run Behavior\WriteHtmlCacheBehavior [ RunTime:0.189340s ]
INFO: [ view_filter ] --END-- [ RunTime:0.189734s ]
INFO: [ app_end ] --START--
INFO: Run Behavior\ShowPageTraceBehavior [ RunTime:0.018795s ]
INFO: [ app_end ] --END-- [ RunTime:0.019057s ]

[ 2017-02-14T17:36:03+08:00 ] 127.0.0.1 /Home/APITravel/web_info
INFO: [ app_init ] --START--
INFO: Run Behavior\BuildLiteBehavior [ RunTime:0.000056s ]
INFO: [ app_init ] --END-- [ RunTime:0.021983s ]
INFO: [ app_begin ] --START--
INFO: Run Behavior\ReadHtmlCacheBehavior [ RunTime:0.017582s ]
INFO: [ app_begin ] --END-- [ RunTime:0.017783s ]
NOTIC: [2048] Declaration of Admin\Model\WebInfoModel::getInstance() should be compatible with Think\Single::getInstance($class) E:\wamp\www\test\Application\Admin\Model\WebInfoModel.class.php 第 12 行.
SQL: SHOW COLUMNS FROM `mmm_web_info` [ RunTime:0.0241s ]
SQL: SELECT `id`,`web_title`,`web_keywords`,`pc_logo`,`mobile_logo`,`company_name`,`company_addr`,`web_id`,`web_tel`,`main_color` FROM `mmm_web_info` WHERE `id` = 1 LIMIT 1   [ RunTime:0.0315s ]

[ 2017-02-14T17:52:46+08:00 ] 127.0.0.1 /Home/APITravel/
INFO: [ app_init ] --START--
INFO: Run Behavior\BuildLiteBehavior [ RunTime:0.000060s ]
INFO: [ app_init ] --END-- [ RunTime:0.015394s ]
INFO: [ app_begin ] --START--
INFO: Run Behavior\ReadHtmlCacheBehavior [ RunTime:0.001230s ]
INFO: [ app_begin ] --END-- [ RunTime:0.001419s ]
ERR: 非法操作:index

[ 2017-02-14T17:52:52+08:00 ] 127.0.0.1 /Home/APITravel/slide
INFO: [ app_init ] --START--
INFO: Run Behavior\BuildLiteBehavior [ RunTime:0.000037s ]
INFO: [ app_init ] --END-- [ RunTime:0.000490s ]
INFO: [ app_begin ] --START--
INFO: Run Behavior\ReadHtmlCacheBehavior [ RunTime:0.001159s ]
INFO: [ app_begin ] --END-- [ RunTime:0.001469s ]
NOTIC: [2048] Declaration of Admin\Model\AdModel::getInstance() should be compatible with Think\Single::getInstance($class) E:\wamp\www\test\Application\Admin\Model\AdModel.class.php 第 12 行.
SQL: SHOW COLUMNS FROM `mmm_ad` [ RunTime:0.0144s ]
SQL: SELECT `id`,`name`,`url`,`image` FROM `mmm_ad` WHERE `id` = 1 LIMIT 1   [ RunTime:0.0006s ]

[ 2017-02-14T17:54:55+08:00 ] 127.0.0.1 /Home/APITravel/slide
INFO: [ app_init ] --START--
INFO: Run Behavior\BuildLiteBehavior [ RunTime:0.000034s ]
INFO: [ app_init ] --END-- [ RunTime:0.000522s ]
INFO: [ app_begin ] --START--
INFO: Run Behavior\ReadHtmlCacheBehavior [ RunTime:0.001127s ]
INFO: [ app_begin ] --END-- [ RunTime:0.001395s ]
NOTIC: [2048] Declaration of Admin\Model\AdModel::getInstance() should be compatible with Think\Single::getInstance($class) E:\wamp\www\test\Application\Admin\Model\AdModel.class.php 第 12 行.
SQL: SHOW COLUMNS FROM `mmm_ad` [ RunTime:0.0145s ]
SQL: SELECT `id`,`name`,`url`,`image` FROM `mmm_ad` WHERE `tid` = 1 AND `is_del` = 0 AND `status` = 1  [ RunTime:0.0295s ]

