[ 2017-02-21T22:05:16+08:00 ] 127.0.0.1 /Home/APITravel/slide
INFO: [ app_init ] --START--
INFO: Run Behavior\BuildLiteBehavior [ RunTime:0.000000s ]
INFO: [ app_init ] --END-- [ RunTime:0.000000s ]
INFO: [ app_begin ] --START--
INFO: Run Behavior\ReadHtmlCacheBehavior [ RunTime:0.000000s ]
INFO: [ app_begin ] --END-- [ RunTime:0.001000s ]
NOTIC: [2048] Declaration of Admin\Model\AdModel::getInstance() should be compatible with Think\Single::getInstance($class) E:\wamp\www\test\Application\Admin\Model\AdModel.class.php 第 12 行.
SQL: SHOW COLUMNS FROM `mmm_ad` [ RunTime:0.0010s ]
SQL: SELECT `id`,`name`,`url`,`image` FROM `mmm_ad` WHERE `tid` = 1 AND `is_del` = 0 AND `status` = 1  [ RunTime:0.0200s ]

[ 2017-02-21T22:06:28+08:00 ] 127.0.0.1 /Home/APILogin/sendCode?phone=13425157494
INFO: [ app_init ] --START--
INFO: Run Behavior\BuildLiteBehavior [ RunTime:0.000000s ]
INFO: [ app_init ] --END-- [ RunTime:0.001000s ]
INFO: [ app_begin ] --START--
INFO: Run Behavior\ReadHtmlCacheBehavior [ RunTime:0.000000s ]
INFO: [ app_begin ] --END-- [ RunTime:0.000000s ]

[ 2017-02-21T22:18:42+08:00 ] 127.0.0.1 /Home/APILogin/sendCode?phone=13425157494
INFO: [ app_init ] --START--
INFO: Run Behavior\BuildLiteBehavior [ RunTime:0.000000s ]
INFO: [ app_init ] --END-- [ RunTime:0.001000s ]
INFO: [ app_begin ] --START--
INFO: Run Behavior\ReadHtmlCacheBehavior [ RunTime:0.001000s ]
INFO: [ app_begin ] --END-- [ RunTime:0.001000s ]
NOTIC: [2048] Declaration of Common\Model\SmsModel::getInstance() should be compatible with Think\Single::getInstance($class) E:\wamp\www\test\Application\Common\Model\SmsModel.class.php 第 12 行.
SQL: SHOW COLUMNS FROM `mmm_sms` [ RunTime:0.0060s ]
SQL: INSERT INTO `mmm_sms` (`content`,`verify`,`type`,`mobile`,`sendtime`,`status`) VALUES ('a:2:{i:0;i:896536;i:1;i:10;}','896536','1','13425157494','1487686722','0') [ RunTime:0.0590s ]

