[ 2017-03-27T16:11:18+08:00 ] 127.0.0.1 /img/loading.gif
INFO: [ app_init ] --START--
INFO: Run Behavior\BuildLiteBehavior [ RunTime:0.000023s ]
INFO: [ app_init ] --END-- [ RunTime:0.001124s ]

[ 2017-03-27T16:11:18+08:00 ] 127.0.0.1 /web/js/maps/swiper.jquery.min.js.map
INFO: [ app_init ] --START--
INFO: Run Behavior\BuildLiteBehavior [ RunTime:0.000025s ]
INFO: [ app_init ] --END-- [ RunTime:0.000701s ]
INFO: [ app_begin ] --START--
INFO: Run Behavior\ReadHtmlCacheBehavior [ RunTime:0.010680s ]
INFO: [ app_begin ] --END-- [ RunTime:0.010791s ]
ERR: 无法加载控制器:Web

[ 2017-03-27T16:14:48+08:00 ] 127.0.0.1 /Home/APITravel/slide
INFO: [ app_init ] --START--
INFO: Run Behavior\BuildLiteBehavior [ RunTime:0.000029s ]
INFO: [ app_init ] --END-- [ RunTime:0.129096s ]
INFO: [ app_begin ] --START--
INFO: Run Behavior\ReadHtmlCacheBehavior [ RunTime:0.132431s ]
INFO: [ app_begin ] --END-- [ RunTime:0.132595s ]
ERR: 无法加载控制器:Home

[ 2017-03-27T16:20:30+08:00 ] 127.0.0.1 /index.php/Home/APITravel/slide
INFO: [ app_init ] --START--
INFO: Run Behavior\BuildLiteBehavior [ RunTime:0.000035s ]
INFO: [ app_init ] --END-- [ RunTime:0.000806s ]
INFO: [ app_begin ] --START--
INFO: Run Behavior\ReadHtmlCacheBehavior [ RunTime:0.001550s ]
INFO: [ app_begin ] --END-- [ RunTime:0.001743s ]
ERR: 无法加载控制器:Home

[ 2017-03-27T16:21:09+08:00 ] 127.0.0.1 /img/loading.gif
INFO: [ app_init ] --START--
INFO: Run Behavior\BuildLiteBehavior [ RunTime:0.000027s ]
INFO: [ app_init ] --END-- [ RunTime:0.000627s ]

[ 2017-03-27T16:21:31+08:00 ] 127.0.0.1 /img/loading.gif
INFO: [ app_init ] --START--
INFO: Run Behavior\BuildLiteBehavior [ RunTime:0.000031s ]
INFO: [ app_init ] --END-- [ RunTime:0.000963s ]

[ 2017-03-27T16:21:32+08:00 ] 127.0.0.1 /web/js/maps/swiper.jquery.min.js.map
INFO: [ app_init ] --START--
INFO: Run Behavior\BuildLiteBehavior [ RunTime:0.000029s ]
INFO: [ app_init ] --END-- [ RunTime:0.000621s ]
INFO: [ app_begin ] --START--
INFO: Run Behavior\ReadHtmlCacheBehavior [ RunTime:0.000895s ]
INFO: [ app_begin ] --END-- [ RunTime:0.001016s ]
ERR: 无法加载控制器:Web

[ 2017-03-27T16:21:35+08:00 ] 127.0.0.1 /
INFO: [ app_init ] --START--
INFO: Run Behavior\BuildLiteBehavior [ RunTime:0.000033s ]
INFO: [ app_init ] --END-- [ RunTime:0.001796s ]
INFO: [ app_begin ] --START--
INFO: Run Behavior\ReadHtmlCacheBehavior [ RunTime:0.000674s ]
INFO: [ app_begin ] --END-- [ RunTime:0.000794s ]
INFO: [ view_parse ] --START--
INFO: [ template_filter ] --START--
INFO: Run Behavior\ContentReplaceBehavior [ RunTime:0.001241s ]
INFO: [ template_filter ] --END-- [ RunTime:0.001362s ]
INFO: Run Behavior\ParseTemplateBehavior [ RunTime:0.161644s ]
INFO: [ view_parse ] --END-- [ RunTime:0.161741s ]
INFO: [ view_filter ] --START--
INFO: Run Behavior\WriteHtmlCacheBehavior [ RunTime:0.000855s ]
INFO: [ view_filter ] --END-- [ RunTime:0.000920s ]
INFO: [ app_end ] --START--
INFO: Run Behavior\ShowPageTraceBehavior [ RunTime:0.002830s ]
INFO: [ app_end ] --END-- [ RunTime:0.002912s ]

[ 2017-03-27T16:21:36+08:00 ] 127.0.0.1 /Home/User/index?phone=13425157493
INFO: [ app_init ] --START--
INFO: Run Behavior\BuildLiteBehavior [ RunTime:0.000025s ]
INFO: [ app_init ] --END-- [ RunTime:0.000598s ]
INFO: [ app_begin ] --START--
INFO: Run Behavior\ReadHtmlCacheBehavior [ RunTime:0.000558s ]
INFO: [ app_begin ] --END-- [ RunTime:0.000640s ]
ERR: 无法加载控制器:Home

[ 2017-03-27T16:22:46+08:00 ] 127.0.0.1 /
INFO: [ app_init ] --START--
INFO: Run Behavior\BuildLiteBehavior [ RunTime:0.000136s ]
INFO: [ app_init ] --END-- [ RunTime:0.000673s ]
INFO: [ app_begin ] --START--
INFO: Run Behavior\ReadHtmlCacheBehavior [ RunTime:0.000551s ]
INFO: [ app_begin ] --END-- [ RunTime:0.000684s ]

[ 2017-03-27T16:23:56+08:00 ] 127.0.0.1 /APITravel/web_info
INFO: [ app_init ] --START--
INFO: Run Behavior\BuildLiteBehavior [ RunTime:0.000029s ]
INFO: [ app_init ] --END-- [ RunTime:0.000867s ]
INFO: [ app_begin ] --START--
INFO: Run Behavior\ReadHtmlCacheBehavior [ RunTime:0.000806s ]
INFO: [ app_begin ] --END-- [ RunTime:0.000979s ]
NOTIC: [2048] Declaration of Admin\Model\WebInfoModel::getInstance() should be compatible with Think\Single::getInstance($class) E:\work\upupw\htdocs\travels\Application\Admin\Model\WebInfoModel.class.php 第 12 行.
SQL: SHOW COLUMNS FROM `mmm_web_info` [ RunTime:0.0408s ]
SQL: SELECT `id`,`web_title`,`web_keywords`,`pc_logo`,`mobile_logo`,`company_name`,`company_addr`,`web_id`,`web_tel`,`main_color` FROM `mmm_web_info` WHERE `id` = 1 LIMIT 1   [ RunTime:0.0326s ]

[ 2017-03-27T16:24:23+08:00 ] 127.0.0.1 /home/APITravel/web_info
INFO: [ app_init ] --START--
INFO: Run Behavior\BuildLiteBehavior [ RunTime:0.000026s ]
INFO: [ app_init ] --END-- [ RunTime:0.000955s ]
INFO: [ app_begin ] --START--
INFO: Run Behavior\ReadHtmlCacheBehavior [ RunTime:0.000670s ]
INFO: [ app_begin ] --END-- [ RunTime:0.000757s ]
ERR: 无法加载控制器:Home

[ 2017-03-27T16:26:18+08:00 ] 127.0.0.1 /home/APITravel/web_info
INFO: [ app_init ] --START--
INFO: Run Behavior\BuildLiteBehavior [ RunTime:0.000026s ]
INFO: [ app_init ] --END-- [ RunTime:0.000681s ]
INFO: [ app_begin ] --START--
INFO: Run Behavior\ReadHtmlCacheBehavior [ RunTime:0.004151s ]
INFO: [ app_begin ] --END-- [ RunTime:0.004258s ]
ERR: 无法加载控制器:Home

[ 2017-03-27T16:26:23+08:00 ] 127.0.0.1 /APITravel/web_info
INFO: [ app_init ] --START--
INFO: Run Behavior\BuildLiteBehavior [ RunTime:0.000027s ]
INFO: [ app_init ] --END-- [ RunTime:0.000978s ]
INFO: [ app_begin ] --START--
INFO: Run Behavior\ReadHtmlCacheBehavior [ RunTime:0.000784s ]
INFO: [ app_begin ] --END-- [ RunTime:0.000914s ]
NOTIC: [2048] Declaration of Admin\Model\WebInfoModel::getInstance() should be compatible with Think\Single::getInstance($class) E:\work\upupw\htdocs\travels\Application\Admin\Model\WebInfoModel.class.php 第 12 行.
SQL: SHOW COLUMNS FROM `mmm_web_info` [ RunTime:0.0330s ]
SQL: SELECT `id`,`web_title`,`web_keywords`,`pc_logo`,`mobile_logo`,`company_name`,`company_addr`,`web_id`,`web_tel`,`main_color` FROM `mmm_web_info` WHERE `id` = 1 LIMIT 1   [ RunTime:0.0334s ]

[ 2017-03-27T16:26:33+08:00 ] 127.0.0.1 /APITravel/web_info
INFO: [ app_init ] --START--
INFO: Run Behavior\BuildLiteBehavior [ RunTime:0.000035s ]
INFO: [ app_init ] --END-- [ RunTime:0.000682s ]
INFO: [ app_begin ] --START--
INFO: Run Behavior\ReadHtmlCacheBehavior [ RunTime:0.000512s ]
INFO: [ app_begin ] --END-- [ RunTime:0.000597s ]
NOTIC: [2048] Declaration of Admin\Model\WebInfoModel::getInstance() should be compatible with Think\Single::getInstance($class) E:\work\upupw\htdocs\travels\Application\Admin\Model\WebInfoModel.class.php 第 12 行.
SQL: SHOW COLUMNS FROM `mmm_web_info` [ RunTime:0.0371s ]
SQL: SELECT `id`,`web_title`,`web_keywords`,`pc_logo`,`mobile_logo`,`company_name`,`company_addr`,`web_id`,`web_tel`,`main_color` FROM `mmm_web_info` WHERE `id` = 1 LIMIT 1   [ RunTime:0.0342s ]

[ 2017-03-27T16:28:03+08:00 ] 127.0.0.1 /Admin
INFO: [ app_init ] --START--
INFO: Run Behavior\BuildLiteBehavior [ RunTime:0.000026s ]
INFO: [ app_init ] --END-- [ RunTime:0.000846s ]
INFO: [ app_begin ] --START--
INFO: Run Behavior\ReadHtmlCacheBehavior [ RunTime:0.000702s ]
INFO: [ app_begin ] --END-- [ RunTime:0.000827s ]
ERR: 无法加载控制器:Admin

[ 2017-03-27T16:33:08+08:00 ] 127.0.0.1 /APITravel/web_info
INFO: [ app_init ] --START--
INFO: Run Behavior\BuildLiteBehavior [ RunTime:0.000024s ]
INFO: [ app_init ] --END-- [ RunTime:0.000630s ]
INFO: [ app_begin ] --START--
INFO: Run Behavior\ReadHtmlCacheBehavior [ RunTime:0.000598s ]
INFO: [ app_begin ] --END-- [ RunTime:0.000688s ]
NOTIC: [2048] Declaration of Admin\Model\WebInfoModel::getInstance() should be compatible with Think\Single::getInstance($class) E:\work\upupw\htdocs\travels\Application\Admin\Model\WebInfoModel.class.php 第 12 行.
SQL: SHOW COLUMNS FROM `mmm_web_info` [ RunTime:0.0369s ]
SQL: SELECT `id`,`web_title`,`web_keywords`,`pc_logo`,`mobile_logo`,`company_name`,`company_addr`,`web_id`,`web_tel`,`main_color` FROM `mmm_web_info` WHERE `id` = 1 LIMIT 1   [ RunTime:0.0375s ]

[ 2017-03-27T16:35:39+08:00 ] 127.0.0.1 /Admin
INFO: [ app_init ] --START--
INFO: Run Behavior\BuildLiteBehavior [ RunTime:0.000029s ]
INFO: [ app_init ] --END-- [ RunTime:0.000664s ]
INFO: [ app_begin ] --START--
INFO: Run Behavior\ReadHtmlCacheBehavior [ RunTime:0.000799s ]
INFO: [ app_begin ] --END-- [ RunTime:0.000920s ]
ERR: 无法加载控制器:Admin

[ 2017-03-27T16:37:08+08:00 ] 127.0.0.1 /Admin/Index/login
INFO: [ app_init ] --START--
INFO: Run Behavior\BuildLiteBehavior [ RunTime:0.000045s ]
INFO: [ app_init ] --END-- [ RunTime:0.001423s ]
INFO: [ app_begin ] --START--
INFO: Run Behavior\ReadHtmlCacheBehavior [ RunTime:0.001194s ]
INFO: [ app_begin ] --END-- [ RunTime:0.001482s ]
ERR: 无法加载控制器:Admin

[ 2017-03-27T16:37:16+08:00 ] 127.0.0.1 /Index/login
INFO: [ app_init ] --START--
INFO: Run Behavior\BuildLiteBehavior [ RunTime:0.000028s ]
INFO: [ app_init ] --END-- [ RunTime:0.000630s ]
INFO: [ app_begin ] --START--
INFO: Run Behavior\ReadHtmlCacheBehavior [ RunTime:0.000638s ]
INFO: [ app_begin ] --END-- [ RunTime:0.000751s ]

[ 2017-03-27T16:40:12+08:00 ] 127.0.0.1 /Admin/Index/login
INFO: [ app_init ] --START--
INFO: Run Behavior\BuildLiteBehavior [ RunTime:0.000031s ]
INFO: [ app_init ] --END-- [ RunTime:0.003647s ]
INFO: [ app_begin ] --START--
INFO: Run Behavior\ReadHtmlCacheBehavior [ RunTime:0.002201s ]
INFO: [ app_begin ] --END-- [ RunTime:0.002297s ]
ERR: 无法加载控制器:Admin

[ 2017-03-27T16:40:24+08:00 ] 127.0.0.1 /Index/welcome
INFO: [ app_init ] --START--
INFO: Run Behavior\BuildLiteBehavior [ RunTime:0.000022s ]
INFO: [ app_init ] --END-- [ RunTime:0.000613s ]
INFO: [ app_begin ] --START--
INFO: Run Behavior\ReadHtmlCacheBehavior [ RunTime:0.001198s ]
INFO: [ app_begin ] --END-- [ RunTime:0.001328s ]

[ 2017-03-27T16:42:34+08:00 ] 127.0.0.1 /Admin/Index/login
INFO: [ app_init ] --START--
INFO: Run Behavior\BuildLiteBehavior [ RunTime:0.000024s ]
INFO: [ app_init ] --END-- [ RunTime:0.000586s ]
INFO: [ app_begin ] --START--
INFO: Run Behavior\ReadHtmlCacheBehavior [ RunTime:0.000516s ]
INFO: [ app_begin ] --END-- [ RunTime:0.000618s ]
ERR: 无法加载控制器:Admin

[ 2017-03-27T16:46:14+08:00 ] 127.0.0.1 /APITravel/web_info
INFO: [ app_init ] --START--
INFO: Run Behavior\BuildLiteBehavior [ RunTime:0.000023s ]
INFO: [ app_init ] --END-- [ RunTime:0.001109s ]
INFO: [ app_begin ] --START--
INFO: Run Behavior\ReadHtmlCacheBehavior [ RunTime:0.005667s ]
INFO: [ app_begin ] --END-- [ RunTime:0.005766s ]
NOTIC: [2048] Declaration of Admin\Model\WebInfoModel::getInstance() should be compatible with Think\Single::getInstance($class) E:\work\upupw\htdocs\travels\Application\Admin\Model\WebInfoModel.class.php 第 12 行.
SQL: SHOW COLUMNS FROM `mmm_web_info` [ RunTime:0.0374s ]
SQL: SELECT `id`,`web_title`,`web_keywords`,`pc_logo`,`mobile_logo`,`company_name`,`company_addr`,`web_id`,`web_tel`,`main_color` FROM `mmm_web_info` WHERE `id` = 1 LIMIT 1   [ RunTime:0.0370s ]

[ 2017-03-27T16:46:27+08:00 ] 127.0.0.1 /Admin/Index/welcome
INFO: [ app_init ] --START--
INFO: Run Behavior\BuildLiteBehavior [ RunTime:0.000031s ]
INFO: [ app_init ] --END-- [ RunTime:0.000548s ]
INFO: [ app_begin ] --START--
INFO: Run Behavior\ReadHtmlCacheBehavior [ RunTime:0.000507s ]
INFO: [ app_begin ] --END-- [ RunTime:0.000607s ]
ERR: 无法加载控制器:Admin

[ 2017-03-27T16:52:13+08:00 ] 127.0.0.1 /
INFO: [ app_init ] --START--
INFO: Run Behavior\BuildLiteBehavior [ RunTime:0.000030s ]
INFO: [ app_init ] --END-- [ RunTime:0.000686s ]
INFO: [ app_begin ] --START--
INFO: Run Behavior\ReadHtmlCacheBehavior [ RunTime:0.000697s ]
INFO: [ app_begin ] --END-- [ RunTime:0.000794s ]

[ 2017-03-27T16:52:13+08:00 ] 127.0.0.1 /
INFO: [ app_init ] --START--
INFO: Run Behavior\BuildLiteBehavior [ RunTime:0.000027s ]
INFO: [ app_init ] --END-- [ RunTime:0.000938s ]
INFO: [ app_begin ] --START--
INFO: Run Behavior\ReadHtmlCacheBehavior [ RunTime:0.002987s ]
INFO: [ app_begin ] --END-- [ RunTime:0.003141s ]

[ 2017-03-27T16:52:19+08:00 ] 127.0.0.1 /APITravel/web_info
INFO: [ app_init ] --START--
INFO: Run Behavior\BuildLiteBehavior [ RunTime:0.000024s ]
INFO: [ app_init ] --END-- [ RunTime:0.000629s ]
INFO: [ app_begin ] --START--
INFO: Run Behavior\ReadHtmlCacheBehavior [ RunTime:0.000844s ]
INFO: [ app_begin ] --END-- [ RunTime:0.000982s ]
NOTIC: [2048] Declaration of Admin\Model\WebInfoModel::getInstance() should be compatible with Think\Single::getInstance($class) E:\work\upupw\htdocs\travels\Application\Admin\Model\WebInfoModel.class.php 第 12 行.
SQL: SHOW COLUMNS FROM `mmm_web_info` [ RunTime:0.0334s ]
SQL: SELECT `id`,`web_title`,`web_keywords`,`pc_logo`,`mobile_logo`,`company_name`,`company_addr`,`web_id`,`web_tel`,`main_color` FROM `mmm_web_info` WHERE `id` = 1 LIMIT 1   [ RunTime:0.0331s ]

[ 2017-03-27T16:52:34+08:00 ] 127.0.0.1 /Admin/Index/login
INFO: [ app_init ] --START--
INFO: Run Behavior\BuildLiteBehavior [ RunTime:0.000025s ]
INFO: [ app_init ] --END-- [ RunTime:0.000658s ]
INFO: [ app_begin ] --START--
INFO: Run Behavior\ReadHtmlCacheBehavior [ RunTime:0.000588s ]
INFO: [ app_begin ] --END-- [ RunTime:0.000685s ]
ERR: 无法加载控制器:Admin

[ 2017-03-27T16:53:33+08:00 ] 127.0.0.1 //Home/APITravel/web_info
INFO: [ app_init ] --START--
INFO: Run Behavior\BuildLiteBehavior [ RunTime:0.000024s ]
INFO: [ app_init ] --END-- [ RunTime:0.000856s ]
INFO: [ app_begin ] --START--
INFO: Run Behavior\ReadHtmlCacheBehavior [ RunTime:0.000768s ]
INFO: [ app_begin ] --END-- [ RunTime:0.000934s ]
NOTIC: [2048] Declaration of Admin\Model\WebInfoModel::getInstance() should be compatible with Think\Single::getInstance($class) E:\work\upupw\htdocs\travels\Application\Admin\Model\WebInfoModel.class.php 第 12 行.
SQL: SHOW COLUMNS FROM `mmm_web_info` [ RunTime:0.0361s ]
SQL: SELECT `id`,`web_title`,`web_keywords`,`pc_logo`,`mobile_logo`,`company_name`,`company_addr`,`web_id`,`web_tel`,`main_color` FROM `mmm_web_info` WHERE `id` = 1 LIMIT 1   [ RunTime:0.0356s ]

[ 2017-03-27T16:55:05+08:00 ] 127.0.0.1 /
INFO: [ app_init ] --START--
INFO: Run Behavior\BuildLiteBehavior [ RunTime:0.000027s ]
INFO: [ app_init ] --END-- [ RunTime:0.000653s ]
INFO: [ app_begin ] --START--
INFO: Run Behavior\ReadHtmlCacheBehavior [ RunTime:0.000617s ]
INFO: [ app_begin ] --END-- [ RunTime:0.000737s ]

[ 2017-03-27T16:55:22+08:00 ] 127.0.0.1 /Home/APITravel/web_info
INFO: [ app_init ] --START--
INFO: Run Behavior\BuildLiteBehavior [ RunTime:0.000021s ]
INFO: [ app_init ] --END-- [ RunTime:0.000453s ]
INFO: [ app_begin ] --START--
INFO: Run Behavior\ReadHtmlCacheBehavior [ RunTime:0.001147s ]
INFO: [ app_begin ] --END-- [ RunTime:0.001235s ]
NOTIC: [2048] Declaration of Admin\Model\WebInfoModel::getInstance() should be compatible with Think\Single::getInstance($class) E:\work\upupw\htdocs\travels\Application\Admin\Model\WebInfoModel.class.php 第 12 行.
SQL: SHOW COLUMNS FROM `mmm_web_info` [ RunTime:0.0371s ]
SQL: SELECT `id`,`web_title`,`web_keywords`,`pc_logo`,`mobile_logo`,`company_name`,`company_addr`,`web_id`,`web_tel`,`main_color` FROM `mmm_web_info` WHERE `id` = 1 LIMIT 1   [ RunTime:0.0363s ]

