[ 2017-02-22T14:34:12+08:00 ] 127.0.0.1 /Home/APILogin/loginOut?id=3
INFO: [ app_init ] --START--
INFO: Run Behavior\BuildLiteBehavior [ RunTime:0.000046s ]
INFO: [ app_init ] --END-- [ RunTime:0.012769s ]
INFO: [ app_begin ] --START--
INFO: Run Behavior\ReadHtmlCacheBehavior [ RunTime:0.001791s ]
INFO: [ app_begin ] --END-- [ RunTime:0.001977s ]
NOTIC: [2048] Declaration of Common\Model\MemberModel::getInstance() should be compatible with Think\Single::getInstance($class) E:\wamp\www\test\Application\Common\Model\MemberModel.class.php 第 12 行.
SQL: SHOW COLUMNS FROM `mmm_member` [ RunTime:0.2486s ]
SQL: SELECT `id`,`mobile` FROM `mmm_member` WHERE `id` = 0 LIMIT 1   [ RunTime:0.0290s ]
NOTIC: [2] unlink(./Application/Runtime/Temp/aa08769cdcb26674c6706093503ff0a3.php): No such file or directory E:\wamp\www\test\ThinkPHP\Library\Think\Cache\Driver\File.class.php 第 157 行.

[ 2017-02-22T14:34:49+08:00 ] 127.0.0.1 /Home/APILogin/loginOut?id=3
INFO: [ app_init ] --START--
INFO: Run Behavior\BuildLiteBehavior [ RunTime:0.000039s ]
INFO: [ app_init ] --END-- [ RunTime:0.000493s ]
INFO: [ app_begin ] --START--
INFO: Run Behavior\ReadHtmlCacheBehavior [ RunTime:0.000509s ]
INFO: [ app_begin ] --END-- [ RunTime:0.000748s ]
NOTIC: [2048] Declaration of Common\Model\MemberModel::getInstance() should be compatible with Think\Single::getInstance($class) E:\wamp\www\test\Application\Common\Model\MemberModel.class.php 第 12 行.
SQL: SHOW COLUMNS FROM `mmm_member` [ RunTime:0.0599s ]
SQL: SELECT `id`,`mobile` FROM `mmm_member` WHERE `id` = 0 LIMIT 1   [ RunTime:0.0003s ]

[ 2017-02-22T14:34:50+08:00 ] 127.0.0.1 /Home/APILogin/loginOut?id=3
INFO: [ app_init ] --START--
INFO: Run Behavior\BuildLiteBehavior [ RunTime:0.000036s ]
INFO: [ app_init ] --END-- [ RunTime:0.000447s ]
INFO: [ app_begin ] --START--
INFO: Run Behavior\ReadHtmlCacheBehavior [ RunTime:0.000458s ]
INFO: [ app_begin ] --END-- [ RunTime:0.000630s ]
NOTIC: [2048] Declaration of Common\Model\MemberModel::getInstance() should be compatible with Think\Single::getInstance($class) E:\wamp\www\test\Application\Common\Model\MemberModel.class.php 第 12 行.
SQL: SHOW COLUMNS FROM `mmm_member` [ RunTime:0.0323s ]
SQL: SELECT `id`,`mobile` FROM `mmm_member` WHERE `id` = 0 LIMIT 1   [ RunTime:0.0002s ]

[ 2017-02-22T14:35:04+08:00 ] 127.0.0.1 /Home/APILogin/loginOut?id=1
INFO: [ app_init ] --START--
INFO: Run Behavior\BuildLiteBehavior [ RunTime:0.000034s ]
INFO: [ app_init ] --END-- [ RunTime:0.000442s ]
INFO: [ app_begin ] --START--
INFO: Run Behavior\ReadHtmlCacheBehavior [ RunTime:0.000455s ]
INFO: [ app_begin ] --END-- [ RunTime:0.000629s ]
NOTIC: [2048] Declaration of Common\Model\MemberModel::getInstance() should be compatible with Think\Single::getInstance($class) E:\wamp\www\test\Application\Common\Model\MemberModel.class.php 第 12 行.
SQL: SHOW COLUMNS FROM `mmm_member` [ RunTime:0.0460s ]
SQL: SELECT `id`,`mobile` FROM `mmm_member` WHERE `id` = 0 LIMIT 1   [ RunTime:0.0003s ]

[ 2017-02-22T14:35:17+08:00 ] 127.0.0.1 /Home/APILogin/loginOut?id=1
INFO: [ app_init ] --START--
INFO: Run Behavior\BuildLiteBehavior [ RunTime:0.000034s ]
INFO: [ app_init ] --END-- [ RunTime:0.000436s ]
INFO: [ app_begin ] --START--
INFO: Run Behavior\ReadHtmlCacheBehavior [ RunTime:0.000491s ]
INFO: [ app_begin ] --END-- [ RunTime:0.000672s ]
NOTIC: [2048] Declaration of Common\Model\MemberModel::getInstance() should be compatible with Think\Single::getInstance($class) E:\wamp\www\test\Application\Common\Model\MemberModel.class.php 第 12 行.
SQL: SHOW COLUMNS FROM `mmm_member` [ RunTime:0.0505s ]
SQL: SELECT `id`,`mobile` FROM `mmm_member` WHERE `id` = 0 LIMIT 1   [ RunTime:0.0002s ]

[ 2017-02-22T14:35:18+08:00 ] 127.0.0.1 /Home/APILogin/loginOut?id=1
INFO: [ app_init ] --START--
INFO: Run Behavior\BuildLiteBehavior [ RunTime:0.000035s ]
INFO: [ app_init ] --END-- [ RunTime:0.000444s ]
INFO: [ app_begin ] --START--
INFO: Run Behavior\ReadHtmlCacheBehavior [ RunTime:0.000613s ]
INFO: [ app_begin ] --END-- [ RunTime:0.000809s ]
NOTIC: [2048] Declaration of Common\Model\MemberModel::getInstance() should be compatible with Think\Single::getInstance($class) E:\wamp\www\test\Application\Common\Model\MemberModel.class.php 第 12 行.
SQL: SHOW COLUMNS FROM `mmm_member` [ RunTime:0.0140s ]
SQL: SELECT `id`,`mobile` FROM `mmm_member` WHERE `id` = 0 LIMIT 1   [ RunTime:0.0002s ]

[ 2017-02-22T14:35:47+08:00 ] 127.0.0.1 /Home/APILogin/loginOut?id=1
INFO: [ app_init ] --START--
INFO: Run Behavior\BuildLiteBehavior [ RunTime:0.000037s ]
INFO: [ app_init ] --END-- [ RunTime:0.000474s ]
INFO: [ app_begin ] --START--
INFO: Run Behavior\ReadHtmlCacheBehavior [ RunTime:0.000551s ]
INFO: [ app_begin ] --END-- [ RunTime:0.000746s ]
NOTIC: [2048] Declaration of Common\Model\MemberModel::getInstance() should be compatible with Think\Single::getInstance($class) E:\wamp\www\test\Application\Common\Model\MemberModel.class.php 第 12 行.
SQL: SHOW COLUMNS FROM `mmm_member` [ RunTime:0.0271s ]
SQL: SELECT `id`,`mobile` FROM `mmm_member` WHERE `id` = 0 LIMIT 1   [ RunTime:0.0003s ]

[ 2017-02-22T14:36:01+08:00 ] 127.0.0.1 /Home/APILogin/loginOut?user_id=1
INFO: [ app_init ] --START--
INFO: Run Behavior\BuildLiteBehavior [ RunTime:0.000068s ]
INFO: [ app_init ] --END-- [ RunTime:0.000782s ]
INFO: [ app_begin ] --START--
INFO: Run Behavior\ReadHtmlCacheBehavior [ RunTime:0.000650s ]
INFO: [ app_begin ] --END-- [ RunTime:0.000939s ]
NOTIC: [2048] Declaration of Common\Model\MemberModel::getInstance() should be compatible with Think\Single::getInstance($class) E:\wamp\www\test\Application\Common\Model\MemberModel.class.php 第 12 行.
SQL: SHOW COLUMNS FROM `mmm_member` [ RunTime:0.0442s ]
SQL: SELECT `id`,`mobile` FROM `mmm_member` WHERE `id` = 1 LIMIT 1   [ RunTime:0.0268s ]

[ 2017-02-22T14:36:25+08:00 ] 127.0.0.1 /Home/APILogin/loginOut?user_id=1
INFO: [ app_init ] --START--
INFO: Run Behavior\BuildLiteBehavior [ RunTime:0.000035s ]
INFO: [ app_init ] --END-- [ RunTime:0.000475s ]
INFO: [ app_begin ] --START--
INFO: Run Behavior\ReadHtmlCacheBehavior [ RunTime:0.000603s ]
INFO: [ app_begin ] --END-- [ RunTime:0.000770s ]
NOTIC: [2048] Declaration of Common\Model\MemberModel::getInstance() should be compatible with Think\Single::getInstance($class) E:\wamp\www\test\Application\Common\Model\MemberModel.class.php 第 12 行.
SQL: SHOW COLUMNS FROM `mmm_member` [ RunTime:0.0314s ]
SQL: SELECT `id`,`mobile` FROM `mmm_member` WHERE `id` = 1 LIMIT 1   [ RunTime:0.0004s ]

[ 2017-02-22T14:45:10+08:00 ] 127.0.0.1 /Home/APILogin/loginOut?user_id=1
INFO: [ app_init ] --START--
INFO: Run Behavior\BuildLiteBehavior [ RunTime:0.000038s ]
INFO: [ app_init ] --END-- [ RunTime:0.000521s ]
INFO: [ app_begin ] --START--
INFO: Run Behavior\ReadHtmlCacheBehavior [ RunTime:0.000552s ]
INFO: [ app_begin ] --END-- [ RunTime:0.000719s ]
NOTIC: [2048] Declaration of Common\Model\MemberModel::getInstance() should be compatible with Think\Single::getInstance($class) E:\wamp\www\test\Application\Common\Model\MemberModel.class.php 第 12 行.
SQL: SHOW COLUMNS FROM `mmm_member` [ RunTime:0.0142s ]
SQL: SELECT `id`,`mobile` FROM `mmm_member` WHERE `id` = 1 LIMIT 1   [ RunTime:0.0003s ]

[ 2017-02-22T14:45:27+08:00 ] 127.0.0.1 /Home/APILogin/loginOut?user_id=1
INFO: [ app_init ] --START--
INFO: Run Behavior\BuildLiteBehavior [ RunTime:0.000037s ]
INFO: [ app_init ] --END-- [ RunTime:0.000487s ]
INFO: [ app_begin ] --START--
INFO: Run Behavior\ReadHtmlCacheBehavior [ RunTime:0.000472s ]
INFO: [ app_begin ] --END-- [ RunTime:0.000651s ]

[ 2017-02-22T14:45:36+08:00 ] 127.0.0.1 /Home/APILogin/loginOut?user_id=1
INFO: [ app_init ] --START--
INFO: Run Behavior\BuildLiteBehavior [ RunTime:0.000038s ]
INFO: [ app_init ] --END-- [ RunTime:0.000489s ]
INFO: [ app_begin ] --START--
INFO: Run Behavior\ReadHtmlCacheBehavior [ RunTime:0.000509s ]
INFO: [ app_begin ] --END-- [ RunTime:0.000689s ]

[ 2017-02-22T14:45:40+08:00 ] 127.0.0.1 /Home/APILogin/loginOut?user_id=1
INFO: [ app_init ] --START--
INFO: Run Behavior\BuildLiteBehavior [ RunTime:0.000036s ]
INFO: [ app_init ] --END-- [ RunTime:0.000444s ]
INFO: [ app_begin ] --START--
INFO: Run Behavior\ReadHtmlCacheBehavior [ RunTime:0.000464s ]
INFO: [ app_begin ] --END-- [ RunTime:0.000632s ]

[ 2017-02-22T14:45:42+08:00 ] 127.0.0.1 /Home/APILogin/loginOut?user_id=1
INFO: [ app_init ] --START--
INFO: Run Behavior\BuildLiteBehavior [ RunTime:0.000036s ]
INFO: [ app_init ] --END-- [ RunTime:0.000439s ]
INFO: [ app_begin ] --START--
INFO: Run Behavior\ReadHtmlCacheBehavior [ RunTime:0.000476s ]
INFO: [ app_begin ] --END-- [ RunTime:0.000646s ]

[ 2017-02-22T14:45:44+08:00 ] 127.0.0.1 /Home/APILogin/loginOut?user_id=1
INFO: [ app_init ] --START--
INFO: Run Behavior\BuildLiteBehavior [ RunTime:0.000051s ]
INFO: [ app_init ] --END-- [ RunTime:0.000591s ]
INFO: [ app_begin ] --START--
INFO: Run Behavior\ReadHtmlCacheBehavior [ RunTime:0.000652s ]
INFO: [ app_begin ] --END-- [ RunTime:0.000858s ]

[ 2017-02-22T14:45:45+08:00 ] 127.0.0.1 /Home/APILogin/loginOut?user_id=1
INFO: [ app_init ] --START--
INFO: Run Behavior\BuildLiteBehavior [ RunTime:0.000035s ]
INFO: [ app_init ] --END-- [ RunTime:0.000515s ]
INFO: [ app_begin ] --START--
INFO: Run Behavior\ReadHtmlCacheBehavior [ RunTime:0.000582s ]
INFO: [ app_begin ] --END-- [ RunTime:0.000765s ]

[ 2017-02-22T14:45:46+08:00 ] 127.0.0.1 /Home/APILogin/loginOut?user_id=1
INFO: [ app_init ] --START--
INFO: Run Behavior\BuildLiteBehavior [ RunTime:0.000035s ]
INFO: [ app_init ] --END-- [ RunTime:0.000444s ]
INFO: [ app_begin ] --START--
INFO: Run Behavior\ReadHtmlCacheBehavior [ RunTime:0.000482s ]
INFO: [ app_begin ] --END-- [ RunTime:0.000683s ]

[ 2017-02-22T14:51:08+08:00 ] 127.0.0.1 /Home/APILogin/loginOut?user_id=1
INFO: [ app_init ] --START--
INFO: Run Behavior\BuildLiteBehavior [ RunTime:0.000038s ]
INFO: [ app_init ] --END-- [ RunTime:0.000511s ]
INFO: [ app_begin ] --START--
INFO: Run Behavior\ReadHtmlCacheBehavior [ RunTime:0.000620s ]
INFO: [ app_begin ] --END-- [ RunTime:0.000805s ]
NOTIC: [2048] Declaration of Common\Model\MemberModel::getInstance() should be compatible with Think\Single::getInstance($class) E:\wamp\www\test\Application\Common\Model\MemberModel.class.php 第 12 行.
SQL: SHOW COLUMNS FROM `mmm_member` [ RunTime:0.0112s ]
SQL: SELECT `id`,`mobile` FROM `mmm_member` WHERE `id` = 1 LIMIT 1   [ RunTime:0.0003s ]

[ 2017-02-22T14:51:27+08:00 ] 127.0.0.1 /Home/APILogin/loginOut?user_id=1
INFO: [ app_init ] --START--
INFO: Run Behavior\BuildLiteBehavior [ RunTime:0.000037s ]
INFO: [ app_init ] --END-- [ RunTime:0.000485s ]
INFO: [ app_begin ] --START--
INFO: Run Behavior\ReadHtmlCacheBehavior [ RunTime:0.000909s ]
INFO: [ app_begin ] --END-- [ RunTime:0.001197s ]

[ 2017-02-22T14:51:51+08:00 ] 127.0.0.1 /Home/APILogin/loginOut?user_id=1
INFO: [ app_init ] --START--
INFO: Run Behavior\BuildLiteBehavior [ RunTime:0.000037s ]
INFO: [ app_init ] --END-- [ RunTime:0.000476s ]
INFO: [ app_begin ] --START--
INFO: Run Behavior\ReadHtmlCacheBehavior [ RunTime:0.000493s ]
INFO: [ app_begin ] --END-- [ RunTime:0.000703s ]

[ 2017-02-22T14:51:55+08:00 ] 127.0.0.1 /Home/APILogin/loginOut?user_id=1
INFO: [ app_init ] --START--
INFO: Run Behavior\BuildLiteBehavior [ RunTime:0.000035s ]
INFO: [ app_init ] --END-- [ RunTime:0.000482s ]
INFO: [ app_begin ] --START--
INFO: Run Behavior\ReadHtmlCacheBehavior [ RunTime:0.000577s ]
INFO: [ app_begin ] --END-- [ RunTime:0.000757s ]

[ 2017-02-22T14:51:56+08:00 ] 127.0.0.1 /Home/APILogin/loginOut?user_id=1
INFO: [ app_init ] --START--
INFO: Run Behavior\BuildLiteBehavior [ RunTime:0.000037s ]
INFO: [ app_init ] --END-- [ RunTime:0.000497s ]
INFO: [ app_begin ] --START--
INFO: Run Behavior\ReadHtmlCacheBehavior [ RunTime:0.000464s ]
INFO: [ app_begin ] --END-- [ RunTime:0.000634s ]

[ 2017-02-22T14:53:26+08:00 ] 127.0.0.1 /Home/APILogin/loginOut?user_id=1
INFO: [ app_init ] --START--
INFO: Run Behavior\BuildLiteBehavior [ RunTime:0.000038s ]
INFO: [ app_init ] --END-- [ RunTime:0.000479s ]
INFO: [ app_begin ] --START--
INFO: Run Behavior\ReadHtmlCacheBehavior [ RunTime:0.000522s ]
INFO: [ app_begin ] --END-- [ RunTime:0.000707s ]
NOTIC: [2048] Declaration of Common\Model\MemberModel::getInstance() should be compatible with Think\Single::getInstance($class) E:\wamp\www\test\Application\Common\Model\MemberModel.class.php 第 12 行.
SQL: SHOW COLUMNS FROM `mmm_member` [ RunTime:0.0220s ]
SQL: SELECT `id`,`mobile` FROM `mmm_member` WHERE `id` = 1 LIMIT 1   [ RunTime:0.0003s ]

