[ 2017-03-19T00:09:26+08:00 ] 219.133.40.15 /Home/APITravel/slide/?callback=jQuery21103743389258510046_1489853366523&logintoken=f207756855b4b161074428851669ab04&wxappid=&_=1489853366524
INFO: [ app_init ] --START--
INFO: Run Behavior\BuildLiteBehavior [ RunTime:0.000020s ]
INFO: [ app_init ] --END-- [ RunTime:0.000392s ]
INFO: [ app_begin ] --START--
INFO: Run Behavior\ReadHtmlCacheBehavior [ RunTime:0.000481s ]
INFO: [ app_begin ] --END-- [ RunTime:0.000530s ]
NOTIC: [2048] Declaration of Admin\Model\AdModel::getInstance() should be compatible with Think\Single::getInstance($class) /data/home/hyu2594430001/htdocs/Application/Admin/Model/AdModel.class.php 第 12 行.
SQL: SHOW COLUMNS FROM `mmm_ad` [ RunTime:0.0010s ]
SQL: SELECT `id`,`name`,`url`,`image` FROM `mmm_ad` WHERE `tid` = 1 AND `is_del` = 0 AND `status` = 1 ORDER BY sort ASC  [ RunTime:0.0008s ]

[ 2017-03-19T00:09:27+08:00 ] 219.133.40.15 /Home/APITravel/plate/?callback=jQuery21103743389258510046_1489853366523&logintoken=f207756855b4b161074428851669ab04&wxappid=&_=1489853366526
INFO: [ app_init ] --START--
INFO: Run Behavior\BuildLiteBehavior [ RunTime:0.000019s ]
INFO: [ app_init ] --END-- [ RunTime:0.000380s ]
INFO: [ app_begin ] --START--
INFO: Run Behavior\ReadHtmlCacheBehavior [ RunTime:0.000488s ]
INFO: [ app_begin ] --END-- [ RunTime:0.000537s ]

[ 2017-03-19T00:09:27+08:00 ] 219.133.40.15 /Home/APITravel/first_tag1/?callback=jQuery21103743389258510046_1489853366523&logintoken=f207756855b4b161074428851669ab04&wxappid=&_=1489853366527
INFO: [ app_init ] --START--
INFO: Run Behavior\BuildLiteBehavior [ RunTime:0.000020s ]
INFO: [ app_init ] --END-- [ RunTime:0.000419s ]
INFO: [ app_begin ] --START--
INFO: Run Behavior\ReadHtmlCacheBehavior [ RunTime:0.000475s ]
INFO: [ app_begin ] --END-- [ RunTime:0.000524s ]

[ 2017-03-19T00:09:28+08:00 ] 219.133.40.15 /Home/APITravel/first_lineselect/?callback=jQuery21103743389258510046_1489853366523&tag1=1&tag2=1&page=1&logintoken=f207756855b4b161074428851669ab04&wxappid=&_=1489853366529
INFO: [ app_init ] --START--
INFO: Run Behavior\BuildLiteBehavior [ RunTime:0.000023s ]
INFO: [ app_init ] --END-- [ RunTime:0.000414s ]
INFO: [ app_begin ] --START--
INFO: Run Behavior\ReadHtmlCacheBehavior [ RunTime:0.001395s ]
INFO: [ app_begin ] --END-- [ RunTime:0.001446s ]
NOTIC: [2048] Declaration of Admin\Model\LineModel::getInstance() should be compatible with Think\Single::getInstance($class) /data/home/hyu2594430001/htdocs/Application/Admin/Model/LineModel.class.php 第 12 行.
SQL: SHOW COLUMNS FROM `mmm_line` [ RunTime:0.0011s ]
SQL: SELECT `id`,`start_palce`,`line_type`,`title`,`labelid`,`keywords` FROM `mmm_line` WHERE `des_type` = 1 AND `status` = 2 LIMIT 0,3   [ RunTime:0.0006s ]
NOTIC: [2048] Declaration of Admin\Model\PlaceModel::getInstance() should be compatible with Think\Single::getInstance($class) /data/home/hyu2594430001/htdocs/Application/Admin/Model/PlaceModel.class.php 第 61 行.
SQL: SHOW COLUMNS FROM `mmm_line_place` [ RunTime:0.0008s ]
SQL: SELECT `name` FROM `mmm_line_place` WHERE `id` = 7 LIMIT 1   [ RunTime:0.0005s ]
NOTIC: [2048] Declaration of Admin\Model\LineDateModel::getInstance() should be compatible with Think\Single::getInstance($class) /data/home/hyu2594430001/htdocs/Application/Admin/Model/LineDateModel.class.php 第 25 行.
SQL: SHOW COLUMNS FROM `mmm_line_date` [ RunTime:0.0007s ]
SQL: SELECT MIN(adult_price) AS tp_min FROM `mmm_line_date` WHERE `lineid` = 100001 AND `status` = 1 AND `line_date` > '2017-03-19 00:09:28' LIMIT 1   [ RunTime:0.0006s ]
NOTIC: [2048] Declaration of Admin\Model\LineImageModel::getInstance() should be compatible with Think\Single::getInstance($class) /data/home/hyu2594430001/htdocs/Application/Admin/Model/LineImageModel.class.php 第 27 行.
SQL: SHOW COLUMNS FROM `mmm_line_image` [ RunTime:0.0006s ]
SQL: SELECT `url` FROM `mmm_line_image` WHERE `lineid` = 100001 AND `is_cover` = 1 LIMIT 1   [ RunTime:0.0005s ]
NOTIC: [2048] Declaration of Admin\Model\LineLabelModel::getInstance() should be compatible with Think\Single::getInstance($class) /data/home/hyu2594430001/htdocs/Application/Admin/Model/LineLabelModel.class.php 第 25 行.
SQL: SHOW COLUMNS FROM `mmm_line_label` [ RunTime:0.0006s ]
SQL: SELECT `label_name` FROM `mmm_line_label` WHERE `id` = 5 LIMIT 1   [ RunTime:0.0007s ]
SQL: SELECT `name` FROM `mmm_line_place` WHERE `id` = 7 LIMIT 1   [ RunTime:0.0002s ]
SQL: SELECT MIN(adult_price) AS tp_min FROM `mmm_line_date` WHERE `lineid` = 100003 AND `status` = 1 AND `line_date` > '2017-03-19 00:09:28' LIMIT 1   [ RunTime:0.0004s ]
SQL: SELECT `url` FROM `mmm_line_image` WHERE `lineid` = 100003 AND `is_cover` = 1 LIMIT 1   [ RunTime:0.0005s ]
SQL: SELECT `label_name` FROM `mmm_line_label` WHERE `id` = 2 LIMIT 1   [ RunTime:0.0004s ]
SQL: SELECT `label_name` FROM `mmm_line_label` WHERE `id` = 1 LIMIT 1   [ RunTime:0.0003s ]
SQL: SELECT `name` FROM `mmm_line_place` WHERE `id` = 7 LIMIT 1   [ RunTime:0.0003s ]
SQL: SELECT MIN(adult_price) AS tp_min FROM `mmm_line_date` WHERE `lineid` = 100005 AND `status` = 1 AND `line_date` > '2017-03-19 00:09:28' LIMIT 1   [ RunTime:0.0004s ]
SQL: SELECT `url` FROM `mmm_line_image` WHERE `lineid` = 100005 AND `is_cover` = 1 LIMIT 1   [ RunTime:0.0003s ]
SQL: SELECT `label_name` FROM `mmm_line_label` WHERE `id` = 1 LIMIT 1   [ RunTime:0.0002s ]
SQL: SELECT `label_name` FROM `mmm_line_label` WHERE `id` = 4 LIMIT 1   [ RunTime:0.0006s ]
SQL: SELECT `label_name` FROM `mmm_line_label` WHERE `id` = 7 LIMIT 1   [ RunTime:0.0003s ]
SQL: SELECT `label_name` FROM `mmm_line_label` WHERE `id` = 10 LIMIT 1   [ RunTime:0.0004s ]

[ 2017-03-19T00:10:45+08:00 ] 219.133.40.15 /Home/APITravel/slide/?callback=jQuery21108007523286698492_1489853445419&logintoken=f207756855b4b161074428851669ab04&wxappid=&_=1489853445420
INFO: [ app_init ] --START--
INFO: Run Behavior\BuildLiteBehavior [ RunTime:0.000025s ]
INFO: [ app_init ] --END-- [ RunTime:0.000476s ]
INFO: [ app_begin ] --START--
INFO: Run Behavior\ReadHtmlCacheBehavior [ RunTime:0.000568s ]
INFO: [ app_begin ] --END-- [ RunTime:0.000640s ]
NOTIC: [2048] Declaration of Admin\Model\AdModel::getInstance() should be compatible with Think\Single::getInstance($class) /data/home/hyu2594430001/htdocs/Application/Admin/Model/AdModel.class.php 第 12 行.
SQL: SHOW COLUMNS FROM `mmm_ad` [ RunTime:0.0012s ]
SQL: SELECT `id`,`name`,`url`,`image` FROM `mmm_ad` WHERE `tid` = 1 AND `is_del` = 0 AND `status` = 1 ORDER BY sort ASC  [ RunTime:0.0003s ]

[ 2017-03-19T00:10:45+08:00 ] 183.61.52.70 /Home/APITravel/web_info/?callback=jQuery21108007523286698492_1489853445419&logintoken=f207756855b4b161074428851669ab04&wxappid=&_=1489853445421
INFO: [ app_init ] --START--
INFO: Run Behavior\BuildLiteBehavior [ RunTime:0.000019s ]
INFO: [ app_init ] --END-- [ RunTime:0.000440s ]
INFO: [ app_begin ] --START--
INFO: Run Behavior\ReadHtmlCacheBehavior [ RunTime:0.000510s ]
INFO: [ app_begin ] --END-- [ RunTime:0.000573s ]
NOTIC: [2048] Declaration of Admin\Model\WebInfoModel::getInstance() should be compatible with Think\Single::getInstance($class) /data/home/hyu2594430001/htdocs/Application/Admin/Model/WebInfoModel.class.php 第 12 行.
SQL: SHOW COLUMNS FROM `mmm_web_info` [ RunTime:0.0010s ]
SQL: SELECT `id`,`web_title`,`web_keywords`,`pc_logo`,`mobile_logo`,`company_name`,`company_addr`,`web_id`,`web_tel`,`main_color` FROM `mmm_web_info` WHERE `id` = 1 LIMIT 1   [ RunTime:0.0006s ]

[ 2017-03-19T00:10:46+08:00 ] 219.133.40.15 /Home/APITravel/plate/?callback=jQuery21108007523286698492_1489853445419&logintoken=f207756855b4b161074428851669ab04&wxappid=&_=1489853445422
INFO: [ app_init ] --START--
INFO: Run Behavior\BuildLiteBehavior [ RunTime:0.000021s ]
INFO: [ app_init ] --END-- [ RunTime:0.000390s ]
INFO: [ app_begin ] --START--
INFO: Run Behavior\ReadHtmlCacheBehavior [ RunTime:0.000480s ]
INFO: [ app_begin ] --END-- [ RunTime:0.000528s ]

[ 2017-03-19T00:10:46+08:00 ] 183.61.52.70 /Home/APITravel/first_tag1/?callback=jQuery21108007523286698492_1489853445419&logintoken=f207756855b4b161074428851669ab04&wxappid=&_=1489853445423
INFO: [ app_init ] --START--
INFO: Run Behavior\BuildLiteBehavior [ RunTime:0.000021s ]
INFO: [ app_init ] --END-- [ RunTime:0.000387s ]
INFO: [ app_begin ] --START--
INFO: Run Behavior\ReadHtmlCacheBehavior [ RunTime:0.000485s ]
INFO: [ app_begin ] --END-- [ RunTime:0.000533s ]

[ 2017-03-19T00:10:46+08:00 ] 219.133.40.15 /Home/APITravel/first_tag2/?callback=jQuery21108007523286698492_1489853445419&tag1=1&logintoken=f207756855b4b161074428851669ab04&wxappid=&_=1489853445424
INFO: [ app_init ] --START--
INFO: Run Behavior\BuildLiteBehavior [ RunTime:0.000019s ]
INFO: [ app_init ] --END-- [ RunTime:0.000400s ]
INFO: [ app_begin ] --START--
INFO: Run Behavior\ReadHtmlCacheBehavior [ RunTime:0.000461s ]
INFO: [ app_begin ] --END-- [ RunTime:0.000511s ]

[ 2017-03-19T00:10:46+08:00 ] 183.61.52.70 /Home/APITravel/first_lineselect/?callback=jQuery21108007523286698492_1489853445419&tag1=1&tag2=1&page=1&logintoken=f207756855b4b161074428851669ab04&wxappid=&_=1489853445425
INFO: [ app_init ] --START--
INFO: Run Behavior\BuildLiteBehavior [ RunTime:0.000019s ]
INFO: [ app_init ] --END-- [ RunTime:0.000410s ]
INFO: [ app_begin ] --START--
INFO: Run Behavior\ReadHtmlCacheBehavior [ RunTime:0.000478s ]
INFO: [ app_begin ] --END-- [ RunTime:0.000527s ]
NOTIC: [2048] Declaration of Admin\Model\LineModel::getInstance() should be compatible with Think\Single::getInstance($class) /data/home/hyu2594430001/htdocs/Application/Admin/Model/LineModel.class.php 第 12 行.
SQL: SHOW COLUMNS FROM `mmm_line` [ RunTime:0.0013s ]
SQL: SELECT `id`,`start_palce`,`line_type`,`title`,`labelid`,`keywords` FROM `mmm_line` WHERE `des_type` = 1 AND `status` = 2 LIMIT 0,3   [ RunTime:0.0003s ]
NOTIC: [2048] Declaration of Admin\Model\PlaceModel::getInstance() should be compatible with Think\Single::getInstance($class) /data/home/hyu2594430001/htdocs/Application/Admin/Model/PlaceModel.class.php 第 61 行.
SQL: SHOW COLUMNS FROM `mmm_line_place` [ RunTime:0.0007s ]
SQL: SELECT `name` FROM `mmm_line_place` WHERE `id` = 7 LIMIT 1   [ RunTime:0.0002s ]
NOTIC: [2048] Declaration of Admin\Model\LineDateModel::getInstance() should be compatible with Think\Single::getInstance($class) /data/home/hyu2594430001/htdocs/Application/Admin/Model/LineDateModel.class.php 第 25 行.
SQL: SHOW COLUMNS FROM `mmm_line_date` [ RunTime:0.0007s ]
SQL: SELECT MIN(adult_price) AS tp_min FROM `mmm_line_date` WHERE `lineid` = 100001 AND `status` = 1 AND `line_date` > '2017-03-19 00:10:46' LIMIT 1   [ RunTime:0.0005s ]
NOTIC: [2048] Declaration of Admin\Model\LineImageModel::getInstance() should be compatible with Think\Single::getInstance($class) /data/home/hyu2594430001/htdocs/Application/Admin/Model/LineImageModel.class.php 第 27 行.
SQL: SHOW COLUMNS FROM `mmm_line_image` [ RunTime:0.0006s ]
SQL: SELECT `url` FROM `mmm_line_image` WHERE `lineid` = 100001 AND `is_cover` = 1 LIMIT 1   [ RunTime:0.0002s ]
NOTIC: [2048] Declaration of Admin\Model\LineLabelModel::getInstance() should be compatible with Think\Single::getInstance($class) /data/home/hyu2594430001/htdocs/Application/Admin/Model/LineLabelModel.class.php 第 25 行.
SQL: SHOW COLUMNS FROM `mmm_line_label` [ RunTime:0.0006s ]
SQL: SELECT `label_name` FROM `mmm_line_label` WHERE `id` = 5 LIMIT 1   [ RunTime:0.0002s ]
SQL: SELECT `name` FROM `mmm_line_place` WHERE `id` = 7 LIMIT 1   [ RunTime:0.0002s ]
SQL: SELECT MIN(adult_price) AS tp_min FROM `mmm_line_date` WHERE `lineid` = 100003 AND `status` = 1 AND `line_date` > '2017-03-19 00:10:46' LIMIT 1   [ RunTime:0.0004s ]
SQL: SELECT `url` FROM `mmm_line_image` WHERE `lineid` = 100003 AND `is_cover` = 1 LIMIT 1   [ RunTime:0.0006s ]
SQL: SELECT `label_name` FROM `mmm_line_label` WHERE `id` = 2 LIMIT 1   [ RunTime:0.0002s ]
SQL: SELECT `label_name` FROM `mmm_line_label` WHERE `id` = 1 LIMIT 1   [ RunTime:0.0003s ]
SQL: SELECT `name` FROM `mmm_line_place` WHERE `id` = 7 LIMIT 1   [ RunTime:0.0003s ]
SQL: SELECT MIN(adult_price) AS tp_min FROM `mmm_line_date` WHERE `lineid` = 100005 AND `status` = 1 AND `line_date` > '2017-03-19 00:10:46' LIMIT 1   [ RunTime:0.0005s ]
SQL: SELECT `url` FROM `mmm_line_image` WHERE `lineid` = 100005 AND `is_cover` = 1 LIMIT 1   [ RunTime:0.0003s ]
SQL: SELECT `label_name` FROM `mmm_line_label` WHERE `id` = 1 LIMIT 1   [ RunTime:0.0003s ]
SQL: SELECT `label_name` FROM `mmm_line_label` WHERE `id` = 4 LIMIT 1   [ RunTime:0.0002s ]
SQL: SELECT `label_name` FROM `mmm_line_label` WHERE `id` = 7 LIMIT 1   [ RunTime:0.0002s ]
SQL: SELECT `label_name` FROM `mmm_line_label` WHERE `id` = 10 LIMIT 1   [ RunTime:0.0002s ]

[ 2017-03-19T00:10:56+08:00 ] 219.133.40.15 /Home/APITravel/plate_slide/?callback=jQuery21108451150241222787_1489853456024&type=2&logintoken=f207756855b4b161074428851669ab04&wxappid=&_=1489853456025
INFO: [ app_init ] --START--
INFO: Run Behavior\BuildLiteBehavior [ RunTime:0.000017s ]
INFO: [ app_init ] --END-- [ RunTime:0.000368s ]
INFO: [ app_begin ] --START--
INFO: Run Behavior\ReadHtmlCacheBehavior [ RunTime:0.000478s ]
INFO: [ app_begin ] --END-- [ RunTime:0.000527s ]
NOTIC: [2048] Declaration of Admin\Model\AdModel::getInstance() should be compatible with Think\Single::getInstance($class) /data/home/hyu2594430001/htdocs/Application/Admin/Model/AdModel.class.php 第 12 行.
SQL: SHOW COLUMNS FROM `mmm_ad` [ RunTime:0.0009s ]
SQL: SELECT `id`,`name`,`url`,`image` FROM `mmm_ad` WHERE `tid` = 3 AND `is_del` = 0 AND `status` = 1 ORDER BY sort ASC  [ RunTime:0.0008s ]

[ 2017-03-19T00:10:56+08:00 ] 183.61.52.70 /Home/APITravel/web_info/?callback=jQuery21108451150241222787_1489853456024&logintoken=f207756855b4b161074428851669ab04&wxappid=&_=1489853456026
INFO: [ app_init ] --START--
INFO: Run Behavior\BuildLiteBehavior [ RunTime:0.000018s ]
INFO: [ app_init ] --END-- [ RunTime:0.000402s ]
INFO: [ app_begin ] --START--
INFO: Run Behavior\ReadHtmlCacheBehavior [ RunTime:0.000465s ]
INFO: [ app_begin ] --END-- [ RunTime:0.000514s ]
NOTIC: [2048] Declaration of Admin\Model\WebInfoModel::getInstance() should be compatible with Think\Single::getInstance($class) /data/home/hyu2594430001/htdocs/Application/Admin/Model/WebInfoModel.class.php 第 12 行.
SQL: SHOW COLUMNS FROM `mmm_web_info` [ RunTime:0.0009s ]
SQL: SELECT `id`,`web_title`,`web_keywords`,`pc_logo`,`mobile_logo`,`company_name`,`company_addr`,`web_id`,`web_tel`,`main_color` FROM `mmm_web_info` WHERE `id` = 1 LIMIT 1   [ RunTime:0.0003s ]

[ 2017-03-19T00:10:56+08:00 ] 219.133.40.15 /Home/APITravel/hot_place/?callback=jQuery21108451150241222787_1489853456024&type=2&logintoken=f207756855b4b161074428851669ab04&wxappid=&_=1489853456027
INFO: [ app_init ] --START--
INFO: Run Behavior\BuildLiteBehavior [ RunTime:0.000021s ]
INFO: [ app_init ] --END-- [ RunTime:0.000410s ]
INFO: [ app_begin ] --START--
INFO: Run Behavior\ReadHtmlCacheBehavior [ RunTime:0.000461s ]
INFO: [ app_begin ] --END-- [ RunTime:0.000509s ]
NOTIC: [2048] Declaration of Admin\Model\LineModel::getInstance() should be compatible with Think\Single::getInstance($class) /data/home/hyu2594430001/htdocs/Application/Admin/Model/LineModel.class.php 第 12 行.
SQL: SHOW COLUMNS FROM `mmm_line` [ RunTime:0.0013s ]
SQL: SELECT `id`,`start_palce`,`line_type`,`title`,`labelid`,`keywords` FROM `mmm_line` WHERE `des_type` = 2 AND `status` = 2 LIMIT 0,4   [ RunTime:0.0007s ]
NOTIC: [2048] Declaration of Admin\Model\PlaceModel::getInstance() should be compatible with Think\Single::getInstance($class) /data/home/hyu2594430001/htdocs/Application/Admin/Model/PlaceModel.class.php 第 61 行.
SQL: SHOW COLUMNS FROM `mmm_line_place` [ RunTime:0.0006s ]
SQL: SELECT `name` FROM `mmm_line_place` WHERE `id` = 7 LIMIT 1   [ RunTime:0.0002s ]
NOTIC: [2048] Declaration of Admin\Model\LineDateModel::getInstance() should be compatible with Think\Single::getInstance($class) /data/home/hyu2594430001/htdocs/Application/Admin/Model/LineDateModel.class.php 第 25 行.
SQL: SHOW COLUMNS FROM `mmm_line_date` [ RunTime:0.0006s ]
SQL: SELECT MIN(adult_price) AS tp_min FROM `mmm_line_date` WHERE `lineid` = 100004 AND `status` = 1 AND `line_date` > '2017-03-19 00:10:56' LIMIT 1   [ RunTime:0.0008s ]
NOTIC: [2048] Declaration of Admin\Model\LineImageModel::getInstance() should be compatible with Think\Single::getInstance($class) /data/home/hyu2594430001/htdocs/Application/Admin/Model/LineImageModel.class.php 第 27 行.
SQL: SHOW COLUMNS FROM `mmm_line_image` [ RunTime:0.0005s ]
SQL: SELECT `url` FROM `mmm_line_image` WHERE `lineid` = 100004 AND `is_cover` = 1 LIMIT 1   [ RunTime:0.0005s ]
NOTIC: [2048] Declaration of Admin\Model\LineLabelModel::getInstance() should be compatible with Think\Single::getInstance($class) /data/home/hyu2594430001/htdocs/Application/Admin/Model/LineLabelModel.class.php 第 25 行.
SQL: SHOW COLUMNS FROM `mmm_line_label` [ RunTime:0.0005s ]
SQL: SELECT `label_name` FROM `mmm_line_label` WHERE `id` = 5 LIMIT 1   [ RunTime:0.0002s ]
SQL: SELECT `label_name` FROM `mmm_line_label` WHERE `id` = 6 LIMIT 1   [ RunTime:0.0005s ]
SQL: SELECT `label_name` FROM `mmm_line_label` WHERE `id` = 11 LIMIT 1   [ RunTime:0.0003s ]
SQL: SELECT `name` FROM `mmm_line_place` WHERE `id` = 7 LIMIT 1   [ RunTime:0.0002s ]
SQL: SELECT MIN(adult_price) AS tp_min FROM `mmm_line_date` WHERE `lineid` = 100008 AND `status` = 1 AND `line_date` > '2017-03-19 00:10:56' LIMIT 1   [ RunTime:0.0004s ]
SQL: SELECT `url` FROM `mmm_line_image` WHERE `lineid` = 100008 AND `is_cover` = 1 LIMIT 1   [ RunTime:0.0003s ]
SQL: SELECT `label_name` FROM `mmm_line_label` WHERE `id` = 6 LIMIT 1   [ RunTime:0.0002s ]
SQL: SELECT `label_name` FROM `mmm_line_label` WHERE `id` = 10 LIMIT 1   [ RunTime:0.0003s ]
SQL: SELECT `name` FROM `mmm_line_place` WHERE `id` = 7 LIMIT 1   [ RunTime:0.0002s ]
SQL: SELECT MIN(adult_price) AS tp_min FROM `mmm_line_date` WHERE `lineid` = 100009 AND `status` = 1 AND `line_date` > '2017-03-19 00:10:56' LIMIT 1   [ RunTime:0.0004s ]
SQL: SELECT `url` FROM `mmm_line_image` WHERE `lineid` = 100009 AND `is_cover` = 1 LIMIT 1   [ RunTime:0.0003s ]
SQL: SELECT `label_name` FROM `mmm_line_label` WHERE `id` = 9 LIMIT 1   [ RunTime:0.0003s ]
SQL: SELECT `label_name` FROM `mmm_line_label` WHERE `id` = 10 LIMIT 1   [ RunTime:0.0002s ]
SQL: SELECT `name` FROM `mmm_line_place` WHERE `id` = 7 LIMIT 1   [ RunTime:0.0002s ]
SQL: SELECT MIN(adult_price) AS tp_min FROM `mmm_line_date` WHERE `lineid` = 100010 AND `status` = 1 AND `line_date` > '2017-03-19 00:10:56' LIMIT 1   [ RunTime:0.0003s ]
SQL: SELECT `url` FROM `mmm_line_image` WHERE `lineid` = 100010 AND `is_cover` = 1 LIMIT 1   [ RunTime:0.0003s ]
SQL: SELECT `label_name` FROM `mmm_line_label` WHERE `id` = 11 LIMIT 1   [ RunTime:0.0002s ]
SQL: SELECT `label_name` FROM `mmm_line_label` WHERE `id` = 12 LIMIT 1   [ RunTime:0.0003s ]

[ 2017-03-19T00:10:56+08:00 ] 183.61.52.70 /Home/APITravel/plate_tag1/?callback=jQuery21108451150241222787_1489853456024&type=2&logintoken=f207756855b4b161074428851669ab04&wxappid=&_=1489853456028
INFO: [ app_init ] --START--
INFO: Run Behavior\BuildLiteBehavior [ RunTime:0.000019s ]
INFO: [ app_init ] --END-- [ RunTime:0.000398s ]
INFO: [ app_begin ] --START--
INFO: Run Behavior\ReadHtmlCacheBehavior [ RunTime:0.000776s ]
INFO: [ app_begin ] --END-- [ RunTime:0.000829s ]

[ 2017-03-19T00:10:56+08:00 ] 183.61.52.70 /Home/APITravel/first_tag2/?callback=jQuery21108451150241222787_1489853456024&type=2&tag1=1&logintoken=f207756855b4b161074428851669ab04&wxappid=&_=1489853456029
INFO: [ app_init ] --START--
INFO: Run Behavior\BuildLiteBehavior [ RunTime:0.000018s ]
INFO: [ app_init ] --END-- [ RunTime:0.000379s ]
INFO: [ app_begin ] --START--
INFO: Run Behavior\ReadHtmlCacheBehavior [ RunTime:0.000463s ]
INFO: [ app_begin ] --END-- [ RunTime:0.000512s ]

[ 2017-03-19T00:10:57+08:00 ] 219.133.40.15 /Home/APITravel/plate_lines/?callback=jQuery21108451150241222787_1489853456024&type=2&tag1=1&tag2=1&page=1&logintoken=f207756855b4b161074428851669ab04&wxappid=&_=1489853456030
INFO: [ app_init ] --START--
INFO: Run Behavior\BuildLiteBehavior [ RunTime:0.000044s ]
INFO: [ app_init ] --END-- [ RunTime:0.000443s ]
INFO: [ app_begin ] --START--
INFO: Run Behavior\ReadHtmlCacheBehavior [ RunTime:0.000539s ]
INFO: [ app_begin ] --END-- [ RunTime:0.000589s ]
NOTIC: [2048] Declaration of Admin\Model\LineModel::getInstance() should be compatible with Think\Single::getInstance($class) /data/home/hyu2594430001/htdocs/Application/Admin/Model/LineModel.class.php 第 12 行.
SQL: SHOW COLUMNS FROM `mmm_line` [ RunTime:0.0014s ]
SQL: SELECT `id`,`start_palce`,`line_type`,`title`,`labelid`,`keywords` FROM `mmm_line` WHERE `des_type` = 2 AND `status` = 2 LIMIT 0,3   [ RunTime:0.0006s ]
NOTIC: [2048] Declaration of Admin\Model\PlaceModel::getInstance() should be compatible with Think\Single::getInstance($class) /data/home/hyu2594430001/htdocs/Application/Admin/Model/PlaceModel.class.php 第 61 行.
SQL: SHOW COLUMNS FROM `mmm_line_place` [ RunTime:0.0006s ]
SQL: SELECT `name` FROM `mmm_line_place` WHERE `id` = 7 LIMIT 1   [ RunTime:0.0002s ]
NOTIC: [2048] Declaration of Admin\Model\LineDateModel::getInstance() should be compatible with Think\Single::getInstance($class) /data/home/hyu2594430001/htdocs/Application/Admin/Model/LineDateModel.class.php 第 25 行.
SQL: SHOW COLUMNS FROM `mmm_line_date` [ RunTime:0.0006s ]
SQL: SELECT MIN(adult_price) AS tp_min FROM `mmm_line_date` WHERE `lineid` = 100004 AND `status` = 1 AND `line_date` > '2017-03-19 00:10:57' LIMIT 1   [ RunTime:0.0005s ]
NOTIC: [2048] Declaration of Admin\Model\LineImageModel::getInstance() should be compatible with Think\Single::getInstance($class) /data/home/hyu2594430001/htdocs/Application/Admin/Model/LineImageModel.class.php 第 27 行.
SQL: SHOW COLUMNS FROM `mmm_line_image` [ RunTime:0.0006s ]
SQL: SELECT `url` FROM `mmm_line_image` WHERE `lineid` = 100004 AND `is_cover` = 1 LIMIT 1   [ RunTime:0.0003s ]
NOTIC: [2048] Declaration of Admin\Model\LineLabelModel::getInstance() should be compatible with Think\Single::getInstance($class) /data/home/hyu2594430001/htdocs/Application/Admin/Model/LineLabelModel.class.php 第 25 行.
SQL: SHOW COLUMNS FROM `mmm_line_label` [ RunTime:0.0005s ]
SQL: SELECT `label_name` FROM `mmm_line_label` WHERE `id` = 5 LIMIT 1   [ RunTime:0.0003s ]
SQL: SELECT `label_name` FROM `mmm_line_label` WHERE `id` = 6 LIMIT 1   [ RunTime:0.0003s ]
SQL: SELECT `label_name` FROM `mmm_line_label` WHERE `id` = 11 LIMIT 1   [ RunTime:0.0004s ]
SQL: SELECT `name` FROM `mmm_line_place` WHERE `id` = 7 LIMIT 1   [ RunTime:0.0002s ]
SQL: SELECT MIN(adult_price) AS tp_min FROM `mmm_line_date` WHERE `lineid` = 100008 AND `status` = 1 AND `line_date` > '2017-03-19 00:10:57' LIMIT 1   [ RunTime:0.0005s ]
SQL: SELECT `url` FROM `mmm_line_image` WHERE `lineid` = 100008 AND `is_cover` = 1 LIMIT 1   [ RunTime:0.0002s ]
SQL: SELECT `label_name` FROM `mmm_line_label` WHERE `id` = 6 LIMIT 1   [ RunTime:0.0002s ]
SQL: SELECT `label_name` FROM `mmm_line_label` WHERE `id` = 10 LIMIT 1   [ RunTime:0.0003s ]
SQL: SELECT `name` FROM `mmm_line_place` WHERE `id` = 7 LIMIT 1   [ RunTime:0.0002s ]
SQL: SELECT MIN(adult_price) AS tp_min FROM `mmm_line_date` WHERE `lineid` = 100009 AND `status` = 1 AND `line_date` > '2017-03-19 00:10:57' LIMIT 1   [ RunTime:0.0004s ]
SQL: SELECT `url` FROM `mmm_line_image` WHERE `lineid` = 100009 AND `is_cover` = 1 LIMIT 1   [ RunTime:0.0003s ]
SQL: SELECT `label_name` FROM `mmm_line_label` WHERE `id` = 9 LIMIT 1   [ RunTime:0.0002s ]
SQL: SELECT `label_name` FROM `mmm_line_label` WHERE `id` = 10 LIMIT 1   [ RunTime:0.0002s ]

[ 2017-03-19T00:11:21+08:00 ] 183.61.52.70 /Home/APILine/line/?callback=jQuery2110515502092122945_1489853480985&id=100010&logintoken=f207756855b4b161074428851669ab04&wxappid=&_=1489853480986
INFO: [ app_init ] --START--
INFO: Run Behavior\BuildLiteBehavior [ RunTime:0.000018s ]
INFO: [ app_init ] --END-- [ RunTime:0.000397s ]
INFO: [ app_begin ] --START--
INFO: Run Behavior\ReadHtmlCacheBehavior [ RunTime:0.000592s ]
INFO: [ app_begin ] --END-- [ RunTime:0.000640s ]
NOTIC: [2048] Declaration of Admin\Model\LineModel::getInstance() should be compatible with Think\Single::getInstance($class) /data/home/hyu2594430001/htdocs/Application/Admin/Model/LineModel.class.php 第 12 行.
SQL: SHOW COLUMNS FROM `mmm_line` [ RunTime:0.0036s ]
SQL: SELECT `id`,`line_type`,`title`,`day_num`,`start_palce`,`des`,`labelid`,`special`,`counselor`,`keywords`,`include`,`not_include`,`notice`,`reference` FROM `mmm_line` WHERE `id` = 100010 LIMIT 1   [ RunTime:0.0018s ]
NOTIC: [2048] Declaration of Admin\Model\PlaceModel::getInstance() should be compatible with Think\Single::getInstance($class) /data/home/hyu2594430001/htdocs/Application/Admin/Model/PlaceModel.class.php 第 61 行.
SQL: SHOW COLUMNS FROM `mmm_line_place` [ RunTime:0.0008s ]
SQL: SELECT `name` FROM `mmm_line_place` WHERE `id` = 7 LIMIT 1   [ RunTime:0.0018s ]
NOTIC: [2048] Declaration of Admin\Model\LineLabelModel::getInstance() should be compatible with Think\Single::getInstance($class) /data/home/hyu2594430001/htdocs/Application/Admin/Model/LineLabelModel.class.php 第 25 行.
SQL: SHOW COLUMNS FROM `mmm_line_label` [ RunTime:0.0025s ]
SQL: SELECT `label_name` FROM `mmm_line_label` WHERE `id` = 11 LIMIT 1   [ RunTime:0.0003s ]
SQL: SELECT `label_name` FROM `mmm_line_label` WHERE `id` = 12 LIMIT 1   [ RunTime:0.0004s ]
NOTIC: [2048] Declaration of Admin\Model\AdminModel::getInstance() should be compatible with Think\Single::getInstance($class) /data/home/hyu2594430001/htdocs/Application/Admin/Model/AdminModel.class.php 第 60 行.
SQL: SELECT `name`,`phone`,`qq`,`weixin` FROM `mmm_employee` WHERE `id` = '7' LIMIT 1   [ RunTime:0.0006s ]
NOTIC: [2048] Declaration of Admin\Model\LineImageModel::getInstance() should be compatible with Think\Single::getInstance($class) /data/home/hyu2594430001/htdocs/Application/Admin/Model/LineImageModel.class.php 第 27 行.
SQL: SHOW COLUMNS FROM `mmm_line_image` [ RunTime:0.0006s ]
SQL: SELECT `id`,`url` FROM `mmm_line_image` WHERE `lineid` = 100010 ORDER BY is_cover DESC  [ RunTime:0.0009s ]
NOTIC: [2048] Declaration of Admin\Model\LineJourneyModel::getInstance() should be compatible with Think\Single::getInstance($class) /data/home/hyu2594430001/htdocs/Application/Admin/Model/LineJourneyModel.class.php 第 27 行.
SQL: SHOW COLUMNS FROM `mmm_line_journey` [ RunTime:0.0009s ]
SQL: SELECT `day`,`name`,`spot`,`detail`,`hotel`,`breakfast`,`lunch`,`dinner` FROM `mmm_line_journey` WHERE `lineid` = 100010 ORDER BY day ASC  [ RunTime:0.0021s ]
NOTIC: [2048] Declaration of Admin\Model\LineDateModel::getInstance() should be compatible with Think\Single::getInstance($class) /data/home/hyu2594430001/htdocs/Application/Admin/Model/LineDateModel.class.php 第 25 行.
SQL: SHOW COLUMNS FROM `mmm_line_date` [ RunTime:0.0006s ]
SQL: SELECT `id`,`line_date`,`adult_price`,`child_price`,`single_room` FROM `mmm_line_date` WHERE `lineid` = 100010 AND `line_date` >= '2017-03-19' AND `status` = 1 ORDER BY line_date ASC LIMIT 0,8   [ RunTime:0.0006s ]

[ 2017-03-19T00:11:21+08:00 ] 183.61.52.70 /Home/APITravel/guess_like/?callback=jQuery2110515502092122945_1489853480987&lineid=100010&logintoken=f207756855b4b161074428851669ab04&wxappid=&_=1489853480988
INFO: [ app_init ] --START--
INFO: Run Behavior\BuildLiteBehavior [ RunTime:0.000018s ]
INFO: [ app_init ] --END-- [ RunTime:0.000403s ]
INFO: [ app_begin ] --START--
INFO: Run Behavior\ReadHtmlCacheBehavior [ RunTime:0.000496s ]
INFO: [ app_begin ] --END-- [ RunTime:0.000555s ]
NOTIC: [2048] Declaration of Admin\Model\LineModel::getInstance() should be compatible with Think\Single::getInstance($class) /data/home/hyu2594430001/htdocs/Application/Admin/Model/LineModel.class.php 第 12 行.
SQL: SHOW COLUMNS FROM `mmm_line` [ RunTime:0.0009s ]
SQL: SELECT `line_type`,`des_type`,`day_num` FROM `mmm_line` WHERE `id` = 100010 LIMIT 1   [ RunTime:0.0005s ]
SQL: SELECT `id`,`start_palce`,`line_type`,`title`,`labelid`,`keywords` FROM `mmm_line` WHERE `des_type` = 2 AND `status` = 2 LIMIT 0,4   [ RunTime:0.0003s ]
NOTIC: [2048] Declaration of Admin\Model\PlaceModel::getInstance() should be compatible with Think\Single::getInstance($class) /data/home/hyu2594430001/htdocs/Application/Admin/Model/PlaceModel.class.php 第 61 行.
SQL: SHOW COLUMNS FROM `mmm_line_place` [ RunTime:0.0005s ]
SQL: SELECT `name` FROM `mmm_line_place` WHERE `id` = 7 LIMIT 1   [ RunTime:0.0003s ]
NOTIC: [2048] Declaration of Admin\Model\LineDateModel::getInstance() should be compatible with Think\Single::getInstance($class) /data/home/hyu2594430001/htdocs/Application/Admin/Model/LineDateModel.class.php 第 25 行.
SQL: SHOW COLUMNS FROM `mmm_line_date` [ RunTime:0.0006s ]
SQL: SELECT MIN(adult_price) AS tp_min FROM `mmm_line_date` WHERE `lineid` = 100004 AND `status` = 1 AND `line_date` > '2017-03-19 00:11:21' LIMIT 1   [ RunTime:0.0005s ]
NOTIC: [2048] Declaration of Admin\Model\LineImageModel::getInstance() should be compatible with Think\Single::getInstance($class) /data/home/hyu2594430001/htdocs/Application/Admin/Model/LineImageModel.class.php 第 27 行.
SQL: SHOW COLUMNS FROM `mmm_line_image` [ RunTime:0.0005s ]
SQL: SELECT `url` FROM `mmm_line_image` WHERE `lineid` = 100004 AND `is_cover` = 1 LIMIT 1   [ RunTime:0.0003s ]
NOTIC: [2048] Declaration of Admin\Model\LineLabelModel::getInstance() should be compatible with Think\Single::getInstance($class) /data/home/hyu2594430001/htdocs/Application/Admin/Model/LineLabelModel.class.php 第 25 行.
SQL: SHOW COLUMNS FROM `mmm_line_label` [ RunTime:0.0006s ]
SQL: SELECT `label_name` FROM `mmm_line_label` WHERE `id` = 5 LIMIT 1   [ RunTime:0.0003s ]
SQL: SELECT `label_name` FROM `mmm_line_label` WHERE `id` = 6 LIMIT 1   [ RunTime:0.0004s ]
SQL: SELECT `label_name` FROM `mmm_line_label` WHERE `id` = 11 LIMIT 1   [ RunTime:0.0005s ]
SQL: SELECT `name` FROM `mmm_line_place` WHERE `id` = 7 LIMIT 1   [ RunTime:0.0004s ]
SQL: SELECT MIN(adult_price) AS tp_min FROM `mmm_line_date` WHERE `lineid` = 100008 AND `status` = 1 AND `line_date` > '2017-03-19 00:11:21' LIMIT 1   [ RunTime:0.0005s ]
SQL: SELECT `url` FROM `mmm_line_image` WHERE `lineid` = 100008 AND `is_cover` = 1 LIMIT 1   [ RunTime:0.0003s ]
SQL: SELECT `label_name` FROM `mmm_line_label` WHERE `id` = 6 LIMIT 1   [ RunTime:0.0003s ]
SQL: SELECT `label_name` FROM `mmm_line_label` WHERE `id` = 10 LIMIT 1   [ RunTime:0.0007s ]
SQL: SELECT `name` FROM `mmm_line_place` WHERE `id` = 7 LIMIT 1   [ RunTime:0.0003s ]
SQL: SELECT MIN(adult_price) AS tp_min FROM `mmm_line_date` WHERE `lineid` = 100009 AND `status` = 1 AND `line_date` > '2017-03-19 00:11:21' LIMIT 1   [ RunTime:0.0004s ]
SQL: SELECT `url` FROM `mmm_line_image` WHERE `lineid` = 100009 AND `is_cover` = 1 LIMIT 1   [ RunTime:0.0003s ]
SQL: SELECT `label_name` FROM `mmm_line_label` WHERE `id` = 9 LIMIT 1   [ RunTime:0.0003s ]
SQL: SELECT `label_name` FROM `mmm_line_label` WHERE `id` = 10 LIMIT 1   [ RunTime:0.0002s ]
SQL: SELECT `name` FROM `mmm_line_place` WHERE `id` = 7 LIMIT 1   [ RunTime:0.0004s ]
SQL: SELECT MIN(adult_price) AS tp_min FROM `mmm_line_date` WHERE `lineid` = 100010 AND `status` = 1 AND `line_date` > '2017-03-19 00:11:21' LIMIT 1   [ RunTime:0.0004s ]
SQL: SELECT `url` FROM `mmm_line_image` WHERE `lineid` = 100010 AND `is_cover` = 1 LIMIT 1   [ RunTime:0.0003s ]
SQL: SELECT `label_name` FROM `mmm_line_label` WHERE `id` = 11 LIMIT 1   [ RunTime:0.0003s ]
SQL: SELECT `label_name` FROM `mmm_line_label` WHERE `id` = 12 LIMIT 1   [ RunTime:0.0002s ]

[ 2017-03-19T00:12:26+08:00 ] 219.133.40.15 /Home/APITravel/slide/?callback=jQuery2110013854692569445382_1489853546605&logintoken=f207756855b4b161074428851669ab04&wxappid=&_=1489853546606
INFO: [ app_init ] --START--
INFO: Run Behavior\BuildLiteBehavior [ RunTime:0.000019s ]
INFO: [ app_init ] --END-- [ RunTime:0.000413s ]
INFO: [ app_begin ] --START--
INFO: Run Behavior\ReadHtmlCacheBehavior [ RunTime:0.000506s ]
INFO: [ app_begin ] --END-- [ RunTime:0.000599s ]
NOTIC: [2048] Declaration of Admin\Model\AdModel::getInstance() should be compatible with Think\Single::getInstance($class) /data/home/hyu2594430001/htdocs/Application/Admin/Model/AdModel.class.php 第 12 行.
SQL: SHOW COLUMNS FROM `mmm_ad` [ RunTime:0.0011s ]
SQL: SELECT `id`,`name`,`url`,`image` FROM `mmm_ad` WHERE `tid` = 1 AND `is_del` = 0 AND `status` = 1 ORDER BY sort ASC  [ RunTime:0.0003s ]

[ 2017-03-19T00:12:27+08:00 ] 219.133.40.15 /Home/APITravel/web_info/?callback=jQuery2110013854692569445382_1489853546605&logintoken=f207756855b4b161074428851669ab04&wxappid=&_=1489853546607
INFO: [ app_init ] --START--
INFO: Run Behavior\BuildLiteBehavior [ RunTime:0.000018s ]
INFO: [ app_init ] --END-- [ RunTime:0.000455s ]
INFO: [ app_begin ] --START--
INFO: Run Behavior\ReadHtmlCacheBehavior [ RunTime:0.000513s ]
INFO: [ app_begin ] --END-- [ RunTime:0.000593s ]
NOTIC: [2048] Declaration of Admin\Model\WebInfoModel::getInstance() should be compatible with Think\Single::getInstance($class) /data/home/hyu2594430001/htdocs/Application/Admin/Model/WebInfoModel.class.php 第 12 行.
SQL: SHOW COLUMNS FROM `mmm_web_info` [ RunTime:0.0009s ]
SQL: SELECT `id`,`web_title`,`web_keywords`,`pc_logo`,`mobile_logo`,`company_name`,`company_addr`,`web_id`,`web_tel`,`main_color` FROM `mmm_web_info` WHERE `id` = 1 LIMIT 1   [ RunTime:0.0003s ]

[ 2017-03-19T00:12:27+08:00 ] 219.133.40.15 /Home/APITravel/plate/?callback=jQuery2110013854692569445382_1489853546605&logintoken=f207756855b4b161074428851669ab04&wxappid=&_=1489853546608
INFO: [ app_init ] --START--
INFO: Run Behavior\BuildLiteBehavior [ RunTime:0.000017s ]
INFO: [ app_init ] --END-- [ RunTime:0.000365s ]
INFO: [ app_begin ] --START--
INFO: Run Behavior\ReadHtmlCacheBehavior [ RunTime:0.000475s ]
INFO: [ app_begin ] --END-- [ RunTime:0.000522s ]

[ 2017-03-19T00:12:28+08:00 ] 219.133.40.15 /Home/APITravel/first_tag2/?callback=jQuery2110013854692569445382_1489853546605&tag1=1&logintoken=f207756855b4b161074428851669ab04&wxappid=&_=1489853546610
INFO: [ app_init ] --START--
INFO: Run Behavior\BuildLiteBehavior [ RunTime:0.000018s ]
INFO: [ app_init ] --END-- [ RunTime:0.000406s ]
INFO: [ app_begin ] --START--
INFO: Run Behavior\ReadHtmlCacheBehavior [ RunTime:0.000454s ]
INFO: [ app_begin ] --END-- [ RunTime:0.000503s ]

[ 2017-03-19T00:12:28+08:00 ] 219.133.40.15 /Home/APITravel/first_lineselect/?callback=jQuery2110013854692569445382_1489853546605&tag1=1&tag2=1&page=1&logintoken=f207756855b4b161074428851669ab04&wxappid=&_=1489853546611
INFO: [ app_init ] --START--
INFO: Run Behavior\BuildLiteBehavior [ RunTime:0.000021s ]
INFO: [ app_init ] --END-- [ RunTime:0.000410s ]
INFO: [ app_begin ] --START--
INFO: Run Behavior\ReadHtmlCacheBehavior [ RunTime:0.000509s ]
INFO: [ app_begin ] --END-- [ RunTime:0.000560s ]
NOTIC: [2048] Declaration of Admin\Model\LineModel::getInstance() should be compatible with Think\Single::getInstance($class) /data/home/hyu2594430001/htdocs/Application/Admin/Model/LineModel.class.php 第 12 行.
SQL: SHOW COLUMNS FROM `mmm_line` [ RunTime:0.0013s ]
SQL: SELECT `id`,`start_palce`,`line_type`,`title`,`labelid`,`keywords` FROM `mmm_line` WHERE `des_type` = 1 AND `status` = 2 LIMIT 0,3   [ RunTime:0.0004s ]
NOTIC: [2048] Declaration of Admin\Model\PlaceModel::getInstance() should be compatible with Think\Single::getInstance($class) /data/home/hyu2594430001/htdocs/Application/Admin/Model/PlaceModel.class.php 第 61 行.
SQL: SHOW COLUMNS FROM `mmm_line_place` [ RunTime:0.0007s ]
SQL: SELECT `name` FROM `mmm_line_place` WHERE `id` = 7 LIMIT 1   [ RunTime:0.0002s ]
NOTIC: [2048] Declaration of Admin\Model\LineDateModel::getInstance() should be compatible with Think\Single::getInstance($class) /data/home/hyu2594430001/htdocs/Application/Admin/Model/LineDateModel.class.php 第 25 行.
SQL: SHOW COLUMNS FROM `mmm_line_date` [ RunTime:0.0007s ]
SQL: SELECT MIN(adult_price) AS tp_min FROM `mmm_line_date` WHERE `lineid` = 100001 AND `status` = 1 AND `line_date` > '2017-03-19 00:12:28' LIMIT 1   [ RunTime:0.0009s ]
NOTIC: [2048] Declaration of Admin\Model\LineImageModel::getInstance() should be compatible with Think\Single::getInstance($class) /data/home/hyu2594430001/htdocs/Application/Admin/Model/LineImageModel.class.php 第 27 行.
SQL: SHOW COLUMNS FROM `mmm_line_image` [ RunTime:0.0006s ]
SQL: SELECT `url` FROM `mmm_line_image` WHERE `lineid` = 100001 AND `is_cover` = 1 LIMIT 1   [ RunTime:0.0003s ]
NOTIC: [2048] Declaration of Admin\Model\LineLabelModel::getInstance() should be compatible with Think\Single::getInstance($class) /data/home/hyu2594430001/htdocs/Application/Admin/Model/LineLabelModel.class.php 第 25 行.
SQL: SHOW COLUMNS FROM `mmm_line_label` [ RunTime:0.0006s ]
SQL: SELECT `label_name` FROM `mmm_line_label` WHERE `id` = 5 LIMIT 1   [ RunTime:0.0002s ]
SQL: SELECT `name` FROM `mmm_line_place` WHERE `id` = 7 LIMIT 1   [ RunTime:0.0002s ]
SQL: SELECT MIN(adult_price) AS tp_min FROM `mmm_line_date` WHERE `lineid` = 100003 AND `status` = 1 AND `line_date` > '2017-03-19 00:12:28' LIMIT 1   [ RunTime:0.0004s ]
SQL: SELECT `url` FROM `mmm_line_image` WHERE `lineid` = 100003 AND `is_cover` = 1 LIMIT 1   [ RunTime:0.0002s ]
SQL: SELECT `label_name` FROM `mmm_line_label` WHERE `id` = 2 LIMIT 1   [ RunTime:0.0002s ]
SQL: SELECT `label_name` FROM `mmm_line_label` WHERE `id` = 1 LIMIT 1   [ RunTime:0.0002s ]
SQL: SELECT `name` FROM `mmm_line_place` WHERE `id` = 7 LIMIT 1   [ RunTime:0.0002s ]
SQL: SELECT MIN(adult_price) AS tp_min FROM `mmm_line_date` WHERE `lineid` = 100005 AND `status` = 1 AND `line_date` > '2017-03-19 00:12:28' LIMIT 1   [ RunTime:0.0004s ]
SQL: SELECT `url` FROM `mmm_line_image` WHERE `lineid` = 100005 AND `is_cover` = 1 LIMIT 1   [ RunTime:0.0005s ]
SQL: SELECT `label_name` FROM `mmm_line_label` WHERE `id` = 1 LIMIT 1   [ RunTime:0.0002s ]
SQL: SELECT `label_name` FROM `mmm_line_label` WHERE `id` = 4 LIMIT 1   [ RunTime:0.0004s ]
SQL: SELECT `label_name` FROM `mmm_line_label` WHERE `id` = 7 LIMIT 1   [ RunTime:0.0002s ]
SQL: SELECT `label_name` FROM `mmm_line_label` WHERE `id` = 10 LIMIT 1   [ RunTime:0.0004s ]

[ 2017-03-19T00:12:33+08:00 ] 219.133.40.15 /Home/APITravel/web_info/?callback=jQuery21100170235247624142_1489853552388&logintoken=f207756855b4b161074428851669ab04&wxappid=&_=1489853552390
INFO: [ app_init ] --START--
INFO: Run Behavior\BuildLiteBehavior [ RunTime:0.000019s ]
INFO: [ app_init ] --END-- [ RunTime:0.000412s ]
INFO: [ app_begin ] --START--
INFO: Run Behavior\ReadHtmlCacheBehavior [ RunTime:0.000471s ]
INFO: [ app_begin ] --END-- [ RunTime:0.000522s ]
NOTIC: [2048] Declaration of Admin\Model\WebInfoModel::getInstance() should be compatible with Think\Single::getInstance($class) /data/home/hyu2594430001/htdocs/Application/Admin/Model/WebInfoModel.class.php 第 12 行.
SQL: SHOW COLUMNS FROM `mmm_web_info` [ RunTime:0.0009s ]
SQL: SELECT `id`,`web_title`,`web_keywords`,`pc_logo`,`mobile_logo`,`company_name`,`company_addr`,`web_id`,`web_tel`,`main_color` FROM `mmm_web_info` WHERE `id` = 1 LIMIT 1   [ RunTime:0.0003s ]

[ 2017-03-19T00:12:42+08:00 ] 219.133.40.15 /Home/APITravel/web_info/?callback=jQuery211013458425483749048_1489853561305&logintoken=f207756855b4b161074428851669ab04&wxappid=&_=1489853561307
INFO: [ app_init ] --START--
INFO: Run Behavior\BuildLiteBehavior [ RunTime:0.000017s ]
INFO: [ app_init ] --END-- [ RunTime:0.000372s ]
INFO: [ app_begin ] --START--
INFO: Run Behavior\ReadHtmlCacheBehavior [ RunTime:0.000498s ]
INFO: [ app_begin ] --END-- [ RunTime:0.000547s ]
NOTIC: [2048] Declaration of Admin\Model\WebInfoModel::getInstance() should be compatible with Think\Single::getInstance($class) /data/home/hyu2594430001/htdocs/Application/Admin/Model/WebInfoModel.class.php 第 12 行.
SQL: SHOW COLUMNS FROM `mmm_web_info` [ RunTime:0.0010s ]
SQL: SELECT `id`,`web_title`,`web_keywords`,`pc_logo`,`mobile_logo`,`company_name`,`company_addr`,`web_id`,`web_tel`,`main_color` FROM `mmm_web_info` WHERE `id` = 1 LIMIT 1   [ RunTime:0.0003s ]

[ 2017-03-19T00:12:58+08:00 ] 219.133.40.15 /Home/APILogin/member_center/?callback=jQuery21108184507413589674_1489853578565&id=18825194133&logintoken=f207756855b4b161074428851669ab04&wxappid=&_=1489853578566
INFO: [ app_init ] --START--
INFO: Run Behavior\BuildLiteBehavior [ RunTime:0.000018s ]
INFO: [ app_init ] --END-- [ RunTime:0.000406s ]
INFO: [ app_begin ] --START--
INFO: Run Behavior\ReadHtmlCacheBehavior [ RunTime:0.000499s ]
INFO: [ app_begin ] --END-- [ RunTime:0.000558s ]
NOTIC: [2048] Declaration of Common\Model\MemberModel::getInstance() should be compatible with Think\Single::getInstance($class) /data/home/hyu2594430001/htdocs/Application/Common/Model/MemberModel.class.php 第 12 行.
SQL: SHOW COLUMNS FROM `mmm_member` [ RunTime:0.0011s ]
SQL: SELECT `mobile` FROM `mmm_member` WHERE `id` = 2 LIMIT 1   [ RunTime:0.0005s ]

[ 2017-03-19T00:12:59+08:00 ] 219.133.40.15 /Home/APITravel/web_info/?callback=jQuery21108184507413589674_1489853578565&logintoken=f207756855b4b161074428851669ab04&wxappid=&_=1489853578567
INFO: [ app_init ] --START--
INFO: Run Behavior\BuildLiteBehavior [ RunTime:0.000018s ]
INFO: [ app_init ] --END-- [ RunTime:0.000416s ]
INFO: [ app_begin ] --START--
INFO: Run Behavior\ReadHtmlCacheBehavior [ RunTime:0.000461s ]
INFO: [ app_begin ] --END-- [ RunTime:0.000511s ]
NOTIC: [2048] Declaration of Admin\Model\WebInfoModel::getInstance() should be compatible with Think\Single::getInstance($class) /data/home/hyu2594430001/htdocs/Application/Admin/Model/WebInfoModel.class.php 第 12 行.
SQL: SHOW COLUMNS FROM `mmm_web_info` [ RunTime:0.0010s ]
SQL: SELECT `id`,`web_title`,`web_keywords`,`pc_logo`,`mobile_logo`,`company_name`,`company_addr`,`web_id`,`web_tel`,`main_color` FROM `mmm_web_info` WHERE `id` = 1 LIMIT 1   [ RunTime:0.0003s ]

[ 2017-03-19T00:13:07+08:00 ] 219.133.40.15 /Home/APITravel/web_info/?callback=jQuery211047165819842541157_1489853587827&logintoken=f207756855b4b161074428851669ab04&wxappid=&_=1489853587828
INFO: [ app_init ] --START--
INFO: Run Behavior\BuildLiteBehavior [ RunTime:0.000021s ]
INFO: [ app_init ] --END-- [ RunTime:0.000391s ]
INFO: [ app_begin ] --START--
INFO: Run Behavior\ReadHtmlCacheBehavior [ RunTime:0.000466s ]
INFO: [ app_begin ] --END-- [ RunTime:0.000515s ]
NOTIC: [2048] Declaration of Admin\Model\WebInfoModel::getInstance() should be compatible with Think\Single::getInstance($class) /data/home/hyu2594430001/htdocs/Application/Admin/Model/WebInfoModel.class.php 第 12 行.
SQL: SHOW COLUMNS FROM `mmm_web_info` [ RunTime:0.0009s ]
SQL: SELECT `id`,`web_title`,`web_keywords`,`pc_logo`,`mobile_logo`,`company_name`,`company_addr`,`web_id`,`web_tel`,`main_color` FROM `mmm_web_info` WHERE `id` = 1 LIMIT 1   [ RunTime:0.0003s ]

[ 2017-03-19T00:13:15+08:00 ] 219.133.40.15 /Home/APILogin/member_center/?callback=jQuery21109408997381959212_1489853595443&id=18825194133&logintoken=f207756855b4b161074428851669ab04&wxappid=&_=1489853595444
INFO: [ app_init ] --START--
INFO: Run Behavior\BuildLiteBehavior [ RunTime:0.000018s ]
INFO: [ app_init ] --END-- [ RunTime:0.000436s ]
INFO: [ app_begin ] --START--
INFO: Run Behavior\ReadHtmlCacheBehavior [ RunTime:0.000468s ]
INFO: [ app_begin ] --END-- [ RunTime:0.000552s ]
NOTIC: [2048] Declaration of Common\Model\MemberModel::getInstance() should be compatible with Think\Single::getInstance($class) /data/home/hyu2594430001/htdocs/Application/Common/Model/MemberModel.class.php 第 12 行.
SQL: SHOW COLUMNS FROM `mmm_member` [ RunTime:0.0011s ]
SQL: SELECT `mobile` FROM `mmm_member` WHERE `id` = 2 LIMIT 1   [ RunTime:0.0003s ]

[ 2017-03-19T00:13:15+08:00 ] 219.133.40.15 /Home/APITravel/web_info/?callback=jQuery21109408997381959212_1489853595443&logintoken=f207756855b4b161074428851669ab04&wxappid=&_=1489853595445
INFO: [ app_init ] --START--
INFO: Run Behavior\BuildLiteBehavior [ RunTime:0.000019s ]
INFO: [ app_init ] --END-- [ RunTime:0.000378s ]
INFO: [ app_begin ] --START--
INFO: Run Behavior\ReadHtmlCacheBehavior [ RunTime:0.000481s ]
INFO: [ app_begin ] --END-- [ RunTime:0.000530s ]
NOTIC: [2048] Declaration of Admin\Model\WebInfoModel::getInstance() should be compatible with Think\Single::getInstance($class) /data/home/hyu2594430001/htdocs/Application/Admin/Model/WebInfoModel.class.php 第 12 行.
SQL: SHOW COLUMNS FROM `mmm_web_info` [ RunTime:0.0009s ]
SQL: SELECT `id`,`web_title`,`web_keywords`,`pc_logo`,`mobile_logo`,`company_name`,`company_addr`,`web_id`,`web_tel`,`main_color` FROM `mmm_web_info` WHERE `id` = 1 LIMIT 1   [ RunTime:0.0003s ]

[ 2017-03-19T00:13:17+08:00 ] 219.133.40.15 /Home/APITravel/slide/?callback=jQuery2110617548358624133_1489853597633&logintoken=f207756855b4b161074428851669ab04&wxappid=&_=1489853597634
INFO: [ app_init ] --START--
INFO: Run Behavior\BuildLiteBehavior [ RunTime:0.000021s ]
INFO: [ app_init ] --END-- [ RunTime:0.000387s ]
INFO: [ app_begin ] --START--
INFO: Run Behavior\ReadHtmlCacheBehavior [ RunTime:0.000479s ]
INFO: [ app_begin ] --END-- [ RunTime:0.000533s ]
NOTIC: [2048] Declaration of Admin\Model\AdModel::getInstance() should be compatible with Think\Single::getInstance($class) /data/home/hyu2594430001/htdocs/Application/Admin/Model/AdModel.class.php 第 12 行.
SQL: SHOW COLUMNS FROM `mmm_ad` [ RunTime:0.0010s ]
SQL: SELECT `id`,`name`,`url`,`image` FROM `mmm_ad` WHERE `tid` = 1 AND `is_del` = 0 AND `status` = 1 ORDER BY sort ASC  [ RunTime:0.0007s ]

[ 2017-03-19T00:13:18+08:00 ] 219.133.40.15 /Home/APITravel/web_info/?callback=jQuery2110617548358624133_1489853597633&logintoken=f207756855b4b161074428851669ab04&wxappid=&_=1489853597635
INFO: [ app_init ] --START--
INFO: Run Behavior\BuildLiteBehavior [ RunTime:0.000020s ]
INFO: [ app_init ] --END-- [ RunTime:0.000408s ]
INFO: [ app_begin ] --START--
INFO: Run Behavior\ReadHtmlCacheBehavior [ RunTime:0.000457s ]
INFO: [ app_begin ] --END-- [ RunTime:0.000506s ]
NOTIC: [2048] Declaration of Admin\Model\WebInfoModel::getInstance() should be compatible with Think\Single::getInstance($class) /data/home/hyu2594430001/htdocs/Application/Admin/Model/WebInfoModel.class.php 第 12 行.
SQL: SHOW COLUMNS FROM `mmm_web_info` [ RunTime:0.0009s ]
SQL: SELECT `id`,`web_title`,`web_keywords`,`pc_logo`,`mobile_logo`,`company_name`,`company_addr`,`web_id`,`web_tel`,`main_color` FROM `mmm_web_info` WHERE `id` = 1 LIMIT 1   [ RunTime:0.0003s ]

[ 2017-03-19T00:13:18+08:00 ] 219.133.40.15 /Home/APITravel/first_tag2/?callback=jQuery2110617548358624133_1489853597633&tag1=1&logintoken=f207756855b4b161074428851669ab04&wxappid=&_=1489853597638
INFO: [ app_init ] --START--
INFO: Run Behavior\BuildLiteBehavior [ RunTime:0.000022s ]
INFO: [ app_init ] --END-- [ RunTime:0.000600s ]
INFO: [ app_begin ] --START--
INFO: Run Behavior\ReadHtmlCacheBehavior [ RunTime:0.000532s ]
INFO: [ app_begin ] --END-- [ RunTime:0.000581s ]

[ 2017-03-19T00:13:19+08:00 ] 219.133.40.15 /Home/APITravel/first_lineselect/?callback=jQuery2110617548358624133_1489853597633&tag1=1&tag2=1&page=1&logintoken=f207756855b4b161074428851669ab04&wxappid=&_=1489853597639
INFO: [ app_init ] --START--
INFO: Run Behavior\BuildLiteBehavior [ RunTime:0.000027s ]
INFO: [ app_init ] --END-- [ RunTime:0.000424s ]
INFO: [ app_begin ] --START--
INFO: Run Behavior\ReadHtmlCacheBehavior [ RunTime:0.000485s ]
INFO: [ app_begin ] --END-- [ RunTime:0.000535s ]
NOTIC: [2048] Declaration of Admin\Model\LineModel::getInstance() should be compatible with Think\Single::getInstance($class) /data/home/hyu2594430001/htdocs/Application/Admin/Model/LineModel.class.php 第 12 行.
SQL: SHOW COLUMNS FROM `mmm_line` [ RunTime:0.0013s ]
SQL: SELECT `id`,`start_palce`,`line_type`,`title`,`labelid`,`keywords` FROM `mmm_line` WHERE `des_type` = 1 AND `status` = 2 LIMIT 0,3   [ RunTime:0.0003s ]
NOTIC: [2048] Declaration of Admin\Model\PlaceModel::getInstance() should be compatible with Think\Single::getInstance($class) /data/home/hyu2594430001/htdocs/Application/Admin/Model/PlaceModel.class.php 第 61 行.
SQL: SHOW COLUMNS FROM `mmm_line_place` [ RunTime:0.0007s ]
SQL: SELECT `name` FROM `mmm_line_place` WHERE `id` = 7 LIMIT 1   [ RunTime:0.0003s ]
NOTIC: [2048] Declaration of Admin\Model\LineDateModel::getInstance() should be compatible with Think\Single::getInstance($class) /data/home/hyu2594430001/htdocs/Application/Admin/Model/LineDateModel.class.php 第 25 行.
SQL: SHOW COLUMNS FROM `mmm_line_date` [ RunTime:0.0006s ]
SQL: SELECT MIN(adult_price) AS tp_min FROM `mmm_line_date` WHERE `lineid` = 100001 AND `status` = 1 AND `line_date` > '2017-03-19 00:13:19' LIMIT 1   [ RunTime:0.0007s ]
NOTIC: [2048] Declaration of Admin\Model\LineImageModel::getInstance() should be compatible with Think\Single::getInstance($class) /data/home/hyu2594430001/htdocs/Application/Admin/Model/LineImageModel.class.php 第 27 行.
SQL: SHOW COLUMNS FROM `mmm_line_image` [ RunTime:0.0006s ]
SQL: SELECT `url` FROM `mmm_line_image` WHERE `lineid` = 100001 AND `is_cover` = 1 LIMIT 1   [ RunTime:0.0002s ]
NOTIC: [2048] Declaration of Admin\Model\LineLabelModel::getInstance() should be compatible with Think\Single::getInstance($class) /data/home/hyu2594430001/htdocs/Application/Admin/Model/LineLabelModel.class.php 第 25 行.
SQL: SHOW COLUMNS FROM `mmm_line_label` [ RunTime:0.0006s ]
SQL: SELECT `label_name` FROM `mmm_line_label` WHERE `id` = 5 LIMIT 1   [ RunTime:0.0002s ]
SQL: SELECT `name` FROM `mmm_line_place` WHERE `id` = 7 LIMIT 1   [ RunTime:0.0002s ]
SQL: SELECT MIN(adult_price) AS tp_min FROM `mmm_line_date` WHERE `lineid` = 100003 AND `status` = 1 AND `line_date` > '2017-03-19 00:13:19' LIMIT 1   [ RunTime:0.0004s ]
SQL: SELECT `url` FROM `mmm_line_image` WHERE `lineid` = 100003 AND `is_cover` = 1 LIMIT 1   [ RunTime:0.0002s ]
SQL: SELECT `label_name` FROM `mmm_line_label` WHERE `id` = 2 LIMIT 1   [ RunTime:0.0003s ]
SQL: SELECT `label_name` FROM `mmm_line_label` WHERE `id` = 1 LIMIT 1   [ RunTime:0.0002s ]
SQL: SELECT `name` FROM `mmm_line_place` WHERE `id` = 7 LIMIT 1   [ RunTime:0.0002s ]
SQL: SELECT MIN(adult_price) AS tp_min FROM `mmm_line_date` WHERE `lineid` = 100005 AND `status` = 1 AND `line_date` > '2017-03-19 00:13:19' LIMIT 1   [ RunTime:0.0003s ]
SQL: SELECT `url` FROM `mmm_line_image` WHERE `lineid` = 100005 AND `is_cover` = 1 LIMIT 1   [ RunTime:0.0002s ]
SQL: SELECT `label_name` FROM `mmm_line_label` WHERE `id` = 1 LIMIT 1   [ RunTime:0.0002s ]
SQL: SELECT `label_name` FROM `mmm_line_label` WHERE `id` = 4 LIMIT 1   [ RunTime:0.0002s ]
SQL: SELECT `label_name` FROM `mmm_line_label` WHERE `id` = 7 LIMIT 1   [ RunTime:0.0002s ]
SQL: SELECT `label_name` FROM `mmm_line_label` WHERE `id` = 10 LIMIT 1   [ RunTime:0.0003s ]

