[ 2016-08-29T11:03:46+08:00 ] 127.0.0.1 /favicon.ico
INFO: [ app_init ] --START--
INFO: Run Behavior\BuildLiteBehavior [ RunTime:0.000050s ]
INFO: [ app_init ] --END-- [ RunTime:0.000665s ]
ERR: 无法加载模块:Favicon

[ 2016-08-29T11:04:06+08:00 ] 127.0.0.1 /App/Brandstore/View/Public/carThreeOption.js
INFO: [ app_init ] --START--
INFO: Run Behavior\BuildLiteBehavior [ RunTime:0.000047s ]
INFO: [ app_init ] --END-- [ RunTime:0.000569s ]
ERR: 无法加载模块:App

[ 2016-08-29T11:04:07+08:00 ] 127.0.0.1 /App/Brandstore/View/Public/laypage/laypage.js
INFO: [ app_init ] --START--
INFO: Run Behavior\BuildLiteBehavior [ RunTime:0.000043s ]
INFO: [ app_init ] --END-- [ RunTime:0.000609s ]
ERR: 无法加载模块:App

[ 2016-08-29T11:04:07+08:00 ] 127.0.0.1 /App/Brandstore/View/Public/carThreeOption.js
INFO: [ app_init ] --START--
INFO: Run Behavior\BuildLiteBehavior [ RunTime:0.000041s ]
INFO: [ app_init ] --END-- [ RunTime:0.000581s ]
ERR: 无法加载模块:App

[ 2016-08-29T11:08:00+08:00 ] 127.0.0.1 /App/Brandstore/View/Public/laypage/laypage.js
INFO: [ app_init ] --START--
INFO: Run Behavior\BuildLiteBehavior [ RunTime:0.000041s ]
INFO: [ app_init ] --END-- [ RunTime:0.000570s ]
ERR: 无法加载模块:App

[ 2016-08-29T11:08:00+08:00 ] 127.0.0.1 /App/Brandstore/View/Public/carThreeOption.js
INFO: [ app_init ] --START--
INFO: Run Behavior\BuildLiteBehavior [ RunTime:0.000050s ]
INFO: [ app_init ] --END-- [ RunTime:0.000633s ]
ERR: 无法加载模块:App

[ 2016-08-29T11:08:00+08:00 ] 127.0.0.1 /App/Brandstore/View/Public/carThreeOption.js
INFO: [ app_init ] --START--
INFO: Run Behavior\BuildLiteBehavior [ RunTime:0.000047s ]
INFO: [ app_init ] --END-- [ RunTime:0.000494s ]
ERR: 无法加载模块:App

[ 2016-08-29T11:10:38+08:00 ] 127.0.0.1 /App/Brandstore/View/Public/laypage/laypage.js
INFO: [ app_init ] --START--
INFO: Run Behavior\BuildLiteBehavior [ RunTime:0.000039s ]
INFO: [ app_init ] --END-- [ RunTime:0.000571s ]
ERR: 无法加载模块:App

[ 2016-08-29T11:10:38+08:00 ] 127.0.0.1 /App/Brandstore/View/Public/carThreeOption.js
INFO: [ app_init ] --START--
INFO: Run Behavior\BuildLiteBehavior [ RunTime:0.000044s ]
INFO: [ app_init ] --END-- [ RunTime:0.000603s ]
ERR: 无法加载模块:App

[ 2016-08-29T11:14:47+08:00 ] 127.0.0.1 /App/Brandstore/View/Public/laypage/laypage.js
INFO: [ app_init ] --START--
INFO: Run Behavior\BuildLiteBehavior [ RunTime:0.000047s ]
INFO: [ app_init ] --END-- [ RunTime:0.000589s ]
ERR: 无法加载模块:App

[ 2016-08-29T11:14:47+08:00 ] 127.0.0.1 /App/Brandstore/View/Public/carThreeOption.js
INFO: [ app_init ] --START--
INFO: Run Behavior\BuildLiteBehavior [ RunTime:0.000066s ]
INFO: [ app_init ] --END-- [ RunTime:0.000599s ]
ERR: 无法加载模块:App

[ 2016-08-29T11:14:47+08:00 ] 127.0.0.1 /App/Brandstore/View/Public/carThreeOption.js
INFO: [ app_init ] --START--
INFO: Run Behavior\BuildLiteBehavior [ RunTime:0.000052s ]
INFO: [ app_init ] --END-- [ RunTime:0.000628s ]
ERR: 无法加载模块:App

[ 2016-08-29T11:15:10+08:00 ] 127.0.0.1 /App/Brandstore/View/Public/laypage/laypage.js
INFO: [ app_init ] --START--
INFO: Run Behavior\BuildLiteBehavior [ RunTime:0.000043s ]
INFO: [ app_init ] --END-- [ RunTime:0.000532s ]
ERR: 无法加载模块:App

[ 2016-08-29T11:15:10+08:00 ] 127.0.0.1 /App/Brandstore/View/Public/carThreeOption.js
INFO: [ app_init ] --START--
INFO: Run Behavior\BuildLiteBehavior [ RunTime:0.000037s ]
INFO: [ app_init ] --END-- [ RunTime:0.000503s ]
ERR: 无法加载模块:App

[ 2016-08-29T11:15:10+08:00 ] 127.0.0.1 /App/Brandstore/View/Public/carThreeOption.js
INFO: [ app_init ] --START--
INFO: Run Behavior\BuildLiteBehavior [ RunTime:0.000041s ]
INFO: [ app_init ] --END-- [ RunTime:0.000581s ]
ERR: 无法加载模块:App

[ 2016-08-29T11:17:03+08:00 ] 127.0.0.1 /App/Brandstore/View/Public/laypage/laypage.js
INFO: [ app_init ] --START--
INFO: Run Behavior\BuildLiteBehavior [ RunTime:0.000037s ]
INFO: [ app_init ] --END-- [ RunTime:0.000501s ]
ERR: 无法加载模块:App

[ 2016-08-29T11:17:03+08:00 ] 127.0.0.1 /App/Brandstore/View/Public/carThreeOption.js
INFO: [ app_init ] --START--
INFO: Run Behavior\BuildLiteBehavior [ RunTime:0.000040s ]
INFO: [ app_init ] --END-- [ RunTime:0.000626s ]
ERR: 无法加载模块:App

[ 2016-08-29T11:17:03+08:00 ] 127.0.0.1 /App/Brandstore/View/Public/carThreeOption.js
INFO: [ app_init ] --START--
INFO: Run Behavior\BuildLiteBehavior [ RunTime:0.000039s ]
INFO: [ app_init ] --END-- [ RunTime:0.000475s ]
ERR: 无法加载模块:App

[ 2016-08-29T11:18:07+08:00 ] 127.0.0.1 /App/Brandstore/View/Public/laypage/laypage.js
INFO: [ app_init ] --START--
INFO: Run Behavior\BuildLiteBehavior [ RunTime:0.000056s ]
INFO: [ app_init ] --END-- [ RunTime:0.000726s ]
ERR: 无法加载模块:App

[ 2016-08-29T11:18:07+08:00 ] 127.0.0.1 /App/Brandstore/View/Public/carThreeOption.js
INFO: [ app_init ] --START--
INFO: Run Behavior\BuildLiteBehavior [ RunTime:0.000039s ]
INFO: [ app_init ] --END-- [ RunTime:0.000484s ]
ERR: 无法加载模块:App

[ 2016-08-29T11:18:07+08:00 ] 127.0.0.1 /App/Brandstore/View/Public/carThreeOption.js
INFO: [ app_init ] --START--
INFO: Run Behavior\BuildLiteBehavior [ RunTime:0.000051s ]
INFO: [ app_init ] --END-- [ RunTime:0.000739s ]
ERR: 无法加载模块:App

[ 2016-08-29T11:19:25+08:00 ] 127.0.0.1 /App/Brandstore/View/Public/laypage/laypage.js
INFO: [ app_init ] --START--
INFO: Run Behavior\BuildLiteBehavior [ RunTime:0.000044s ]
INFO: [ app_init ] --END-- [ RunTime:0.000568s ]
ERR: 无法加载模块:App

[ 2016-08-29T11:19:25+08:00 ] 127.0.0.1 /App/Brandstore/View/Public/carThreeOption.js
INFO: [ app_init ] --START--
INFO: Run Behavior\BuildLiteBehavior [ RunTime:0.000038s ]
INFO: [ app_init ] --END-- [ RunTime:0.000472s ]
ERR: 无法加载模块:App

[ 2016-08-29T11:21:38+08:00 ] 127.0.0.1 /App/Brandstore/View/Public/laypage/laypage.js
INFO: [ app_init ] --START--
INFO: Run Behavior\BuildLiteBehavior [ RunTime:0.000041s ]
INFO: [ app_init ] --END-- [ RunTime:0.000499s ]
ERR: 无法加载模块:App

[ 2016-08-29T11:21:38+08:00 ] 127.0.0.1 /App/Brandstore/View/Public/carThreeOption.js
INFO: [ app_init ] --START--
INFO: Run Behavior\BuildLiteBehavior [ RunTime:0.000054s ]
INFO: [ app_init ] --END-- [ RunTime:0.000673s ]
ERR: 无法加载模块:App

[ 2016-08-29T11:21:52+08:00 ] 127.0.0.1 /App/Brandstore/View/Public/laypage/laypage.js
INFO: [ app_init ] --START--
INFO: Run Behavior\BuildLiteBehavior [ RunTime:0.000060s ]
INFO: [ app_init ] --END-- [ RunTime:0.000735s ]
ERR: 无法加载模块:App

[ 2016-08-29T11:21:52+08:00 ] 127.0.0.1 /App/Brandstore/View/Public/carThreeOption.js
INFO: [ app_init ] --START--
INFO: Run Behavior\BuildLiteBehavior [ RunTime:0.000055s ]
INFO: [ app_init ] --END-- [ RunTime:0.000918s ]
ERR: 无法加载模块:App

[ 2016-08-29T11:21:52+08:00 ] 127.0.0.1 /App/Brandstore/View/Public/carThreeOption.js
INFO: [ app_init ] --START--
INFO: Run Behavior\BuildLiteBehavior [ RunTime:0.000037s ]
INFO: [ app_init ] --END-- [ RunTime:0.000550s ]
ERR: 无法加载模块:App

[ 2016-08-29T11:22:04+08:00 ] 127.0.0.1 /App/Brandstore/View/Public/laypage/laypage.js
INFO: [ app_init ] --START--
INFO: Run Behavior\BuildLiteBehavior [ RunTime:0.000050s ]
INFO: [ app_init ] --END-- [ RunTime:0.000606s ]
ERR: 无法加载模块:App

[ 2016-08-29T11:22:04+08:00 ] 127.0.0.1 /App/Brandstore/View/Public/carThreeOption.js
INFO: [ app_init ] --START--
INFO: Run Behavior\BuildLiteBehavior [ RunTime:0.000042s ]
INFO: [ app_init ] --END-- [ RunTime:0.000470s ]
ERR: 无法加载模块:App

[ 2016-08-29T11:22:04+08:00 ] 127.0.0.1 /App/Brandstore/View/Public/carThreeOption.js
INFO: [ app_init ] --START--
INFO: Run Behavior\BuildLiteBehavior [ RunTime:0.000037s ]
INFO: [ app_init ] --END-- [ RunTime:0.000442s ]
ERR: 无法加载模块:App

[ 2016-08-29T11:32:20+08:00 ] 127.0.0.1 /App/Brandstore/View/Public/laypage/laypage.js
INFO: [ app_init ] --START--
INFO: Run Behavior\BuildLiteBehavior [ RunTime:0.000061s ]
INFO: [ app_init ] --END-- [ RunTime:0.000707s ]
ERR: 无法加载模块:App

[ 2016-08-29T11:32:20+08:00 ] 127.0.0.1 /App/Brandstore/View/Public/carThreeOption.js
INFO: [ app_init ] --START--
INFO: Run Behavior\BuildLiteBehavior [ RunTime:0.000035s ]
INFO: [ app_init ] --END-- [ RunTime:0.000469s ]
ERR: 无法加载模块:App

[ 2016-08-29T11:32:20+08:00 ] 127.0.0.1 /App/Brandstore/View/Public/carThreeOption.js
INFO: [ app_init ] --START--
INFO: Run Behavior\BuildLiteBehavior [ RunTime:0.000038s ]
INFO: [ app_init ] --END-- [ RunTime:0.000481s ]
ERR: 无法加载模块:App

[ 2016-08-29T11:33:32+08:00 ] 127.0.0.1 /App/Brandstore/View/Public/laypage/laypage.js
INFO: [ app_init ] --START--
INFO: Run Behavior\BuildLiteBehavior [ RunTime:0.000050s ]
INFO: [ app_init ] --END-- [ RunTime:0.000628s ]
ERR: 无法加载模块:App

[ 2016-08-29T11:33:32+08:00 ] 127.0.0.1 /App/Brandstore/View/Public/carThreeOption.js
INFO: [ app_init ] --START--
INFO: Run Behavior\BuildLiteBehavior [ RunTime:0.000038s ]
INFO: [ app_init ] --END-- [ RunTime:0.000469s ]
ERR: 无法加载模块:App

[ 2016-08-29T11:33:32+08:00 ] 127.0.0.1 /App/Brandstore/View/Public/carThreeOption.js
INFO: [ app_init ] --START--
INFO: Run Behavior\BuildLiteBehavior [ RunTime:0.000041s ]
INFO: [ app_init ] --END-- [ RunTime:0.000479s ]
ERR: 无法加载模块:App

[ 2016-08-29T11:34:03+08:00 ] 127.0.0.1 /App/Brandstore/View/Public/carThreeOption.js
INFO: [ app_init ] --START--
INFO: Run Behavior\BuildLiteBehavior [ RunTime:0.000046s ]
INFO: [ app_init ] --END-- [ RunTime:0.000630s ]
ERR: 无法加载模块:App

[ 2016-08-29T11:34:03+08:00 ] 127.0.0.1 /App/Brandstore/View/Public/laypage/laypage.js
INFO: [ app_init ] --START--
INFO: Run Behavior\BuildLiteBehavior [ RunTime:0.000047s ]
INFO: [ app_init ] --END-- [ RunTime:0.000557s ]
ERR: 无法加载模块:App

[ 2016-08-29T11:34:03+08:00 ] 127.0.0.1 /App/Brandstore/View/Public/carThreeOption.js
INFO: [ app_init ] --START--
INFO: Run Behavior\BuildLiteBehavior [ RunTime:0.000051s ]
INFO: [ app_init ] --END-- [ RunTime:0.000546s ]
ERR: 无法加载模块:App

[ 2016-08-29T11:34:35+08:00 ] 127.0.0.1 /App/Brandstore/View/Public/laypage/laypage.js
INFO: [ app_init ] --START--
INFO: Run Behavior\BuildLiteBehavior [ RunTime:0.000041s ]
INFO: [ app_init ] --END-- [ RunTime:0.000533s ]
ERR: 无法加载模块:App

[ 2016-08-29T11:34:35+08:00 ] 127.0.0.1 /App/Brandstore/View/Public/carThreeOption.js
INFO: [ app_init ] --START--
INFO: Run Behavior\BuildLiteBehavior [ RunTime:0.000049s ]
INFO: [ app_init ] --END-- [ RunTime:0.000667s ]
ERR: 无法加载模块:App

[ 2016-08-29T11:34:35+08:00 ] 127.0.0.1 /App/Brandstore/View/Public/carThreeOption.js
INFO: [ app_init ] --START--
INFO: Run Behavior\BuildLiteBehavior [ RunTime:0.000053s ]
INFO: [ app_init ] --END-- [ RunTime:0.000673s ]
ERR: 无法加载模块:App

[ 2016-08-29T11:34:46+08:00 ] 127.0.0.1 /App/Brandstore/View/Public/laypage/laypage.js
INFO: [ app_init ] --START--
INFO: Run Behavior\BuildLiteBehavior [ RunTime:0.000073s ]
INFO: [ app_init ] --END-- [ RunTime:0.001120s ]
ERR: 无法加载模块:App

[ 2016-08-29T11:34:46+08:00 ] 127.0.0.1 /App/Brandstore/View/Public/carThreeOption.js
INFO: [ app_init ] --START--
INFO: Run Behavior\BuildLiteBehavior [ RunTime:0.000048s ]
INFO: [ app_init ] --END-- [ RunTime:0.000588s ]
ERR: 无法加载模块:App

[ 2016-08-29T11:34:46+08:00 ] 127.0.0.1 /App/Brandstore/View/Public/carThreeOption.js
INFO: [ app_init ] --START--
INFO: Run Behavior\BuildLiteBehavior [ RunTime:0.000080s ]
INFO: [ app_init ] --END-- [ RunTime:0.000819s ]
ERR: 无法加载模块:App

[ 2016-08-29T11:37:09+08:00 ] 127.0.0.1 /App/Brandstore/View/Public/laypage/laypage.js
INFO: [ app_init ] --START--
INFO: Run Behavior\BuildLiteBehavior [ RunTime:0.000044s ]
INFO: [ app_init ] --END-- [ RunTime:0.000591s ]
ERR: 无法加载模块:App

[ 2016-08-29T11:37:09+08:00 ] 127.0.0.1 /App/Brandstore/View/Public/carThreeOption.js
INFO: [ app_init ] --START--
INFO: Run Behavior\BuildLiteBehavior [ RunTime:0.000042s ]
INFO: [ app_init ] --END-- [ RunTime:0.000531s ]
ERR: 无法加载模块:App

[ 2016-08-29T11:37:40+08:00 ] 127.0.0.1 /App/Brandstore/View/Public/laypage/laypage.js
INFO: [ app_init ] --START--
INFO: Run Behavior\BuildLiteBehavior [ RunTime:0.000064s ]
INFO: [ app_init ] --END-- [ RunTime:0.000768s ]
ERR: 无法加载模块:App

[ 2016-08-29T11:37:40+08:00 ] 127.0.0.1 /App/Brandstore/View/Public/carThreeOption.js
INFO: [ app_init ] --START--
INFO: Run Behavior\BuildLiteBehavior [ RunTime:0.000050s ]
INFO: [ app_init ] --END-- [ RunTime:0.000645s ]
ERR: 无法加载模块:App

[ 2016-08-29T11:37:54+08:00 ] 127.0.0.1 /App/Brandstore/View/Public/laypage/laypage.js
INFO: [ app_init ] --START--
INFO: Run Behavior\BuildLiteBehavior [ RunTime:0.000043s ]
INFO: [ app_init ] --END-- [ RunTime:0.000560s ]
ERR: 无法加载模块:App

[ 2016-08-29T11:37:54+08:00 ] 127.0.0.1 /App/Brandstore/View/Public/carThreeOption.js
INFO: [ app_init ] --START--
INFO: Run Behavior\BuildLiteBehavior [ RunTime:0.000039s ]
INFO: [ app_init ] --END-- [ RunTime:0.000478s ]
ERR: 无法加载模块:App

[ 2016-08-29T11:37:54+08:00 ] 127.0.0.1 /App/Brandstore/View/Public/carThreeOption.js
INFO: [ app_init ] --START--
INFO: Run Behavior\BuildLiteBehavior [ RunTime:0.000053s ]
INFO: [ app_init ] --END-- [ RunTime:0.000622s ]
ERR: 无法加载模块:App

[ 2016-08-29T11:38:07+08:00 ] 127.0.0.1 /App/Brandstore/View/Public/laypage/laypage.js
INFO: [ app_init ] --START--
INFO: Run Behavior\BuildLiteBehavior [ RunTime:0.000049s ]
INFO: [ app_init ] --END-- [ RunTime:0.000617s ]
ERR: 无法加载模块:App

[ 2016-08-29T11:38:07+08:00 ] 127.0.0.1 /App/Brandstore/View/Public/carThreeOption.js
INFO: [ app_init ] --START--
INFO: Run Behavior\BuildLiteBehavior [ RunTime:0.000038s ]
INFO: [ app_init ] --END-- [ RunTime:0.000496s ]
ERR: 无法加载模块:App

[ 2016-08-29T11:38:07+08:00 ] 127.0.0.1 /App/Brandstore/View/Public/carThreeOption.js
INFO: [ app_init ] --START--
INFO: Run Behavior\BuildLiteBehavior [ RunTime:0.000043s ]
INFO: [ app_init ] --END-- [ RunTime:0.000575s ]
ERR: 无法加载模块:App

[ 2016-08-29T11:38:15+08:00 ] 127.0.0.1 /App/Brandstore/View/Public/carThreeOption.js
INFO: [ app_init ] --START--
INFO: Run Behavior\BuildLiteBehavior [ RunTime:0.000053s ]
INFO: [ app_init ] --END-- [ RunTime:0.000605s ]
ERR: 无法加载模块:App

[ 2016-08-29T11:38:15+08:00 ] 127.0.0.1 /App/Brandstore/View/Public/laypage/laypage.js
INFO: [ app_init ] --START--
INFO: Run Behavior\BuildLiteBehavior [ RunTime:0.000045s ]
INFO: [ app_init ] --END-- [ RunTime:0.000576s ]
ERR: 无法加载模块:App

[ 2016-08-29T11:38:15+08:00 ] 127.0.0.1 /App/Brandstore/View/Public/carThreeOption.js
INFO: [ app_init ] --START--
INFO: Run Behavior\BuildLiteBehavior [ RunTime:0.000060s ]
INFO: [ app_init ] --END-- [ RunTime:0.000871s ]
ERR: 无法加载模块:App

[ 2016-08-29T11:40:53+08:00 ] 127.0.0.1 /App/Brandstore/View/Public/laypage/laypage.js
INFO: [ app_init ] --START--
INFO: Run Behavior\BuildLiteBehavior [ RunTime:0.000051s ]
INFO: [ app_init ] --END-- [ RunTime:0.000654s ]
ERR: 无法加载模块:App

[ 2016-08-29T11:40:53+08:00 ] 127.0.0.1 /App/Brandstore/View/Public/carThreeOption.js
INFO: [ app_init ] --START--
INFO: Run Behavior\BuildLiteBehavior [ RunTime:0.000057s ]
INFO: [ app_init ] --END-- [ RunTime:0.000762s ]
ERR: 无法加载模块:App

[ 2016-08-29T11:40:53+08:00 ] 127.0.0.1 /App/Brandstore/View/Public/laypage/laypage.js
INFO: [ app_init ] --START--
INFO: Run Behavior\BuildLiteBehavior [ RunTime:0.000051s ]
INFO: [ app_init ] --END-- [ RunTime:0.000564s ]
ERR: 无法加载模块:App

[ 2016-08-29T11:40:53+08:00 ] 127.0.0.1 /App/Brandstore/View/Public/carThreeOption.js
INFO: [ app_init ] --START--
INFO: Run Behavior\BuildLiteBehavior [ RunTime:0.000067s ]
INFO: [ app_init ] --END-- [ RunTime:0.000662s ]
ERR: 无法加载模块:App

[ 2016-08-29T11:46:31+08:00 ] 127.0.0.1 /App/Brandstore/View/Public/laypage/laypage.js
INFO: [ app_init ] --START--
INFO: Run Behavior\BuildLiteBehavior [ RunTime:0.000056s ]
INFO: [ app_init ] --END-- [ RunTime:0.000606s ]
ERR: 无法加载模块:App

[ 2016-08-29T11:46:31+08:00 ] 127.0.0.1 /App/Brandstore/View/Public/carThreeOption.js
INFO: [ app_init ] --START--
INFO: Run Behavior\BuildLiteBehavior [ RunTime:0.000052s ]
INFO: [ app_init ] --END-- [ RunTime:0.001088s ]
ERR: 无法加载模块:App

[ 2016-08-29T11:46:31+08:00 ] 127.0.0.1 /App/Brandstore/View/Public/carThreeOption.js
INFO: [ app_init ] --START--
INFO: Run Behavior\BuildLiteBehavior [ RunTime:0.000047s ]
INFO: [ app_init ] --END-- [ RunTime:0.000696s ]
ERR: 无法加载模块:App

[ 2016-08-29T13:53:05+08:00 ] 127.0.0.1 /App/Brandstore/View/Public/laypage/laypage.js
INFO: [ app_init ] --START--
INFO: Run Behavior\BuildLiteBehavior [ RunTime:0.000038s ]
INFO: [ app_init ] --END-- [ RunTime:0.000457s ]
ERR: 无法加载模块:App

[ 2016-08-29T13:53:05+08:00 ] 127.0.0.1 /App/Brandstore/View/Public/carThreeOption.js
INFO: [ app_init ] --START--
INFO: Run Behavior\BuildLiteBehavior [ RunTime:0.000039s ]
INFO: [ app_init ] --END-- [ RunTime:0.000535s ]
ERR: 无法加载模块:App

[ 2016-08-29T13:53:05+08:00 ] 127.0.0.1 /App/Brandstore/View/Public/carThreeOption.js
INFO: [ app_init ] --START--
INFO: Run Behavior\BuildLiteBehavior [ RunTime:0.000036s ]
INFO: [ app_init ] --END-- [ RunTime:0.000472s ]
ERR: 无法加载模块:App

[ 2016-08-29T13:53:06+08:00 ] 127.0.0.1 /App/Brandstore/View/Public/carThreeOption.js
INFO: [ app_init ] --START--
INFO: Run Behavior\BuildLiteBehavior [ RunTime:0.000038s ]
INFO: [ app_init ] --END-- [ RunTime:0.000471s ]
ERR: 无法加载模块:App

[ 2016-08-29T13:53:06+08:00 ] 127.0.0.1 /App/Brandstore/View/Public/laypage/laypage.js
INFO: [ app_init ] --START--
INFO: Run Behavior\BuildLiteBehavior [ RunTime:0.000039s ]
INFO: [ app_init ] --END-- [ RunTime:0.000494s ]
ERR: 无法加载模块:App

[ 2016-08-29T13:53:06+08:00 ] 127.0.0.1 /App/Brandstore/View/Public/carThreeOption.js
INFO: [ app_init ] --START--
INFO: Run Behavior\BuildLiteBehavior [ RunTime:0.000069s ]
INFO: [ app_init ] --END-- [ RunTime:0.000606s ]
ERR: 无法加载模块:App

[ 2016-08-29T13:53:08+08:00 ] 127.0.0.1 /App/Brandstore/View/Public/carThreeOption.js
INFO: [ app_init ] --START--
INFO: Run Behavior\BuildLiteBehavior [ RunTime:0.000044s ]
INFO: [ app_init ] --END-- [ RunTime:0.000467s ]
ERR: 无法加载模块:App

[ 2016-08-29T13:53:08+08:00 ] 127.0.0.1 /App/Brandstore/View/Public/laypage/laypage.js
INFO: [ app_init ] --START--
INFO: Run Behavior\BuildLiteBehavior [ RunTime:0.000037s ]
INFO: [ app_init ] --END-- [ RunTime:0.000505s ]
ERR: 无法加载模块:App

[ 2016-08-29T13:53:08+08:00 ] 127.0.0.1 /App/Brandstore/View/Public/carThreeOption.js
INFO: [ app_init ] --START--
INFO: Run Behavior\BuildLiteBehavior [ RunTime:0.000098s ]
INFO: [ app_init ] --END-- [ RunTime:0.001327s ]
ERR: 无法加载模块:App

[ 2016-08-29T13:53:26+08:00 ] 127.0.0.1 /App/Brandstore/View/Public/laypage/laypage.js
INFO: [ app_init ] --START--
INFO: Run Behavior\BuildLiteBehavior [ RunTime:0.000040s ]
INFO: [ app_init ] --END-- [ RunTime:0.000579s ]
ERR: 无法加载模块:App

[ 2016-08-29T13:53:26+08:00 ] 127.0.0.1 /App/Brandstore/View/Public/carThreeOption.js
INFO: [ app_init ] --START--
INFO: Run Behavior\BuildLiteBehavior [ RunTime:0.000038s ]
INFO: [ app_init ] --END-- [ RunTime:0.000480s ]
ERR: 无法加载模块:App

[ 2016-08-29T13:53:26+08:00 ] 127.0.0.1 /App/Brandstore/View/Public/carThreeOption.js
INFO: [ app_init ] --START--
INFO: Run Behavior\BuildLiteBehavior [ RunTime:0.000039s ]
INFO: [ app_init ] --END-- [ RunTime:0.000524s ]
ERR: 无法加载模块:App

[ 2016-08-29T13:54:02+08:00 ] 127.0.0.1 /App/Brandstore/View/Public/laypage/laypage.js
INFO: [ app_init ] --START--
INFO: Run Behavior\BuildLiteBehavior [ RunTime:0.000074s ]
INFO: [ app_init ] --END-- [ RunTime:0.001242s ]
ERR: 无法加载模块:App

[ 2016-08-29T13:54:02+08:00 ] 127.0.0.1 /App/Brandstore/View/Public/carThreeOption.js
INFO: [ app_init ] --START--
INFO: Run Behavior\BuildLiteBehavior [ RunTime:0.000070s ]
INFO: [ app_init ] --END-- [ RunTime:0.000692s ]
ERR: 无法加载模块:App

[ 2016-08-29T13:54:58+08:00 ] 127.0.0.1 /App/Brandstore/View/Public/laypage/laypage.js
INFO: [ app_init ] --START--
INFO: Run Behavior\BuildLiteBehavior [ RunTime:0.000046s ]
INFO: [ app_init ] --END-- [ RunTime:0.000553s ]
ERR: 无法加载模块:App

[ 2016-08-29T13:54:58+08:00 ] 127.0.0.1 /App/Brandstore/View/Public/carThreeOption.js
INFO: [ app_init ] --START--
INFO: Run Behavior\BuildLiteBehavior [ RunTime:0.000050s ]
INFO: [ app_init ] --END-- [ RunTime:0.000676s ]
ERR: 无法加载模块:App

[ 2016-08-29T13:54:58+08:00 ] 127.0.0.1 /App/Brandstore/View/Public/carThreeOption.js
INFO: [ app_init ] --START--
INFO: Run Behavior\BuildLiteBehavior [ RunTime:0.000037s ]
INFO: [ app_init ] --END-- [ RunTime:0.000493s ]
ERR: 无法加载模块:App

[ 2016-08-29T13:59:51+08:00 ] 127.0.0.1 /App/Brandstore/View/Public/laypage/laypage.js
INFO: [ app_init ] --START--
INFO: Run Behavior\BuildLiteBehavior [ RunTime:0.000061s ]
INFO: [ app_init ] --END-- [ RunTime:0.000848s ]
ERR: 无法加载模块:App

[ 2016-08-29T13:59:51+08:00 ] 127.0.0.1 /App/Brandstore/View/Public/carThreeOption.js
INFO: [ app_init ] --START--
INFO: Run Behavior\BuildLiteBehavior [ RunTime:0.000039s ]
INFO: [ app_init ] --END-- [ RunTime:0.000511s ]
ERR: 无法加载模块:App

[ 2016-08-29T13:59:52+08:00 ] 127.0.0.1 /App/Brandstore/View/Public/carThreeOption.js
INFO: [ app_init ] --START--
INFO: Run Behavior\BuildLiteBehavior [ RunTime:0.000036s ]
INFO: [ app_init ] --END-- [ RunTime:0.000437s ]
ERR: 无法加载模块:App

[ 2016-08-29T14:03:44+08:00 ] 127.0.0.1 /App/Brandstore/View/Public/laypage/laypage.js
INFO: [ app_init ] --START--
INFO: Run Behavior\BuildLiteBehavior [ RunTime:0.000052s ]
INFO: [ app_init ] --END-- [ RunTime:0.000627s ]
ERR: 无法加载模块:App

[ 2016-08-29T14:03:44+08:00 ] 127.0.0.1 /App/Brandstore/View/Public/carThreeOption.js
INFO: [ app_init ] --START--
INFO: Run Behavior\BuildLiteBehavior [ RunTime:0.000039s ]
INFO: [ app_init ] --END-- [ RunTime:0.000524s ]
ERR: 无法加载模块:App

[ 2016-08-29T14:03:44+08:00 ] 127.0.0.1 /App/Brandstore/View/Public/carThreeOption.js
INFO: [ app_init ] --START--
INFO: Run Behavior\BuildLiteBehavior [ RunTime:0.000045s ]
INFO: [ app_init ] --END-- [ RunTime:0.000538s ]
ERR: 无法加载模块:App

[ 2016-08-29T14:03:48+08:00 ] 127.0.0.1 /App/Brandstore/View/Public/carThreeOption.js
INFO: [ app_init ] --START--
INFO: Run Behavior\BuildLiteBehavior [ RunTime:0.000042s ]
INFO: [ app_init ] --END-- [ RunTime:0.000493s ]
ERR: 无法加载模块:App

[ 2016-08-29T14:03:48+08:00 ] 127.0.0.1 /App/Brandstore/View/Public/laypage/laypage.js
INFO: [ app_init ] --START--
INFO: Run Behavior\BuildLiteBehavior [ RunTime:0.000045s ]
INFO: [ app_init ] --END-- [ RunTime:0.000639s ]
ERR: 无法加载模块:App

[ 2016-08-29T14:03:48+08:00 ] 127.0.0.1 /App/Brandstore/View/Public/carThreeOption.js
INFO: [ app_init ] --START--
INFO: Run Behavior\BuildLiteBehavior [ RunTime:0.000036s ]
INFO: [ app_init ] --END-- [ RunTime:0.000471s ]
ERR: 无法加载模块:App

[ 2016-08-29T14:20:02+08:00 ] 127.0.0.1 /App/Brandstore/View/Public/laypage/laypage.js
INFO: [ app_init ] --START--
INFO: Run Behavior\BuildLiteBehavior [ RunTime:0.000043s ]
INFO: [ app_init ] --END-- [ RunTime:0.000591s ]
ERR: 无法加载模块:App

[ 2016-08-29T14:20:02+08:00 ] 127.0.0.1 /App/Brandstore/View/Public/carThreeOption.js
INFO: [ app_init ] --START--
INFO: Run Behavior\BuildLiteBehavior [ RunTime:0.000051s ]
INFO: [ app_init ] --END-- [ RunTime:0.000608s ]
ERR: 无法加载模块:App

[ 2016-08-29T14:20:02+08:00 ] 127.0.0.1 /App/Brandstore/View/Public/carThreeOption.js
INFO: [ app_init ] --START--
INFO: Run Behavior\BuildLiteBehavior [ RunTime:0.000040s ]
INFO: [ app_init ] --END-- [ RunTime:0.000531s ]
ERR: 无法加载模块:App

[ 2016-08-29T14:21:08+08:00 ] 127.0.0.1 /App/Brandstore/View/Public/laypage/laypage.js
INFO: [ app_init ] --START--
INFO: Run Behavior\BuildLiteBehavior [ RunTime:0.000039s ]
INFO: [ app_init ] --END-- [ RunTime:0.000478s ]
ERR: 无法加载模块:App

[ 2016-08-29T14:21:08+08:00 ] 127.0.0.1 /App/Brandstore/View/Public/carThreeOption.js
INFO: [ app_init ] --START--
INFO: Run Behavior\BuildLiteBehavior [ RunTime:0.000061s ]
INFO: [ app_init ] --END-- [ RunTime:0.000843s ]
ERR: 无法加载模块:App

[ 2016-08-29T14:29:38+08:00 ] 127.0.0.1 /App/Brandstore/View/Public/laypage/laypage.js
INFO: [ app_init ] --START--
INFO: Run Behavior\BuildLiteBehavior [ RunTime:0.000038s ]
INFO: [ app_init ] --END-- [ RunTime:0.000448s ]
ERR: 无法加载模块:App

[ 2016-08-29T14:29:38+08:00 ] 127.0.0.1 /App/Brandstore/View/Public/carThreeOption.js
INFO: [ app_init ] --START--
INFO: Run Behavior\BuildLiteBehavior [ RunTime:0.000061s ]
INFO: [ app_init ] --END-- [ RunTime:0.000652s ]
ERR: 无法加载模块:App

[ 2016-08-29T14:29:38+08:00 ] 127.0.0.1 /App/Brandstore/View/Public/carThreeOption.js
INFO: [ app_init ] --START--
INFO: Run Behavior\BuildLiteBehavior [ RunTime:0.000044s ]
INFO: [ app_init ] --END-- [ RunTime:0.000462s ]
ERR: 无法加载模块:App

[ 2016-08-29T14:29:47+08:00 ] 127.0.0.1 /brandstore/paint/appointment?status=&startDate1=2016-08-01&startDate2=2016-08-30&lineName=&trueName=&visitorType=0&lineType=0&op=0
INFO: [ app_init ] --START--
INFO: Run Behavior\BuildLiteBehavior [ RunTime:0.000036s ]
INFO: [ app_init ] --END-- [ RunTime:0.000446s ]
ERR: 无法加载模块:Brandstore

[ 2016-08-29T14:30:37+08:00 ] 127.0.0.1 /App/Brandstore/View/Public/laypage/laypage.js
INFO: [ app_init ] --START--
INFO: Run Behavior\BuildLiteBehavior [ RunTime:0.000040s ]
INFO: [ app_init ] --END-- [ RunTime:0.000509s ]
ERR: 无法加载模块:App

[ 2016-08-29T14:30:37+08:00 ] 127.0.0.1 /App/Brandstore/View/Public/carThreeOption.js
INFO: [ app_init ] --START--
INFO: Run Behavior\BuildLiteBehavior [ RunTime:0.000057s ]
INFO: [ app_init ] --END-- [ RunTime:0.000665s ]
ERR: 无法加载模块:App

[ 2016-08-29T14:30:37+08:00 ] 127.0.0.1 /App/Brandstore/View/Public/carThreeOption.js
INFO: [ app_init ] --START--
INFO: Run Behavior\BuildLiteBehavior [ RunTime:0.000037s ]
INFO: [ app_init ] --END-- [ RunTime:0.000484s ]
ERR: 无法加载模块:App

[ 2016-08-29T14:31:24+08:00 ] 127.0.0.1 /App/Brandstore/View/Public/laypage/laypage.js
INFO: [ app_init ] --START--
INFO: Run Behavior\BuildLiteBehavior [ RunTime:0.000041s ]
INFO: [ app_init ] --END-- [ RunTime:0.000575s ]
ERR: 无法加载模块:App

[ 2016-08-29T14:31:24+08:00 ] 127.0.0.1 /App/Brandstore/View/Public/carThreeOption.js
INFO: [ app_init ] --START--
INFO: Run Behavior\BuildLiteBehavior [ RunTime:0.000056s ]
INFO: [ app_init ] --END-- [ RunTime:0.000717s ]
ERR: 无法加载模块:App

[ 2016-08-29T14:31:28+08:00 ] 127.0.0.1 /App/Brandstore/View/Public/laypage/laypage.js
INFO: [ app_init ] --START--
INFO: Run Behavior\BuildLiteBehavior [ RunTime:0.000047s ]
INFO: [ app_init ] --END-- [ RunTime:0.000646s ]
ERR: 无法加载模块:App

[ 2016-08-29T14:31:28+08:00 ] 127.0.0.1 /App/Brandstore/View/Public/carThreeOption.js
INFO: [ app_init ] --START--
INFO: Run Behavior\BuildLiteBehavior [ RunTime:0.000038s ]
INFO: [ app_init ] --END-- [ RunTime:0.000555s ]
ERR: 无法加载模块:App

[ 2016-08-29T14:31:29+08:00 ] 127.0.0.1 /App/Brandstore/View/Public/carThreeOption.js
INFO: [ app_init ] --START--
INFO: Run Behavior\BuildLiteBehavior [ RunTime:0.000037s ]
INFO: [ app_init ] --END-- [ RunTime:0.000437s ]
ERR: 无法加载模块:App

[ 2016-08-29T14:31:52+08:00 ] 127.0.0.1 /App/Brandstore/View/Public/laypage/laypage.js
INFO: [ app_init ] --START--
INFO: Run Behavior\BuildLiteBehavior [ RunTime:0.000051s ]
INFO: [ app_init ] --END-- [ RunTime:0.000625s ]
ERR: 无法加载模块:App

[ 2016-08-29T14:31:52+08:00 ] 127.0.0.1 /App/Brandstore/View/Public/carThreeOption.js
INFO: [ app_init ] --START--
INFO: Run Behavior\BuildLiteBehavior [ RunTime:0.000046s ]
INFO: [ app_init ] --END-- [ RunTime:0.000647s ]
ERR: 无法加载模块:App

[ 2016-08-29T14:31:52+08:00 ] 127.0.0.1 /App/Brandstore/View/Public/carThreeOption.js
INFO: [ app_init ] --START--
INFO: Run Behavior\BuildLiteBehavior [ RunTime:0.000046s ]
INFO: [ app_init ] --END-- [ RunTime:0.000503s ]
ERR: 无法加载模块:App

[ 2016-08-29T16:26:05+08:00 ] 127.0.0.1 /App/Brandstore/View/Public/laypage/laypage.js
INFO: [ app_init ] --START--
INFO: Run Behavior\BuildLiteBehavior [ RunTime:0.000119s ]
INFO: [ app_init ] --END-- [ RunTime:0.001827s ]
ERR: 无法加载模块:App

[ 2016-08-29T16:26:05+08:00 ] 127.0.0.1 /App/Brandstore/View/Public/carThreeOption.js
INFO: [ app_init ] --START--
INFO: Run Behavior\BuildLiteBehavior [ RunTime:0.000128s ]
INFO: [ app_init ] --END-- [ RunTime:0.001538s ]
ERR: 无法加载模块:App

[ 2016-08-29T16:26:06+08:00 ] 127.0.0.1 /App/Brandstore/View/Public/carThreeOption.js
INFO: [ app_init ] --START--
INFO: Run Behavior\BuildLiteBehavior [ RunTime:0.000054s ]
INFO: [ app_init ] --END-- [ RunTime:0.000653s ]
ERR: 无法加载模块:App

[ 2016-08-29T16:26:10+08:00 ] 127.0.0.1 /App/Brandstore/View/Public/carThreeOption.js
INFO: [ app_init ] --START--
INFO: Run Behavior\BuildLiteBehavior [ RunTime:0.000040s ]
INFO: [ app_init ] --END-- [ RunTime:0.000528s ]
ERR: 无法加载模块:App

[ 2016-08-29T16:26:10+08:00 ] 127.0.0.1 /App/Brandstore/View/Public/laypage/laypage.js
INFO: [ app_init ] --START--
INFO: Run Behavior\BuildLiteBehavior [ RunTime:0.000047s ]
INFO: [ app_init ] --END-- [ RunTime:0.000590s ]
ERR: 无法加载模块:App

[ 2016-08-29T16:26:10+08:00 ] 127.0.0.1 /App/Brandstore/View/Public/carThreeOption.js
INFO: [ app_init ] --START--
INFO: Run Behavior\BuildLiteBehavior [ RunTime:0.000049s ]
INFO: [ app_init ] --END-- [ RunTime:0.000610s ]
ERR: 无法加载模块:App

[ 2016-08-29T16:33:08+08:00 ] 127.0.0.1 /App/Brandstore/View/Public/laypage/laypage.js
INFO: [ app_init ] --START--
INFO: Run Behavior\BuildLiteBehavior [ RunTime:0.000048s ]
INFO: [ app_init ] --END-- [ RunTime:0.000624s ]
ERR: 无法加载模块:App

[ 2016-08-29T16:33:08+08:00 ] 127.0.0.1 /App/Brandstore/View/Public/carThreeOption.js
INFO: [ app_init ] --START--
INFO: Run Behavior\BuildLiteBehavior [ RunTime:0.000035s ]
INFO: [ app_init ] --END-- [ RunTime:0.000436s ]
ERR: 无法加载模块:App

[ 2016-08-29T16:33:22+08:00 ] 127.0.0.1 /App/Brandstore/View/Public/laypage/laypage.js
INFO: [ app_init ] --START--
INFO: Run Behavior\BuildLiteBehavior [ RunTime:0.000058s ]
INFO: [ app_init ] --END-- [ RunTime:0.000853s ]
ERR: 无法加载模块:App

[ 2016-08-29T16:33:22+08:00 ] 127.0.0.1 /App/Brandstore/View/Public/carThreeOption.js
INFO: [ app_init ] --START--
INFO: Run Behavior\BuildLiteBehavior [ RunTime:0.000049s ]
INFO: [ app_init ] --END-- [ RunTime:0.000660s ]
ERR: 无法加载模块:App

[ 2016-08-29T16:33:22+08:00 ] 127.0.0.1 /App/Brandstore/View/Public/carThreeOption.js
INFO: [ app_init ] --START--
INFO: Run Behavior\BuildLiteBehavior [ RunTime:0.000037s ]
INFO: [ app_init ] --END-- [ RunTime:0.000492s ]
ERR: 无法加载模块:App

[ 2016-08-29T16:34:13+08:00 ] 127.0.0.1 /App/Brandstore/View/Public/laypage/laypage.js
INFO: [ app_init ] --START--
INFO: Run Behavior\BuildLiteBehavior [ RunTime:0.000051s ]
INFO: [ app_init ] --END-- [ RunTime:0.000855s ]
ERR: 无法加载模块:App

[ 2016-08-29T16:34:13+08:00 ] 127.0.0.1 /App/Brandstore/View/Public/carThreeOption.js
INFO: [ app_init ] --START--
INFO: Run Behavior\BuildLiteBehavior [ RunTime:0.000037s ]
INFO: [ app_init ] --END-- [ RunTime:0.000446s ]
ERR: 无法加载模块:App

[ 2016-08-29T16:34:13+08:00 ] 127.0.0.1 /App/Brandstore/View/Public/carThreeOption.js
INFO: [ app_init ] --START--
INFO: Run Behavior\BuildLiteBehavior [ RunTime:0.000039s ]
INFO: [ app_init ] --END-- [ RunTime:0.000465s ]
ERR: 无法加载模块:App

[ 2016-08-29T16:34:46+08:00 ] 127.0.0.1 /App/Brandstore/View/Public/laypage/laypage.js
INFO: [ app_init ] --START--
INFO: Run Behavior\BuildLiteBehavior [ RunTime:0.000048s ]
INFO: [ app_init ] --END-- [ RunTime:0.000593s ]
ERR: 无法加载模块:App

[ 2016-08-29T16:34:46+08:00 ] 127.0.0.1 /App/Brandstore/View/Public/carThreeOption.js
INFO: [ app_init ] --START--
INFO: Run Behavior\BuildLiteBehavior [ RunTime:0.000038s ]
INFO: [ app_init ] --END-- [ RunTime:0.000484s ]
ERR: 无法加载模块:App

[ 2016-08-29T16:34:46+08:00 ] 127.0.0.1 /App/Brandstore/View/Public/carThreeOption.js
INFO: [ app_init ] --START--
INFO: Run Behavior\BuildLiteBehavior [ RunTime:0.000042s ]
INFO: [ app_init ] --END-- [ RunTime:0.000584s ]
ERR: 无法加载模块:App

[ 2016-08-29T16:35:03+08:00 ] 127.0.0.1 /App/Brandstore/View/Public/laypage/laypage.js
INFO: [ app_init ] --START--
INFO: Run Behavior\BuildLiteBehavior [ RunTime:0.000046s ]
INFO: [ app_init ] --END-- [ RunTime:0.000562s ]
ERR: 无法加载模块:App

[ 2016-08-29T16:35:03+08:00 ] 127.0.0.1 /App/Brandstore/View/Public/carThreeOption.js
INFO: [ app_init ] --START--
INFO: Run Behavior\BuildLiteBehavior [ RunTime:0.000047s ]
INFO: [ app_init ] --END-- [ RunTime:0.000625s ]
ERR: 无法加载模块:App

[ 2016-08-29T16:35:16+08:00 ] 127.0.0.1 /App/Brandstore/View/Public/laypage/laypage.js
INFO: [ app_init ] --START--
INFO: Run Behavior\BuildLiteBehavior [ RunTime:0.000063s ]
INFO: [ app_init ] --END-- [ RunTime:0.000766s ]
ERR: 无法加载模块:App

[ 2016-08-29T16:35:16+08:00 ] 127.0.0.1 /App/Brandstore/View/Public/carThreeOption.js
INFO: [ app_init ] --START--
INFO: Run Behavior\BuildLiteBehavior [ RunTime:0.000053s ]
INFO: [ app_init ] --END-- [ RunTime:0.000669s ]
ERR: 无法加载模块:App

[ 2016-08-29T16:35:16+08:00 ] 127.0.0.1 /App/Brandstore/View/Public/carThreeOption.js
INFO: [ app_init ] --START--
INFO: Run Behavior\BuildLiteBehavior [ RunTime:0.000038s ]
INFO: [ app_init ] --END-- [ RunTime:0.000456s ]
ERR: 无法加载模块:App

[ 2016-08-29T16:35:24+08:00 ] 127.0.0.1 /App/Brandstore/View/Public/laypage/laypage.js
INFO: [ app_init ] --START--
INFO: Run Behavior\BuildLiteBehavior [ RunTime:0.000047s ]
INFO: [ app_init ] --END-- [ RunTime:0.000502s ]
ERR: 无法加载模块:App

[ 2016-08-29T16:35:24+08:00 ] 127.0.0.1 /App/Brandstore/View/Public/carThreeOption.js
INFO: [ app_init ] --START--
INFO: Run Behavior\BuildLiteBehavior [ RunTime:0.000083s ]
INFO: [ app_init ] --END-- [ RunTime:0.000858s ]
ERR: 无法加载模块:App

[ 2016-08-29T16:35:50+08:00 ] 127.0.0.1 /App/Brandstore/View/Public/laypage/laypage.js
INFO: [ app_init ] --START--
INFO: Run Behavior\BuildLiteBehavior [ RunTime:0.000039s ]
INFO: [ app_init ] --END-- [ RunTime:0.000473s ]
ERR: 无法加载模块:App

[ 2016-08-29T16:35:50+08:00 ] 127.0.0.1 /App/Brandstore/View/Public/carThreeOption.js
INFO: [ app_init ] --START--
INFO: Run Behavior\BuildLiteBehavior [ RunTime:0.000037s ]
INFO: [ app_init ] --END-- [ RunTime:0.000488s ]
ERR: 无法加载模块:App

[ 2016-08-29T16:43:35+08:00 ] 127.0.0.1 /App/Brandstore/View/Public/laypage/laypage.js
INFO: [ app_init ] --START--
INFO: Run Behavior\BuildLiteBehavior [ RunTime:0.000065s ]
INFO: [ app_init ] --END-- [ RunTime:0.000762s ]
ERR: 无法加载模块:App

[ 2016-08-29T16:43:35+08:00 ] 127.0.0.1 /App/Brandstore/View/Public/carThreeOption.js
INFO: [ app_init ] --START--
INFO: Run Behavior\BuildLiteBehavior [ RunTime:0.000066s ]
INFO: [ app_init ] --END-- [ RunTime:0.000674s ]
ERR: 无法加载模块:App

[ 2016-08-29T16:46:05+08:00 ] 127.0.0.1 /App/Brandstore/View/Public/laypage/laypage.js
INFO: [ app_init ] --START--
INFO: Run Behavior\BuildLiteBehavior [ RunTime:0.000044s ]
INFO: [ app_init ] --END-- [ RunTime:0.000513s ]
ERR: 无法加载模块:App

[ 2016-08-29T16:46:05+08:00 ] 127.0.0.1 /App/Brandstore/View/Public/carThreeOption.js
INFO: [ app_init ] --START--
INFO: Run Behavior\BuildLiteBehavior [ RunTime:0.000060s ]
INFO: [ app_init ] --END-- [ RunTime:0.000742s ]
ERR: 无法加载模块:App

[ 2016-08-29T16:47:44+08:00 ] 127.0.0.1 /App/Brandstore/View/Public/laypage/laypage.js
INFO: [ app_init ] --START--
INFO: Run Behavior\BuildLiteBehavior [ RunTime:0.000052s ]
INFO: [ app_init ] --END-- [ RunTime:0.000671s ]
ERR: 无法加载模块:App

[ 2016-08-29T16:47:44+08:00 ] 127.0.0.1 /App/Brandstore/View/Public/carThreeOption.js
INFO: [ app_init ] --START--
INFO: Run Behavior\BuildLiteBehavior [ RunTime:0.000057s ]
INFO: [ app_init ] --END-- [ RunTime:0.000718s ]
ERR: 无法加载模块:App

[ 2016-08-29T16:50:04+08:00 ] 127.0.0.1 /App/Brandstore/View/Public/laypage/laypage.js
INFO: [ app_init ] --START--
INFO: Run Behavior\BuildLiteBehavior [ RunTime:0.000038s ]
INFO: [ app_init ] --END-- [ RunTime:0.000478s ]
ERR: 无法加载模块:App

[ 2016-08-29T16:50:04+08:00 ] 127.0.0.1 /App/Brandstore/View/Public/carThreeOption.js
INFO: [ app_init ] --START--
INFO: Run Behavior\BuildLiteBehavior [ RunTime:0.000037s ]
INFO: [ app_init ] --END-- [ RunTime:0.000497s ]
ERR: 无法加载模块:App

[ 2016-08-29T16:51:36+08:00 ] 127.0.0.1 /App/Brandstore/View/Public/carThreeOption.js
INFO: [ app_init ] --START--
INFO: Run Behavior\BuildLiteBehavior [ RunTime:0.000059s ]
INFO: [ app_init ] --END-- [ RunTime:0.000537s ]
ERR: 无法加载模块:App

[ 2016-08-29T16:51:36+08:00 ] 127.0.0.1 /App/Brandstore/View/Public/laypage/laypage.js
INFO: [ app_init ] --START--
INFO: Run Behavior\BuildLiteBehavior [ RunTime:0.000052s ]
INFO: [ app_init ] --END-- [ RunTime:0.000684s ]
ERR: 无法加载模块:App

[ 2016-08-29T16:51:37+08:00 ] 127.0.0.1 /App/Brandstore/View/Public/carThreeOption.js
INFO: [ app_init ] --START--
INFO: Run Behavior\BuildLiteBehavior [ RunTime:0.000056s ]
INFO: [ app_init ] --END-- [ RunTime:0.000627s ]
ERR: 无法加载模块:App

[ 2016-08-29T16:55:46+08:00 ] 127.0.0.1 /App/Brandstore/View/Public/laypage/laypage.js
INFO: [ app_init ] --START--
INFO: Run Behavior\BuildLiteBehavior [ RunTime:0.000046s ]
INFO: [ app_init ] --END-- [ RunTime:0.000478s ]
ERR: 无法加载模块:App

[ 2016-08-29T16:55:46+08:00 ] 127.0.0.1 /App/Brandstore/View/Public/carThreeOption.js
INFO: [ app_init ] --START--
INFO: Run Behavior\BuildLiteBehavior [ RunTime:0.000036s ]
INFO: [ app_init ] --END-- [ RunTime:0.000443s ]
ERR: 无法加载模块:App

[ 2016-08-29T16:55:46+08:00 ] 127.0.0.1 /App/Brandstore/View/Public/carThreeOption.js
INFO: [ app_init ] --START--
INFO: Run Behavior\BuildLiteBehavior [ RunTime:0.000041s ]
INFO: [ app_init ] --END-- [ RunTime:0.000520s ]
ERR: 无法加载模块:App

[ 2016-08-29T16:57:43+08:00 ] 127.0.0.1 /App/Brandstore/View/Public/laypage/laypage.js
INFO: [ app_init ] --START--
INFO: Run Behavior\BuildLiteBehavior [ RunTime:0.000041s ]
INFO: [ app_init ] --END-- [ RunTime:0.000581s ]
ERR: 无法加载模块:App

[ 2016-08-29T16:57:43+08:00 ] 127.0.0.1 /App/Brandstore/View/Public/carThreeOption.js
INFO: [ app_init ] --START--
INFO: Run Behavior\BuildLiteBehavior [ RunTime:0.000040s ]
INFO: [ app_init ] --END-- [ RunTime:0.000515s ]
ERR: 无法加载模块:App

[ 2016-08-29T16:57:43+08:00 ] 127.0.0.1 /App/Brandstore/View/Public/carThreeOption.js
INFO: [ app_init ] --START--
INFO: Run Behavior\BuildLiteBehavior [ RunTime:0.000044s ]
INFO: [ app_init ] --END-- [ RunTime:0.000607s ]
ERR: 无法加载模块:App

[ 2016-08-29T17:00:45+08:00 ] 127.0.0.1 /App/Brandstore/View/Public/laypage/laypage.js
INFO: [ app_init ] --START--
INFO: Run Behavior\BuildLiteBehavior [ RunTime:0.000064s ]
INFO: [ app_init ] --END-- [ RunTime:0.001149s ]
ERR: 无法加载模块:App

[ 2016-08-29T17:00:45+08:00 ] 127.0.0.1 /App/Brandstore/View/Public/carThreeOption.js
INFO: [ app_init ] --START--
INFO: Run Behavior\BuildLiteBehavior [ RunTime:0.000040s ]
INFO: [ app_init ] --END-- [ RunTime:0.000528s ]
ERR: 无法加载模块:App

[ 2016-08-29T17:00:45+08:00 ] 127.0.0.1 /App/Brandstore/View/Public/carThreeOption.js
INFO: [ app_init ] --START--
INFO: Run Behavior\BuildLiteBehavior [ RunTime:0.000045s ]
INFO: [ app_init ] --END-- [ RunTime:0.000513s ]
ERR: 无法加载模块:App

[ 2016-08-29T17:07:01+08:00 ] 127.0.0.1 /App/Brandstore/View/Public/laypage/laypage.js
INFO: [ app_init ] --START--
INFO: Run Behavior\BuildLiteBehavior [ RunTime:0.000059s ]
INFO: [ app_init ] --END-- [ RunTime:0.000496s ]
ERR: 无法加载模块:App

[ 2016-08-29T17:07:02+08:00 ] 127.0.0.1 /App/Brandstore/View/Public/carThreeOption.js
INFO: [ app_init ] --START--
INFO: Run Behavior\BuildLiteBehavior [ RunTime:0.000043s ]
INFO: [ app_init ] --END-- [ RunTime:0.000566s ]
ERR: 无法加载模块:App

[ 2016-08-29T17:07:02+08:00 ] 127.0.0.1 /App/Brandstore/View/Public/carThreeOption.js
INFO: [ app_init ] --START--
INFO: Run Behavior\BuildLiteBehavior [ RunTime:0.000038s ]
INFO: [ app_init ] --END-- [ RunTime:0.000508s ]
ERR: 无法加载模块:App

[ 2016-08-29T17:07:24+08:00 ] 127.0.0.1 /App/Brandstore/View/Public/laypage/laypage.js
INFO: [ app_init ] --START--
INFO: Run Behavior\BuildLiteBehavior [ RunTime:0.000056s ]
INFO: [ app_init ] --END-- [ RunTime:0.000761s ]
ERR: 无法加载模块:App

[ 2016-08-29T17:07:24+08:00 ] 127.0.0.1 /App/Brandstore/View/Public/carThreeOption.js
INFO: [ app_init ] --START--
INFO: Run Behavior\BuildLiteBehavior [ RunTime:0.000041s ]
INFO: [ app_init ] --END-- [ RunTime:0.000565s ]
ERR: 无法加载模块:App

[ 2016-08-29T17:12:12+08:00 ] 127.0.0.1 /App/Brandstore/View/Public/laypage/laypage.js
INFO: [ app_init ] --START--
INFO: Run Behavior\BuildLiteBehavior [ RunTime:0.000043s ]
INFO: [ app_init ] --END-- [ RunTime:0.000544s ]
ERR: 无法加载模块:App

[ 2016-08-29T17:12:12+08:00 ] 127.0.0.1 /App/Brandstore/View/Public/carThreeOption.js
INFO: [ app_init ] --START--
INFO: Run Behavior\BuildLiteBehavior [ RunTime:0.000039s ]
INFO: [ app_init ] --END-- [ RunTime:0.000498s ]
ERR: 无法加载模块:App

[ 2016-08-29T17:14:11+08:00 ] 127.0.0.1 /App/Brandstore/View/Public/laypage/laypage.js
INFO: [ app_init ] --START--
INFO: Run Behavior\BuildLiteBehavior [ RunTime:0.000040s ]
INFO: [ app_init ] --END-- [ RunTime:0.000531s ]
ERR: 无法加载模块:App

[ 2016-08-29T17:14:11+08:00 ] 127.0.0.1 /App/Brandstore/View/Public/carThreeOption.js
INFO: [ app_init ] --START--
INFO: Run Behavior\BuildLiteBehavior [ RunTime:0.000036s ]
INFO: [ app_init ] --END-- [ RunTime:0.000477s ]
ERR: 无法加载模块:App

[ 2016-08-29T17:16:25+08:00 ] 127.0.0.1 /App/Brandstore/View/Public/laypage/laypage.js
INFO: [ app_init ] --START--
INFO: Run Behavior\BuildLiteBehavior [ RunTime:0.000051s ]
INFO: [ app_init ] --END-- [ RunTime:0.000679s ]
ERR: 无法加载模块:App

[ 2016-08-29T17:16:25+08:00 ] 127.0.0.1 /App/Brandstore/View/Public/carThreeOption.js
INFO: [ app_init ] --START--
INFO: Run Behavior\BuildLiteBehavior [ RunTime:0.000036s ]
INFO: [ app_init ] --END-- [ RunTime:0.000469s ]
ERR: 无法加载模块:App

[ 2016-08-29T17:17:30+08:00 ] 127.0.0.1 /App/Brandstore/View/Public/laypage/laypage.js
INFO: [ app_init ] --START--
INFO: Run Behavior\BuildLiteBehavior [ RunTime:0.000046s ]
INFO: [ app_init ] --END-- [ RunTime:0.001057s ]
ERR: 无法加载模块:App

[ 2016-08-29T17:17:30+08:00 ] 127.0.0.1 /App/Brandstore/View/Public/carThreeOption.js
INFO: [ app_init ] --START--
INFO: Run Behavior\BuildLiteBehavior [ RunTime:0.000038s ]
INFO: [ app_init ] --END-- [ RunTime:0.000513s ]
ERR: 无法加载模块:App

[ 2016-08-29T17:18:57+08:00 ] 127.0.0.1 /App/Brandstore/View/Public/laypage/laypage.js
INFO: [ app_init ] --START--
INFO: Run Behavior\BuildLiteBehavior [ RunTime:0.000057s ]
INFO: [ app_init ] --END-- [ RunTime:0.001013s ]
ERR: 无法加载模块:App

[ 2016-08-29T17:18:57+08:00 ] 127.0.0.1 /App/Brandstore/View/Public/carThreeOption.js
INFO: [ app_init ] --START--
INFO: Run Behavior\BuildLiteBehavior [ RunTime:0.000037s ]
INFO: [ app_init ] --END-- [ RunTime:0.000478s ]
ERR: 无法加载模块:App

[ 2016-08-29T17:19:19+08:00 ] 127.0.0.1 /App/Brandstore/View/Public/laypage/laypage.js
INFO: [ app_init ] --START--
INFO: Run Behavior\BuildLiteBehavior [ RunTime:0.000055s ]
INFO: [ app_init ] --END-- [ RunTime:0.000629s ]
ERR: 无法加载模块:App

[ 2016-08-29T17:19:19+08:00 ] 127.0.0.1 /App/Brandstore/View/Public/carThreeOption.js
INFO: [ app_init ] --START--
INFO: Run Behavior\BuildLiteBehavior [ RunTime:0.000048s ]
INFO: [ app_init ] --END-- [ RunTime:0.000630s ]
ERR: 无法加载模块:App

[ 2016-08-29T17:19:47+08:00 ] 127.0.0.1 /App/Brandstore/View/Public/laypage/laypage.js
INFO: [ app_init ] --START--
INFO: Run Behavior\BuildLiteBehavior [ RunTime:0.000055s ]
INFO: [ app_init ] --END-- [ RunTime:0.000558s ]
ERR: 无法加载模块:App

[ 2016-08-29T17:19:47+08:00 ] 127.0.0.1 /App/Brandstore/View/Public/carThreeOption.js
INFO: [ app_init ] --START--
INFO: Run Behavior\BuildLiteBehavior [ RunTime:0.000039s ]
INFO: [ app_init ] --END-- [ RunTime:0.000534s ]
ERR: 无法加载模块:App

[ 2016-08-29T17:19:55+08:00 ] 127.0.0.1 /App/Brandstore/View/Public/laypage/laypage.js
INFO: [ app_init ] --START--
INFO: Run Behavior\BuildLiteBehavior [ RunTime:0.000036s ]
INFO: [ app_init ] --END-- [ RunTime:0.000491s ]
ERR: 无法加载模块:App

[ 2016-08-29T17:19:55+08:00 ] 127.0.0.1 /App/Brandstore/View/Public/carThreeOption.js
INFO: [ app_init ] --START--
INFO: Run Behavior\BuildLiteBehavior [ RunTime:0.000041s ]
INFO: [ app_init ] --END-- [ RunTime:0.000577s ]
ERR: 无法加载模块:App

[ 2016-08-29T17:20:36+08:00 ] 127.0.0.1 /App/Brandstore/View/Public/laypage/laypage.js
INFO: [ app_init ] --START--
INFO: Run Behavior\BuildLiteBehavior [ RunTime:0.000042s ]
INFO: [ app_init ] --END-- [ RunTime:0.000530s ]
ERR: 无法加载模块:App

[ 2016-08-29T17:20:36+08:00 ] 127.0.0.1 /App/Brandstore/View/Public/carThreeOption.js
INFO: [ app_init ] --START--
INFO: Run Behavior\BuildLiteBehavior [ RunTime:0.000039s ]
INFO: [ app_init ] --END-- [ RunTime:0.000522s ]
ERR: 无法加载模块:App

[ 2016-08-29T17:21:07+08:00 ] 127.0.0.1 /App/Brandstore/View/Public/laypage/laypage.js
INFO: [ app_init ] --START--
INFO: Run Behavior\BuildLiteBehavior [ RunTime:0.000039s ]
INFO: [ app_init ] --END-- [ RunTime:0.000495s ]
ERR: 无法加载模块:App

[ 2016-08-29T17:21:07+08:00 ] 127.0.0.1 /App/Brandstore/View/Public/carThreeOption.js
INFO: [ app_init ] --START--
INFO: Run Behavior\BuildLiteBehavior [ RunTime:0.000039s ]
INFO: [ app_init ] --END-- [ RunTime:0.000493s ]
ERR: 无法加载模块:App

[ 2016-08-29T17:21:07+08:00 ] 127.0.0.1 /App/Brandstore/View/Public/carThreeOption.js
INFO: [ app_init ] --START--
INFO: Run Behavior\BuildLiteBehavior [ RunTime:0.000042s ]
INFO: [ app_init ] --END-- [ RunTime:0.000487s ]
ERR: 无法加载模块:App

[ 2016-08-29T17:31:32+08:00 ] 127.0.0.1 /App/Brandstore/View/Public/laypage/laypage.js
INFO: [ app_init ] --START--
INFO: Run Behavior\BuildLiteBehavior [ RunTime:0.000058s ]
INFO: [ app_init ] --END-- [ RunTime:0.000547s ]
ERR: 无法加载模块:App

[ 2016-08-29T17:31:32+08:00 ] 127.0.0.1 /App/Brandstore/View/Public/carThreeOption.js
INFO: [ app_init ] --START--
INFO: Run Behavior\BuildLiteBehavior [ RunTime:0.000076s ]
INFO: [ app_init ] --END-- [ RunTime:0.001159s ]
ERR: 无法加载模块:App

[ 2016-08-29T17:31:37+08:00 ] 127.0.0.1 /App/Brandstore/View/Public/laypage/laypage.js
INFO: [ app_init ] --START--
INFO: Run Behavior\BuildLiteBehavior [ RunTime:0.000044s ]
INFO: [ app_init ] --END-- [ RunTime:0.000603s ]
ERR: 无法加载模块:App

[ 2016-08-29T17:31:37+08:00 ] 127.0.0.1 /App/Brandstore/View/Public/carThreeOption.js
INFO: [ app_init ] --START--
INFO: Run Behavior\BuildLiteBehavior [ RunTime:0.000051s ]
INFO: [ app_init ] --END-- [ RunTime:0.000590s ]
ERR: 无法加载模块:App

[ 2016-08-29T17:31:56+08:00 ] 127.0.0.1 /App/Brandstore/View/Public/laypage/laypage.js
INFO: [ app_init ] --START--
INFO: Run Behavior\BuildLiteBehavior [ RunTime:0.000055s ]
INFO: [ app_init ] --END-- [ RunTime:0.000683s ]
ERR: 无法加载模块:App

[ 2016-08-29T17:31:56+08:00 ] 127.0.0.1 /App/Brandstore/View/Public/carThreeOption.js
INFO: [ app_init ] --START--
INFO: Run Behavior\BuildLiteBehavior [ RunTime:0.000062s ]
INFO: [ app_init ] --END-- [ RunTime:0.000663s ]
ERR: 无法加载模块:App

[ 2016-08-29T17:32:06+08:00 ] 127.0.0.1 /App/Brandstore/View/Public/laypage/laypage.js
INFO: [ app_init ] --START--
INFO: Run Behavior\BuildLiteBehavior [ RunTime:0.000064s ]
INFO: [ app_init ] --END-- [ RunTime:0.000813s ]
ERR: 无法加载模块:App

[ 2016-08-29T17:32:06+08:00 ] 127.0.0.1 /App/Brandstore/View/Public/carThreeOption.js
INFO: [ app_init ] --START--
INFO: Run Behavior\BuildLiteBehavior [ RunTime:0.000045s ]
INFO: [ app_init ] --END-- [ RunTime:0.000728s ]
ERR: 无法加载模块:App

[ 2016-08-29T17:32:06+08:00 ] 127.0.0.1 /App/Brandstore/View/Public/carThreeOption.js
INFO: [ app_init ] --START--
INFO: Run Behavior\BuildLiteBehavior [ RunTime:0.000047s ]
INFO: [ app_init ] --END-- [ RunTime:0.000537s ]
ERR: 无法加载模块:App

[ 2016-08-29T17:34:00+08:00 ] 127.0.0.1 /App/Brandstore/View/Public/laypage/laypage.js
INFO: [ app_init ] --START--
INFO: Run Behavior\BuildLiteBehavior [ RunTime:0.000041s ]
INFO: [ app_init ] --END-- [ RunTime:0.000504s ]
ERR: 无法加载模块:App

[ 2016-08-29T17:34:00+08:00 ] 127.0.0.1 /App/Brandstore/View/Public/carThreeOption.js
INFO: [ app_init ] --START--
INFO: Run Behavior\BuildLiteBehavior [ RunTime:0.000086s ]
INFO: [ app_init ] --END-- [ RunTime:0.000810s ]
ERR: 无法加载模块:App

[ 2016-08-29T17:34:04+08:00 ] 127.0.0.1 /App/Brandstore/View/Public/laypage/laypage.js
INFO: [ app_init ] --START--
INFO: Run Behavior\BuildLiteBehavior [ RunTime:0.000057s ]
INFO: [ app_init ] --END-- [ RunTime:0.000686s ]
ERR: 无法加载模块:App

[ 2016-08-29T17:34:04+08:00 ] 127.0.0.1 /App/Brandstore/View/Public/carThreeOption.js
INFO: [ app_init ] --START--
INFO: Run Behavior\BuildLiteBehavior [ RunTime:0.000047s ]
INFO: [ app_init ] --END-- [ RunTime:0.000559s ]
ERR: 无法加载模块:App

[ 2016-08-29T17:34:34+08:00 ] 127.0.0.1 /App/Brandstore/View/Public/laypage/laypage.js
INFO: [ app_init ] --START--
INFO: Run Behavior\BuildLiteBehavior [ RunTime:0.000045s ]
INFO: [ app_init ] --END-- [ RunTime:0.000600s ]
ERR: 无法加载模块:App

[ 2016-08-29T17:34:34+08:00 ] 127.0.0.1 /App/Brandstore/View/Public/carThreeOption.js
INFO: [ app_init ] --START--
INFO: Run Behavior\BuildLiteBehavior [ RunTime:0.000060s ]
INFO: [ app_init ] --END-- [ RunTime:0.000837s ]
ERR: 无法加载模块:App

[ 2016-08-29T17:34:44+08:00 ] 127.0.0.1 /App/Brandstore/View/Public/laypage/laypage.js
INFO: [ app_init ] --START--
INFO: Run Behavior\BuildLiteBehavior [ RunTime:0.000042s ]
INFO: [ app_init ] --END-- [ RunTime:0.000577s ]
ERR: 无法加载模块:App

[ 2016-08-29T17:34:44+08:00 ] 127.0.0.1 /App/Brandstore/View/Public/carThreeOption.js
INFO: [ app_init ] --START--
INFO: Run Behavior\BuildLiteBehavior [ RunTime:0.000047s ]
INFO: [ app_init ] --END-- [ RunTime:0.000626s ]
ERR: 无法加载模块:App

[ 2016-08-29T17:39:00+08:00 ] 127.0.0.1 /App/Brandstore/View/Public/laypage/laypage.js
INFO: [ app_init ] --START--
INFO: Run Behavior\BuildLiteBehavior [ RunTime:0.000039s ]
INFO: [ app_init ] --END-- [ RunTime:0.000532s ]
ERR: 无法加载模块:App

[ 2016-08-29T17:39:00+08:00 ] 127.0.0.1 /App/Brandstore/View/Public/carThreeOption.js
INFO: [ app_init ] --START--
INFO: Run Behavior\BuildLiteBehavior [ RunTime:0.000053s ]
INFO: [ app_init ] --END-- [ RunTime:0.000559s ]
ERR: 无法加载模块:App

[ 2016-08-29T17:39:02+08:00 ] 127.0.0.1 /App/Brandstore/View/Public/laypage/laypage.js
INFO: [ app_init ] --START--
INFO: Run Behavior\BuildLiteBehavior [ RunTime:0.000048s ]
INFO: [ app_init ] --END-- [ RunTime:0.000497s ]
ERR: 无法加载模块:App

[ 2016-08-29T17:39:02+08:00 ] 127.0.0.1 /App/Brandstore/View/Public/carThreeOption.js
INFO: [ app_init ] --START--
INFO: Run Behavior\BuildLiteBehavior [ RunTime:0.000036s ]
INFO: [ app_init ] --END-- [ RunTime:0.000469s ]
ERR: 无法加载模块:App

[ 2016-08-29T17:39:31+08:00 ] 127.0.0.1 /App/Brandstore/View/Public/laypage/laypage.js
INFO: [ app_init ] --START--
INFO: Run Behavior\BuildLiteBehavior [ RunTime:0.000058s ]
INFO: [ app_init ] --END-- [ RunTime:0.000672s ]
ERR: 无法加载模块:App

[ 2016-08-29T17:39:31+08:00 ] 127.0.0.1 /App/Brandstore/View/Public/carThreeOption.js
INFO: [ app_init ] --START--
INFO: Run Behavior\BuildLiteBehavior [ RunTime:0.000046s ]
INFO: [ app_init ] --END-- [ RunTime:0.000588s ]
ERR: 无法加载模块:App

[ 2016-08-29T17:42:35+08:00 ] 127.0.0.1 /App/Brandstore/View/Public/laypage/laypage.js
INFO: [ app_init ] --START--
INFO: Run Behavior\BuildLiteBehavior [ RunTime:0.000040s ]
INFO: [ app_init ] --END-- [ RunTime:0.000522s ]
ERR: 无法加载模块:App

[ 2016-08-29T17:42:35+08:00 ] 127.0.0.1 /App/Brandstore/View/Public/carThreeOption.js
INFO: [ app_init ] --START--
INFO: Run Behavior\BuildLiteBehavior [ RunTime:0.000039s ]
INFO: [ app_init ] --END-- [ RunTime:0.000590s ]
ERR: 无法加载模块:App

[ 2016-08-29T17:42:48+08:00 ] 127.0.0.1 /App/Brandstore/View/Public/laypage/laypage.js
INFO: [ app_init ] --START--
INFO: Run Behavior\BuildLiteBehavior [ RunTime:0.000046s ]
INFO: [ app_init ] --END-- [ RunTime:0.000559s ]
ERR: 无法加载模块:App

[ 2016-08-29T17:42:48+08:00 ] 127.0.0.1 /App/Brandstore/View/Public/carThreeOption.js
INFO: [ app_init ] --START--
INFO: Run Behavior\BuildLiteBehavior [ RunTime:0.000101s ]
INFO: [ app_init ] --END-- [ RunTime:0.001845s ]
ERR: 无法加载模块:App

[ 2016-08-29T17:42:48+08:00 ] 127.0.0.1 /App/Brandstore/View/Public/carThreeOption.js
INFO: [ app_init ] --START--
INFO: Run Behavior\BuildLiteBehavior [ RunTime:0.000040s ]
INFO: [ app_init ] --END-- [ RunTime:0.000489s ]
ERR: 无法加载模块:App

[ 2016-08-29T17:45:31+08:00 ] 127.0.0.1 /App/Brandstore/View/Public/laypage/laypage.js
INFO: [ app_init ] --START--
INFO: Run Behavior\BuildLiteBehavior [ RunTime:0.000041s ]
INFO: [ app_init ] --END-- [ RunTime:0.000497s ]
ERR: 无法加载模块:App

[ 2016-08-29T17:45:31+08:00 ] 127.0.0.1 /App/Brandstore/View/Public/carThreeOption.js
INFO: [ app_init ] --START--
INFO: Run Behavior\BuildLiteBehavior [ RunTime:0.000042s ]
INFO: [ app_init ] --END-- [ RunTime:0.000554s ]
ERR: 无法加载模块:App

[ 2016-08-29T17:45:39+08:00 ] 127.0.0.1 /App/Brandstore/View/Public/laypage/laypage.js
INFO: [ app_init ] --START--
INFO: Run Behavior\BuildLiteBehavior [ RunTime:0.000062s ]
INFO: [ app_init ] --END-- [ RunTime:0.000648s ]
ERR: 无法加载模块:App

[ 2016-08-29T17:45:39+08:00 ] 127.0.0.1 /App/Brandstore/View/Public/carThreeOption.js
INFO: [ app_init ] --START--
INFO: Run Behavior\BuildLiteBehavior [ RunTime:0.000053s ]
INFO: [ app_init ] --END-- [ RunTime:0.000779s ]
ERR: 无法加载模块:App

[ 2016-08-29T17:45:39+08:00 ] 127.0.0.1 /App/Brandstore/View/Public/carThreeOption.js
INFO: [ app_init ] --START--
INFO: Run Behavior\BuildLiteBehavior [ RunTime:0.000040s ]
INFO: [ app_init ] --END-- [ RunTime:0.000498s ]
ERR: 无法加载模块:App

[ 2016-08-29T17:45:56+08:00 ] 127.0.0.1 /App/Brandstore/View/Public/laypage/laypage.js
INFO: [ app_init ] --START--
INFO: Run Behavior\BuildLiteBehavior [ RunTime:0.000039s ]
INFO: [ app_init ] --END-- [ RunTime:0.000549s ]
ERR: 无法加载模块:App

[ 2016-08-29T17:45:56+08:00 ] 127.0.0.1 /App/Brandstore/View/Public/carThreeOption.js
INFO: [ app_init ] --START--
INFO: Run Behavior\BuildLiteBehavior [ RunTime:0.000061s ]
INFO: [ app_init ] --END-- [ RunTime:0.000683s ]
ERR: 无法加载模块:App

[ 2016-08-29T17:46:03+08:00 ] 127.0.0.1 /App/Brandstore/View/Public/laypage/laypage.js
INFO: [ app_init ] --START--
INFO: Run Behavior\BuildLiteBehavior [ RunTime:0.000054s ]
INFO: [ app_init ] --END-- [ RunTime:0.000709s ]
ERR: 无法加载模块:App

[ 2016-08-29T17:46:03+08:00 ] 127.0.0.1 /App/Brandstore/View/Public/carThreeOption.js
INFO: [ app_init ] --START--
INFO: Run Behavior\BuildLiteBehavior [ RunTime:0.000063s ]
INFO: [ app_init ] --END-- [ RunTime:0.000734s ]
ERR: 无法加载模块:App

[ 2016-08-29T17:47:04+08:00 ] 127.0.0.1 /App/Brandstore/View/Public/laypage/laypage.js
INFO: [ app_init ] --START--
INFO: Run Behavior\BuildLiteBehavior [ RunTime:0.000056s ]
INFO: [ app_init ] --END-- [ RunTime:0.000694s ]
ERR: 无法加载模块:App

[ 2016-08-29T17:47:04+08:00 ] 127.0.0.1 /App/Brandstore/View/Public/carThreeOption.js
INFO: [ app_init ] --START--
INFO: Run Behavior\BuildLiteBehavior [ RunTime:0.000037s ]
INFO: [ app_init ] --END-- [ RunTime:0.000467s ]
ERR: 无法加载模块:App

[ 2016-08-29T17:47:04+08:00 ] 127.0.0.1 /App/Brandstore/View/Public/carThreeOption.js
INFO: [ app_init ] --START--
INFO: Run Behavior\BuildLiteBehavior [ RunTime:0.000037s ]
INFO: [ app_init ] --END-- [ RunTime:0.000475s ]
ERR: 无法加载模块:App

[ 2016-08-29T17:47:15+08:00 ] 127.0.0.1 /App/Brandstore/View/Public/laypage/laypage.js
INFO: [ app_init ] --START--
INFO: Run Behavior\BuildLiteBehavior [ RunTime:0.000053s ]
INFO: [ app_init ] --END-- [ RunTime:0.000507s ]
ERR: 无法加载模块:App

[ 2016-08-29T17:47:15+08:00 ] 127.0.0.1 /App/Brandstore/View/Public/carThreeOption.js
INFO: [ app_init ] --START--
INFO: Run Behavior\BuildLiteBehavior [ RunTime:0.000038s ]
INFO: [ app_init ] --END-- [ RunTime:0.000455s ]
ERR: 无法加载模块:App

[ 2016-08-29T17:47:28+08:00 ] 127.0.0.1 /App/Brandstore/View/Public/laypage/laypage.js
INFO: [ app_init ] --START--
INFO: Run Behavior\BuildLiteBehavior [ RunTime:0.000042s ]
INFO: [ app_init ] --END-- [ RunTime:0.000574s ]
ERR: 无法加载模块:App

[ 2016-08-29T17:47:28+08:00 ] 127.0.0.1 /App/Brandstore/View/Public/carThreeOption.js
INFO: [ app_init ] --START--
INFO: Run Behavior\BuildLiteBehavior [ RunTime:0.000045s ]
INFO: [ app_init ] --END-- [ RunTime:0.000622s ]
ERR: 无法加载模块:App

[ 2016-08-29T17:47:45+08:00 ] 127.0.0.1 /App/Brandstore/View/Public/laypage/laypage.js
INFO: [ app_init ] --START--
INFO: Run Behavior\BuildLiteBehavior [ RunTime:0.000043s ]
INFO: [ app_init ] --END-- [ RunTime:0.000503s ]
ERR: 无法加载模块:App

[ 2016-08-29T17:47:45+08:00 ] 127.0.0.1 /App/Brandstore/View/Public/carThreeOption.js
INFO: [ app_init ] --START--
INFO: Run Behavior\BuildLiteBehavior [ RunTime:0.000040s ]
INFO: [ app_init ] --END-- [ RunTime:0.000477s ]
ERR: 无法加载模块:App

[ 2016-08-29T17:48:58+08:00 ] 127.0.0.1 /App/Brandstore/View/Public/laypage/laypage.js
INFO: [ app_init ] --START--
INFO: Run Behavior\BuildLiteBehavior [ RunTime:0.000053s ]
INFO: [ app_init ] --END-- [ RunTime:0.000583s ]
ERR: 无法加载模块:App

[ 2016-08-29T17:48:58+08:00 ] 127.0.0.1 /App/Brandstore/View/Public/carThreeOption.js
INFO: [ app_init ] --START--
INFO: Run Behavior\BuildLiteBehavior [ RunTime:0.000040s ]
INFO: [ app_init ] --END-- [ RunTime:0.000526s ]
ERR: 无法加载模块:App

[ 2016-08-29T17:48:58+08:00 ] 127.0.0.1 /App/Brandstore/View/Public/carThreeOption.js
INFO: [ app_init ] --START--
INFO: Run Behavior\BuildLiteBehavior [ RunTime:0.000046s ]
INFO: [ app_init ] --END-- [ RunTime:0.000572s ]
ERR: 无法加载模块:App

[ 2016-08-29T17:49:24+08:00 ] 127.0.0.1 /App/Brandstore/View/Public/laypage/laypage.js
INFO: [ app_init ] --START--
INFO: Run Behavior\BuildLiteBehavior [ RunTime:0.000044s ]
INFO: [ app_init ] --END-- [ RunTime:0.000526s ]
ERR: 无法加载模块:App

[ 2016-08-29T17:49:24+08:00 ] 127.0.0.1 /App/Brandstore/View/Public/carThreeOption.js
INFO: [ app_init ] --START--
INFO: Run Behavior\BuildLiteBehavior [ RunTime:0.000037s ]
INFO: [ app_init ] --END-- [ RunTime:0.000473s ]
ERR: 无法加载模块:App

[ 2016-08-29T17:49:30+08:00 ] 127.0.0.1 /App/Brandstore/View/Public/carThreeOption.js
INFO: [ app_init ] --START--
INFO: Run Behavior\BuildLiteBehavior [ RunTime:0.000049s ]
INFO: [ app_init ] --END-- [ RunTime:0.000577s ]
ERR: 无法加载模块:App

[ 2016-08-29T17:49:30+08:00 ] 127.0.0.1 /App/Brandstore/View/Public/laypage/laypage.js
INFO: [ app_init ] --START--
INFO: Run Behavior\BuildLiteBehavior [ RunTime:0.000040s ]
INFO: [ app_init ] --END-- [ RunTime:0.000613s ]
ERR: 无法加载模块:App

[ 2016-08-29T17:49:30+08:00 ] 127.0.0.1 /App/Brandstore/View/Public/carThreeOption.js
INFO: [ app_init ] --START--
INFO: Run Behavior\BuildLiteBehavior [ RunTime:0.000036s ]
INFO: [ app_init ] --END-- [ RunTime:0.000476s ]
ERR: 无法加载模块:App

[ 2016-08-29T17:49:37+08:00 ] 127.0.0.1 /App/Brandstore/View/Public/laypage/laypage.js
INFO: [ app_init ] --START--
INFO: Run Behavior\BuildLiteBehavior [ RunTime:0.000036s ]
INFO: [ app_init ] --END-- [ RunTime:0.000526s ]
ERR: 无法加载模块:App

[ 2016-08-29T17:49:37+08:00 ] 127.0.0.1 /App/Brandstore/View/Public/carThreeOption.js
INFO: [ app_init ] --START--
INFO: Run Behavior\BuildLiteBehavior [ RunTime:0.000054s ]
INFO: [ app_init ] --END-- [ RunTime:0.000634s ]
ERR: 无法加载模块:App

[ 2016-08-29T17:50:00+08:00 ] 127.0.0.1 /App/Brandstore/View/Public/laypage/laypage.js
INFO: [ app_init ] --START--
INFO: Run Behavior\BuildLiteBehavior [ RunTime:0.000056s ]
INFO: [ app_init ] --END-- [ RunTime:0.000727s ]
ERR: 无法加载模块:App

[ 2016-08-29T17:50:00+08:00 ] 127.0.0.1 /App/Brandstore/View/Public/carThreeOption.js
INFO: [ app_init ] --START--
INFO: Run Behavior\BuildLiteBehavior [ RunTime:0.000044s ]
INFO: [ app_init ] --END-- [ RunTime:0.000610s ]
ERR: 无法加载模块:App

[ 2016-08-29T17:50:12+08:00 ] 127.0.0.1 /App/Brandstore/View/Public/laypage/laypage.js
INFO: [ app_init ] --START--
INFO: Run Behavior\BuildLiteBehavior [ RunTime:0.000044s ]
INFO: [ app_init ] --END-- [ RunTime:0.000523s ]
ERR: 无法加载模块:App

[ 2016-08-29T17:50:12+08:00 ] 127.0.0.1 /App/Brandstore/View/Public/carThreeOption.js
INFO: [ app_init ] --START--
INFO: Run Behavior\BuildLiteBehavior [ RunTime:0.000059s ]
INFO: [ app_init ] --END-- [ RunTime:0.000839s ]
ERR: 无法加载模块:App

[ 2016-08-29T17:50:29+08:00 ] 127.0.0.1 /App/Brandstore/View/Public/laypage/laypage.js
INFO: [ app_init ] --START--
INFO: Run Behavior\BuildLiteBehavior [ RunTime:0.000036s ]
INFO: [ app_init ] --END-- [ RunTime:0.000511s ]
ERR: 无法加载模块:App

[ 2016-08-29T17:50:29+08:00 ] 127.0.0.1 /App/Brandstore/View/Public/carThreeOption.js
INFO: [ app_init ] --START--
INFO: Run Behavior\BuildLiteBehavior [ RunTime:0.000037s ]
INFO: [ app_init ] --END-- [ RunTime:0.000501s ]
ERR: 无法加载模块:App

[ 2016-08-29T17:50:29+08:00 ] 127.0.0.1 /App/Brandstore/View/Public/carThreeOption.js
INFO: [ app_init ] --START--
INFO: Run Behavior\BuildLiteBehavior [ RunTime:0.000038s ]
INFO: [ app_init ] --END-- [ RunTime:0.000465s ]
ERR: 无法加载模块:App

[ 2016-08-29T18:14:13+08:00 ] 127.0.0.1 /App/Brandstore/View/Public/laypage/laypage.js
INFO: [ app_init ] --START--
INFO: Run Behavior\BuildLiteBehavior [ RunTime:0.000041s ]
INFO: [ app_init ] --END-- [ RunTime:0.000536s ]
ERR: 无法加载模块:App

[ 2016-08-29T18:14:13+08:00 ] 127.0.0.1 /App/Brandstore/View/Public/carThreeOption.js
INFO: [ app_init ] --START--
INFO: Run Behavior\BuildLiteBehavior [ RunTime:0.000055s ]
INFO: [ app_init ] --END-- [ RunTime:0.000665s ]
ERR: 无法加载模块:App

[ 2016-08-29T18:14:42+08:00 ] 127.0.0.1 /App/Brandstore/View/Public/laypage/laypage.js
INFO: [ app_init ] --START--
INFO: Run Behavior\BuildLiteBehavior [ RunTime:0.000041s ]
INFO: [ app_init ] --END-- [ RunTime:0.000468s ]
ERR: 无法加载模块:App

[ 2016-08-29T18:14:42+08:00 ] 127.0.0.1 /App/Brandstore/View/Public/carThreeOption.js
INFO: [ app_init ] --START--
INFO: Run Behavior\BuildLiteBehavior [ RunTime:0.000038s ]
INFO: [ app_init ] --END-- [ RunTime:0.000489s ]
ERR: 无法加载模块:App

[ 2016-08-29T18:17:06+08:00 ] 127.0.0.1 /App/Brandstore/View/Public/laypage/laypage.js
INFO: [ app_init ] --START--
INFO: Run Behavior\BuildLiteBehavior [ RunTime:0.000038s ]
INFO: [ app_init ] --END-- [ RunTime:0.000472s ]
ERR: 无法加载模块:App

[ 2016-08-29T18:17:06+08:00 ] 127.0.0.1 /App/Brandstore/View/Public/carThreeOption.js
INFO: [ app_init ] --START--
INFO: Run Behavior\BuildLiteBehavior [ RunTime:0.000041s ]
INFO: [ app_init ] --END-- [ RunTime:0.000499s ]
ERR: 无法加载模块:App

[ 2016-08-29T18:18:37+08:00 ] 127.0.0.1 /App/Brandstore/View/Public/laypage/laypage.js
INFO: [ app_init ] --START--
INFO: Run Behavior\BuildLiteBehavior [ RunTime:0.000048s ]
INFO: [ app_init ] --END-- [ RunTime:0.000587s ]
ERR: 无法加载模块:App

[ 2016-08-29T18:18:37+08:00 ] 127.0.0.1 /App/Brandstore/View/Public/carThreeOption.js
INFO: [ app_init ] --START--
INFO: Run Behavior\BuildLiteBehavior [ RunTime:0.000037s ]
INFO: [ app_init ] --END-- [ RunTime:0.000471s ]
ERR: 无法加载模块:App

[ 2016-08-29T18:18:37+08:00 ] 127.0.0.1 /App/Brandstore/View/Public/carThreeOption.js
INFO: [ app_init ] --START--
INFO: Run Behavior\BuildLiteBehavior [ RunTime:0.000037s ]
INFO: [ app_init ] --END-- [ RunTime:0.000474s ]
ERR: 无法加载模块:App

