[ 2016-08-31T09:15:42+08:00 ] 127.0.0.1 /favicon.ico
INFO: [ app_init ] --START--
INFO: Run Behavior\BuildLiteBehavior [ RunTime:0.000044s ]
INFO: [ app_init ] --END-- [ RunTime:0.000505s ]
ERR: 无法加载模块:Favicon

[ 2016-08-31T09:18:35+08:00 ] 127.0.0.1 /Public/css/admin/travelInfo.css
INFO: [ app_init ] --START--
INFO: Run Behavior\BuildLiteBehavior [ RunTime:0.000039s ]
INFO: [ app_init ] --END-- [ RunTime:0.000501s ]
ERR: 无法加载模块:Public

[ 2016-08-31T09:21:10+08:00 ] 127.0.0.1 /Public/css/admin/travelInfo.css
INFO: [ app_init ] --START--
INFO: Run Behavior\BuildLiteBehavior [ RunTime:0.000050s ]
INFO: [ app_init ] --END-- [ RunTime:0.000673s ]
ERR: 无法加载模块:Public

[ 2016-08-31T09:21:58+08:00 ] 127.0.0.1 /Public/css/admin/travelInfo.css
INFO: [ app_init ] --START--
INFO: Run Behavior\BuildLiteBehavior [ RunTime:0.000037s ]
INFO: [ app_init ] --END-- [ RunTime:0.000491s ]
ERR: 无法加载模块:Public

[ 2016-08-31T09:23:08+08:00 ] 127.0.0.1 /Public/css/admin/travelInfo.css
INFO: [ app_init ] --START--
INFO: Run Behavior\BuildLiteBehavior [ RunTime:0.000047s ]
INFO: [ app_init ] --END-- [ RunTime:0.000634s ]
ERR: 无法加载模块:Public

[ 2016-08-31T09:23:53+08:00 ] 127.0.0.1 /Public/css/admin/travelInfo.css
INFO: [ app_init ] --START--
INFO: Run Behavior\BuildLiteBehavior [ RunTime:0.000041s ]
INFO: [ app_init ] --END-- [ RunTime:0.000485s ]
ERR: 无法加载模块:Public

[ 2016-08-31T09:25:11+08:00 ] 127.0.0.1 /Public/css/admin/travelInfo.css
INFO: [ app_init ] --START--
INFO: Run Behavior\BuildLiteBehavior [ RunTime:0.000040s ]
INFO: [ app_init ] --END-- [ RunTime:0.000561s ]
ERR: 无法加载模块:Public

[ 2016-08-31T09:26:55+08:00 ] 127.0.0.1 /Public/css/admin/travelInfo.css
INFO: [ app_init ] --START--
INFO: Run Behavior\BuildLiteBehavior [ RunTime:0.000041s ]
INFO: [ app_init ] --END-- [ RunTime:0.000498s ]
ERR: 无法加载模块:Public

[ 2016-08-31T09:27:24+08:00 ] 127.0.0.1 /Public/css/admin/travelInfo.css
INFO: [ app_init ] --START--
INFO: Run Behavior\BuildLiteBehavior [ RunTime:0.000056s ]
INFO: [ app_init ] --END-- [ RunTime:0.000682s ]
ERR: 无法加载模块:Public

[ 2016-08-31T09:28:08+08:00 ] 127.0.0.1 /Public/css/admin/travelInfo.css
INFO: [ app_init ] --START--
INFO: Run Behavior\BuildLiteBehavior [ RunTime:0.000041s ]
INFO: [ app_init ] --END-- [ RunTime:0.000565s ]
ERR: 无法加载模块:Public

[ 2016-08-31T09:29:08+08:00 ] 127.0.0.1 /Public/css/admin/travelInfo.css
INFO: [ app_init ] --START--
INFO: Run Behavior\BuildLiteBehavior [ RunTime:0.000042s ]
INFO: [ app_init ] --END-- [ RunTime:0.000565s ]
ERR: 无法加载模块:Public

[ 2016-08-31T09:29:53+08:00 ] 127.0.0.1 /Public/css/admin/travelInfo.css
INFO: [ app_init ] --START--
INFO: Run Behavior\BuildLiteBehavior [ RunTime:0.000054s ]
INFO: [ app_init ] --END-- [ RunTime:0.000647s ]
ERR: 无法加载模块:Public

[ 2016-08-31T09:31:08+08:00 ] 127.0.0.1 /Public/css/admin/travelInfo.css
INFO: [ app_init ] --START--
INFO: Run Behavior\BuildLiteBehavior [ RunTime:0.000057s ]
INFO: [ app_init ] --END-- [ RunTime:0.000637s ]
ERR: 无法加载模块:Public

[ 2016-08-31T09:32:55+08:00 ] 127.0.0.1 /Public/css/admin/travelInfo.css
INFO: [ app_init ] --START--
INFO: Run Behavior\BuildLiteBehavior [ RunTime:0.000051s ]
INFO: [ app_init ] --END-- [ RunTime:0.000522s ]
ERR: 无法加载模块:Public

[ 2016-08-31T09:34:17+08:00 ] 127.0.0.1 /Public/css/admin/travelInfo.css
INFO: [ app_init ] --START--
INFO: Run Behavior\BuildLiteBehavior [ RunTime:0.000038s ]
INFO: [ app_init ] --END-- [ RunTime:0.000509s ]
ERR: 无法加载模块:Public

[ 2016-08-31T09:35:24+08:00 ] 127.0.0.1 /Public/css/admin/travelInfo.css
INFO: [ app_init ] --START--
INFO: Run Behavior\BuildLiteBehavior [ RunTime:0.000040s ]
INFO: [ app_init ] --END-- [ RunTime:0.000502s ]
ERR: 无法加载模块:Public

[ 2016-08-31T09:35:35+08:00 ] 127.0.0.1 /Public/css/admin/travelInfo.css
INFO: [ app_init ] --START--
INFO: Run Behavior\BuildLiteBehavior [ RunTime:0.000055s ]
INFO: [ app_init ] --END-- [ RunTime:0.000608s ]
ERR: 无法加载模块:Public

[ 2016-08-31T09:36:21+08:00 ] 127.0.0.1 /Public/css/admin/travelInfo.css
INFO: [ app_init ] --START--
INFO: Run Behavior\BuildLiteBehavior [ RunTime:0.000036s ]
INFO: [ app_init ] --END-- [ RunTime:0.000511s ]
ERR: 无法加载模块:Public

[ 2016-08-31T09:36:52+08:00 ] 127.0.0.1 /Public/css/admin/travelInfo.css
INFO: [ app_init ] --START--
INFO: Run Behavior\BuildLiteBehavior [ RunTime:0.000040s ]
INFO: [ app_init ] --END-- [ RunTime:0.000561s ]
ERR: 无法加载模块:Public

[ 2016-08-31T09:38:02+08:00 ] 127.0.0.1 /Public/css/admin/travelInfo.css
INFO: [ app_init ] --START--
INFO: Run Behavior\BuildLiteBehavior [ RunTime:0.000038s ]
INFO: [ app_init ] --END-- [ RunTime:0.000599s ]
ERR: 无法加载模块:Public

[ 2016-08-31T09:38:14+08:00 ] 127.0.0.1 /Public/css/admin/travelInfo.css
INFO: [ app_init ] --START--
INFO: Run Behavior\BuildLiteBehavior [ RunTime:0.000062s ]
INFO: [ app_init ] --END-- [ RunTime:0.000769s ]
ERR: 无法加载模块:Public

[ 2016-08-31T09:38:45+08:00 ] 127.0.0.1 /Public/css/admin/travelInfo.css
INFO: [ app_init ] --START--
INFO: Run Behavior\BuildLiteBehavior [ RunTime:0.000038s ]
INFO: [ app_init ] --END-- [ RunTime:0.000594s ]
ERR: 无法加载模块:Public

[ 2016-08-31T09:39:45+08:00 ] 127.0.0.1 /Public/css/admin/travelInfo.css
INFO: [ app_init ] --START--
INFO: Run Behavior\BuildLiteBehavior [ RunTime:0.000041s ]
INFO: [ app_init ] --END-- [ RunTime:0.000595s ]
ERR: 无法加载模块:Public

[ 2016-08-31T09:40:54+08:00 ] 127.0.0.1 /Public/css/admin/travelInfo.css
INFO: [ app_init ] --START--
INFO: Run Behavior\BuildLiteBehavior [ RunTime:0.000048s ]
INFO: [ app_init ] --END-- [ RunTime:0.000618s ]
ERR: 无法加载模块:Public

[ 2016-08-31T09:42:21+08:00 ] 127.0.0.1 /Public/css/admin/travelInfo.css
INFO: [ app_init ] --START--
INFO: Run Behavior\BuildLiteBehavior [ RunTime:0.000041s ]
INFO: [ app_init ] --END-- [ RunTime:0.000645s ]
ERR: 无法加载模块:Public

[ 2016-08-31T09:42:32+08:00 ] 127.0.0.1 /Public/css/admin/travelInfo.css
INFO: [ app_init ] --START--
INFO: Run Behavior\BuildLiteBehavior [ RunTime:0.000042s ]
INFO: [ app_init ] --END-- [ RunTime:0.000650s ]
ERR: 无法加载模块:Public

[ 2016-08-31T09:42:43+08:00 ] 127.0.0.1 /Public/css/admin/travelInfo.css
INFO: [ app_init ] --START--
INFO: Run Behavior\BuildLiteBehavior [ RunTime:0.000038s ]
INFO: [ app_init ] --END-- [ RunTime:0.000497s ]
ERR: 无法加载模块:Public

[ 2016-08-31T09:45:14+08:00 ] 127.0.0.1 /Public/css/admin/travelInfo.css
INFO: [ app_init ] --START--
INFO: Run Behavior\BuildLiteBehavior [ RunTime:0.000037s ]
INFO: [ app_init ] --END-- [ RunTime:0.000499s ]
ERR: 无法加载模块:Public

[ 2016-08-31T09:51:09+08:00 ] 127.0.0.1 /Public/css/admin/travelInfo.css
INFO: [ app_init ] --START--
INFO: Run Behavior\BuildLiteBehavior [ RunTime:0.000039s ]
INFO: [ app_init ] --END-- [ RunTime:0.000562s ]
ERR: 无法加载模块:Public

[ 2016-08-31T09:52:37+08:00 ] 127.0.0.1 /Public/css/admin/travelInfo.css
INFO: [ app_init ] --START--
INFO: Run Behavior\BuildLiteBehavior [ RunTime:0.000043s ]
INFO: [ app_init ] --END-- [ RunTime:0.000540s ]
ERR: 无法加载模块:Public

[ 2016-08-31T09:53:58+08:00 ] 127.0.0.1 /Public/css/admin/travelInfo.css
INFO: [ app_init ] --START--
INFO: Run Behavior\BuildLiteBehavior [ RunTime:0.000037s ]
INFO: [ app_init ] --END-- [ RunTime:0.000495s ]
ERR: 无法加载模块:Public

[ 2016-08-31T09:54:31+08:00 ] 127.0.0.1 /Public/css/admin/travelInfo.css
INFO: [ app_init ] --START--
INFO: Run Behavior\BuildLiteBehavior [ RunTime:0.000064s ]
INFO: [ app_init ] --END-- [ RunTime:0.000805s ]
ERR: 无法加载模块:Public

[ 2016-08-31T09:54:37+08:00 ] 127.0.0.1 /Public/css/admin/travelInfo.css
INFO: [ app_init ] --START--
INFO: Run Behavior\BuildLiteBehavior [ RunTime:0.000044s ]
INFO: [ app_init ] --END-- [ RunTime:0.000736s ]
ERR: 无法加载模块:Public

[ 2016-08-31T09:54:39+08:00 ] 127.0.0.1 /Public/css/admin/travelInfo.css
INFO: [ app_init ] --START--
INFO: Run Behavior\BuildLiteBehavior [ RunTime:0.000040s ]
INFO: [ app_init ] --END-- [ RunTime:0.000510s ]
ERR: 无法加载模块:Public

[ 2016-08-31T10:11:17+08:00 ] 127.0.0.1 /Public/css/admin/travelInfo.css
INFO: [ app_init ] --START--
INFO: Run Behavior\BuildLiteBehavior [ RunTime:0.000048s ]
INFO: [ app_init ] --END-- [ RunTime:0.000548s ]
ERR: 无法加载模块:Public

[ 2016-08-31T10:11:40+08:00 ] 127.0.0.1 /Public/css/admin/travelInfo.css
INFO: [ app_init ] --START--
INFO: Run Behavior\BuildLiteBehavior [ RunTime:0.000059s ]
INFO: [ app_init ] --END-- [ RunTime:0.000862s ]
ERR: 无法加载模块:Public

[ 2016-08-31T10:11:41+08:00 ] 127.0.0.1 /Public/js/laydate/laydate.js
INFO: [ app_init ] --START--
INFO: Run Behavior\BuildLiteBehavior [ RunTime:0.000036s ]
INFO: [ app_init ] --END-- [ RunTime:0.000480s ]
ERR: 无法加载模块:Public

[ 2016-08-31T10:11:41+08:00 ] 127.0.0.1 /Public/js/jquery-1.8.2.min.js
INFO: [ app_init ] --START--
INFO: Run Behavior\BuildLiteBehavior [ RunTime:0.000037s ]
INFO: [ app_init ] --END-- [ RunTime:0.000479s ]
ERR: 无法加载模块:Public

[ 2016-08-31T10:11:41+08:00 ] 127.0.0.1 /Public/css/admin/travelInfo.css
INFO: [ app_init ] --START--
INFO: Run Behavior\BuildLiteBehavior [ RunTime:0.000040s ]
INFO: [ app_init ] --END-- [ RunTime:0.000937s ]
ERR: 无法加载模块:Public

[ 2016-08-31T10:11:43+08:00 ] 127.0.0.1 /Public/css/admin/travelInfo.css
INFO: [ app_init ] --START--
INFO: Run Behavior\BuildLiteBehavior [ RunTime:0.000042s ]
INFO: [ app_init ] --END-- [ RunTime:0.000574s ]
ERR: 无法加载模块:Public

[ 2016-08-31T10:12:26+08:00 ] 127.0.0.1 /Public/css/admin/travelInfo.css
INFO: [ app_init ] --START--
INFO: Run Behavior\BuildLiteBehavior [ RunTime:0.000046s ]
INFO: [ app_init ] --END-- [ RunTime:0.000622s ]
ERR: 无法加载模块:Public

[ 2016-08-31T10:13:47+08:00 ] 127.0.0.1 /Public/css/admin/travelInfo.css
INFO: [ app_init ] --START--
INFO: Run Behavior\BuildLiteBehavior [ RunTime:0.000040s ]
INFO: [ app_init ] --END-- [ RunTime:0.000506s ]
ERR: 无法加载模块:Public

[ 2016-08-31T10:14:17+08:00 ] 127.0.0.1 /Public/css/admin/travelInfo.css
INFO: [ app_init ] --START--
INFO: Run Behavior\BuildLiteBehavior [ RunTime:0.000037s ]
INFO: [ app_init ] --END-- [ RunTime:0.000525s ]
ERR: 无法加载模块:Public

[ 2016-08-31T10:14:47+08:00 ] 127.0.0.1 /Public/css/admin/travelInfo.css
INFO: [ app_init ] --START--
INFO: Run Behavior\BuildLiteBehavior [ RunTime:0.000038s ]
INFO: [ app_init ] --END-- [ RunTime:0.000602s ]
ERR: 无法加载模块:Public

[ 2016-08-31T10:15:13+08:00 ] 127.0.0.1 /Public/css/admin/travelInfo.css
INFO: [ app_init ] --START--
INFO: Run Behavior\BuildLiteBehavior [ RunTime:0.000053s ]
INFO: [ app_init ] --END-- [ RunTime:0.000760s ]
ERR: 无法加载模块:Public

[ 2016-08-31T10:15:15+08:00 ] 127.0.0.1 /Public/css/admin/travelInfo.css
INFO: [ app_init ] --START--
INFO: Run Behavior\BuildLiteBehavior [ RunTime:0.000043s ]
INFO: [ app_init ] --END-- [ RunTime:0.000608s ]
ERR: 无法加载模块:Public

[ 2016-08-31T10:17:19+08:00 ] 127.0.0.1 /Public/css/admin/travelInfo.css
INFO: [ app_init ] --START--
INFO: Run Behavior\BuildLiteBehavior [ RunTime:0.000049s ]
INFO: [ app_init ] --END-- [ RunTime:0.000569s ]
ERR: 无法加载模块:Public

[ 2016-08-31T10:17:40+08:00 ] 127.0.0.1 /Public/css/admin/travelInfo.css
INFO: [ app_init ] --START--
INFO: Run Behavior\BuildLiteBehavior [ RunTime:0.000078s ]
INFO: [ app_init ] --END-- [ RunTime:0.001197s ]
ERR: 无法加载模块:Public

[ 2016-08-31T10:20:30+08:00 ] 127.0.0.1 /Public/css/admin/travelInfo.css
INFO: [ app_init ] --START--
INFO: Run Behavior\BuildLiteBehavior [ RunTime:0.000040s ]
INFO: [ app_init ] --END-- [ RunTime:0.000560s ]
ERR: 无法加载模块:Public

[ 2016-08-31T10:20:51+08:00 ] 127.0.0.1 /Public/css/admin/travelInfo.css
INFO: [ app_init ] --START--
INFO: Run Behavior\BuildLiteBehavior [ RunTime:0.000059s ]
INFO: [ app_init ] --END-- [ RunTime:0.000757s ]
ERR: 无法加载模块:Public

[ 2016-08-31T10:26:47+08:00 ] 127.0.0.1 /Public/css/admin/travelInfo.css
INFO: [ app_init ] --START--
INFO: Run Behavior\BuildLiteBehavior [ RunTime:0.000039s ]
INFO: [ app_init ] --END-- [ RunTime:0.000549s ]
ERR: 无法加载模块:Public

[ 2016-08-31T10:27:35+08:00 ] 127.0.0.1 /Public/css/admin/travelInfo.css
INFO: [ app_init ] --START--
INFO: Run Behavior\BuildLiteBehavior [ RunTime:0.000055s ]
INFO: [ app_init ] --END-- [ RunTime:0.000720s ]
ERR: 无法加载模块:Public

[ 2016-08-31T10:29:17+08:00 ] 127.0.0.1 /Public/css/admin/travelInfo.css
INFO: [ app_init ] --START--
INFO: Run Behavior\BuildLiteBehavior [ RunTime:0.000051s ]
INFO: [ app_init ] --END-- [ RunTime:0.000661s ]
ERR: 无法加载模块:Public

[ 2016-08-31T10:29:34+08:00 ] 127.0.0.1 /Public/css/admin/travelInfo.css
INFO: [ app_init ] --START--
INFO: Run Behavior\BuildLiteBehavior [ RunTime:0.000036s ]
INFO: [ app_init ] --END-- [ RunTime:0.000478s ]
ERR: 无法加载模块:Public

[ 2016-08-31T10:29:43+08:00 ] 127.0.0.1 /Public/css/admin/travelInfo.css
INFO: [ app_init ] --START--
INFO: Run Behavior\BuildLiteBehavior [ RunTime:0.000041s ]
INFO: [ app_init ] --END-- [ RunTime:0.000508s ]
ERR: 无法加载模块:Public

[ 2016-08-31T10:29:52+08:00 ] 127.0.0.1 /Public/css/admin/travelInfo.css
INFO: [ app_init ] --START--
INFO: Run Behavior\BuildLiteBehavior [ RunTime:0.000053s ]
INFO: [ app_init ] --END-- [ RunTime:0.000701s ]
ERR: 无法加载模块:Public

[ 2016-08-31T10:30:17+08:00 ] 127.0.0.1 /Public/css/admin/travelInfo.css
INFO: [ app_init ] --START--
INFO: Run Behavior\BuildLiteBehavior [ RunTime:0.000051s ]
INFO: [ app_init ] --END-- [ RunTime:0.000580s ]
ERR: 无法加载模块:Public

[ 2016-08-31T10:30:25+08:00 ] 127.0.0.1 /Public/css/admin/travelInfo.css
INFO: [ app_init ] --START--
INFO: Run Behavior\BuildLiteBehavior [ RunTime:0.000040s ]
INFO: [ app_init ] --END-- [ RunTime:0.000541s ]
ERR: 无法加载模块:Public

[ 2016-08-31T10:30:34+08:00 ] 127.0.0.1 /Public/css/admin/travelInfo.css
INFO: [ app_init ] --START--
INFO: Run Behavior\BuildLiteBehavior [ RunTime:0.000038s ]
INFO: [ app_init ] --END-- [ RunTime:0.000582s ]
ERR: 无法加载模块:Public

[ 2016-08-31T10:30:35+08:00 ] 127.0.0.1 /Public/css/admin/travelInfo.css
INFO: [ app_init ] --START--
INFO: Run Behavior\BuildLiteBehavior [ RunTime:0.000041s ]
INFO: [ app_init ] --END-- [ RunTime:0.000557s ]
ERR: 无法加载模块:Public

[ 2016-08-31T10:31:05+08:00 ] 127.0.0.1 /Public/css/admin/travelInfo.css
INFO: [ app_init ] --START--
INFO: Run Behavior\BuildLiteBehavior [ RunTime:0.000046s ]
INFO: [ app_init ] --END-- [ RunTime:0.000531s ]
ERR: 无法加载模块:Public

[ 2016-08-31T10:42:08+08:00 ] 127.0.0.1 /Public/css/admin/travelInfo.css
INFO: [ app_init ] --START--
INFO: Run Behavior\BuildLiteBehavior [ RunTime:0.000044s ]
INFO: [ app_init ] --END-- [ RunTime:0.000654s ]
ERR: 无法加载模块:Public

[ 2016-08-31T10:43:36+08:00 ] 127.0.0.1 /Public/css/admin/travelInfo.css
INFO: [ app_init ] --START--
INFO: Run Behavior\BuildLiteBehavior [ RunTime:0.000038s ]
INFO: [ app_init ] --END-- [ RunTime:0.000505s ]
ERR: 无法加载模块:Public

[ 2016-08-31T10:43:37+08:00 ] 127.0.0.1 /Public/css/admin/travelInfo.css
INFO: [ app_init ] --START--
INFO: Run Behavior\BuildLiteBehavior [ RunTime:0.000040s ]
INFO: [ app_init ] --END-- [ RunTime:0.000516s ]
ERR: 无法加载模块:Public

[ 2016-08-31T10:46:38+08:00 ] 127.0.0.1 /Public/css/admin/travelInfo.css
INFO: [ app_init ] --START--
INFO: Run Behavior\BuildLiteBehavior [ RunTime:0.000037s ]
INFO: [ app_init ] --END-- [ RunTime:0.000533s ]
ERR: 无法加载模块:Public

[ 2016-08-31T10:47:32+08:00 ] 127.0.0.1 /Public/css/admin/travelInfo.css
INFO: [ app_init ] --START--
INFO: Run Behavior\BuildLiteBehavior [ RunTime:0.000042s ]
INFO: [ app_init ] --END-- [ RunTime:0.000566s ]
ERR: 无法加载模块:Public

[ 2016-08-31T10:47:33+08:00 ] 127.0.0.1 /Public/css/admin/travelInfo.css
INFO: [ app_init ] --START--
INFO: Run Behavior\BuildLiteBehavior [ RunTime:0.000040s ]
INFO: [ app_init ] --END-- [ RunTime:0.000540s ]
ERR: 无法加载模块:Public

[ 2016-08-31T10:50:00+08:00 ] 127.0.0.1 /Public/css/admin/travelInfo.css
INFO: [ app_init ] --START--
INFO: Run Behavior\BuildLiteBehavior [ RunTime:0.000037s ]
INFO: [ app_init ] --END-- [ RunTime:0.000529s ]
ERR: 无法加载模块:Public

[ 2016-08-31T10:50:27+08:00 ] 127.0.0.1 /Public/css/admin/travelInfo.css
INFO: [ app_init ] --START--
INFO: Run Behavior\BuildLiteBehavior [ RunTime:0.000042s ]
INFO: [ app_init ] --END-- [ RunTime:0.000653s ]
ERR: 无法加载模块:Public

[ 2016-08-31T10:50:29+08:00 ] 127.0.0.1 /Public/css/admin/travelInfo.css
INFO: [ app_init ] --START--
INFO: Run Behavior\BuildLiteBehavior [ RunTime:0.000039s ]
INFO: [ app_init ] --END-- [ RunTime:0.000547s ]
ERR: 无法加载模块:Public

[ 2016-08-31T10:52:06+08:00 ] 127.0.0.1 /Public/css/admin/travelInfo.css
INFO: [ app_init ] --START--
INFO: Run Behavior\BuildLiteBehavior [ RunTime:0.000043s ]
INFO: [ app_init ] --END-- [ RunTime:0.000530s ]
ERR: 无法加载模块:Public

[ 2016-08-31T10:52:24+08:00 ] 127.0.0.1 /Public/css/admin/travelInfo.css
INFO: [ app_init ] --START--
INFO: Run Behavior\BuildLiteBehavior [ RunTime:0.000042s ]
INFO: [ app_init ] --END-- [ RunTime:0.000632s ]
ERR: 无法加载模块:Public

[ 2016-08-31T10:54:25+08:00 ] 127.0.0.1 /Public/css/admin/travelInfo.css
INFO: [ app_init ] --START--
INFO: Run Behavior\BuildLiteBehavior [ RunTime:0.000041s ]
INFO: [ app_init ] --END-- [ RunTime:0.000529s ]
ERR: 无法加载模块:Public

[ 2016-08-31T10:54:50+08:00 ] 127.0.0.1 /Public/css/admin/travelInfo.css
INFO: [ app_init ] --START--
INFO: Run Behavior\BuildLiteBehavior [ RunTime:0.000041s ]
INFO: [ app_init ] --END-- [ RunTime:0.000583s ]
ERR: 无法加载模块:Public

[ 2016-08-31T10:54:51+08:00 ] 127.0.0.1 /Public/css/admin/travelInfo.css
INFO: [ app_init ] --START--
INFO: Run Behavior\BuildLiteBehavior [ RunTime:0.000044s ]
INFO: [ app_init ] --END-- [ RunTime:0.000570s ]
ERR: 无法加载模块:Public

[ 2016-08-31T10:57:07+08:00 ] 127.0.0.1 /Public/css/admin/travelInfo.css
INFO: [ app_init ] --START--
INFO: Run Behavior\BuildLiteBehavior [ RunTime:0.000042s ]
INFO: [ app_init ] --END-- [ RunTime:0.000550s ]
ERR: 无法加载模块:Public

[ 2016-08-31T10:57:24+08:00 ] 127.0.0.1 /Public/css/admin/travelInfo.css
INFO: [ app_init ] --START--
INFO: Run Behavior\BuildLiteBehavior [ RunTime:0.000037s ]
INFO: [ app_init ] --END-- [ RunTime:0.000498s ]
ERR: 无法加载模块:Public

[ 2016-08-31T10:58:40+08:00 ] 127.0.0.1 /Public/css/admin/travelInfo.css
INFO: [ app_init ] --START--
INFO: Run Behavior\BuildLiteBehavior [ RunTime:0.000052s ]
INFO: [ app_init ] --END-- [ RunTime:0.000674s ]
ERR: 无法加载模块:Public

[ 2016-08-31T10:59:05+08:00 ] 127.0.0.1 /Public/css/admin/travelInfo.css
INFO: [ app_init ] --START--
INFO: Run Behavior\BuildLiteBehavior [ RunTime:0.000060s ]
INFO: [ app_init ] --END-- [ RunTime:0.000866s ]
ERR: 无法加载模块:Public

[ 2016-08-31T10:59:06+08:00 ] 127.0.0.1 /Public/css/admin/travelInfo.css
INFO: [ app_init ] --START--
INFO: Run Behavior\BuildLiteBehavior [ RunTime:0.000040s ]
INFO: [ app_init ] --END-- [ RunTime:0.000525s ]
ERR: 无法加载模块:Public

[ 2016-08-31T11:00:05+08:00 ] 127.0.0.1 /Public/css/admin/travelInfo.css
INFO: [ app_init ] --START--
INFO: Run Behavior\BuildLiteBehavior [ RunTime:0.000037s ]
INFO: [ app_init ] --END-- [ RunTime:0.000497s ]
ERR: 无法加载模块:Public

[ 2016-08-31T11:00:33+08:00 ] 127.0.0.1 /Public/css/admin/travelInfo.css
INFO: [ app_init ] --START--
INFO: Run Behavior\BuildLiteBehavior [ RunTime:0.000041s ]
INFO: [ app_init ] --END-- [ RunTime:0.000578s ]
ERR: 无法加载模块:Public

[ 2016-08-31T11:00:34+08:00 ] 127.0.0.1 /Public/css/admin/travelInfo.css
INFO: [ app_init ] --START--
INFO: Run Behavior\BuildLiteBehavior [ RunTime:0.000037s ]
INFO: [ app_init ] --END-- [ RunTime:0.000584s ]
ERR: 无法加载模块:Public

[ 2016-08-31T11:08:20+08:00 ] 127.0.0.1 /Public/css/admin/travelInfo.css
INFO: [ app_init ] --START--
INFO: Run Behavior\BuildLiteBehavior [ RunTime:0.000045s ]
INFO: [ app_init ] --END-- [ RunTime:0.000606s ]
ERR: 无法加载模块:Public

[ 2016-08-31T11:08:39+08:00 ] 127.0.0.1 /Public/css/admin/travelInfo.css
INFO: [ app_init ] --START--
INFO: Run Behavior\BuildLiteBehavior [ RunTime:0.000064s ]
INFO: [ app_init ] --END-- [ RunTime:0.000920s ]
ERR: 无法加载模块:Public

[ 2016-08-31T11:08:41+08:00 ] 127.0.0.1 /Public/css/admin/travelInfo.css
INFO: [ app_init ] --START--
INFO: Run Behavior\BuildLiteBehavior [ RunTime:0.000037s ]
INFO: [ app_init ] --END-- [ RunTime:0.000507s ]
ERR: 无法加载模块:Public

[ 2016-08-31T11:13:01+08:00 ] 127.0.0.1 /Public/css/admin/travelInfo.css
INFO: [ app_init ] --START--
INFO: Run Behavior\BuildLiteBehavior [ RunTime:0.000038s ]
INFO: [ app_init ] --END-- [ RunTime:0.000532s ]
ERR: 无法加载模块:Public

[ 2016-08-31T11:13:27+08:00 ] 127.0.0.1 /Public/css/admin/travelInfo.css
INFO: [ app_init ] --START--
INFO: Run Behavior\BuildLiteBehavior [ RunTime:0.000049s ]
INFO: [ app_init ] --END-- [ RunTime:0.000614s ]
ERR: 无法加载模块:Public

[ 2016-08-31T11:14:57+08:00 ] 127.0.0.1 /Public/css/admin/travelInfo.css
INFO: [ app_init ] --START--
INFO: Run Behavior\BuildLiteBehavior [ RunTime:0.000042s ]
INFO: [ app_init ] --END-- [ RunTime:0.000593s ]
ERR: 无法加载模块:Public

[ 2016-08-31T11:15:23+08:00 ] 127.0.0.1 /Public/css/admin/travelInfo.css
INFO: [ app_init ] --START--
INFO: Run Behavior\BuildLiteBehavior [ RunTime:0.000062s ]
INFO: [ app_init ] --END-- [ RunTime:0.000999s ]
ERR: 无法加载模块:Public

[ 2016-08-31T11:15:24+08:00 ] 127.0.0.1 /Public/css/admin/travelInfo.css
INFO: [ app_init ] --START--
INFO: Run Behavior\BuildLiteBehavior [ RunTime:0.000039s ]
INFO: [ app_init ] --END-- [ RunTime:0.000554s ]
ERR: 无法加载模块:Public

[ 2016-08-31T11:18:12+08:00 ] 127.0.0.1 /Public/css/admin/travelInfo.css
INFO: [ app_init ] --START--
INFO: Run Behavior\BuildLiteBehavior [ RunTime:0.000037s ]
INFO: [ app_init ] --END-- [ RunTime:0.000511s ]
ERR: 无法加载模块:Public

[ 2016-08-31T11:18:37+08:00 ] 127.0.0.1 /Public/css/admin/travelInfo.css
INFO: [ app_init ] --START--
INFO: Run Behavior\BuildLiteBehavior [ RunTime:0.000038s ]
INFO: [ app_init ] --END-- [ RunTime:0.000490s ]
ERR: 无法加载模块:Public

[ 2016-08-31T11:18:39+08:00 ] 127.0.0.1 /Public/css/admin/travelInfo.css
INFO: [ app_init ] --START--
INFO: Run Behavior\BuildLiteBehavior [ RunTime:0.000060s ]
INFO: [ app_init ] --END-- [ RunTime:0.000586s ]
ERR: 无法加载模块:Public

[ 2016-08-31T11:20:52+08:00 ] 127.0.0.1 /Public/css/admin/travelInfo.css
INFO: [ app_init ] --START--
INFO: Run Behavior\BuildLiteBehavior [ RunTime:0.000041s ]
INFO: [ app_init ] --END-- [ RunTime:0.000562s ]
ERR: 无法加载模块:Public

[ 2016-08-31T11:21:13+08:00 ] 127.0.0.1 /Public/css/admin/travelInfo.css
INFO: [ app_init ] --START--
INFO: Run Behavior\BuildLiteBehavior [ RunTime:0.000059s ]
INFO: [ app_init ] --END-- [ RunTime:0.000785s ]
ERR: 无法加载模块:Public

[ 2016-08-31T11:21:15+08:00 ] 127.0.0.1 /Public/css/admin/travelInfo.css
INFO: [ app_init ] --START--
INFO: Run Behavior\BuildLiteBehavior [ RunTime:0.000038s ]
INFO: [ app_init ] --END-- [ RunTime:0.000550s ]
ERR: 无法加载模块:Public

[ 2016-08-31T11:29:27+08:00 ] 127.0.0.1 /Public/css/admin/travelInfo.css
INFO: [ app_init ] --START--
INFO: Run Behavior\BuildLiteBehavior [ RunTime:0.000071s ]
INFO: [ app_init ] --END-- [ RunTime:0.000825s ]
ERR: 无法加载模块:Public

[ 2016-08-31T11:29:48+08:00 ] 127.0.0.1 /Public/css/admin/travelInfo.css
INFO: [ app_init ] --START--
INFO: Run Behavior\BuildLiteBehavior [ RunTime:0.000042s ]
INFO: [ app_init ] --END-- [ RunTime:0.000697s ]
ERR: 无法加载模块:Public

[ 2016-08-31T11:29:49+08:00 ] 127.0.0.1 /Public/css/admin/travelInfo.css
INFO: [ app_init ] --START--
INFO: Run Behavior\BuildLiteBehavior [ RunTime:0.000044s ]
INFO: [ app_init ] --END-- [ RunTime:0.000557s ]
ERR: 无法加载模块:Public

[ 2016-08-31T11:33:44+08:00 ] 127.0.0.1 /Public/css/admin/travelInfo.css
INFO: [ app_init ] --START--
INFO: Run Behavior\BuildLiteBehavior [ RunTime:0.000051s ]
INFO: [ app_init ] --END-- [ RunTime:0.000643s ]
ERR: 无法加载模块:Public

[ 2016-08-31T11:34:07+08:00 ] 127.0.0.1 /Public/css/admin/travelInfo.css
INFO: [ app_init ] --START--
INFO: Run Behavior\BuildLiteBehavior [ RunTime:0.000051s ]
INFO: [ app_init ] --END-- [ RunTime:0.000724s ]
ERR: 无法加载模块:Public

[ 2016-08-31T11:34:08+08:00 ] 127.0.0.1 /Public/css/admin/travelInfo.css
INFO: [ app_init ] --START--
INFO: Run Behavior\BuildLiteBehavior [ RunTime:0.000047s ]
INFO: [ app_init ] --END-- [ RunTime:0.000568s ]
ERR: 无法加载模块:Public

[ 2016-08-31T11:40:47+08:00 ] 127.0.0.1 /Public/css/admin/travelInfo.css
INFO: [ app_init ] --START--
INFO: Run Behavior\BuildLiteBehavior [ RunTime:0.000039s ]
INFO: [ app_init ] --END-- [ RunTime:0.000506s ]
ERR: 无法加载模块:Public

[ 2016-08-31T11:41:08+08:00 ] 127.0.0.1 /Public/css/admin/travelInfo.css
INFO: [ app_init ] --START--
INFO: Run Behavior\BuildLiteBehavior [ RunTime:0.000039s ]
INFO: [ app_init ] --END-- [ RunTime:0.000585s ]
ERR: 无法加载模块:Public

[ 2016-08-31T11:41:10+08:00 ] 127.0.0.1 /Public/css/admin/travelInfo.css
INFO: [ app_init ] --START--
INFO: Run Behavior\BuildLiteBehavior [ RunTime:0.000040s ]
INFO: [ app_init ] --END-- [ RunTime:0.000503s ]
ERR: 无法加载模块:Public

[ 2016-08-31T11:44:07+08:00 ] 127.0.0.1 /Public/css/admin/travelInfo.css
INFO: [ app_init ] --START--
INFO: Run Behavior\BuildLiteBehavior [ RunTime:0.000042s ]
INFO: [ app_init ] --END-- [ RunTime:0.000607s ]
ERR: 无法加载模块:Public

[ 2016-08-31T11:44:28+08:00 ] 127.0.0.1 /Public/css/admin/travelInfo.css
INFO: [ app_init ] --START--
INFO: Run Behavior\BuildLiteBehavior [ RunTime:0.000060s ]
INFO: [ app_init ] --END-- [ RunTime:0.001136s ]
ERR: 无法加载模块:Public

[ 2016-08-31T11:44:29+08:00 ] 127.0.0.1 /Public/css/admin/travelInfo.css
INFO: [ app_init ] --START--
INFO: Run Behavior\BuildLiteBehavior [ RunTime:0.000050s ]
INFO: [ app_init ] --END-- [ RunTime:0.000709s ]
ERR: 无法加载模块:Public

[ 2016-08-31T11:50:49+08:00 ] 127.0.0.1 /Public/css/admin/travelInfo.css
INFO: [ app_init ] --START--
INFO: Run Behavior\BuildLiteBehavior [ RunTime:0.000049s ]
INFO: [ app_init ] --END-- [ RunTime:0.000654s ]
ERR: 无法加载模块:Public

[ 2016-08-31T11:51:07+08:00 ] 127.0.0.1 /Public/css/admin/travelInfo.css
INFO: [ app_init ] --START--
INFO: Run Behavior\BuildLiteBehavior [ RunTime:0.000038s ]
INFO: [ app_init ] --END-- [ RunTime:0.000482s ]
ERR: 无法加载模块:Public

[ 2016-08-31T11:51:08+08:00 ] 127.0.0.1 /Public/css/admin/travelInfo.css
INFO: [ app_init ] --START--
INFO: Run Behavior\BuildLiteBehavior [ RunTime:0.000038s ]
INFO: [ app_init ] --END-- [ RunTime:0.000498s ]
ERR: 无法加载模块:Public

[ 2016-08-31T11:51:17+08:00 ] 127.0.0.1 /Public/css/admin/travelInfo.css
INFO: [ app_init ] --START--
INFO: Run Behavior\BuildLiteBehavior [ RunTime:0.000040s ]
INFO: [ app_init ] --END-- [ RunTime:0.000573s ]
ERR: 无法加载模块:Public

[ 2016-08-31T11:51:41+08:00 ] 127.0.0.1 /Public/css/admin/travelInfo.css
INFO: [ app_init ] --START--
INFO: Run Behavior\BuildLiteBehavior [ RunTime:0.000039s ]
INFO: [ app_init ] --END-- [ RunTime:0.000577s ]
ERR: 无法加载模块:Public

[ 2016-08-31T11:51:42+08:00 ] 127.0.0.1 /Public/css/admin/travelInfo.css
INFO: [ app_init ] --START--
INFO: Run Behavior\BuildLiteBehavior [ RunTime:0.000043s ]
INFO: [ app_init ] --END-- [ RunTime:0.000595s ]
ERR: 无法加载模块:Public

[ 2016-08-31T11:52:17+08:00 ] 127.0.0.1 /Public/css/admin/travelInfo.css
INFO: [ app_init ] --START--
INFO: Run Behavior\BuildLiteBehavior [ RunTime:0.000038s ]
INFO: [ app_init ] --END-- [ RunTime:0.000488s ]
ERR: 无法加载模块:Public

[ 2016-08-31T11:53:35+08:00 ] 127.0.0.1 /Public/css/admin/travelInfo.css
INFO: [ app_init ] --START--
INFO: Run Behavior\BuildLiteBehavior [ RunTime:0.000041s ]
INFO: [ app_init ] --END-- [ RunTime:0.000570s ]
ERR: 无法加载模块:Public

[ 2016-08-31T11:53:48+08:00 ] 127.0.0.1 /Public/css/admin/travelInfo.css
INFO: [ app_init ] --START--
INFO: Run Behavior\BuildLiteBehavior [ RunTime:0.000062s ]
INFO: [ app_init ] --END-- [ RunTime:0.000801s ]
ERR: 无法加载模块:Public

[ 2016-08-31T11:57:05+08:00 ] 127.0.0.1 /Public/css/admin/travelInfo.css
INFO: [ app_init ] --START--
INFO: Run Behavior\BuildLiteBehavior [ RunTime:0.000036s ]
INFO: [ app_init ] --END-- [ RunTime:0.000540s ]
ERR: 无法加载模块:Public

[ 2016-08-31T11:57:27+08:00 ] 127.0.0.1 /Public/css/admin/travelInfo.css
INFO: [ app_init ] --START--
INFO: Run Behavior\BuildLiteBehavior [ RunTime:0.000055s ]
INFO: [ app_init ] --END-- [ RunTime:0.000693s ]
ERR: 无法加载模块:Public

[ 2016-08-31T13:33:56+08:00 ] 127.0.0.1 /Public/css/admin/travelInfo.css
INFO: [ app_init ] --START--
INFO: Run Behavior\BuildLiteBehavior [ RunTime:0.000065s ]
INFO: [ app_init ] --END-- [ RunTime:0.000968s ]
ERR: 无法加载模块:Public

[ 2016-08-31T13:38:38+08:00 ] 127.0.0.1 /Public/css/admin/travelInfo.css
INFO: [ app_init ] --START--
INFO: Run Behavior\BuildLiteBehavior [ RunTime:0.000070s ]
INFO: [ app_init ] --END-- [ RunTime:0.000780s ]
ERR: 无法加载模块:Public

[ 2016-08-31T13:39:21+08:00 ] 127.0.0.1 /Public/css/admin/travelInfo.css
INFO: [ app_init ] --START--
INFO: Run Behavior\BuildLiteBehavior [ RunTime:0.000038s ]
INFO: [ app_init ] --END-- [ RunTime:0.000475s ]
ERR: 无法加载模块:Public

[ 2016-08-31T13:44:39+08:00 ] 127.0.0.1 /Public/css/admin/travelInfo.css
INFO: [ app_init ] --START--
INFO: Run Behavior\BuildLiteBehavior [ RunTime:0.000039s ]
INFO: [ app_init ] --END-- [ RunTime:0.000461s ]
ERR: 无法加载模块:Public

[ 2016-08-31T13:48:13+08:00 ] 127.0.0.1 /Public/css/admin/travelInfo.css
INFO: [ app_init ] --START--
INFO: Run Behavior\BuildLiteBehavior [ RunTime:0.000048s ]
INFO: [ app_init ] --END-- [ RunTime:0.000586s ]
ERR: 无法加载模块:Public

[ 2016-08-31T14:19:27+08:00 ] 127.0.0.1 /Public/css/admin/travelInfo.css
INFO: [ app_init ] --START--
INFO: Run Behavior\BuildLiteBehavior [ RunTime:0.000037s ]
INFO: [ app_init ] --END-- [ RunTime:0.000518s ]
ERR: 无法加载模块:Public

[ 2016-08-31T14:21:56+08:00 ] 127.0.0.1 /Public/css/admin/travelInfo.css
INFO: [ app_init ] --START--
INFO: Run Behavior\BuildLiteBehavior [ RunTime:0.000039s ]
INFO: [ app_init ] --END-- [ RunTime:0.000493s ]
ERR: 无法加载模块:Public

[ 2016-08-31T15:34:20+08:00 ] 127.0.0.1 /Public/css/admin/travelInfo.css
INFO: [ app_init ] --START--
INFO: Run Behavior\BuildLiteBehavior [ RunTime:0.000057s ]
INFO: [ app_init ] --END-- [ RunTime:0.000664s ]
ERR: 无法加载模块:Public

[ 2016-08-31T15:42:17+08:00 ] 127.0.0.1 /Public/css/admin/travelInfo.css
INFO: [ app_init ] --START--
INFO: Run Behavior\BuildLiteBehavior [ RunTime:0.000039s ]
INFO: [ app_init ] --END-- [ RunTime:0.000502s ]
ERR: 无法加载模块:Public

