[ 2016-12-20T15:05:19+08:00 ] 127.0.0.1 /favicon.ico
INFO: [ app_init ] --START--
INFO: Run Behavior\BuildLiteBehavior [ RunTime:0.000038s ]
INFO: [ app_init ] --END-- [ RunTime:0.000564s ]
ERR: 无法加载模块:Favicon

[ 2016-12-20T15:07:46+08:00 ] 127.0.0.1 /Public/4sImage/4sFrom/3.png
INFO: [ app_init ] --START--
INFO: Run Behavior\BuildLiteBehavior [ RunTime:0.000054s ]
INFO: [ app_init ] --END-- [ RunTime:0.000835s ]
ERR: 无法加载模块:Public

[ 2016-12-20T15:07:46+08:00 ] 127.0.0.1 /App/Brandstore/View/Public/carThreeOption.js
INFO: [ app_init ] --START--
INFO: Run Behavior\BuildLiteBehavior [ RunTime:0.000150s ]
INFO: [ app_init ] --END-- [ RunTime:0.001604s ]
ERR: 无法加载模块:App

[ 2016-12-20T15:08:08+08:00 ] 127.0.0.1 /App/Brandstore/View/Public/carThreeOption.js
INFO: [ app_init ] --START--
INFO: Run Behavior\BuildLiteBehavior [ RunTime:0.000071s ]
INFO: [ app_init ] --END-- [ RunTime:0.000988s ]
ERR: 无法加载模块:App

[ 2016-12-20T16:05:54+08:00 ] 127.0.0.1 /App/Brandstore/View/Public/carThreeOption.js
INFO: [ app_init ] --START--
INFO: Run Behavior\BuildLiteBehavior [ RunTime:0.000038s ]
INFO: [ app_init ] --END-- [ RunTime:0.000549s ]
ERR: 无法加载模块:App

[ 2016-12-20T16:06:12+08:00 ] 127.0.0.1 /App/Brandstore/View/Public/carThreeOption.js
INFO: [ app_init ] --START--
INFO: Run Behavior\BuildLiteBehavior [ RunTime:0.000037s ]
INFO: [ app_init ] --END-- [ RunTime:0.000663s ]
ERR: 无法加载模块:App

[ 2016-12-20T16:07:24+08:00 ] 127.0.0.1 /App/Brandstore/View/Public/carThreeOption.js
INFO: [ app_init ] --START--
INFO: Run Behavior\BuildLiteBehavior [ RunTime:0.000036s ]
INFO: [ app_init ] --END-- [ RunTime:0.000537s ]
ERR: 无法加载模块:App

[ 2016-12-20T16:07:26+08:00 ] 127.0.0.1 /App/Brandstore/View/Public/carThreeOption.js
INFO: [ app_init ] --START--
INFO: Run Behavior\BuildLiteBehavior [ RunTime:0.000036s ]
INFO: [ app_init ] --END-- [ RunTime:0.000526s ]
ERR: 无法加载模块:App

[ 2016-12-20T16:07:27+08:00 ] 127.0.0.1 /App/Brandstore/View/Public/carThreeOption.js
INFO: [ app_init ] --START--
INFO: Run Behavior\BuildLiteBehavior [ RunTime:0.000035s ]
INFO: [ app_init ] --END-- [ RunTime:0.000523s ]
ERR: 无法加载模块:App

[ 2016-12-20T16:07:43+08:00 ] 127.0.0.1 /App/Brandstore/View/Public/carThreeOption.js
INFO: [ app_init ] --START--
INFO: Run Behavior\BuildLiteBehavior [ RunTime:0.000035s ]
INFO: [ app_init ] --END-- [ RunTime:0.000541s ]
ERR: 无法加载模块:App

[ 2016-12-20T16:08:30+08:00 ] 127.0.0.1 /App/Brandstore/View/Public/carThreeOption.js
INFO: [ app_init ] --START--
INFO: Run Behavior\BuildLiteBehavior [ RunTime:0.000046s ]
INFO: [ app_init ] --END-- [ RunTime:0.000726s ]
ERR: 无法加载模块:App

[ 2016-12-20T16:13:22+08:00 ] 127.0.0.1 /App/Brandstore/View/Public/carThreeOption.js
INFO: [ app_init ] --START--
INFO: Run Behavior\BuildLiteBehavior [ RunTime:0.000071s ]
INFO: [ app_init ] --END-- [ RunTime:0.001176s ]
ERR: 无法加载模块:App

[ 2016-12-20T16:14:23+08:00 ] 127.0.0.1 /App/Brandstore/View/Public/carThreeOption.js
INFO: [ app_init ] --START--
INFO: Run Behavior\BuildLiteBehavior [ RunTime:0.000061s ]
INFO: [ app_init ] --END-- [ RunTime:0.000709s ]
ERR: 无法加载模块:App

[ 2016-12-20T16:15:34+08:00 ] 127.0.0.1 /App/Brandstore/View/Public/carThreeOption.js
INFO: [ app_init ] --START--
INFO: Run Behavior\BuildLiteBehavior [ RunTime:0.000050s ]
INFO: [ app_init ] --END-- [ RunTime:0.000765s ]
ERR: 无法加载模块:App

[ 2016-12-20T16:16:26+08:00 ] 127.0.0.1 /App/Brandstore/View/Public/carThreeOption.js
INFO: [ app_init ] --START--
INFO: Run Behavior\BuildLiteBehavior [ RunTime:0.000039s ]
INFO: [ app_init ] --END-- [ RunTime:0.000533s ]
ERR: 无法加载模块:App

