[ 2016-12-28T09:38:06+08:00 ] 127.0.0.1 /favicon.ico
INFO: [ app_init ] --START--
INFO: Run Behavior\BuildLiteBehavior [ RunTime:0.000042s ]
INFO: [ app_init ] --END-- [ RunTime:0.000599s ]
ERR: 无法加载模块:Favicon

[ 2016-12-28T16:21:02+08:00 ] 127.0.0.1 /ueditor/php/upload/image/20161228/1482913262868252.jpg
INFO: [ app_init ] --START--
INFO: Run Behavior\BuildLiteBehavior [ RunTime:0.000053s ]
INFO: [ app_init ] --END-- [ RunTime:0.000805s ]
ERR: 无法加载模块:Ueditor

[ 2016-12-28T16:25:20+08:00 ] 127.0.0.1 /ueditor/php/upload/image/20161228/1482913520790321.jpg
INFO: [ app_init ] --START--
INFO: Run Behavior\BuildLiteBehavior [ RunTime:0.000043s ]
INFO: [ app_init ] --END-- [ RunTime:0.000624s ]
ERR: 无法加载模块:Ueditor

[ 2016-12-28T16:25:38+08:00 ] 127.0.0.1 /Public/Upload/image/20161228/1482913538136419.jpg
INFO: [ app_init ] --START--
INFO: Run Behavior\BuildLiteBehavior [ RunTime:0.000043s ]
INFO: [ app_init ] --END-- [ RunTime:0.000713s ]
ERR: 无法加载模块:Public

[ 2016-12-28T16:26:03+08:00 ] 127.0.0.1 /Public/Upload/image/20161228/1482913538136419.jpg
INFO: [ app_init ] --START--
INFO: Run Behavior\BuildLiteBehavior [ RunTime:0.000043s ]
INFO: [ app_init ] --END-- [ RunTime:0.000736s ]
ERR: 无法加载模块:Public

[ 2016-12-28T16:49:40+08:00 ] 127.0.0.1 /www.test.test/Public/Upload/image/20161228/1482914905372224.png
INFO: [ app_init ] --START--
INFO: Run Behavior\BuildLiteBehavior [ RunTime:0.000040s ]
INFO: [ app_init ] --END-- [ RunTime:0.000707s ]
ERR: 无法加载模块:Www.test.test

